2023-06-06 09:23:43,(2(0)-1686068623:119766),systemResources.CPU_00,18949,80.00 percent
2023-06-06 09:23:43,(2(0)-1686068623:119794),systemResources.CPU_01,18950,45.00 percent
2023-06-06 09:23:43,(2(0)-1686068623:119818),systemResources.CPU_02,18951,79.00 percent
2023-06-06 09:23:43,(2(0)-1686068623:119827),blockDrv.BD_Cycles,256,1
2023-06-06 09:23:43,(2(0)-1686068623:119835),systemResources.CPU_03,18952,41.00 percent
2023-06-06 09:23:43,(2(0)-1686068623:119836),systemResources.CPU,18948,61.25 percent
2023-06-06 09:23:43,(2(0)-1686068623:119844),systemResources.MEMORY_TOTAL,18944,3553176 KB
2023-06-06 09:23:43,(2(0)-1686068623:119844),systemResources.MEMORY_USED,18945,2956224 KB
2023-06-06 09:23:43,(2(0)-1686068623:119852),systemResources.FRAMEWORK_VERSION,18965,v3.2.0-27-ga17badf77
2023-06-06 09:23:43,(2(0)-1686068623:119854),systemResources.PROJECT_VERSION,18966,v3.2.0-27-ga17badf77
2023-06-06 09:23:43,(2(0)-1686068623:119856),rateGroup1.RgMaxTime,512,179 us
2023-06-06 09:23:44,(2(0)-1686068624:121617),systemResources.CPU_00,18949,74.00 percent
2023-06-06 09:23:44,(2(0)-1686068624:121645),systemResources.CPU_01,18950,29.00 percent
2023-06-06 09:23:44,(2(0)-1686068624:121670),systemResources.CPU_02,18951,72.28 percent
2023-06-06 09:23:44,(2(0)-1686068624:121686),systemResources.CPU_03,18952,27.00 percent
2023-06-06 09:23:44,(2(0)-1686068624:121687),systemResources.CPU,18948,50.57 percent
2023-06-06 09:23:44,(2(0)-1686068624:121696),systemResources.MEMORY_TOTAL,18944,3553064 KB
2023-06-06 09:23:44,(2(0)-1686068624:121696),systemResources.MEMORY_USED,18945,3078800 KB
2023-06-06 09:23:44,(2(0)-1686068624:121708),systemResources.FRAMEWORK_VERSION,18965,v3.2.0-27-ga17badf77
2023-06-06 09:23:44,(2(0)-1686068624:121709),systemResources.PROJECT_VERSION,18966,v3.2.0-27-ga17badf77
2023-06-06 09:23:45,(2(0)-1686068625:122986),blockDrv.BD_Cycles,256,3
2023-06-06 09:23:45,(2(0)-1686068625:123041),systemResources.CPU_00,18949,39.00 percent
2023-06-06 09:23:45,(2(0)-1686068625:123058),systemResources.CPU_01,18950,17.00 percent
2023-06-06 09:23:45,(2(0)-1686068625:123072),systemResources.CPU_02,18951,38.38 percent
2023-06-06 09:23:45,(2(0)-1686068625:123085),systemResources.CPU_03,18952,17.17 percent
2023-06-06 09:23:45,(2(0)-1686068625:123086),systemResources.CPU,18948,27.89 percent
2023-06-06 09:23:45,(2(0)-1686068625:123094),systemResources.MEMORY_TOTAL,18944,3553164 KB
2023-06-06 09:23:45,(2(0)-1686068625:123094),systemResources.MEMORY_USED,18945,3177812 KB
2023-06-06 09:23:45,(2(0)-1686068625:123102),systemResources.FRAMEWORK_VERSION,18965,v3.2.0-27-ga17badf77
2023-06-06 09:23:45,(2(0)-1686068625:123103),systemResources.PROJECT_VERSION,18966,v3.2.0-27-ga17badf77
2023-06-06 09:23:46,(2(0)-1686068626:126440),systemResources.CPU_00,18949,93.94 percent
2023-06-06 09:23:46,(2(0)-1686068626:126459),systemResources.CPU_01,18950,67.68 percent
2023-06-06 09:23:46,(2(0)-1686068626:126474),systemResources.CPU_02,18951,93.00 percent
2023-06-06 09:23:46,(2(0)-1686068626:126488),systemResources.CPU_03,18952,62.00 percent
2023-06-06 09:23:46,(2(0)-1686068626:126489),systemResources.CPU,18948,79.15 percent
2023-06-06 09:23:46,(2(0)-1686068626:126498),systemResources.MEMORY_TOTAL,18944,3552616 KB
2023-06-06 09:23:46,(2(0)-1686068626:126499),systemResources.MEMORY_USED,18945,3207512 KB
2023-06-06 09:23:46,(2(0)-1686068626:126513),systemResources.FRAMEWORK_VERSION,18965,v3.2.0-27-ga17badf77
2023-06-06 09:23:46,(2(0)-1686068626:126516),systemResources.PROJECT_VERSION,18966,v3.2.0-27-ga17badf77
2023-06-06 09:23:47,(2(0)-1686068627:128350),blockDrv.BD_Cycles,256,5
2023-06-06 09:23:47,(2(0)-1686068627:128400),systemResources.CPU_00,18949,84.00 percent
2023-06-06 09:23:47,(2(0)-1686068627:128428),systemResources.CPU_01,18950,46.46 percent
2023-06-06 09:23:47,(2(0)-1686068627:128452),systemResources.CPU_02,18951,77.00 percent
2023-06-06 09:23:48,(2(0)-1686068628:128529),blockDrv.BD_Cycles,256,6
2023-06-06 09:23:47,(2(0)-1686068627:128468),systemResources.CPU_03,18952,45.45 percent
2023-06-06 09:23:47,(2(0)-1686068627:128470),systemResources.CPU,18948,63.23 percent
2023-06-06 09:23:47,(2(0)-1686068627:128478),systemResources.MEMORY_TOTAL,18944,3553060 KB
2023-06-06 09:23:47,(2(0)-1686068627:128479),systemResources.MEMORY_USED,18945,3227876 KB
2023-06-06 09:23:47,(2(0)-1686068627:128488),systemResources.FRAMEWORK_VERSION,18965,v3.2.0-27-ga17badf77
2023-06-06 09:23:47,(2(0)-1686068627:128490),systemResources.PROJECT_VERSION,18966,v3.2.0-27-ga17badf77
2023-06-06 09:23:48,(2(0)-1686068628:128593),systemResources.CPU_00,18949,59.00 percent
2023-06-06 09:23:48,(2(0)-1686068628:128620),systemResources.CPU_01,18950,18.81 percent
2023-06-06 09:23:48,(2(0)-1686068628:128642),systemResources.CPU_02,18951,59.60 percent
2023-06-06 09:23:48,(2(0)-1686068628:128662),systemResources.CPU_03,18952,16.00 percent
2023-06-06 09:23:48,(2(0)-1686068628:128664),systemResources.CPU,18948,38.35 percent
2023-06-06 09:23:48,(2(0)-1686068628:128675),systemResources.MEMORY_TOTAL,18944,3552776 KB
2023-06-06 09:23:48,(2(0)-1686068628:128676),systemResources.MEMORY_USED,18945,3220692 KB
2023-06-06 09:23:48,(2(0)-1686068628:128689),systemResources.FRAMEWORK_VERSION,18965,v3.2.0-27-ga17badf77
2023-06-06 09:23:48,(2(0)-1686068628:128691),systemResources.PROJECT_VERSION,18966,v3.2.0-27-ga17badf77
2023-06-06 09:23:48,(2(0)-1686068628:128694),rateGroup1.RgMaxTime,512,182 us
2023-06-06 09:23:50,(2(0)-1686068630:133533),systemResources.CPU_00,18949,31.00 percent
2023-06-06 09:23:50,(2(0)-1686068630:133614),systemResources.CPU_01,18950,12.12 percent
2023-06-06 09:23:49,(2(0)-1686068629:130652),systemResources.CPU_02,18951,29.00 percent
2023-06-06 09:23:49,(2(0)-1686068629:130901),blockDrv.BD_Cycles,256,7
2023-06-06 09:23:49,(2(0)-1686068629:130671),systemResources.CPU_03,18952,7.00 percent
2023-06-06 09:23:49,(2(0)-1686068629:130672),systemResources.CPU,18948,23.50 percent
2023-06-06 09:23:49,(2(0)-1686068629:130683),systemResources.MEMORY_TOTAL,18944,3552872 KB
2023-06-06 09:23:49,(2(0)-1686068629:130684),systemResources.MEMORY_USED,18945,3218812 KB
2023-06-06 09:23:49,(2(0)-1686068629:130697),systemResources.FRAMEWORK_VERSION,18965,v3.2.0-27-ga17badf77
2023-06-06 09:23:49,(2(0)-1686068629:130699),systemResources.PROJECT_VERSION,18966,v3.2.0-27-ga17badf77
2023-06-06 09:23:49,(2(0)-1686068629:130703),rateGroup1.RgMaxTime,512,289 us
2023-06-06 09:23:50,(2(0)-1686068630:133645),systemResources.CPU_02,18951,32.00 percent
2023-06-06 09:23:50,(2(0)-1686068630:133678),systemResources.CPU_03,18952,12.12 percent
2023-06-06 09:23:50,(2(0)-1686068630:133680),systemResources.CPU,18948,21.81 percent
2023-06-06 09:23:50,(2(0)-1686068630:133694),systemResources.MEMORY_TOTAL,18944,3553420 KB
2023-06-06 09:23:50,(2(0)-1686068630:133695),systemResources.MEMORY_USED,18945,3220868 KB
2023-06-06 09:23:50,(2(0)-1686068630:133714),systemResources.FRAMEWORK_VERSION,18965,v3.2.0-27-ga17badf77
2023-06-06 09:23:50,(2(0)-1686068630:133716),systemResources.PROJECT_VERSION,18966,v3.2.0-27-ga17badf77
2023-06-06 09:23:50,(2(0)-1686068630:133720),rateGroup1.RgMaxTime,512,346 us
2023-06-06 09:23:50,(2(0)-1686068630:133655),rateGroup2.RgMaxTime,768,280 us
2023-06-06 09:23:50,(2(0)-1686068630:134105),rateGroup3.RgMaxTime,1024,730 us
2023-06-06 09:23:50,(2(0)-1686068630:134040),blockDrv.BD_Cycles,256,8
2023-06-06 09:23:51,(2(0)-1686068631:138039),systemResources.CPU_00,18949,17.17 percent
2023-06-06 09:23:51,(2(0)-1686068631:138056),systemResources.CPU_01,18950,6.93 percent
2023-06-06 09:23:51,(2(0)-1686068631:138078),systemResources.CPU_02,18951,15.00 percent
2023-06-06 09:23:51,(2(0)-1686068631:138186),blockDrv.BD_Cycles,256,9
2023-06-06 09:23:51,(2(0)-1686068631:138099),systemResources.CPU_03,18952,6.93 percent
2023-06-06 09:23:51,(2(0)-1686068631:138100),systemResources.CPU,18948,11.51 percent
2023-06-06 09:23:51,(2(0)-1686068631:138111),systemResources.MEMORY_TOTAL,18944,3553312 KB
2023-06-06 09:23:51,(2(0)-1686068631:138112),systemResources.MEMORY_USED,18945,3218604 KB
2023-06-06 09:23:51,(2(0)-1686068631:138124),systemResources.FRAMEWORK_VERSION,18965,v3.2.0-27-ga17badf77
2023-06-06 09:23:51,(2(0)-1686068631:138126),systemResources.PROJECT_VERSION,18966,v3.2.0-27-ga17badf77
2023-06-06 09:23:52,(2(0)-1686068632:142079),systemResources.CPU_00,18949,18.00 percent
2023-06-06 09:23:52,(2(0)-1686068632:142098),systemResources.CPU_01,18950,4.04 percent
2023-06-06 09:23:52,(2(0)-1686068632:142116),systemResources.CPU_02,18951,14.14 percent
2023-06-06 09:23:52,(2(0)-1686068632:142132),systemResources.CPU_03,18952,6.06 percent
2023-06-06 09:23:52,(2(0)-1686068632:142133),systemResources.CPU,18948,10.56 percent
2023-06-06 09:23:52,(2(0)-1686068632:142141),systemResources.MEMORY_TOTAL,18944,3552792 KB
2023-06-06 09:23:52,(2(0)-1686068632:142142),systemResources.MEMORY_USED,18945,3215988 KB
2023-06-06 09:23:52,(2(0)-1686068632:142151),systemResources.FRAMEWORK_VERSION,18965,v3.2.0-27-ga17badf77
2023-06-06 09:23:52,(2(0)-1686068632:142152),systemResources.PROJECT_VERSION,18966,v3.2.0-27-ga17badf77
2023-06-06 09:23:53,(2(0)-1686068633:143643),blockDrv.BD_Cycles,256,11
2023-06-06 09:23:53,(2(0)-1686068633:143697),systemResources.CPU_00,18949,35.64 percent
2023-06-06 09:23:53,(2(0)-1686068633:143715),systemResources.CPU_01,18950,14.85 percent
2023-06-06 09:23:53,(2(0)-1686068633:143732),systemResources.CPU_02,18951,31.00 percent
2023-06-06 09:23:53,(2(0)-1686068633:143742),systemResources.CPU_03,18952,12.00 percent
2023-06-06 09:23:53,(2(0)-1686068633:143743),systemResources.CPU,18948,23.37 percent
2023-06-06 09:23:53,(2(0)-1686068633:143749),systemResources.MEMORY_TOTAL,18944,3552960 KB
2023-06-06 09:23:53,(2(0)-1686068633:143749),systemResources.MEMORY_USED,18945,3221392 KB
2023-06-06 09:23:53,(2(0)-1686068633:143758),systemResources.FRAMEWORK_VERSION,18965,v3.2.0-27-ga17badf77
2023-06-06 09:23:53,(2(0)-1686068633:143759),systemResources.PROJECT_VERSION,18966,v3.2.0-27-ga17badf77
2023-06-06 09:23:54,(2(0)-1686068634:148327),systemResources.CPU_00,18949,48.48 percent
2023-06-06 09:23:54,(2(0)-1686068634:148380),systemResources.CPU_01,18950,24.24 percent
2023-06-06 09:23:54,(2(0)-1686068634:148403),systemResources.CPU_02,18951,47.00 percent
2023-06-06 09:23:54,(2(0)-1686068634:148414),systemResources.CPU_03,18952,18.81 percent
2023-06-06 09:23:54,(2(0)-1686068634:148415),systemResources.CPU,18948,34.63 percent
2023-06-06 09:23:54,(2(0)-1686068634:148421),systemResources.MEMORY_TOTAL,18944,3552380 KB
2023-06-06 09:23:54,(2(0)-1686068634:148422),systemResources.MEMORY_USED,18945,3224368 KB
2023-06-06 09:23:54,(2(0)-1686068634:148432),systemResources.FRAMEWORK_VERSION,18965,v3.2.0-27-ga17badf77
2023-06-06 09:23:54,(2(0)-1686068634:148433),systemResources.PROJECT_VERSION,18966,v3.2.0-27-ga17badf77
2023-06-06 09:23:55,(2(0)-1686068635:169733),blockDrv.BD_Cycles,256,13
2023-06-06 09:23:55,(2(0)-1686068635:169809),systemResources.CPU_00,18949,27.18 percent
2023-06-06 09:23:55,(2(0)-1686068635:169837),systemResources.CPU_01,18950,10.78 percent
2023-06-06 09:23:55,(2(0)-1686068635:169852),systemResources.CPU_02,18951,25.24 percent
2023-06-06 09:23:56,(2(0)-1686068636:173426),blockDrv.BD_Cycles,256,14
2023-06-06 09:23:55,(2(0)-1686068635:169865),systemResources.CPU_03,18952,9.80 percent
2023-06-06 09:23:55,(2(0)-1686068635:169866),systemResources.CPU,18948,18.25 percent
2023-06-06 09:23:55,(2(0)-1686068635:169874),systemResources.MEMORY_TOTAL,18944,3552712 KB
2023-06-06 09:23:55,(2(0)-1686068635:169874),systemResources.MEMORY_USED,18945,3224592 KB
2023-06-06 09:23:55,(2(0)-1686068635:169890),systemResources.FRAMEWORK_VERSION,18965,v3.2.0-27-ga17badf77
2023-06-06 09:23:55,(2(0)-1686068635:169892),systemResources.PROJECT_VERSION,18966,v3.2.0-27-ga17badf77
2023-06-06 09:23:56,(2(0)-1686068636:173480),systemResources.CPU_00,18949,38.38 percent
2023-06-06 09:23:56,(2(0)-1686068636:173501),systemResources.CPU_01,18950,17.00 percent
2023-06-06 09:23:56,(2(0)-1686068636:173516),systemResources.CPU_02,18951,38.38 percent
2023-06-06 09:23:56,(2(0)-1686068636:173532),systemResources.CPU_03,18952,16.16 percent
2023-06-06 09:23:56,(2(0)-1686068636:173532),systemResources.CPU,18948,27.48 percent
2023-06-06 09:23:56,(2(0)-1686068636:173541),systemResources.MEMORY_TOTAL,18944,3553148 KB
2023-06-06 09:23:56,(2(0)-1686068636:173541),systemResources.MEMORY_USED,18945,3238268 KB
2023-06-06 09:23:56,(2(0)-1686068636:173552),systemResources.FRAMEWORK_VERSION,18965,v3.2.0-27-ga17badf77
2023-06-06 09:23:56,(2(0)-1686068636:173553),systemResources.PROJECT_VERSION,18966,v3.2.0-27-ga17badf77
2023-06-06 09:23:57,(2(0)-1686068637:176071),systemResources.CPU_00,18949,10.00 percent
2023-06-06 09:23:57,(2(0)-1686068637:176090),systemResources.CPU_01,18950,4.00 percent
2023-06-06 09:23:57,(2(0)-1686068637:176108),systemResources.CPU_02,18951,10.00 percent
2023-06-06 09:23:58,(2(0)-1686068638:177656),blockDrv.BD_Cycles,256,16
2023-06-06 09:23:57,(2(0)-1686068637:176122),systemResources.CPU_03,18952,3.92 percent
2023-06-06 09:23:57,(2(0)-1686068637:176123),systemResources.CPU,18948,6.98 percent
2023-06-06 09:23:57,(2(0)-1686068637:176132),systemResources.MEMORY_TOTAL,18944,3552884 KB
2023-06-06 09:23:57,(2(0)-1686068637:176132),systemResources.MEMORY_USED,18945,3238200 KB
2023-06-06 09:23:57,(2(0)-1686068637:176141),systemResources.FRAMEWORK_VERSION,18965,v3.2.0-27-ga17badf77
2023-06-06 09:23:57,(2(0)-1686068637:176143),systemResources.PROJECT_VERSION,18966,v3.2.0-27-ga17badf77
2023-06-06 09:23:58,(2(0)-1686068638:177701),systemResources.CPU_00,18949,22.00 percent
2023-06-06 09:23:58,(2(0)-1686068638:177716),systemResources.CPU_01,18950,9.90 percent
2023-06-06 09:23:58,(2(0)-1686068638:177732),systemResources.CPU_02,18951,20.20 percent
2023-06-06 09:23:58,(2(0)-1686068638:177746),systemResources.CPU_03,18952,8.08 percent
2023-06-06 09:23:58,(2(0)-1686068638:177747),systemResources.CPU,18948,15.05 percent
2023-06-06 09:23:58,(2(0)-1686068638:177755),systemResources.MEMORY_TOTAL,18944,3552892 KB
2023-06-06 09:23:58,(2(0)-1686068638:177756),systemResources.MEMORY_USED,18945,3237956 KB
2023-06-06 09:23:58,(2(0)-1686068638:177765),systemResources.FRAMEWORK_VERSION,18965,v3.2.0-27-ga17badf77
2023-06-06 09:23:58,(2(0)-1686068638:177767),systemResources.PROJECT_VERSION,18966,v3.2.0-27-ga17badf77
2023-06-06 09:23:59,(2(0)-1686068639:179873),systemResources.CPU_00,18949,20.00 percent
2023-06-06 09:23:59,(2(0)-1686068639:179907),systemResources.CPU_01,18950,7.07 percent
2023-06-06 09:23:59,(2(0)-1686068639:179923),systemResources.CPU_02,18951,23.00 percent
2023-06-06 09:24:00,(2(0)-1686068640:184310),blockDrv.BD_Cycles,256,18
2023-06-06 09:23:59,(2(0)-1686068639:179936),systemResources.CPU_03,18952,8.00 percent
2023-06-06 09:23:59,(2(0)-1686068639:179937),systemResources.CPU,18948,14.52 percent
2023-06-06 09:23:59,(2(0)-1686068639:179945),systemResources.MEMORY_TOTAL,18944,3552760 KB
2023-06-06 09:23:59,(2(0)-1686068639:179946),systemResources.MEMORY_USED,18945,3238268 KB
2023-06-06 09:23:59,(2(0)-1686068639:179958),systemResources.FRAMEWORK_VERSION,18965,v3.2.0-27-ga17badf77
2023-06-06 09:23:59,(2(0)-1686068639:179959),systemResources.PROJECT_VERSION,18966,v3.2.0-27-ga17badf77
2023-06-06 09:24:00,(2(0)-1686068640:184354),systemResources.CPU_00,18949,24.24 percent
2023-06-06 09:24:00,(2(0)-1686068640:184366),systemResources.CPU_01,18950,10.00 percent
2023-06-06 09:24:00,(2(0)-1686068640:184380),systemResources.CPU_02,18951,27.00 percent
2023-06-06 09:24:00,(2(0)-1686068640:184395),systemResources.CPU_03,18952,7.00 percent
2023-06-06 09:24:00,(2(0)-1686068640:184396),systemResources.CPU,18948,17.06 percent
2023-06-06 09:24:00,(2(0)-1686068640:184404),systemResources.MEMORY_TOTAL,18944,3553140 KB
2023-06-06 09:24:00,(2(0)-1686068640:184405),systemResources.MEMORY_USED,18945,3237684 KB
2023-06-06 09:24:00,(2(0)-1686068640:184413),systemResources.FRAMEWORK_VERSION,18965,v3.2.0-27-ga17badf77
2023-06-06 09:24:00,(2(0)-1686068640:184414),systemResources.PROJECT_VERSION,18966,v3.2.0-27-ga17badf77
2023-06-06 09:24:01,(2(0)-1686068641:188737),systemResources.CPU_00,18949,18.00 percent
2023-06-06 09:24:01,(2(0)-1686068641:188758),systemResources.CPU_01,18950,7.92 percent
2023-06-06 09:24:01,(2(0)-1686068641:188773),systemResources.CPU_02,18951,16.00 percent
2023-06-06 09:24:01,(2(0)-1686068641:188918),blockDrv.BD_Cycles,256,19
2023-06-06 09:24:01,(2(0)-1686068641:188786),systemResources.CPU_03,18952,6.00 percent
2023-06-06 09:24:01,(2(0)-1686068641:188787),systemResources.CPU,18948,11.98 percent
2023-06-06 09:24:01,(2(0)-1686068641:188803),systemResources.MEMORY_TOTAL,18944,3553304 KB
2023-06-06 09:24:01,(2(0)-1686068641:188804),systemResources.MEMORY_USED,18945,3231132 KB
2023-06-06 09:24:01,(2(0)-1686068641:188814),systemResources.FRAMEWORK_VERSION,18965,v3.2.0-27-ga17badf77
2023-06-06 09:24:01,(2(0)-1686068641:188815),systemResources.PROJECT_VERSION,18966,v3.2.0-27-ga17badf77
2023-06-06 09:24:02,(2(0)-1686068642:192545),systemResources.CPU_00,18949,18.00 percent
2023-06-06 09:24:02,(2(0)-1686068642:192566),systemResources.CPU_01,18950,5.00 percent
2023-06-06 09:24:02,(2(0)-1686068642:192584),systemResources.CPU_02,18951,17.82 percent
2023-06-06 09:24:02,(2(0)-1686068642:192599),systemResources.CPU_03,18952,3.00 percent
2023-06-06 09:24:02,(2(0)-1686068642:192600),systemResources.CPU,18948,10.96 percent
2023-06-06 09:24:02,(2(0)-1686068642:192609),systemResources.MEMORY_TOTAL,18944,3552908 KB
2023-06-06 09:24:02,(2(0)-1686068642:192610),systemResources.MEMORY_USED,18945,3213268 KB
2023-06-06 09:24:02,(2(0)-1686068642:192620),systemResources.FRAMEWORK_VERSION,18965,v3.2.0-27-ga17badf77
2023-06-06 09:24:02,(2(0)-1686068642:192622),systemResources.PROJECT_VERSION,18966,v3.2.0-27-ga17badf77
2023-06-06 09:24:03,(2(0)-1686068643:196395),blockDrv.BD_Cycles,256,21
2023-06-06 09:24:03,(2(0)-1686068643:196452),systemResources.CPU_00,18949,27.00 percent
2023-06-06 09:24:03,(2(0)-1686068643:196482),systemResources.CPU_01,18950,10.00 percent
2023-06-06 09:24:03,(2(0)-1686068643:196502),systemResources.CPU_02,18951,39.00 percent
2023-06-06 09:24:03,(2(0)-1686068643:196517),systemResources.CPU_03,18952,12.87 percent
2023-06-06 09:24:03,(2(0)-1686068643:196518),systemResources.CPU,18948,22.22 percent
2023-06-06 09:24:03,(2(0)-1686068643:196526),systemResources.MEMORY_TOTAL,18944,3553496 KB
2023-06-06 09:24:03,(2(0)-1686068643:196527),systemResources.MEMORY_USED,18945,3217160 KB
2023-06-06 09:24:03,(2(0)-1686068643:196537),systemResources.FRAMEWORK_VERSION,18965,v3.2.0-27-ga17badf77
2023-06-06 09:24:03,(2(0)-1686068643:196538),systemResources.PROJECT_VERSION,18966,v3.2.0-27-ga17badf77
2023-06-06 09:24:04,(2(0)-1686068644:200070),systemResources.CPU_00,18949,50.50 percent
2023-06-06 09:24:04,(2(0)-1686068644:200088),systemResources.CPU_01,18950,21.78 percent
2023-06-06 09:24:04,(2(0)-1686068644:200103),systemResources.CPU_02,18951,47.00 percent
2023-06-06 09:24:04,(2(0)-1686068644:200115),systemResources.CPU_03,18952,23.00 percent
2023-06-06 09:24:04,(2(0)-1686068644:200116),systemResources.CPU,18948,35.57 percent
2023-06-06 09:24:04,(2(0)-1686068644:200124),systemResources.MEMORY_TOTAL,18944,3552660 KB
2023-06-06 09:24:04,(2(0)-1686068644:200125),systemResources.MEMORY_USED,18945,3221416 KB
2023-06-06 09:24:04,(2(0)-1686068644:200134),systemResources.FRAMEWORK_VERSION,18965,v3.2.0-27-ga17badf77
2023-06-06 09:24:04,(2(0)-1686068644:200135),systemResources.PROJECT_VERSION,18966,v3.2.0-27-ga17badf77
2023-06-06 09:24:05,(2(0)-1686068645:203570),blockDrv.BD_Cycles,256,23
2023-06-06 09:24:05,(2(0)-1686068645:203622),systemResources.CPU_00,18949,26.00 percent
2023-06-06 09:24:05,(2(0)-1686068645:203641),systemResources.CPU_01,18950,12.12 percent
2023-06-06 09:24:05,(2(0)-1686068645:203658),systemResources.CPU_02,18951,24.24 percent
2023-06-06 09:24:05,(2(0)-1686068645:203667),systemResources.CPU_03,18952,9.00 percent
2023-06-06 09:24:05,(2(0)-1686068645:203668),systemResources.CPU,18948,17.84 percent
2023-06-06 09:24:05,(2(0)-1686068645:203674),systemResources.MEMORY_TOTAL,18944,3552996 KB
2023-06-06 09:24:05,(2(0)-1686068645:203674),systemResources.MEMORY_USED,18945,3219672 KB
2023-06-06 09:24:05,(2(0)-1686068645:203684),systemResources.FRAMEWORK_VERSION,18965,v3.2.0-27-ga17badf77
2023-06-06 09:24:05,(2(0)-1686068645:203685),systemResources.PROJECT_VERSION,18966,v3.2.0-27-ga17badf77
2023-06-06 09:24:06,(2(0)-1686068646:208984),systemResources.CPU_00,18949,21.00 percent
2023-06-06 09:24:06,(2(0)-1686068646:209028),systemResources.CPU_01,18950,11.88 percent
2023-06-06 09:24:06,(2(0)-1686068646:209046),systemResources.CPU_02,18951,22.77 percent
2023-06-06 09:24:06,(2(0)-1686068646:209063),systemResources.CPU_03,18952,10.10 percent
2023-06-06 09:24:06,(2(0)-1686068646:209064),systemResources.CPU,18948,16.44 percent
2023-06-06 09:24:06,(2(0)-1686068646:209072),systemResources.MEMORY_TOTAL,18944,3553376 KB
2023-06-06 09:24:06,(2(0)-1686068646:209073),systemResources.MEMORY_USED,18945,3218512 KB
2023-06-06 09:24:06,(2(0)-1686068646:209082),systemResources.FRAMEWORK_VERSION,18965,v3.2.0-27-ga17badf77
2023-06-06 09:24:06,(2(0)-1686068646:209084),systemResources.PROJECT_VERSION,18966,v3.2.0-27-ga17badf77
2023-06-06 09:24:06,(2(0)-1686068646:209246),rateGroup2.RgMaxTime,768,333 us
2023-06-06 09:24:06,(2(0)-1686068646:209240),blockDrv.BD_Cycles,256,24
2023-06-06 09:24:07,(2(0)-1686068647:211232),systemResources.CPU_00,18949,13.13 percent
2023-06-06 09:24:07,(2(0)-1686068647:211257),systemResources.CPU_01,18950,5.05 percent
2023-06-06 09:24:07,(2(0)-1686068647:211294),systemResources.CPU_02,18951,13.13 percent
2023-06-06 09:24:08,(2(0)-1686068648:212370),blockDrv.BD_Cycles,256,26
2023-06-06 09:24:07,(2(0)-1686068647:211312),systemResources.CPU_03,18952,4.95 percent
2023-06-06 09:24:07,(2(0)-1686068647:211313),systemResources.CPU,18948,9.07 percent
2023-06-06 09:24:07,(2(0)-1686068647:211322),systemResources.MEMORY_TOTAL,18944,3552952 KB
2023-06-06 09:24:07,(2(0)-1686068647:211322),systemResources.MEMORY_USED,18945,3216032 KB
2023-06-06 09:24:07,(2(0)-1686068647:211334),systemResources.FRAMEWORK_VERSION,18965,v3.2.0-27-ga17badf77
2023-06-06 09:24:07,(2(0)-1686068647:211335),systemResources.PROJECT_VERSION,18966,v3.2.0-27-ga17badf77
2023-06-06 09:24:08,(2(0)-1686068648:212414),systemResources.CPU_00,18949,26.00 percent
2023-06-06 09:24:08,(2(0)-1686068648:212430),systemResources.CPU_01,18950,12.87 percent
2023-06-06 09:24:08,(2(0)-1686068648:212447),systemResources.CPU_02,18951,24.00 percent
2023-06-06 09:24:08,(2(0)-1686068648:212461),systemResources.CPU_03,18952,11.11 percent
2023-06-06 09:24:08,(2(0)-1686068648:212462),systemResources.CPU,18948,18.50 percent
2023-06-06 09:24:08,(2(0)-1686068648:212470),systemResources.MEMORY_TOTAL,18944,3552560 KB
2023-06-06 09:24:08,(2(0)-1686068648:212470),systemResources.MEMORY_USED,18945,3217612 KB
2023-06-06 09:24:08,(2(0)-1686068648:212478),systemResources.FRAMEWORK_VERSION,18965,v3.2.0-27-ga17badf77
2023-06-06 09:24:08,(2(0)-1686068648:212480),systemResources.PROJECT_VERSION,18966,v3.2.0-27-ga17badf77
2023-06-06 09:24:09,(2(0)-1686068649:214751),blockDrv.BD_Cycles,256,27
2023-06-06 09:24:09,(2(0)-1686068649:214815),systemResources.CPU_00,18949,34.00 percent
2023-06-06 09:24:09,(2(0)-1686068649:214832),systemResources.CPU_01,18950,14.00 percent
2023-06-06 09:24:09,(2(0)-1686068649:214849),systemResources.CPU_02,18951,28.00 percent
2023-06-06 09:24:09,(2(0)-1686068649:214862),systemResources.CPU_03,18952,12.00 percent
2023-06-06 09:24:09,(2(0)-1686068649:214863),systemResources.CPU,18948,22.00 percent
2023-06-06 09:24:09,(2(0)-1686068649:214871),systemResources.MEMORY_TOTAL,18944,3553184 KB
2023-06-06 09:24:09,(2(0)-1686068649:214872),systemResources.MEMORY_USED,18945,3213780 KB
2023-06-06 09:24:09,(2(0)-1686068649:214882),systemResources.FRAMEWORK_VERSION,18965,v3.2.0-27-ga17badf77
2023-06-06 09:24:09,(2(0)-1686068649:214883),systemResources.PROJECT_VERSION,18966,v3.2.0-27-ga17badf77
2023-06-06 09:24:10,(2(0)-1686068650:216146),systemResources.CPU_00,18949,28.28 percent
2023-06-06 09:24:10,(2(0)-1686068650:216164),systemResources.CPU_01,18950,10.10 percent
2023-06-06 09:24:10,(2(0)-1686068650:216178),systemResources.CPU_02,18951,25.25 percent
2023-06-06 09:24:10,(2(0)-1686068650:216193),systemResources.CPU_03,18952,9.00 percent
2023-06-06 09:24:10,(2(0)-1686068650:216194),systemResources.CPU,18948,18.16 percent
2023-06-06 09:24:10,(2(0)-1686068650:216202),systemResources.MEMORY_TOTAL,18944,3552548 KB
2023-06-06 09:24:10,(2(0)-1686068650:216203),systemResources.MEMORY_USED,18945,3212520 KB
2023-06-06 09:24:10,(2(0)-1686068650:216214),systemResources.FRAMEWORK_VERSION,18965,v3.2.0-27-ga17badf77
2023-06-06 09:24:10,(2(0)-1686068650:216215),systemResources.PROJECT_VERSION,18966,v3.2.0-27-ga17badf77
2023-06-06 09:24:11,(2(0)-1686068651:217826),blockDrv.BD_Cycles,256,29
2023-06-06 09:24:11,(2(0)-1686068651:217889),systemResources.CPU_00,18949,19.00 percent
2023-06-06 09:24:11,(2(0)-1686068651:217909),systemResources.CPU_01,18950,8.00 percent
2023-06-06 09:24:11,(2(0)-1686068651:217925),systemResources.CPU_02,18951,20.00 percent
2023-06-06 09:24:11,(2(0)-1686068651:217938),systemResources.CPU_03,18952,5.00 percent
2023-06-06 09:24:11,(2(0)-1686068651:217939),systemResources.CPU,18948,13.00 percent
2023-06-06 09:24:11,(2(0)-1686068651:217947),systemResources.MEMORY_TOTAL,18944,3553092 KB
2023-06-06 09:24:11,(2(0)-1686068651:217948),systemResources.MEMORY_USED,18945,3214156 KB
2023-06-06 09:24:11,(2(0)-1686068651:217957),systemResources.FRAMEWORK_VERSION,18965,v3.2.0-27-ga17badf77
2023-06-06 09:24:11,(2(0)-1686068651:217958),systemResources.PROJECT_VERSION,18966,v3.2.0-27-ga17badf77
2023-06-06 09:24:12,(2(0)-1686068652:220350),systemResources.CPU_00,18949,12.00 percent
2023-06-06 09:24:12,(2(0)-1686068652:220383),systemResources.CPU_01,18950,4.95 percent
2023-06-06 09:24:12,(2(0)-1686068652:220402),systemResources.CPU_02,18951,15.00 percent
2023-06-06 09:24:12,(2(0)-1686068652:220417),systemResources.CPU_03,18952,4.95 percent
2023-06-06 09:24:12,(2(0)-1686068652:220418),systemResources.CPU,18948,9.23 percent
2023-06-06 09:24:12,(2(0)-1686068652:220426),systemResources.MEMORY_TOTAL,18944,3552940 KB
2023-06-06 09:24:12,(2(0)-1686068652:220427),systemResources.MEMORY_USED,18945,3214448 KB
2023-06-06 09:24:12,(2(0)-1686068652:220440),systemResources.FRAMEWORK_VERSION,18965,v3.2.0-27-ga17badf77
2023-06-06 09:24:12,(2(0)-1686068652:220441),systemResources.PROJECT_VERSION,18966,v3.2.0-27-ga17badf77
2023-06-06 09:24:13,(2(0)-1686068653:223960),blockDrv.BD_Cycles,256,31
2023-06-06 09:24:13,(2(0)-1686068653:224007),systemResources.CPU_00,18949,31.00 percent
2023-06-06 09:24:13,(2(0)-1686068653:224024),systemResources.CPU_01,18950,9.09 percent
2023-06-06 09:24:13,(2(0)-1686068653:224037),systemResources.CPU_02,18951,36.00 percent
2023-06-06 09:24:13,(2(0)-1686068653:224047),systemResources.CPU_03,18952,10.10 percent
2023-06-06 09:24:13,(2(0)-1686068653:224048),systemResources.CPU,18948,21.55 percent
2023-06-06 09:24:13,(2(0)-1686068653:224054),systemResources.MEMORY_TOTAL,18944,3553044 KB
2023-06-06 09:24:13,(2(0)-1686068653:224054),systemResources.MEMORY_USED,18945,3216748 KB
2023-06-06 09:24:13,(2(0)-1686068653:224065),systemResources.FRAMEWORK_VERSION,18965,v3.2.0-27-ga17badf77
2023-06-06 09:24:13,(2(0)-1686068653:224068),systemResources.PROJECT_VERSION,18966,v3.2.0-27-ga17badf77
2023-06-06 09:24:14,(2(0)-1686068654:227543),systemResources.CPU_00,18949,39.00 percent
2023-06-06 09:24:14,(2(0)-1686068654:227557),systemResources.CPU_01,18950,22.00 percent
2023-06-06 09:24:14,(2(0)-1686068654:227571),systemResources.CPU_02,18951,48.00 percent
2023-06-06 09:24:14,(2(0)-1686068654:227585),systemResources.CPU_03,18952,14.00 percent
2023-06-06 09:24:14,(2(0)-1686068654:227586),systemResources.CPU,18948,30.75 percent
2023-06-06 09:24:14,(2(0)-1686068654:227594),systemResources.MEMORY_TOTAL,18944,3553112 KB
2023-06-06 09:24:14,(2(0)-1686068654:227595),systemResources.MEMORY_USED,18945,3216660 KB
2023-06-06 09:24:14,(2(0)-1686068654:227602),systemResources.FRAMEWORK_VERSION,18965,v3.2.0-27-ga17badf77
2023-06-06 09:24:14,(2(0)-1686068654:227603),systemResources.PROJECT_VERSION,18966,v3.2.0-27-ga17badf77
2023-06-06 09:24:14,(2(0)-1686068654:227887),rateGroup2.RgMaxTime,768,413 us
2023-06-06 09:24:15,(2(0)-1686068655:229338),blockDrv.BD_Cycles,256,33
2023-06-06 09:24:15,(2(0)-1686068655:229386),systemResources.CPU_00,18949,26.00 percent
2023-06-06 09:24:15,(2(0)-1686068655:229417),systemResources.CPU_01,18950,13.00 percent
2023-06-06 09:24:15,(2(0)-1686068655:229435),systemResources.CPU_02,18951,35.64 percent
2023-06-06 09:24:15,(2(0)-1686068655:229449),systemResources.CPU_03,18952,14.00 percent
2023-06-06 09:24:15,(2(0)-1686068655:229450),systemResources.CPU,18948,22.16 percent
2023-06-06 09:24:15,(2(0)-1686068655:229458),systemResources.MEMORY_TOTAL,18944,3553248 KB
2023-06-06 09:24:15,(2(0)-1686068655:229458),systemResources.MEMORY_USED,18945,3224416 KB
2023-06-06 09:24:15,(2(0)-1686068655:229466),systemResources.FRAMEWORK_VERSION,18965,v3.2.0-27-ga17badf77
2023-06-06 09:24:15,(2(0)-1686068655:229467),systemResources.PROJECT_VERSION,18966,v3.2.0-27-ga17badf77
2023-06-06 09:24:16,(2(0)-1686068656:229659),systemResources.CPU_00,18949,15.00 percent
2023-06-06 09:24:16,(2(0)-1686068656:229718),systemResources.CPU_01,18950,6.00 percent
2023-06-06 09:24:16,(2(0)-1686068656:229731),systemResources.CPU_02,18951,13.13 percent
2023-06-06 09:24:16,(2(0)-1686068656:229741),systemResources.CPU_03,18952,6.00 percent
2023-06-06 09:24:16,(2(0)-1686068656:229741),systemResources.CPU,18948,10.03 percent
2023-06-06 09:24:16,(2(0)-1686068656:229748),systemResources.MEMORY_TOTAL,18944,3552704 KB
2023-06-06 09:24:16,(2(0)-1686068656:229748),systemResources.MEMORY_USED,18945,3227328 KB
2023-06-06 09:24:16,(2(0)-1686068656:229757),systemResources.FRAMEWORK_VERSION,18965,v3.2.0-27-ga17badf77
2023-06-06 09:24:16,(2(0)-1686068656:229758),systemResources.PROJECT_VERSION,18966,v3.2.0-27-ga17badf77
2023-06-06 09:24:17,(2(0)-1686068657:231760),blockDrv.BD_Cycles,256,35
2023-06-06 09:24:17,(2(0)-1686068657:231819),systemResources.CPU_00,18949,15.00 percent
2023-06-06 09:24:17,(2(0)-1686068657:231841),systemResources.CPU_01,18950,6.06 percent
2023-06-06 09:24:17,(2(0)-1686068657:231857),systemResources.CPU_02,18951,14.14 percent
2023-06-06 09:24:18,(2(0)-1686068658:234550),blockDrv.BD_Cycles,256,36
2023-06-06 09:24:17,(2(0)-1686068657:231874),systemResources.CPU_03,18952,7.00 percent
2023-06-06 09:24:17,(2(0)-1686068657:231876),systemResources.CPU,18948,10.55 percent
2023-06-06 09:24:17,(2(0)-1686068657:231885),systemResources.MEMORY_TOTAL,18944,3552932 KB
2023-06-06 09:24:17,(2(0)-1686068657:231885),systemResources.MEMORY_USED,18945,3227584 KB
2023-06-06 09:24:17,(2(0)-1686068657:231897),systemResources.FRAMEWORK_VERSION,18965,v3.2.0-27-ga17badf77
2023-06-06 09:24:17,(2(0)-1686068657:231899),systemResources.PROJECT_VERSION,18966,v3.2.0-27-ga17badf77
2023-06-06 09:24:18,(2(0)-1686068658:234597),systemResources.CPU_00,18949,16.16 percent
2023-06-06 09:24:18,(2(0)-1686068658:234615),systemResources.CPU_01,18950,6.93 percent
2023-06-06 09:24:18,(2(0)-1686068658:234632),systemResources.CPU_02,18951,15.00 percent
2023-06-06 09:24:18,(2(0)-1686068658:234664),systemResources.CPU_03,18952,5.05 percent
2023-06-06 09:24:18,(2(0)-1686068658:234666),systemResources.CPU,18948,10.79 percent
2023-06-06 09:24:18,(2(0)-1686068658:234676),systemResources.MEMORY_TOTAL,18944,3553344 KB
2023-06-06 09:24:18,(2(0)-1686068658:234677),systemResources.MEMORY_USED,18945,3227392 KB
2023-06-06 09:24:18,(2(0)-1686068658:234686),systemResources.FRAMEWORK_VERSION,18965,v3.2.0-27-ga17badf77
2023-06-06 09:24:18,(2(0)-1686068658:234687),systemResources.PROJECT_VERSION,18966,v3.2.0-27-ga17badf77
2023-06-06 09:24:19,(2(0)-1686068659:239865),systemResources.CPU_00,18949,23.23 percent
2023-06-06 09:24:19,(2(0)-1686068659:239881),systemResources.CPU_01,18950,10.00 percent
2023-06-06 09:24:19,(2(0)-1686068659:239913),systemResources.CPU_02,18951,21.00 percent
2023-06-06 09:24:19,(2(0)-1686068659:240757),blockDrv.BD_Cycles,256,37
2023-06-06 09:24:19,(2(0)-1686068659:239936),systemResources.CPU_03,18952,9.80 percent
2023-06-06 09:24:19,(2(0)-1686068659:239937),systemResources.CPU,18948,16.01 percent
2023-06-06 09:24:19,(2(0)-1686068659:239946),systemResources.MEMORY_TOTAL,18944,3553140 KB
2023-06-06 09:24:19,(2(0)-1686068659:239946),systemResources.MEMORY_USED,18945,3227776 KB
2023-06-06 09:24:19,(2(0)-1686068659:239959),systemResources.FRAMEWORK_VERSION,18965,v3.2.0-27-ga17badf77
2023-06-06 09:24:19,(2(0)-1686068659:239960),systemResources.PROJECT_VERSION,18966,v3.2.0-27-ga17badf77
2023-06-06 09:24:20,(2(0)-1686068660:245486),systemResources.CPU_00,18949,33.66 percent
2023-06-06 09:24:20,(2(0)-1686068660:245505),systemResources.CPU_01,18950,15.84 percent
2023-06-06 09:24:20,(2(0)-1686068660:245517),systemResources.CPU_02,18951,29.00 percent
2023-06-06 09:24:20,(2(0)-1686068660:245530),systemResources.CPU_03,18952,15.15 percent
2023-06-06 09:24:20,(2(0)-1686068660:245531),systemResources.CPU,18948,23.41 percent
2023-06-06 09:24:20,(2(0)-1686068660:245539),systemResources.MEMORY_TOTAL,18944,3553244 KB
2023-06-06 09:24:20,(2(0)-1686068660:245539),systemResources.MEMORY_USED,18945,3215548 KB
2023-06-06 09:24:20,(2(0)-1686068660:245552),systemResources.FRAMEWORK_VERSION,18965,v3.2.0-27-ga17badf77
2023-06-06 09:24:20,(2(0)-1686068660:245553),systemResources.PROJECT_VERSION,18966,v3.2.0-27-ga17badf77
2023-06-06 09:24:20,(2(0)-1686068660:245696),blockDrv.BD_Cycles,256,38
2023-06-06 09:24:21,(2(0)-1686068661:247809),systemResources.CPU_00,18949,30.00 percent
2023-06-06 09:24:21,(2(0)-1686068661:247834),systemResources.CPU_01,18950,13.13 percent
2023-06-06 09:24:21,(2(0)-1686068661:247849),systemResources.CPU_02,18951,31.00 percent
2023-06-06 09:24:21,(2(0)-1686068661:247953),blockDrv.BD_Cycles,256,39
2023-06-06 09:24:21,(2(0)-1686068661:247863),systemResources.CPU_03,18952,11.88 percent
2023-06-06 09:24:21,(2(0)-1686068661:247864),systemResources.CPU,18948,21.50 percent
2023-06-06 09:24:21,(2(0)-1686068661:247872),systemResources.MEMORY_TOTAL,18944,3552640 KB
2023-06-06 09:24:21,(2(0)-1686068661:247873),systemResources.MEMORY_USED,18945,3215824 KB
2023-06-06 09:24:21,(2(0)-1686068661:247881),systemResources.FRAMEWORK_VERSION,18965,v3.2.0-27-ga17badf77
2023-06-06 09:24:21,(2(0)-1686068661:247883),systemResources.PROJECT_VERSION,18966,v3.2.0-27-ga17badf77
2023-06-06 09:24:22,(2(0)-1686068662:251379),systemResources.CPU_00,18949,37.00 percent
2023-06-06 09:24:22,(2(0)-1686068662:251391),systemResources.CPU_01,18950,16.00 percent
2023-06-06 09:24:22,(2(0)-1686068662:251409),systemResources.CPU_02,18951,32.00 percent
2023-06-06 09:24:22,(2(0)-1686068662:251428),systemResources.CPU_03,18952,15.31 percent
2023-06-06 09:24:22,(2(0)-1686068662:251429),systemResources.CPU,18948,25.08 percent
2023-06-06 09:24:22,(2(0)-1686068662:251438),systemResources.MEMORY_TOTAL,18944,3553144 KB
2023-06-06 09:24:22,(2(0)-1686068662:251439),systemResources.MEMORY_USED,18945,3205972 KB
2023-06-06 09:24:22,(2(0)-1686068662:251448),systemResources.FRAMEWORK_VERSION,18965,v3.2.0-27-ga17badf77
2023-06-06 09:24:22,(2(0)-1686068662:251450),systemResources.PROJECT_VERSION,18966,v3.2.0-27-ga17badf77
2023-06-06 09:24:23,(2(0)-1686068663:254729),blockDrv.BD_Cycles,256,41
2023-06-06 09:24:23,(2(0)-1686068663:254783),systemResources.CPU_00,18949,38.00 percent
2023-06-06 09:24:23,(2(0)-1686068663:254811),systemResources.CPU_01,18950,18.81 percent
2023-06-06 09:24:23,(2(0)-1686068663:254832),systemResources.CPU_02,18951,33.33 percent
2023-06-06 09:24:23,(2(0)-1686068663:254847),systemResources.CPU_03,18952,12.87 percent
2023-06-06 09:24:23,(2(0)-1686068663:254848),systemResources.CPU,18948,25.75 percent
2023-06-06 09:24:23,(2(0)-1686068663:254856),systemResources.MEMORY_TOTAL,18944,3552944 KB
2023-06-06 09:24:23,(2(0)-1686068663:254857),systemResources.MEMORY_USED,18945,3203984 KB
2023-06-06 09:24:23,(2(0)-1686068663:254866),systemResources.FRAMEWORK_VERSION,18965,v3.2.0-27-ga17badf77
2023-06-06 09:24:23,(2(0)-1686068663:254867),systemResources.PROJECT_VERSION,18966,v3.2.0-27-ga17badf77
2023-06-06 09:24:24,(2(0)-1686068664:259002),systemResources.CPU_00,18949,51.52 percent
2023-06-06 09:24:24,(2(0)-1686068664:259047),systemResources.CPU_01,18950,13.13 percent
2023-06-06 09:24:24,(2(0)-1686068664:259074),systemResources.CPU_02,18951,45.54 percent
2023-06-06 09:24:24,(2(0)-1686068664:259099),systemResources.CPU_03,18952,17.00 percent
2023-06-06 09:24:24,(2(0)-1686068664:259101),systemResources.CPU,18948,31.80 percent
2023-06-06 09:24:24,(2(0)-1686068664:259115),systemResources.MEMORY_TOTAL,18944,3552888 KB
2023-06-06 09:24:24,(2(0)-1686068664:259116),systemResources.MEMORY_USED,18945,3213336 KB
2023-06-06 09:24:24,(2(0)-1686068664:259134),systemResources.FRAMEWORK_VERSION,18965,v3.2.0-27-ga17badf77
2023-06-06 09:24:24,(2(0)-1686068664:259136),systemResources.PROJECT_VERSION,18966,v3.2.0-27-ga17badf77
2023-06-06 09:24:24,(2(0)-1686068664:258983),blockDrv.BD_Cycles,256,42
2023-06-06 09:24:25,(2(0)-1686068665:262674),systemResources.CPU_00,18949,28.71 percent
2023-06-06 09:24:25,(2(0)-1686068665:262735),systemResources.CPU_01,18950,19.00 percent
2023-06-06 09:24:25,(2(0)-1686068665:262753),systemResources.CPU_02,18951,38.00 percent
2023-06-06 09:24:25,(2(0)-1686068665:262763),blockDrv.BD_Cycles,256,43
2023-06-06 09:24:25,(2(0)-1686068665:262767),systemResources.CPU_03,18952,14.00 percent
2023-06-06 09:24:25,(2(0)-1686068665:262768),systemResources.CPU,18948,24.93 percent
2023-06-06 09:24:25,(2(0)-1686068665:262776),systemResources.MEMORY_TOTAL,18944,3553136 KB
2023-06-06 09:24:25,(2(0)-1686068665:262776),systemResources.MEMORY_USED,18945,3214492 KB
2023-06-06 09:24:25,(2(0)-1686068665:262786),systemResources.FRAMEWORK_VERSION,18965,v3.2.0-27-ga17badf77
2023-06-06 09:24:25,(2(0)-1686068665:262788),systemResources.PROJECT_VERSION,18966,v3.2.0-27-ga17badf77
2023-06-06 09:24:26,(2(0)-1686068666:266063),systemResources.CPU_00,18949,20.00 percent
2023-06-06 09:24:26,(2(0)-1686068666:266114),systemResources.CPU_01,18950,9.90 percent
2023-06-06 09:24:26,(2(0)-1686068666:266152),systemResources.CPU_02,18951,19.00 percent
2023-06-06 09:24:26,(2(0)-1686068666:266185),systemResources.CPU_03,18952,10.89 percent
2023-06-06 09:24:26,(2(0)-1686068666:266187),systemResources.CPU,18948,14.95 percent
2023-06-06 09:24:26,(2(0)-1686068666:266203),systemResources.MEMORY_TOTAL,18944,3552340 KB
2023-06-06 09:24:26,(2(0)-1686068666:266205),systemResources.MEMORY_USED,18945,3211292 KB
2023-06-06 09:24:26,(2(0)-1686068666:266225),systemResources.FRAMEWORK_VERSION,18965,v3.2.0-27-ga17badf77
2023-06-06 09:24:26,(2(0)-1686068666:266228),systemResources.PROJECT_VERSION,18966,v3.2.0-27-ga17badf77
2023-06-06 09:24:27,(2(0)-1686068667:268489),blockDrv.BD_Cycles,256,45
2023-06-06 09:24:27,(2(0)-1686068667:268594),systemResources.CPU_00,18949,13.00 percent
2023-06-06 09:24:27,(2(0)-1686068667:268626),systemResources.CPU_01,18950,5.00 percent
2023-06-06 09:24:27,(2(0)-1686068667:268660),systemResources.CPU_02,18951,11.11 percent
2023-06-06 09:24:27,(2(0)-1686068667:268693),systemResources.CPU_03,18952,2.02 percent
2023-06-06 09:24:27,(2(0)-1686068667:268695),systemResources.CPU,18948,7.78 percent
2023-06-06 09:24:27,(2(0)-1686068667:268706),systemResources.MEMORY_TOTAL,18944,3552960 KB
2023-06-06 09:24:27,(2(0)-1686068667:268706),systemResources.MEMORY_USED,18945,3210788 KB
2023-06-06 09:24:27,(2(0)-1686068667:268721),systemResources.FRAMEWORK_VERSION,18965,v3.2.0-27-ga17badf77
2023-06-06 09:24:27,(2(0)-1686068667:268723),systemResources.PROJECT_VERSION,18966,v3.2.0-27-ga17badf77
2023-06-06 09:24:28,(2(0)-1686068668:270134),systemResources.CPU_00,18949,93.00 percent
2023-06-06 09:24:28,(2(0)-1686068668:270151),systemResources.CPU_01,18950,84.00 percent
2023-06-06 09:24:28,(2(0)-1686068668:270164),systemResources.CPU_02,18951,91.09 percent
2023-06-06 09:24:28,(2(0)-1686068668:270178),systemResources.CPU_03,18952,83.00 percent
2023-06-06 09:24:28,(2(0)-1686068668:270179),systemResources.CPU,18948,87.77 percent
2023-06-06 09:24:28,(2(0)-1686068668:270187),systemResources.MEMORY_TOTAL,18944,3552936 KB
2023-06-06 09:24:28,(2(0)-1686068668:270187),systemResources.MEMORY_USED,18945,3412752 KB
2023-06-06 09:24:28,(2(0)-1686068668:270196),systemResources.FRAMEWORK_VERSION,18965,v3.2.0-27-ga17badf77
2023-06-06 09:24:28,(2(0)-1686068668:270197),systemResources.PROJECT_VERSION,18966,v3.2.0-27-ga17badf77
2023-06-06 09:24:28,(2(0)-1686068668:270122),blockDrv.BD_Cycles,256,46
2023-06-06 09:24:29,(2(0)-1686068669:271178),systemResources.CPU_00,18949,99.00 percent
2023-06-06 09:24:29,(2(0)-1686068669:271222),systemResources.CPU_01,18950,93.00 percent
2023-06-06 09:24:29,(2(0)-1686068669:271238),systemResources.CPU_02,18951,99.00 percent
2023-06-06 09:24:29,(2(0)-1686068669:271295),blockDrv.BD_Cycles,256,47
2023-06-06 09:24:29,(2(0)-1686068669:271265),systemResources.CPU_03,18952,92.00 percent
2023-06-06 09:24:29,(2(0)-1686068669:271266),systemResources.CPU,18948,95.75 percent
2023-06-06 09:24:29,(2(0)-1686068669:271274),systemResources.MEMORY_TOTAL,18944,3552644 KB
2023-06-06 09:24:29,(2(0)-1686068669:271275),systemResources.MEMORY_USED,18945,3502368 KB
2023-06-06 09:24:29,(2(0)-1686068669:271282),systemResources.FRAMEWORK_VERSION,18965,v3.2.0-27-ga17badf77
2023-06-06 09:24:29,(2(0)-1686068669:271284),systemResources.PROJECT_VERSION,18966,v3.2.0-27-ga17badf77
2023-06-06 09:24:30,(2(0)-1686068670:277734),systemResources.CPU_00,18949,92.08 percent
2023-06-06 09:24:30,(2(0)-1686068670:277751),systemResources.CPU_01,18950,83.00 percent
2023-06-06 09:24:30,(2(0)-1686068670:277765),systemResources.CPU_02,18951,92.00 percent
2023-06-06 09:24:30,(2(0)-1686068670:277778),systemResources.CPU_03,18952,80.20 percent
2023-06-06 09:24:30,(2(0)-1686068670:277779),systemResources.CPU,18948,86.82 percent
2023-06-06 09:24:30,(2(0)-1686068670:277787),systemResources.MEMORY_TOTAL,18944,3553296 KB
2023-06-06 09:24:30,(2(0)-1686068670:277788),systemResources.MEMORY_USED,18945,3508088 KB
2023-06-06 09:24:30,(2(0)-1686068670:277796),systemResources.FRAMEWORK_VERSION,18965,v3.2.0-27-ga17badf77
2023-06-06 09:24:30,(2(0)-1686068670:277797),systemResources.PROJECT_VERSION,18966,v3.2.0-27-ga17badf77
2023-06-06 09:24:30,(2(0)-1686068670:281263),rateGroup2.RgMaxTime,768,3597 us
2023-06-06 09:24:30,(2(0)-1686068670:283553),rateGroup3.RgMaxTime,1024,5889 us
2023-06-06 09:24:30,(2(0)-1686068670:283494),blockDrv.BD_Cycles,256,48
2023-06-06 09:24:31,(2(0)-1686068671:286940),systemResources.CPU_00,18949,67.68 percent
2023-06-06 09:24:31,(2(0)-1686068671:286959),systemResources.CPU_01,18950,40.59 percent
2023-06-06 09:24:31,(2(0)-1686068671:286974),systemResources.CPU_02,18951,63.64 percent
2023-06-06 09:24:32,(2(0)-1686068672:289218),blockDrv.BD_Cycles,256,50
2023-06-06 09:24:31,(2(0)-1686068671:286987),systemResources.CPU_03,18952,39.00 percent
2023-06-06 09:24:31,(2(0)-1686068671:286988),systemResources.CPU,18948,52.73 percent
2023-06-06 09:24:31,(2(0)-1686068671:286996),systemResources.MEMORY_TOTAL,18944,3552764 KB
2023-06-06 09:24:31,(2(0)-1686068671:286997),systemResources.MEMORY_USED,18945,3494248 KB
2023-06-06 09:24:31,(2(0)-1686068671:287005),systemResources.FRAMEWORK_VERSION,18965,v3.2.0-27-ga17badf77
2023-06-06 09:24:31,(2(0)-1686068671:287007),systemResources.PROJECT_VERSION,18966,v3.2.0-27-ga17badf77
2023-06-06 09:24:32,(2(0)-1686068672:289278),systemResources.CPU_00,18949,45.92 percent
2023-06-06 09:24:32,(2(0)-1686068672:289297),systemResources.CPU_01,18950,7.07 percent
2023-06-06 09:24:32,(2(0)-1686068672:289314),systemResources.CPU_02,18951,39.80 percent
2023-06-06 09:24:32,(2(0)-1686068672:289330),systemResources.CPU_03,18952,7.00 percent
2023-06-06 09:24:32,(2(0)-1686068672:289331),systemResources.CPU,18948,24.95 percent
2023-06-06 09:24:32,(2(0)-1686068672:289341),systemResources.MEMORY_TOTAL,18944,3553152 KB
2023-06-06 09:24:32,(2(0)-1686068672:289341),systemResources.MEMORY_USED,18945,3484128 KB
2023-06-06 09:24:32,(2(0)-1686068672:289352),systemResources.FRAMEWORK_VERSION,18965,v3.2.0-27-ga17badf77
2023-06-06 09:24:32,(2(0)-1686068672:289353),systemResources.PROJECT_VERSION,18966,v3.2.0-27-ga17badf77
2023-06-06 09:24:33,(2(0)-1686068673:293819),systemResources.CPU_00,18949,81.82 percent
2023-06-06 09:24:33,(2(0)-1686068673:293864),systemResources.CPU_01,18950,32.00 percent
2023-06-06 09:24:33,(2(0)-1686068673:293883),systemResources.CPU_02,18951,69.70 percent
2023-06-06 09:24:33,(2(0)-1686068673:293819),blockDrv.BD_Cycles,256,51
2023-06-06 09:24:33,(2(0)-1686068673:293897),systemResources.CPU_03,18952,33.33 percent
2023-06-06 09:24:33,(2(0)-1686068673:293898),systemResources.CPU,18948,54.21 percent
2023-06-06 09:24:33,(2(0)-1686068673:293905),systemResources.MEMORY_TOTAL,18944,3553000 KB
2023-06-06 09:24:33,(2(0)-1686068673:293906),systemResources.MEMORY_USED,18945,3496348 KB
2023-06-06 09:24:33,(2(0)-1686068673:293917),systemResources.FRAMEWORK_VERSION,18965,v3.2.0-27-ga17badf77
2023-06-06 09:24:33,(2(0)-1686068673:293918),systemResources.PROJECT_VERSION,18966,v3.2.0-27-ga17badf77
2023-06-06 09:24:34,(2(0)-1686068674:294714),systemResources.CPU_00,18949,90.82 percent
2023-06-06 09:24:34,(2(0)-1686068674:294740),systemResources.CPU_01,18950,36.73 percent
2023-06-06 09:24:34,(2(0)-1686068674:294781),systemResources.CPU_02,18951,85.57 percent
2023-06-06 09:24:34,(2(0)-1686068674:294801),systemResources.CPU_03,18952,30.30 percent
2023-06-06 09:24:34,(2(0)-1686068674:294802),systemResources.CPU,18948,60.86 percent
2023-06-06 09:24:34,(2(0)-1686068674:294810),systemResources.MEMORY_TOTAL,18944,3552320 KB
2023-06-06 09:24:34,(2(0)-1686068674:294811),systemResources.MEMORY_USED,18945,3500232 KB
2023-06-06 09:24:34,(2(0)-1686068674:294818),systemResources.FRAMEWORK_VERSION,18965,v3.2.0-27-ga17badf77
2023-06-06 09:24:34,(2(0)-1686068674:294819),systemResources.PROJECT_VERSION,18966,v3.2.0-27-ga17badf77
2023-06-06 09:24:35,(2(0)-1686068675:295399),blockDrv.BD_Cycles,256,53
2023-06-06 09:24:35,(2(0)-1686068675:295468),systemResources.CPU_00,18949,75.26 percent
2023-06-06 09:24:35,(2(0)-1686068675:295499),systemResources.CPU_01,18950,35.71 percent
2023-06-06 09:24:35,(2(0)-1686068675:295530),systemResources.CPU_02,18951,68.37 percent
2023-06-06 09:24:35,(2(0)-1686068675:295555),systemResources.CPU_03,18952,34.34 percent
2023-06-06 09:24:35,(2(0)-1686068675:295557),systemResources.CPU,18948,53.42 percent
2023-06-06 09:24:35,(2(0)-1686068675:295567),systemResources.MEMORY_TOTAL,18944,3553104 KB
2023-06-06 09:24:35,(2(0)-1686068675:295568),systemResources.MEMORY_USED,18945,3480160 KB
2023-06-06 09:24:35,(2(0)-1686068675:295583),systemResources.FRAMEWORK_VERSION,18965,v3.2.0-27-ga17badf77
2023-06-06 09:24:35,(2(0)-1686068675:295585),systemResources.PROJECT_VERSION,18966,v3.2.0-27-ga17badf77
2023-06-06 09:24:36,(2(0)-1686068676:297635),systemResources.CPU_00,18949,44.44 percent
2023-06-06 09:24:36,(2(0)-1686068676:297660),systemResources.CPU_01,18950,9.00 percent
2023-06-06 09:24:36,(2(0)-1686068676:297682),systemResources.CPU_02,18951,39.80 percent
2023-06-06 09:24:36,(2(0)-1686068676:297706),systemResources.CPU_03,18952,8.00 percent
2023-06-06 09:24:36,(2(0)-1686068676:297707),systemResources.CPU,18948,25.31 percent
2023-06-06 09:24:36,(2(0)-1686068676:297718),systemResources.MEMORY_TOTAL,18944,3553108 KB
2023-06-06 09:24:36,(2(0)-1686068676:297719),systemResources.MEMORY_USED,18945,3476432 KB
2023-06-06 09:24:36,(2(0)-1686068676:297733),systemResources.FRAMEWORK_VERSION,18965,v3.2.0-27-ga17badf77
2023-06-06 09:24:36,(2(0)-1686068676:297735),systemResources.PROJECT_VERSION,18966,v3.2.0-27-ga17badf77
2023-06-06 09:24:37,(2(0)-1686068677:298747),blockDrv.BD_Cycles,256,55
2023-06-06 09:24:37,(2(0)-1686068677:298812),systemResources.CPU_00,18949,21.00 percent
2023-06-06 09:24:37,(2(0)-1686068677:298836),systemResources.CPU_01,18950,8.00 percent
2023-06-06 09:24:37,(2(0)-1686068677:298855),systemResources.CPU_02,18951,20.00 percent
2023-06-06 09:24:37,(2(0)-1686068677:298874),systemResources.CPU_03,18952,7.07 percent
2023-06-06 09:24:37,(2(0)-1686068677:298875),systemResources.CPU,18948,14.02 percent
2023-06-06 09:24:37,(2(0)-1686068677:298886),systemResources.MEMORY_TOTAL,18944,3552944 KB
2023-06-06 09:24:37,(2(0)-1686068677:298887),systemResources.MEMORY_USED,18945,3476884 KB
2023-06-06 09:24:37,(2(0)-1686068677:298897),systemResources.FRAMEWORK_VERSION,18965,v3.2.0-27-ga17badf77
2023-06-06 09:24:37,(2(0)-1686068677:298899),systemResources.PROJECT_VERSION,18966,v3.2.0-27-ga17badf77
2023-06-06 09:24:38,(2(0)-1686068678:299978),systemResources.CPU_00,18949,25.25 percent
2023-06-06 09:24:38,(2(0)-1686068678:300003),systemResources.CPU_01,18950,9.00 percent
2023-06-06 09:24:38,(2(0)-1686068678:300024),systemResources.CPU_02,18951,23.23 percent
2023-06-06 09:24:38,(2(0)-1686068678:300046),systemResources.CPU_03,18952,9.90 percent
2023-06-06 09:24:38,(2(0)-1686068678:300047),systemResources.CPU,18948,16.85 percent
2023-06-06 09:24:38,(2(0)-1686068678:300058),systemResources.MEMORY_TOTAL,18944,3552944 KB
2023-06-06 09:24:38,(2(0)-1686068678:300059),systemResources.MEMORY_USED,18945,3487372 KB
2023-06-06 09:24:38,(2(0)-1686068678:300071),systemResources.FRAMEWORK_VERSION,18965,v3.2.0-27-ga17badf77
2023-06-06 09:24:38,(2(0)-1686068678:300073),systemResources.PROJECT_VERSION,18966,v3.2.0-27-ga17badf77
2023-06-06 09:24:39,(2(0)-1686068679:301111),blockDrv.BD_Cycles,256,57
2023-06-06 09:24:39,(2(0)-1686068679:301162),systemResources.CPU_00,18949,31.00 percent
2023-06-06 09:24:39,(2(0)-1686068679:301178),systemResources.CPU_01,18950,11.11 percent
2023-06-06 09:24:39,(2(0)-1686068679:301193),systemResources.CPU_02,18951,23.00 percent
2023-06-06 09:24:40,(2(0)-1686068680:304518),blockDrv.BD_Cycles,256,58
2023-06-06 09:24:39,(2(0)-1686068679:301207),systemResources.CPU_03,18952,13.13 percent
2023-06-06 09:24:39,(2(0)-1686068679:301208),systemResources.CPU,18948,19.56 percent
2023-06-06 09:24:39,(2(0)-1686068679:301216),systemResources.MEMORY_TOTAL,18944,3553100 KB
2023-06-06 09:24:39,(2(0)-1686068679:301217),systemResources.MEMORY_USED,18945,3488544 KB
2023-06-06 09:24:39,(2(0)-1686068679:301225),systemResources.FRAMEWORK_VERSION,18965,v3.2.0-27-ga17badf77
2023-06-06 09:24:39,(2(0)-1686068679:301227),systemResources.PROJECT_VERSION,18966,v3.2.0-27-ga17badf77
2023-06-06 09:24:40,(2(0)-1686068680:304578),systemResources.CPU_00,18949,11.00 percent
2023-06-06 09:24:40,(2(0)-1686068680:304603),systemResources.CPU_01,18950,4.95 percent
2023-06-06 09:24:40,(2(0)-1686068680:304625),systemResources.CPU_02,18951,11.00 percent
2023-06-06 09:24:40,(2(0)-1686068680:304652),systemResources.CPU_03,18952,3.03 percent
2023-06-06 09:24:40,(2(0)-1686068680:304654),systemResources.CPU,18948,7.50 percent
2023-06-06 09:24:40,(2(0)-1686068680:304664),systemResources.MEMORY_TOTAL,18944,3553180 KB
2023-06-06 09:24:40,(2(0)-1686068680:304665),systemResources.MEMORY_USED,18945,3485412 KB
2023-06-06 09:24:40,(2(0)-1686068680:304675),systemResources.FRAMEWORK_VERSION,18965,v3.2.0-27-ga17badf77
2023-06-06 09:24:40,(2(0)-1686068680:304676),systemResources.PROJECT_VERSION,18966,v3.2.0-27-ga17badf77
2023-06-06 09:24:41,(2(0)-1686068681:309384),blockDrv.BD_Cycles,256,59
2023-06-06 09:24:41,(2(0)-1686068681:309447),systemResources.CPU_00,18949,30.30 percent
2023-06-06 09:24:41,(2(0)-1686068681:309469),systemResources.CPU_01,18950,9.90 percent
2023-06-06 09:24:41,(2(0)-1686068681:309493),systemResources.CPU_02,18951,27.72 percent
2023-06-06 09:24:42,(2(0)-1686068682:311222),blockDrv.BD_Cycles,256,60
2023-06-06 09:24:41,(2(0)-1686068681:309507),systemResources.CPU_03,18952,10.89 percent
2023-06-06 09:24:41,(2(0)-1686068681:309508),systemResources.CPU,18948,19.70 percent
2023-06-06 09:24:41,(2(0)-1686068681:309516),systemResources.MEMORY_TOTAL,18944,3552888 KB
2023-06-06 09:24:41,(2(0)-1686068681:309517),systemResources.MEMORY_USED,18945,3487396 KB
2023-06-06 09:24:41,(2(0)-1686068681:309526),systemResources.FRAMEWORK_VERSION,18965,v3.2.0-27-ga17badf77
2023-06-06 09:24:41,(2(0)-1686068681:309527),systemResources.PROJECT_VERSION,18966,v3.2.0-27-ga17badf77
2023-06-06 09:24:42,(2(0)-1686068682:311322),systemResources.CPU_00,18949,11.88 percent
2023-06-06 09:24:42,(2(0)-1686068682:311368),systemResources.CPU_01,18950,3.03 percent
2023-06-06 09:24:42,(2(0)-1686068682:311391),systemResources.CPU_02,18951,9.09 percent
2023-06-06 09:24:42,(2(0)-1686068682:311405),systemResources.CPU_03,18952,3.96 percent
2023-06-06 09:24:42,(2(0)-1686068682:311406),systemResources.CPU,18948,6.99 percent
2023-06-06 09:24:42,(2(0)-1686068682:311414),systemResources.MEMORY_TOTAL,18944,3553440 KB
2023-06-06 09:24:42,(2(0)-1686068682:311415),systemResources.MEMORY_USED,18945,3486924 KB
2023-06-06 09:24:42,(2(0)-1686068682:311423),systemResources.FRAMEWORK_VERSION,18965,v3.2.0-27-ga17badf77
2023-06-06 09:24:42,(2(0)-1686068682:311424),systemResources.PROJECT_VERSION,18966,v3.2.0-27-ga17badf77
2023-06-06 09:24:43,(2(0)-1686068683:315997),systemResources.CPU_00,18949,34.34 percent
2023-06-06 09:24:43,(2(0)-1686068683:316037),systemResources.CPU_01,18950,11.00 percent
2023-06-06 09:24:43,(2(0)-1686068683:316060),systemResources.CPU_02,18951,29.00 percent
2023-06-06 09:24:43,(2(0)-1686068683:316290),blockDrv.BD_Cycles,256,61
2023-06-06 09:24:43,(2(0)-1686068683:316082),systemResources.CPU_03,18952,9.09 percent
2023-06-06 09:24:43,(2(0)-1686068683:316083),systemResources.CPU,18948,20.86 percent
2023-06-06 09:24:43,(2(0)-1686068683:316094),systemResources.MEMORY_TOTAL,18944,3553284 KB
2023-06-06 09:24:43,(2(0)-1686068683:316095),systemResources.MEMORY_USED,18945,3488448 KB
2023-06-06 09:24:43,(2(0)-1686068683:316107),systemResources.FRAMEWORK_VERSION,18965,v3.2.0-27-ga17badf77
2023-06-06 09:24:43,(2(0)-1686068683:316109),systemResources.PROJECT_VERSION,18966,v3.2.0-27-ga17badf77
2023-06-06 09:24:44,(2(0)-1686068684:318210),systemResources.CPU_00,18949,46.00 percent
2023-06-06 09:24:44,(2(0)-1686068684:318233),systemResources.CPU_01,18950,24.00 percent
2023-06-06 09:24:44,(2(0)-1686068684:318255),systemResources.CPU_02,18951,40.00 percent
2023-06-06 09:24:44,(2(0)-1686068684:318276),systemResources.CPU_03,18952,12.87 percent
2023-06-06 09:24:44,(2(0)-1686068684:318277),systemResources.CPU,18948,30.72 percent
2023-06-06 09:24:44,(2(0)-1686068684:318286),systemResources.MEMORY_TOTAL,18944,3552876 KB
2023-06-06 09:24:44,(2(0)-1686068684:318287),systemResources.MEMORY_USED,18945,3488652 KB
2023-06-06 09:24:44,(2(0)-1686068684:318299),systemResources.FRAMEWORK_VERSION,18965,v3.2.0-27-ga17badf77
2023-06-06 09:24:44,(2(0)-1686068684:318301),systemResources.PROJECT_VERSION,18966,v3.2.0-27-ga17badf77
2023-06-06 09:24:45,(2(0)-1686068685:320566),blockDrv.BD_Cycles,256,63
2023-06-06 09:24:45,(2(0)-1686068685:320733),systemResources.CPU_00,18949,33.00 percent
2023-06-06 09:24:45,(2(0)-1686068685:320806),systemResources.CPU_01,18950,15.00 percent
2023-06-06 09:24:45,(2(0)-1686068685:320842),systemResources.CPU_02,18951,32.00 percent
2023-06-06 09:24:46,(2(0)-1686068686:322821),blockDrv.BD_Cycles,256,64
2023-06-06 09:24:45,(2(0)-1686068685:320931),systemResources.CPU_03,18952,16.16 percent
2023-06-06 09:24:45,(2(0)-1686068685:320934),systemResources.CPU,18948,24.04 percent
2023-06-06 09:24:45,(2(0)-1686068685:320981),systemResources.MEMORY_TOTAL,18944,3552668 KB
2023-06-06 09:24:45,(2(0)-1686068685:320985),systemResources.MEMORY_USED,18945,3487628 KB
2023-06-06 09:24:45,(2(0)-1686068685:321018),systemResources.FRAMEWORK_VERSION,18965,v3.2.0-27-ga17badf77
2023-06-06 09:24:45,(2(0)-1686068685:321023),systemResources.PROJECT_VERSION,18966,v3.2.0-27-ga17badf77
2023-06-06 09:24:45,(2(0)-1686068685:321031),rateGroup1.RgMaxTime,512,491 us
2023-06-06 09:24:46,(2(0)-1686068686:322873),systemResources.CPU_00,18949,14.00 percent
2023-06-06 09:24:46,(2(0)-1686068686:322900),systemResources.CPU_01,18950,7.00 percent
2023-06-06 09:24:46,(2(0)-1686068686:322918),systemResources.CPU_02,18951,17.00 percent
2023-06-06 09:24:46,(2(0)-1686068686:322939),systemResources.CPU_03,18952,4.00 percent
2023-06-06 09:24:46,(2(0)-1686068686:322940),systemResources.CPU,18948,10.50 percent
2023-06-06 09:24:46,(2(0)-1686068686:322952),systemResources.MEMORY_TOTAL,18944,3553468 KB
2023-06-06 09:24:46,(2(0)-1686068686:322953),systemResources.MEMORY_USED,18945,3486956 KB
2023-06-06 09:24:46,(2(0)-1686068686:322971),systemResources.FRAMEWORK_VERSION,18965,v3.2.0-27-ga17badf77
2023-06-06 09:24:46,(2(0)-1686068686:322973),systemResources.PROJECT_VERSION,18966,v3.2.0-27-ga17badf77
2023-06-06 09:24:47,(2(0)-1686068687:324951),blockDrv.BD_Cycles,256,65
2023-06-06 09:24:47,(2(0)-1686068687:325108),systemResources.CPU_00,18949,20.00 percent
2023-06-06 09:24:47,(2(0)-1686068687:325183),systemResources.CPU_01,18950,7.00 percent
2023-06-06 09:24:47,(2(0)-1686068687:325244),systemResources.CPU_02,18951,17.00 percent
2023-06-06 09:24:47,(2(0)-1686068687:325307),systemResources.CPU_03,18952,7.00 percent
2023-06-06 09:24:47,(2(0)-1686068687:325311),systemResources.CPU,18948,12.75 percent
2023-06-06 09:24:47,(2(0)-1686068687:325337),systemResources.MEMORY_TOTAL,18944,3553124 KB
2023-06-06 09:24:47,(2(0)-1686068687:325339),systemResources.MEMORY_USED,18945,3483148 KB
2023-06-06 09:24:47,(2(0)-1686068687:325413),systemResources.FRAMEWORK_VERSION,18965,v3.2.0-27-ga17badf77
2023-06-06 09:24:47,(2(0)-1686068687:325418),systemResources.PROJECT_VERSION,18966,v3.2.0-27-ga17badf77
2023-06-06 09:24:47,(2(0)-1686068687:325425),rateGroup1.RgMaxTime,512,503 us
2023-06-06 09:24:48,(2(0)-1686068688:328133),systemResources.CPU_00,18949,25.00 percent
2023-06-06 09:24:48,(2(0)-1686068688:328185),systemResources.CPU_01,18950,9.00 percent
2023-06-06 09:24:48,(2(0)-1686068688:328226),systemResources.CPU_02,18951,29.00 percent
2023-06-06 09:24:48,(2(0)-1686068688:328259),systemResources.CPU_03,18952,7.00 percent
2023-06-06 09:24:48,(2(0)-1686068688:328261),systemResources.CPU,18948,17.50 percent
2023-06-06 09:24:48,(2(0)-1686068688:328277),systemResources.MEMORY_TOTAL,18944,3552856 KB
2023-06-06 09:24:48,(2(0)-1686068688:328279),systemResources.MEMORY_USED,18945,3497312 KB
2023-06-06 09:24:48,(2(0)-1686068688:328305),systemResources.FRAMEWORK_VERSION,18965,v3.2.0-27-ga17badf77
2023-06-06 09:24:48,(2(0)-1686068688:328307),systemResources.PROJECT_VERSION,18966,v3.2.0-27-ga17badf77
2023-06-06 09:24:49,(2(0)-1686068689:329934),blockDrv.BD_Cycles,256,67
2023-06-06 09:24:49,(2(0)-1686068689:329986),systemResources.CPU_00,18949,18.18 percent
2023-06-06 09:24:49,(2(0)-1686068689:330004),systemResources.CPU_01,18950,7.00 percent
2023-06-06 09:24:49,(2(0)-1686068689:330019),systemResources.CPU_02,18951,19.19 percent
2023-06-06 09:24:49,(2(0)-1686068689:330038),systemResources.CPU_03,18952,9.00 percent
2023-06-06 09:24:49,(2(0)-1686068689:330039),systemResources.CPU,18948,13.34 percent
2023-06-06 09:24:49,(2(0)-1686068689:330048),systemResources.MEMORY_TOTAL,18944,3553124 KB
2023-06-06 09:24:49,(2(0)-1686068689:330049),systemResources.MEMORY_USED,18945,3497628 KB
2023-06-06 09:24:49,(2(0)-1686068689:330057),systemResources.FRAMEWORK_VERSION,18965,v3.2.0-27-ga17badf77
2023-06-06 09:24:49,(2(0)-1686068689:330059),systemResources.PROJECT_VERSION,18966,v3.2.0-27-ga17badf77
2023-06-06 09:24:50,(2(0)-1686068690:332217),systemResources.CPU_00,18949,21.78 percent
2023-06-06 09:24:50,(2(0)-1686068690:332285),systemResources.CPU_01,18950,5.05 percent
2023-06-06 09:24:50,(2(0)-1686068690:332348),systemResources.CPU_02,18951,20.00 percent
2023-06-06 09:24:50,(2(0)-1686068690:332406),systemResources.CPU_03,18952,7.00 percent
2023-06-06 09:24:50,(2(0)-1686068690:332409),systemResources.CPU,18948,13.46 percent
2023-06-06 09:24:50,(2(0)-1686068690:332433),systemResources.MEMORY_TOTAL,18944,3552944 KB
2023-06-06 09:24:50,(2(0)-1686068690:332435),systemResources.MEMORY_USED,18945,3494148 KB
2023-06-06 09:24:50,(2(0)-1686068690:332467),systemResources.FRAMEWORK_VERSION,18965,v3.2.0-27-ga17badf77
2023-06-06 09:24:50,(2(0)-1686068690:332471),systemResources.PROJECT_VERSION,18966,v3.2.0-27-ga17badf77
2023-06-06 09:24:51,(2(0)-1686068691:334752),blockDrv.BD_Cycles,256,69
2023-06-06 09:24:51,(2(0)-1686068691:334805),systemResources.CPU_00,18949,33.33 percent
2023-06-06 09:24:51,(2(0)-1686068691:334839),systemResources.CPU_01,18950,13.86 percent
2023-06-06 09:24:51,(2(0)-1686068691:334857),systemResources.CPU_02,18951,29.00 percent
2023-06-06 09:24:51,(2(0)-1686068691:334875),systemResources.CPU_03,18952,12.12 percent
2023-06-06 09:24:51,(2(0)-1686068691:334876),systemResources.CPU,18948,22.08 percent
2023-06-06 09:24:51,(2(0)-1686068691:334886),systemResources.MEMORY_TOTAL,18944,3552840 KB
2023-06-06 09:24:51,(2(0)-1686068691:334887),systemResources.MEMORY_USED,18945,3496004 KB
2023-06-06 09:24:51,(2(0)-1686068691:334895),systemResources.FRAMEWORK_VERSION,18965,v3.2.0-27-ga17badf77
2023-06-06 09:24:51,(2(0)-1686068691:334897),systemResources.PROJECT_VERSION,18966,v3.2.0-27-ga17badf77
2023-06-06 09:24:52,(2(0)-1686068692:339015),systemResources.CPU_00,18949,13.86 percent
2023-06-06 09:24:52,(2(0)-1686068692:339109),systemResources.CPU_01,18950,4.00 percent
2023-06-06 09:24:52,(2(0)-1686068692:339207),systemResources.CPU_02,18951,12.00 percent
2023-06-06 09:24:52,(2(0)-1686068692:339280),systemResources.CPU_03,18952,3.92 percent
2023-06-06 09:24:52,(2(0)-1686068692:339283),systemResources.CPU,18948,8.45 percent
2023-06-06 09:24:52,(2(0)-1686068692:339307),systemResources.MEMORY_TOTAL,18944,3553020 KB
2023-06-06 09:24:52,(2(0)-1686068692:339308),systemResources.MEMORY_USED,18945,3496412 KB
2023-06-06 09:24:52,(2(0)-1686068692:339335),systemResources.FRAMEWORK_VERSION,18965,v3.2.0-27-ga17badf77
2023-06-06 09:24:52,(2(0)-1686068692:339338),systemResources.PROJECT_VERSION,18966,v3.2.0-27-ga17badf77
2023-06-06 09:24:52,(2(0)-1686068692:339343),rateGroup1.RgMaxTime,512,605 us
2023-06-06 09:24:53,(2(0)-1686068693:343275),blockDrv.BD_Cycles,256,71
2023-06-06 09:24:53,(2(0)-1686068693:343354),systemResources.CPU_00,18949,24.24 percent
2023-06-06 09:24:53,(2(0)-1686068693:343402),systemResources.CPU_01,18950,16.00 percent
2023-06-06 09:24:53,(2(0)-1686068693:343448),systemResources.CPU_02,18951,30.00 percent
2023-06-06 09:24:53,(2(0)-1686068693:343478),systemResources.CPU_03,18952,12.12 percent
2023-06-06 09:24:53,(2(0)-1686068693:343480),systemResources.CPU,18948,20.59 percent
2023-06-06 09:24:53,(2(0)-1686068693:343493),systemResources.MEMORY_TOTAL,18944,3553248 KB
2023-06-06 09:24:53,(2(0)-1686068693:343494),systemResources.MEMORY_USED,18945,3498612 KB
2023-06-06 09:24:53,(2(0)-1686068693:343509),systemResources.FRAMEWORK_VERSION,18965,v3.2.0-27-ga17badf77
2023-06-06 09:24:53,(2(0)-1686068693:343512),systemResources.PROJECT_VERSION,18966,v3.2.0-27-ga17badf77
2023-06-06 09:24:54,(2(0)-1686068694:346272),systemResources.CPU_00,18949,53.00 percent
2023-06-06 09:24:54,(2(0)-1686068694:346307),systemResources.CPU_01,18950,30.00 percent
2023-06-06 09:24:54,(2(0)-1686068694:346333),systemResources.CPU_02,18951,55.56 percent
2023-06-06 09:24:54,(2(0)-1686068694:346359),systemResources.CPU_03,18952,25.74 percent
2023-06-06 09:24:54,(2(0)-1686068694:346361),systemResources.CPU,18948,41.07 percent
2023-06-06 09:24:54,(2(0)-1686068694:346374),systemResources.MEMORY_TOTAL,18944,3552816 KB
2023-06-06 09:24:54,(2(0)-1686068694:346376),systemResources.MEMORY_USED,18945,3501144 KB
2023-06-06 09:24:54,(2(0)-1686068694:346393),systemResources.FRAMEWORK_VERSION,18965,v3.2.0-27-ga17badf77
2023-06-06 09:24:54,(2(0)-1686068694:346395),systemResources.PROJECT_VERSION,18966,v3.2.0-27-ga17badf77
2023-06-06 09:24:55,(2(0)-1686068695:362676),blockDrv.BD_Cycles,256,73
2023-06-06 09:24:55,(2(0)-1686068695:362728),systemResources.CPU_00,18949,38.24 percent
2023-06-06 09:24:55,(2(0)-1686068695:362740),systemResources.CPU_01,18950,10.68 percent
2023-06-06 09:24:55,(2(0)-1686068695:362750),systemResources.CPU_02,18951,44.12 percent
2023-06-06 09:24:55,(2(0)-1686068695:362763),systemResources.CPU_03,18952,10.00 percent
2023-06-06 09:24:55,(2(0)-1686068695:362764),systemResources.CPU,18948,25.76 percent
2023-06-06 09:24:55,(2(0)-1686068695:362772),systemResources.MEMORY_TOTAL,18944,3553596 KB
2023-06-06 09:24:55,(2(0)-1686068695:362773),systemResources.MEMORY_USED,18945,3501368 KB
2023-06-06 09:24:55,(2(0)-1686068695:362781),systemResources.FRAMEWORK_VERSION,18965,v3.2.0-27-ga17badf77
2023-06-06 09:24:55,(2(0)-1686068695:362783),systemResources.PROJECT_VERSION,18966,v3.2.0-27-ga17badf77
2023-06-06 09:24:56,(2(0)-1686068696:366241),systemResources.CPU_00,18949,24.24 percent
2023-06-06 09:24:56,(2(0)-1686068696:366314),systemResources.CPU_01,18950,5.10 percent
2023-06-06 09:24:56,(2(0)-1686068696:366374),systemResources.CPU_02,18951,26.00 percent
2023-06-06 09:24:56,(2(0)-1686068696:366422),systemResources.CPU_03,18952,8.91 percent
2023-06-06 09:24:56,(2(0)-1686068696:366425),systemResources.CPU,18948,16.06 percent
2023-06-06 09:24:56,(2(0)-1686068696:366443),systemResources.MEMORY_TOTAL,18944,3553208 KB
2023-06-06 09:24:56,(2(0)-1686068696:366444),systemResources.MEMORY_USED,18945,3500348 KB
2023-06-06 09:24:56,(2(0)-1686068696:366470),systemResources.FRAMEWORK_VERSION,18965,v3.2.0-27-ga17badf77
2023-06-06 09:24:56,(2(0)-1686068696:366474),systemResources.PROJECT_VERSION,18966,v3.2.0-27-ga17badf77
2023-06-06 09:24:57,(2(0)-1686068697:367638),blockDrv.BD_Cycles,256,75
2023-06-06 09:24:57,(2(0)-1686068697:367722),systemResources.CPU_00,18949,22.77 percent
2023-06-06 09:24:57,(2(0)-1686068697:367760),systemResources.CPU_01,18950,7.00 percent
2023-06-06 09:24:57,(2(0)-1686068697:367785),systemResources.CPU_02,18951,21.00 percent
2023-06-06 09:24:57,(2(0)-1686068697:367806),systemResources.CPU_03,18952,4.04 percent
2023-06-06 09:24:57,(2(0)-1686068697:367807),systemResources.CPU,18948,13.70 percent
2023-06-06 09:24:57,(2(0)-1686068697:367820),systemResources.MEMORY_TOTAL,18944,3553176 KB
2023-06-06 09:24:57,(2(0)-1686068697:367821),systemResources.MEMORY_USED,18945,3499520 KB
2023-06-06 09:24:57,(2(0)-1686068697:367841),systemResources.FRAMEWORK_VERSION,18965,v3.2.0-27-ga17badf77
2023-06-06 09:24:57,(2(0)-1686068697:367842),systemResources.PROJECT_VERSION,18966,v3.2.0-27-ga17badf77
2023-06-06 09:24:58,(2(0)-1686068698:372624),systemResources.CPU_00,18949,33.33 percent
2023-06-06 09:24:58,(2(0)-1686068698:372690),systemResources.CPU_01,18950,10.89 percent
2023-06-06 09:24:58,(2(0)-1686068698:372748),systemResources.CPU_02,18951,28.28 percent
2023-06-06 09:24:58,(2(0)-1686068698:372790),systemResources.CPU_03,18952,10.00 percent
2023-06-06 09:24:58,(2(0)-1686068698:372818),systemResources.CPU,18948,20.63 percent
2023-06-06 09:24:58,(2(0)-1686068698:372840),systemResources.MEMORY_TOTAL,18944,3552552 KB
2023-06-06 09:24:58,(2(0)-1686068698:372841),systemResources.MEMORY_USED,18945,3499652 KB
2023-06-06 09:24:58,(2(0)-1686068698:372864),systemResources.FRAMEWORK_VERSION,18965,v3.2.0-27-ga17badf77
2023-06-06 09:24:58,(2(0)-1686068698:372867),systemResources.PROJECT_VERSION,18966,v3.2.0-27-ga17badf77
2023-06-06 09:24:59,(2(0)-1686068699:375854),blockDrv.BD_Cycles,256,77
2023-06-06 09:25:00,(2(0)-1686068700:377380),systemResources.CPU_00,18949,35.00 percent
2023-06-06 09:25:00,(2(0)-1686068700:377410),systemResources.CPU_01,18950,13.13 percent
2023-06-06 09:25:00,(2(0)-1686068700:377440),systemResources.CPU_02,18951,33.33 percent
2023-06-06 09:25:00,(2(0)-1686068700:377255),blockDrv.BD_Cycles,256,78
2023-06-06 09:25:00,(2(0)-1686068700:377465),systemResources.CPU_03,18952,9.90 percent
2023-06-06 09:25:00,(2(0)-1686068700:377467),systemResources.CPU,18948,22.84 percent
2023-06-06 09:24:59,(2(0)-1686068699:376101),systemResources.MEMORY_TOTAL,18944,3552624 KB
2023-06-06 09:24:59,(2(0)-1686068699:376102),systemResources.MEMORY_USED,18945,3499916 KB
2023-06-06 09:24:59,(2(0)-1686068699:376122),systemResources.FRAMEWORK_VERSION,18965,v3.2.0-27-ga17badf77
2023-06-06 09:24:59,(2(0)-1686068699:376124),systemResources.PROJECT_VERSION,18966,v3.2.0-27-ga17badf77
2023-06-06 09:25:00,(2(0)-1686068700:377480),systemResources.MEMORY_TOTAL,18944,3552960 KB
2023-06-06 09:25:00,(2(0)-1686068700:377481),systemResources.MEMORY_USED,18945,3498708 KB
2023-06-06 09:25:00,(2(0)-1686068700:377515),systemResources.FRAMEWORK_VERSION,18965,v3.2.0-27-ga17badf77
2023-06-06 09:25:00,(2(0)-1686068700:377516),systemResources.PROJECT_VERSION,18966,v3.2.0-27-ga17badf77
2023-06-06 09:25:01,(2(0)-1686068701:380514),blockDrv.BD_Cycles,256,79
2023-06-06 09:25:01,(2(0)-1686068701:380611),systemResources.CPU_00,18949,42.42 percent
2023-06-06 09:25:01,(2(0)-1686068701:380642),systemResources.CPU_01,18950,19.19 percent
2023-06-06 09:25:01,(2(0)-1686068701:380663),systemResources.CPU_02,18951,43.00 percent
2023-06-06 09:25:01,(2(0)-1686068701:380679),systemResources.CPU_03,18952,17.00 percent
2023-06-06 09:25:01,(2(0)-1686068701:380681),systemResources.CPU,18948,30.40 percent
2023-06-06 09:25:01,(2(0)-1686068701:380701),systemResources.MEMORY_TOTAL,18944,3552316 KB
2023-06-06 09:25:01,(2(0)-1686068701:380702),systemResources.MEMORY_USED,18945,3501860 KB
2023-06-06 09:25:01,(2(0)-1686068701:380723),systemResources.FRAMEWORK_VERSION,18965,v3.2.0-27-ga17badf77
2023-06-06 09:25:01,(2(0)-1686068701:380725),systemResources.PROJECT_VERSION,18966,v3.2.0-27-ga17badf77
2023-06-06 09:25:02,(2(0)-1686068702:381435),systemResources.CPU_00,18949,31.00 percent
2023-06-06 09:25:02,(2(0)-1686068702:381518),systemResources.CPU_01,18950,9.00 percent
2023-06-06 09:25:02,(2(0)-1686068702:381555),systemResources.CPU_02,18951,28.00 percent
2023-06-06 09:25:02,(2(0)-1686068702:381581),systemResources.CPU_03,18952,9.09 percent
2023-06-06 09:25:02,(2(0)-1686068702:381583),systemResources.CPU,18948,19.27 percent
2023-06-06 09:25:02,(2(0)-1686068702:381597),systemResources.MEMORY_TOTAL,18944,3553244 KB
2023-06-06 09:25:02,(2(0)-1686068702:381598),systemResources.MEMORY_USED,18945,3501944 KB
2023-06-06 09:25:02,(2(0)-1686068702:381619),systemResources.FRAMEWORK_VERSION,18965,v3.2.0-27-ga17badf77
2023-06-06 09:25:02,(2(0)-1686068702:381627),systemResources.PROJECT_VERSION,18966,v3.2.0-27-ga17badf77
2023-06-06 09:25:02,(2(0)-1686068702:381619),blockDrv.BD_Cycles,256,80
2023-06-06 09:25:04,(2(0)-1686068704:387420),systemResources.CPU_00,18949,57.58 percent
2023-06-06 09:25:04,(2(0)-1686068704:387439),systemResources.CPU_01,18950,42.42 percent
2023-06-06 09:25:03,(2(0)-1686068703:386149),systemResources.CPU_02,18951,29.59 percent
2023-06-06 09:25:03,(2(0)-1686068703:386217),blockDrv.BD_Cycles,256,81
2023-06-06 09:25:03,(2(0)-1686068703:386171),systemResources.CPU_03,18952,14.00 percent
2023-06-06 09:25:03,(2(0)-1686068703:386173),systemResources.CPU,18948,23.86 percent
2023-06-06 09:25:03,(2(0)-1686068703:386184),systemResources.MEMORY_TOTAL,18944,3552712 KB
2023-06-06 09:25:03,(2(0)-1686068703:386185),systemResources.MEMORY_USED,18945,3504124 KB
2023-06-06 09:25:03,(2(0)-1686068703:386201),systemResources.FRAMEWORK_VERSION,18965,v3.2.0-27-ga17badf77
2023-06-06 09:25:03,(2(0)-1686068703:386203),systemResources.PROJECT_VERSION,18966,v3.2.0-27-ga17badf77
2023-06-06 09:25:04,(2(0)-1686068704:387452),systemResources.CPU_02,18951,62.38 percent
2023-06-06 09:25:04,(2(0)-1686068704:387466),systemResources.CPU_03,18952,44.44 percent
2023-06-06 09:25:04,(2(0)-1686068704:387466),systemResources.CPU,18948,51.71 percent
2023-06-06 09:25:04,(2(0)-1686068704:387474),systemResources.MEMORY_TOTAL,18944,3552956 KB
2023-06-06 09:25:04,(2(0)-1686068704:387475),systemResources.MEMORY_USED,18945,3504160 KB
2023-06-06 09:25:04,(2(0)-1686068704:387488),systemResources.FRAMEWORK_VERSION,18965,v3.2.0-27-ga17badf77
2023-06-06 09:25:04,(2(0)-1686068704:387490),systemResources.PROJECT_VERSION,18966,v3.2.0-27-ga17badf77
2023-06-06 09:25:05,(2(0)-1686068705:390328),blockDrv.BD_Cycles,256,83
2023-06-06 09:25:05,(2(0)-1686068705:390381),systemResources.CPU_00,18949,57.58 percent
2023-06-06 09:25:05,(2(0)-1686068705:390406),systemResources.CPU_01,18950,15.00 percent
2023-06-06 09:25:05,(2(0)-1686068705:390433),systemResources.CPU_02,18951,55.56 percent
2023-06-06 09:25:05,(2(0)-1686068705:390458),systemResources.CPU_03,18952,13.00 percent
2023-06-06 09:25:05,(2(0)-1686068705:390459),systemResources.CPU,18948,35.28 percent
2023-06-06 09:25:05,(2(0)-1686068705:390470),systemResources.MEMORY_TOTAL,18944,3553204 KB
2023-06-06 09:25:05,(2(0)-1686068705:390471),systemResources.MEMORY_USED,18945,3504792 KB
2023-06-06 09:25:05,(2(0)-1686068705:390489),systemResources.FRAMEWORK_VERSION,18965,v3.2.0-27-ga17badf77
2023-06-06 09:25:05,(2(0)-1686068705:390490),systemResources.PROJECT_VERSION,18966,v3.2.0-27-ga17badf77
2023-06-06 09:25:06,(2(0)-1686068706:394905),systemResources.CPU_00,18949,35.35 percent
2023-06-06 09:25:06,(2(0)-1686068706:394921),systemResources.CPU_01,18950,15.15 percent
2023-06-06 09:25:06,(2(0)-1686068706:394948),systemResources.CPU_02,18951,32.65 percent
2023-06-06 09:25:06,(2(0)-1686068706:394987),systemResources.CPU_03,18952,14.00 percent
2023-06-06 09:25:06,(2(0)-1686068706:394989),systemResources.CPU,18948,24.29 percent
2023-06-06 09:25:06,(2(0)-1686068706:395001),systemResources.MEMORY_TOTAL,18944,3552696 KB
2023-06-06 09:25:06,(2(0)-1686068706:395002),systemResources.MEMORY_USED,18945,3502480 KB
2023-06-06 09:25:06,(2(0)-1686068706:395011),systemResources.FRAMEWORK_VERSION,18965,v3.2.0-27-ga17badf77
2023-06-06 09:25:06,(2(0)-1686068706:395012),systemResources.PROJECT_VERSION,18966,v3.2.0-27-ga17badf77
2023-06-06 09:25:06,(2(0)-1686068706:395069),blockDrv.BD_Cycles,256,84
2023-06-06 09:25:07,(2(0)-1686068707:400110),systemResources.CPU_00,18949,25.74 percent
2023-06-06 09:25:07,(2(0)-1686068707:400144),systemResources.CPU_01,18950,10.00 percent
2023-06-06 09:25:07,(2(0)-1686068707:400166),systemResources.CPU_02,18951,22.77 percent
2023-06-06 09:25:08,(2(0)-1686068708:401201),blockDrv.BD_Cycles,256,86
2023-06-06 09:25:07,(2(0)-1686068707:400193),systemResources.CPU_03,18952,8.00 percent
2023-06-06 09:25:07,(2(0)-1686068707:400195),systemResources.CPU,18948,16.63 percent
2023-06-06 09:25:07,(2(0)-1686068707:400210),systemResources.MEMORY_TOTAL,18944,3552220 KB
2023-06-06 09:25:07,(2(0)-1686068707:400211),systemResources.MEMORY_USED,18945,3502516 KB
2023-06-06 09:25:07,(2(0)-1686068707:400229),systemResources.FRAMEWORK_VERSION,18965,v3.2.0-27-ga17badf77
2023-06-06 09:25:07,(2(0)-1686068707:400232),systemResources.PROJECT_VERSION,18966,v3.2.0-27-ga17badf77
2023-06-06 09:25:08,(2(0)-1686068708:401237),systemResources.CPU_00,18949,43.00 percent
2023-06-06 09:25:08,(2(0)-1686068708:401254),systemResources.CPU_01,18950,23.00 percent
2023-06-06 09:25:08,(2(0)-1686068708:401268),systemResources.CPU_02,18951,42.00 percent
2023-06-06 09:25:08,(2(0)-1686068708:401280),systemResources.CPU_03,18952,20.20 percent
2023-06-06 09:25:08,(2(0)-1686068708:401281),systemResources.CPU,18948,32.05 percent
2023-06-06 09:25:08,(2(0)-1686068708:401290),systemResources.MEMORY_TOTAL,18944,3552984 KB
2023-06-06 09:25:08,(2(0)-1686068708:401291),systemResources.MEMORY_USED,18945,3509004 KB
2023-06-06 09:25:08,(2(0)-1686068708:401299),systemResources.FRAMEWORK_VERSION,18965,v3.2.0-27-ga17badf77
2023-06-06 09:25:08,(2(0)-1686068708:401300),systemResources.PROJECT_VERSION,18966,v3.2.0-27-ga17badf77
2023-06-06 09:25:09,(2(0)-1686068709:404069),systemResources.CPU_00,18949,38.78 percent
2023-06-06 09:25:09,(2(0)-1686068709:404109),systemResources.CPU_01,18950,18.00 percent
2023-06-06 09:25:09,(2(0)-1686068709:404138),systemResources.CPU_02,18951,37.37 percent
2023-06-06 09:25:09,(2(0)-1686068709:405200),blockDrv.BD_Cycles,256,87
2023-06-06 09:25:09,(2(0)-1686068709:404161),systemResources.CPU_03,18952,18.00 percent
2023-06-06 09:25:09,(2(0)-1686068709:404163),systemResources.CPU,18948,28.04 percent
2023-06-06 09:25:09,(2(0)-1686068709:404178),systemResources.MEMORY_TOTAL,18944,3553148 KB
2023-06-06 09:25:09,(2(0)-1686068709:404178),systemResources.MEMORY_USED,18945,3504240 KB
2023-06-06 09:25:09,(2(0)-1686068709:404195),systemResources.FRAMEWORK_VERSION,18965,v3.2.0-27-ga17badf77
2023-06-06 09:25:09,(2(0)-1686068709:404197),systemResources.PROJECT_VERSION,18966,v3.2.0-27-ga17badf77
2023-06-06 09:25:10,(2(0)-1686068710:410410),systemResources.CPU_00,18949,34.00 percent
2023-06-06 09:25:10,(2(0)-1686068710:410428),systemResources.CPU_01,18950,16.00 percent
2023-06-06 09:25:10,(2(0)-1686068710:410448),systemResources.CPU_02,18951,34.00 percent
2023-06-06 09:25:10,(2(0)-1686068710:410464),systemResources.CPU_03,18952,14.00 percent
2023-06-06 09:25:10,(2(0)-1686068710:410465),systemResources.CPU,18948,24.50 percent
2023-06-06 09:25:10,(2(0)-1686068710:410472),systemResources.MEMORY_TOTAL,18944,3552932 KB
2023-06-06 09:25:10,(2(0)-1686068710:410473),systemResources.MEMORY_USED,18945,3508712 KB
2023-06-06 09:25:10,(2(0)-1686068710:410483),systemResources.FRAMEWORK_VERSION,18965,v3.2.0-27-ga17badf77
2023-06-06 09:25:10,(2(0)-1686068710:410484),systemResources.PROJECT_VERSION,18966,v3.2.0-27-ga17badf77
2023-06-06 09:25:10,(2(0)-1686068710:410518),blockDrv.BD_Cycles,256,88
2023-06-06 09:25:11,(2(0)-1686068711:412469),systemResources.CPU_00,18949,37.37 percent
2023-06-06 09:25:11,(2(0)-1686068711:412487),systemResources.CPU_01,18950,15.15 percent
2023-06-06 09:25:11,(2(0)-1686068711:412502),systemResources.CPU_02,18951,37.00 percent
2023-06-06 09:25:11,(2(0)-1686068711:412551),blockDrv.BD_Cycles,256,89
2023-06-06 09:25:11,(2(0)-1686068711:412516),systemResources.CPU_03,18952,14.14 percent
2023-06-06 09:25:11,(2(0)-1686068711:412516),systemResources.CPU,18948,25.92 percent
2023-06-06 09:25:11,(2(0)-1686068711:412524),systemResources.MEMORY_TOTAL,18944,3552924 KB
2023-06-06 09:25:11,(2(0)-1686068711:412525),systemResources.MEMORY_USED,18945,3506652 KB
2023-06-06 09:25:11,(2(0)-1686068711:412535),systemResources.FRAMEWORK_VERSION,18965,v3.2.0-27-ga17badf77
2023-06-06 09:25:11,(2(0)-1686068711:412537),systemResources.PROJECT_VERSION,18966,v3.2.0-27-ga17badf77
2023-06-06 09:25:12,(2(0)-1686068712:415976),systemResources.CPU_00,18949,35.00 percent
2023-06-06 09:25:12,(2(0)-1686068712:416033),systemResources.CPU_01,18950,14.00 percent
2023-06-06 09:25:12,(2(0)-1686068712:416099),systemResources.CPU_02,18951,30.61 percent
2023-06-06 09:25:12,(2(0)-1686068712:416126),systemResources.CPU_03,18952,12.00 percent
2023-06-06 09:25:12,(2(0)-1686068712:416128),systemResources.CPU,18948,22.90 percent
2023-06-06 09:25:12,(2(0)-1686068712:416139),systemResources.MEMORY_TOTAL,18944,3553132 KB
2023-06-06 09:25:12,(2(0)-1686068712:416140),systemResources.MEMORY_USED,18945,3507036 KB
2023-06-06 09:25:12,(2(0)-1686068712:416158),systemResources.FRAMEWORK_VERSION,18965,v3.2.0-27-ga17badf77
2023-06-06 09:25:12,(2(0)-1686068712:416159),systemResources.PROJECT_VERSION,18966,v3.2.0-27-ga17badf77
2023-06-06 09:25:13,(2(0)-1686068713:419519),blockDrv.BD_Cycles,256,91
2023-06-06 09:25:13,(2(0)-1686068713:249957),mathSender.VAL1,3584,7.0
2023-06-06 09:25:13,(2(0)-1686068713:249960),mathSender.OP,3585,MUL
2023-06-06 09:25:13,(2(0)-1686068713:249961),mathSender.VAL2,3586,6.0
2023-06-06 09:25:13,(2(0)-1686068713:251488),cmdDisp.CommandsDispatched,1280,1
2023-06-06 09:25:13,(2(0)-1686068713:419569),systemResources.CPU_00,18949,34.00 percent
2023-06-06 09:25:13,(2(0)-1686068713:419585),systemResources.CPU_01,18950,13.13 percent
2023-06-06 09:25:13,(2(0)-1686068713:419599),systemResources.CPU_02,18951,30.00 percent
2023-06-06 09:25:13,(2(0)-1686068713:419614),systemResources.CPU_03,18952,14.00 percent
2023-06-06 09:25:13,(2(0)-1686068713:419615),systemResources.CPU,18948,22.78 percent
2023-06-06 09:25:13,(2(0)-1686068713:419622),systemResources.MEMORY_TOTAL,18944,3553160 KB
2023-06-06 09:25:13,(2(0)-1686068713:419623),systemResources.MEMORY_USED,18945,3507276 KB
2023-06-06 09:25:13,(2(0)-1686068713:419630),systemResources.FRAMEWORK_VERSION,18965,v3.2.0-27-ga17badf77
2023-06-06 09:25:13,(2(0)-1686068713:419631),systemResources.PROJECT_VERSION,18966,v3.2.0-27-ga17badf77
2023-06-06 09:25:13,(2(0)-1686068713:419678),mathReceiver.OPERATION,9984,MUL
2023-06-06 09:25:13,(2(0)-1686068713:419697),mathSender.RESULT,3587,42.0
2023-06-06 09:25:14,(2(0)-1686068714:421858),systemResources.CPU_00,18949,36.00 percent
2023-06-06 09:25:14,(2(0)-1686068714:421968),systemResources.CPU_01,18950,28.00 percent
2023-06-06 09:25:14,(2(0)-1686068714:422028),systemResources.CPU_02,18951,40.00 percent
2023-06-06 09:25:14,(2(0)-1686068714:422059),systemResources.CPU_03,18952,20.20 percent
2023-06-06 09:25:14,(2(0)-1686068714:422061),systemResources.CPU,18948,31.05 percent
2023-06-06 09:25:14,(2(0)-1686068714:422074),systemResources.MEMORY_TOTAL,18944,3553088 KB
2023-06-06 09:25:14,(2(0)-1686068714:422076),systemResources.MEMORY_USED,18945,3509492 KB
2023-06-06 09:25:14,(2(0)-1686068714:422094),systemResources.FRAMEWORK_VERSION,18965,v3.2.0-27-ga17badf77
2023-06-06 09:25:14,(2(0)-1686068714:422096),systemResources.PROJECT_VERSION,18966,v3.2.0-27-ga17badf77
2023-06-06 09:25:14,(2(0)-1686068714:421929),fileUplinkBufferManager.HiBuffs,17410,1
2023-06-06 09:25:15,(2(0)-1686068715:426553),blockDrv.BD_Cycles,256,93
2023-06-06 09:25:15,(2(0)-1686068715:426611),systemResources.CPU_00,18949,51.00 percent
2023-06-06 09:25:15,(2(0)-1686068715:426636),systemResources.CPU_01,18950,34.00 percent
2023-06-06 09:25:15,(2(0)-1686068715:426655),systemResources.CPU_02,18951,55.45 percent
2023-06-06 09:25:15,(2(0)-1686068715:426670),systemResources.CPU_03,18952,31.68 percent
2023-06-06 09:25:15,(2(0)-1686068715:426671),systemResources.CPU,18948,43.03 percent
2023-06-06 09:25:15,(2(0)-1686068715:426680),systemResources.MEMORY_TOTAL,18944,3552844 KB
2023-06-06 09:25:15,(2(0)-1686068715:426681),systemResources.MEMORY_USED,18945,3521848 KB
2023-06-06 09:25:15,(2(0)-1686068715:426690),systemResources.FRAMEWORK_VERSION,18965,v3.2.0-27-ga17badf77
2023-06-06 09:25:15,(2(0)-1686068715:426692),systemResources.PROJECT_VERSION,18966,v3.2.0-27-ga17badf77
2023-06-06 09:25:16,(2(0)-1686068716:429688),systemResources.CPU_00,18949,38.38 percent
2023-06-06 09:25:16,(2(0)-1686068716:429723),systemResources.CPU_01,18950,15.00 percent
2023-06-06 09:25:16,(2(0)-1686068716:429740),systemResources.CPU_02,18951,39.39 percent
2023-06-06 09:25:16,(2(0)-1686068716:429754),systemResources.CPU_03,18952,9.18 percent
2023-06-06 09:25:16,(2(0)-1686068716:429755),systemResources.CPU,18948,25.49 percent
2023-06-06 09:25:16,(2(0)-1686068716:429763),systemResources.MEMORY_TOTAL,18944,3553096 KB
2023-06-06 09:25:16,(2(0)-1686068716:429764),systemResources.MEMORY_USED,18945,3521396 KB
2023-06-06 09:25:16,(2(0)-1686068716:429774),systemResources.FRAMEWORK_VERSION,18965,v3.2.0-27-ga17badf77
2023-06-06 09:25:16,(2(0)-1686068716:429777),systemResources.PROJECT_VERSION,18966,v3.2.0-27-ga17badf77
2023-06-06 09:25:17,(2(0)-1686068717:434933),blockDrv.BD_Cycles,256,95
2023-06-06 09:25:17,(2(0)-1686068717:435001),systemResources.CPU_00,18949,32.67 percent
2023-06-06 09:25:17,(2(0)-1686068717:435042),systemResources.CPU_01,18950,12.12 percent
2023-06-06 09:25:17,(2(0)-1686068717:435082),systemResources.CPU_02,18951,32.32 percent
2023-06-06 09:25:17,(2(0)-1686068717:435111),systemResources.CPU_03,18952,11.00 percent
2023-06-06 09:25:17,(2(0)-1686068717:435113),systemResources.CPU,18948,22.03 percent
2023-06-06 09:25:17,(2(0)-1686068717:435123),systemResources.MEMORY_TOTAL,18944,3553252 KB
2023-06-06 09:25:17,(2(0)-1686068717:435123),systemResources.MEMORY_USED,18945,3521544 KB
2023-06-06 09:25:17,(2(0)-1686068717:435138),systemResources.FRAMEWORK_VERSION,18965,v3.2.0-27-ga17badf77
2023-06-06 09:25:17,(2(0)-1686068717:435140),systemResources.PROJECT_VERSION,18966,v3.2.0-27-ga17badf77
