2023-06-07 15:34:43,(2(0)-1686177283:791095),blockDrv.BD_Cycles,256,2
2023-06-07 15:34:42,(2(0)-1686177282:790164),systemResources.CPU_00,18949,42.57 percent
2023-06-07 15:34:42,(2(0)-1686177282:790181),systemResources.CPU_01,18950,13.86 percent
2023-06-07 15:34:42,(2(0)-1686177282:790196),systemResources.CPU_02,18951,34.34 percent
2023-06-07 15:34:42,(2(0)-1686177282:790211),systemResources.CPU_03,18952,13.00 percent
2023-06-07 15:34:42,(2(0)-1686177282:790212),systemResources.CPU,18948,25.94 percent
2023-06-07 15:34:42,(2(0)-1686177282:790220),systemResources.MEMORY_TOTAL,18944,3445296 KB
2023-06-07 15:34:42,(2(0)-1686177282:790220),systemResources.MEMORY_USED,18945,3091688 KB
2023-06-07 15:34:42,(2(0)-1686177282:790242),systemResources.FRAMEWORK_VERSION,18965,v3.2.0-27-ga17badf77
2023-06-07 15:34:42,(2(0)-1686177282:790244),systemResources.PROJECT_VERSION,18966,v3.2.0-27-ga17badf77
2023-06-07 15:34:43,(2(0)-1686177283:791127),rateGroup2.RgMaxTime,768,75 us
2023-06-07 15:34:43,(2(0)-1686177283:791191),systemResources.CPU_00,18949,28.28 percent
2023-06-07 15:34:43,(2(0)-1686177283:791233),systemResources.CPU_01,18950,6.06 percent
2023-06-07 15:34:43,(2(0)-1686177283:791305),systemResources.CPU_02,18951,27.00 percent
2023-06-07 15:34:43,(2(0)-1686177283:791366),systemResources.CPU_03,18952,8.00 percent
2023-06-07 15:34:43,(2(0)-1686177283:791368),systemResources.CPU,18948,17.34 percent
2023-06-07 15:34:43,(2(0)-1686177283:791384),systemResources.MEMORY_TOTAL,18944,3445196 KB
2023-06-07 15:34:43,(2(0)-1686177283:791385),systemResources.MEMORY_USED,18945,3070376 KB
2023-06-07 15:34:43,(2(0)-1686177283:791408),systemResources.FRAMEWORK_VERSION,18965,v3.2.0-27-ga17badf77
2023-06-07 15:34:43,(2(0)-1686177283:791411),systemResources.PROJECT_VERSION,18966,v3.2.0-27-ga17badf77
2023-06-07 15:34:43,(2(0)-1686177283:791416),rateGroup1.RgMaxTime,512,365 us
2023-06-07 15:34:44,(2(0)-1686177284:796202),blockDrv.BD_Cycles,256,3
2023-06-07 15:34:44,(2(0)-1686177284:796437),systemResources.CPU_00,18949,46.00 percent
2023-06-07 15:34:44,(2(0)-1686177284:796493),systemResources.CPU_01,18950,23.00 percent
2023-06-07 15:34:44,(2(0)-1686177284:796510),systemResources.CPU_02,18951,39.00 percent
2023-06-07 15:34:44,(2(0)-1686177284:796529),systemResources.CPU_03,18952,21.21 percent
2023-06-07 15:34:44,(2(0)-1686177284:796530),systemResources.CPU,18948,32.30 percent
2023-06-07 15:34:44,(2(0)-1686177284:796538),systemResources.MEMORY_TOTAL,18944,3445100 KB
2023-06-07 15:34:44,(2(0)-1686177284:796538),systemResources.MEMORY_USED,18945,3080512 KB
2023-06-07 15:34:44,(2(0)-1686177284:796553),systemResources.FRAMEWORK_VERSION,18965,v3.2.0-27-ga17badf77
2023-06-07 15:34:44,(2(0)-1686177284:796554),systemResources.PROJECT_VERSION,18966,v3.2.0-27-ga17badf77
2023-06-07 15:34:44,(2(0)-1686177284:796557),rateGroup1.RgMaxTime,512,407 us
2023-06-07 15:34:45,(2(0)-1686177285:799788),systemResources.CPU_00,18949,98.02 percent
2023-06-07 15:34:45,(2(0)-1686177285:799805),systemResources.CPU_01,18950,74.00 percent
2023-06-07 15:34:45,(2(0)-1686177285:799843),systemResources.CPU_02,18951,98.00 percent
2023-06-07 15:34:45,(2(0)-1686177285:799880),systemResources.CPU_03,18952,72.28 percent
2023-06-07 15:34:45,(2(0)-1686177285:799881),systemResources.CPU,18948,85.57 percent
2023-06-07 15:34:45,(2(0)-1686177285:799892),systemResources.MEMORY_TOTAL,18944,3445040 KB
2023-06-07 15:34:45,(2(0)-1686177285:799893),systemResources.MEMORY_USED,18945,3099184 KB
2023-06-07 15:34:45,(2(0)-1686177285:799901),systemResources.FRAMEWORK_VERSION,18965,v3.2.0-27-ga17badf77
2023-06-07 15:34:45,(2(0)-1686177285:799903),systemResources.PROJECT_VERSION,18966,v3.2.0-27-ga17badf77
2023-06-07 15:34:46,(2(0)-1686177286:800589),blockDrv.BD_Cycles,256,5
2023-06-07 15:34:47,(2(0)-1686177287:802204),blockDrv.BD_Cycles,256,6
2023-06-07 15:34:46,(2(0)-1686177286:800643),systemResources.CPU_00,18949,81.82 percent
2023-06-07 15:34:46,(2(0)-1686177286:800671),systemResources.CPU_01,18950,52.53 percent
2023-06-07 15:34:46,(2(0)-1686177286:800691),systemResources.CPU_02,18951,78.00 percent
2023-06-07 15:34:46,(2(0)-1686177286:800707),systemResources.CPU_03,18952,48.48 percent
2023-06-07 15:34:46,(2(0)-1686177286:800708),systemResources.CPU,18948,65.21 percent
2023-06-07 15:34:46,(2(0)-1686177286:800717),systemResources.MEMORY_TOTAL,18944,3445584 KB
2023-06-07 15:34:46,(2(0)-1686177286:800717),systemResources.MEMORY_USED,18945,3165464 KB
2023-06-07 15:34:46,(2(0)-1686177286:800725),systemResources.FRAMEWORK_VERSION,18965,v3.2.0-27-ga17badf77
2023-06-07 15:34:46,(2(0)-1686177286:800727),systemResources.PROJECT_VERSION,18966,v3.2.0-27-ga17badf77
2023-06-07 15:34:47,(2(0)-1686177287:802252),systemResources.CPU_00,18949,69.00 percent
2023-06-07 15:34:47,(2(0)-1686177287:802275),systemResources.CPU_01,18950,48.51 percent
2023-06-07 15:34:47,(2(0)-1686177287:802308),systemResources.CPU_02,18951,78.00 percent
2023-06-07 15:34:47,(2(0)-1686177287:802334),systemResources.CPU_03,18952,45.00 percent
2023-06-07 15:34:47,(2(0)-1686177287:802335),systemResources.CPU,18948,60.13 percent
2023-06-07 15:34:47,(2(0)-1686177287:802342),systemResources.MEMORY_TOTAL,18944,3445420 KB
2023-06-07 15:34:47,(2(0)-1686177287:802343),systemResources.MEMORY_USED,18945,3170756 KB
2023-06-07 15:34:47,(2(0)-1686177287:802352),systemResources.FRAMEWORK_VERSION,18965,v3.2.0-27-ga17badf77
2023-06-07 15:34:47,(2(0)-1686177287:802353),systemResources.PROJECT_VERSION,18966,v3.2.0-27-ga17badf77
2023-06-07 15:34:48,(2(0)-1686177288:806260),blockDrv.BD_Cycles,256,7
2023-06-07 15:34:48,(2(0)-1686177288:806328),systemResources.CPU_00,18949,53.47 percent
2023-06-07 15:34:48,(2(0)-1686177288:806351),systemResources.CPU_01,18950,23.23 percent
2023-06-07 15:34:48,(2(0)-1686177288:806370),systemResources.CPU_02,18951,54.00 percent
2023-06-07 15:34:48,(2(0)-1686177288:806386),systemResources.CPU_03,18952,22.00 percent
2023-06-07 15:34:48,(2(0)-1686177288:806387),systemResources.CPU,18948,38.17 percent
2023-06-07 15:34:48,(2(0)-1686177288:806395),systemResources.MEMORY_TOTAL,18944,3445096 KB
2023-06-07 15:34:48,(2(0)-1686177288:806396),systemResources.MEMORY_USED,18945,3179164 KB
2023-06-07 15:34:48,(2(0)-1686177288:806403),systemResources.FRAMEWORK_VERSION,18965,v3.2.0-27-ga17badf77
2023-06-07 15:34:48,(2(0)-1686177288:806405),systemResources.PROJECT_VERSION,18966,v3.2.0-27-ga17badf77
2023-06-07 15:34:49,(2(0)-1686177289:807159),systemResources.CPU_00,18949,45.92 percent
2023-06-07 15:34:49,(2(0)-1686177289:807324),systemResources.CPU_01,18950,19.00 percent
2023-06-07 15:34:49,(2(0)-1686177289:807438),systemResources.CPU_02,18951,41.00 percent
2023-06-07 15:34:49,(2(0)-1686177289:807513),systemResources.CPU_03,18952,16.16 percent
2023-06-07 15:34:49,(2(0)-1686177289:807516),systemResources.CPU,18948,30.52 percent
2023-06-07 15:34:49,(2(0)-1686177289:807535),systemResources.MEMORY_TOTAL,18944,3445384 KB
2023-06-07 15:34:49,(2(0)-1686177289:807536),systemResources.MEMORY_USED,18945,3184156 KB
2023-06-07 15:34:49,(2(0)-1686177289:807563),systemResources.FRAMEWORK_VERSION,18965,v3.2.0-27-ga17badf77
2023-06-07 15:34:49,(2(0)-1686177289:807566),systemResources.PROJECT_VERSION,18966,v3.2.0-27-ga17badf77
2023-06-07 15:34:49,(2(0)-1686177289:807580),rateGroup1.RgMaxTime,512,635 us
2023-06-07 15:34:49,(2(0)-1686177289:807325),rateGroup3.RgMaxTime,1024,380 us
2023-06-07 15:34:50,(2(0)-1686177290:809599),blockDrv.BD_Cycles,256,9
2023-06-07 15:34:51,(2(0)-1686177291:812461),blockDrv.BD_Cycles,256,10
2023-06-07 15:34:50,(2(0)-1686177290:809722),systemResources.CPU_00,18949,34.65 percent
2023-06-07 15:34:50,(2(0)-1686177290:809835),systemResources.CPU_01,18950,9.00 percent
2023-06-07 15:34:50,(2(0)-1686177290:809879),systemResources.CPU_02,18951,28.28 percent
2023-06-07 15:34:50,(2(0)-1686177290:809918),systemResources.CPU_03,18952,9.00 percent
2023-06-07 15:34:50,(2(0)-1686177290:809920),systemResources.CPU,18948,20.23 percent
2023-06-07 15:34:50,(2(0)-1686177290:809939),systemResources.MEMORY_TOTAL,18944,3445184 KB
2023-06-07 15:34:50,(2(0)-1686177290:809940),systemResources.MEMORY_USED,18945,3186252 KB
2023-06-07 15:34:50,(2(0)-1686177290:809965),systemResources.FRAMEWORK_VERSION,18965,v3.2.0-27-ga17badf77
2023-06-07 15:34:50,(2(0)-1686177290:809968),systemResources.PROJECT_VERSION,18966,v3.2.0-27-ga17badf77
2023-06-07 15:34:51,(2(0)-1686177291:812598),systemResources.CPU_00,18949,25.25 percent
2023-06-07 15:34:51,(2(0)-1686177291:812666),systemResources.CPU_01,18950,9.09 percent
2023-06-07 15:34:51,(2(0)-1686177291:812723),systemResources.CPU_02,18951,21.00 percent
2023-06-07 15:34:51,(2(0)-1686177291:812779),systemResources.CPU_03,18952,10.00 percent
2023-06-07 15:34:51,(2(0)-1686177291:812782),systemResources.CPU,18948,16.34 percent
2023-06-07 15:34:51,(2(0)-1686177291:812805),systemResources.MEMORY_TOTAL,18944,3445352 KB
2023-06-07 15:34:51,(2(0)-1686177291:812808),systemResources.MEMORY_USED,18945,3189528 KB
2023-06-07 15:34:51,(2(0)-1686177291:812839),systemResources.FRAMEWORK_VERSION,18965,v3.2.0-27-ga17badf77
2023-06-07 15:34:51,(2(0)-1686177291:812843),systemResources.PROJECT_VERSION,18966,v3.2.0-27-ga17badf77
2023-06-07 15:34:52,(2(0)-1686177292:817471),blockDrv.BD_Cycles,256,11
2023-06-07 15:34:52,(2(0)-1686177292:817260),systemResources.CPU_00,18949,21.00 percent
2023-06-07 15:34:52,(2(0)-1686177292:817343),systemResources.CPU_01,18950,6.93 percent
2023-06-07 15:34:52,(2(0)-1686177292:817405),systemResources.CPU_02,18951,17.00 percent
2023-06-07 15:34:52,(2(0)-1686177292:817520),systemResources.CPU_03,18952,4.95 percent
2023-06-07 15:34:52,(2(0)-1686177292:817523),systemResources.CPU,18948,12.47 percent
2023-06-07 15:34:52,(2(0)-1686177292:817544),systemResources.MEMORY_TOTAL,18944,3445888 KB
2023-06-07 15:34:52,(2(0)-1686177292:817546),systemResources.MEMORY_USED,18945,3187564 KB
2023-06-07 15:34:52,(2(0)-1686177292:817572),systemResources.FRAMEWORK_VERSION,18965,v3.2.0-27-ga17badf77
2023-06-07 15:34:52,(2(0)-1686177292:817575),systemResources.PROJECT_VERSION,18966,v3.2.0-27-ga17badf77
2023-06-07 15:34:53,(2(0)-1686177293:818587),rateGroup2.RgMaxTime,768,98 us
2023-06-07 15:34:53,(2(0)-1686177293:818592),systemResources.CPU_00,18949,42.00 percent
2023-06-07 15:34:53,(2(0)-1686177293:818617),systemResources.CPU_01,18950,15.15 percent
2023-06-07 15:34:53,(2(0)-1686177293:818656),systemResources.CPU_02,18951,38.38 percent
2023-06-07 15:34:53,(2(0)-1686177293:818676),systemResources.CPU_03,18952,12.24 percent
2023-06-07 15:34:53,(2(0)-1686177293:818677),systemResources.CPU,18948,26.95 percent
2023-06-07 15:34:53,(2(0)-1686177293:818688),systemResources.MEMORY_TOTAL,18944,3445120 KB
2023-06-07 15:34:53,(2(0)-1686177293:818689),systemResources.MEMORY_USED,18945,3188716 KB
2023-06-07 15:34:53,(2(0)-1686177293:818732),systemResources.FRAMEWORK_VERSION,18965,v3.2.0-27-ga17badf77
2023-06-07 15:34:53,(2(0)-1686177293:818735),systemResources.PROJECT_VERSION,18966,v3.2.0-27-ga17badf77
2023-06-07 15:34:54,(2(0)-1686177294:820406),blockDrv.BD_Cycles,256,13
2023-06-07 15:34:54,(2(0)-1686177294:820458),systemResources.CPU_00,18949,48.00 percent
2023-06-07 15:34:54,(2(0)-1686177294:820480),systemResources.CPU_01,18950,15.00 percent
2023-06-07 15:34:54,(2(0)-1686177294:820515),systemResources.CPU_02,18951,46.00 percent
2023-06-07 15:34:54,(2(0)-1686177294:820534),systemResources.CPU_03,18952,10.00 percent
2023-06-07 15:34:54,(2(0)-1686177294:820535),systemResources.CPU,18948,29.75 percent
2023-06-07 15:34:54,(2(0)-1686177294:820543),systemResources.MEMORY_TOTAL,18944,3445192 KB
2023-06-07 15:34:54,(2(0)-1686177294:820544),systemResources.MEMORY_USED,18945,3171580 KB
2023-06-07 15:34:54,(2(0)-1686177294:820558),systemResources.FRAMEWORK_VERSION,18965,v3.2.0-27-ga17badf77
2023-06-07 15:34:54,(2(0)-1686177294:820559),systemResources.PROJECT_VERSION,18966,v3.2.0-27-ga17badf77
2023-06-07 15:34:55,(2(0)-1686177295:822387),rateGroup2.RgMaxTime,768,118 us
2023-06-07 15:34:55,(2(0)-1686177295:822443),systemResources.CPU_00,18949,69.70 percent
2023-06-07 15:34:55,(2(0)-1686177295:822507),systemResources.CPU_01,18950,19.19 percent
2023-06-07 15:34:55,(2(0)-1686177295:822558),systemResources.CPU_02,18951,68.00 percent
2023-06-07 15:34:55,(2(0)-1686177295:822606),systemResources.CPU_03,18952,17.00 percent
2023-06-07 15:34:55,(2(0)-1686177295:822608),systemResources.CPU,18948,43.47 percent
2023-06-07 15:34:55,(2(0)-1686177295:822625),systemResources.MEMORY_TOTAL,18944,3445184 KB
2023-06-07 15:34:55,(2(0)-1686177295:822627),systemResources.MEMORY_USED,18945,3165468 KB
2023-06-07 15:34:55,(2(0)-1686177295:822653),systemResources.FRAMEWORK_VERSION,18965,v3.2.0-27-ga17badf77
2023-06-07 15:34:55,(2(0)-1686177295:822656),systemResources.PROJECT_VERSION,18966,v3.2.0-27-ga17badf77
2023-06-07 15:34:56,(2(0)-1686177296:824550),blockDrv.BD_Cycles,256,15
2023-06-07 15:34:56,(2(0)-1686177296:824600),systemResources.CPU_00,18949,42.00 percent
2023-06-07 15:34:56,(2(0)-1686177296:824617),systemResources.CPU_01,18950,15.84 percent
2023-06-07 15:34:56,(2(0)-1686177296:824633),systemResources.CPU_02,18951,35.00 percent
2023-06-07 15:34:56,(2(0)-1686177296:824649),systemResources.CPU_03,18952,15.00 percent
2023-06-07 15:34:56,(2(0)-1686177296:824650),systemResources.CPU,18948,26.96 percent
2023-06-07 15:34:56,(2(0)-1686177296:824657),systemResources.MEMORY_TOTAL,18944,3445456 KB
2023-06-07 15:34:56,(2(0)-1686177296:824658),systemResources.MEMORY_USED,18945,3144984 KB
2023-06-07 15:34:56,(2(0)-1686177296:824667),systemResources.FRAMEWORK_VERSION,18965,v3.2.0-27-ga17badf77
2023-06-07 15:34:56,(2(0)-1686177296:824668),systemResources.PROJECT_VERSION,18966,v3.2.0-27-ga17badf77
2023-06-07 15:34:57,(2(0)-1686177297:826778),rateGroup2.RgMaxTime,768,134 us
2023-06-07 15:34:57,(2(0)-1686177297:826716),systemResources.CPU_00,18949,77.00 percent
2023-06-07 15:34:57,(2(0)-1686177297:826734),systemResources.CPU_01,18950,51.52 percent
2023-06-07 15:34:57,(2(0)-1686177297:826748),systemResources.CPU_02,18951,73.00 percent
2023-06-07 15:34:57,(2(0)-1686177297:826762),systemResources.CPU_03,18952,50.51 percent
2023-06-07 15:34:57,(2(0)-1686177297:826763),systemResources.CPU,18948,63.01 percent
2023-06-07 15:34:57,(2(0)-1686177297:826771),systemResources.MEMORY_TOTAL,18944,3445068 KB
2023-06-07 15:34:57,(2(0)-1686177297:826772),systemResources.MEMORY_USED,18945,3156600 KB
2023-06-07 15:34:57,(2(0)-1686177297:826780),systemResources.FRAMEWORK_VERSION,18965,v3.2.0-27-ga17badf77
2023-06-07 15:34:57,(2(0)-1686177297:826781),systemResources.PROJECT_VERSION,18966,v3.2.0-27-ga17badf77
2023-06-07 15:34:58,(2(0)-1686177298:828330),blockDrv.BD_Cycles,256,17
2023-06-07 15:34:59,(2(0)-1686177299:832491),blockDrv.BD_Cycles,256,18
2023-06-07 15:34:58,(2(0)-1686177298:828380),systemResources.CPU_00,18949,40.40 percent
2023-06-07 15:34:58,(2(0)-1686177298:828405),systemResources.CPU_01,18950,23.23 percent
2023-06-07 15:34:58,(2(0)-1686177298:828430),systemResources.CPU_02,18951,40.40 percent
2023-06-07 15:34:58,(2(0)-1686177298:828448),systemResources.CPU_03,18952,23.00 percent
2023-06-07 15:34:58,(2(0)-1686177298:828448),systemResources.CPU,18948,31.76 percent
2023-06-07 15:34:58,(2(0)-1686177298:828456),systemResources.MEMORY_TOTAL,18944,3445344 KB
2023-06-07 15:34:58,(2(0)-1686177298:828456),systemResources.MEMORY_USED,18945,3154512 KB
2023-06-07 15:34:58,(2(0)-1686177298:828463),systemResources.FRAMEWORK_VERSION,18965,v3.2.0-27-ga17badf77
2023-06-07 15:34:58,(2(0)-1686177298:828464),systemResources.PROJECT_VERSION,18966,v3.2.0-27-ga17badf77
2023-06-07 15:34:59,(2(0)-1686177299:832664),systemResources.CPU_00,18949,42.00 percent
2023-06-07 15:34:59,(2(0)-1686177299:832733),systemResources.CPU_01,18950,21.57 percent
2023-06-07 15:34:59,(2(0)-1686177299:832793),systemResources.CPU_02,18951,39.00 percent
2023-06-07 15:34:59,(2(0)-1686177299:832849),systemResources.CPU_03,18952,19.00 percent
2023-06-07 15:34:59,(2(0)-1686177299:832852),systemResources.CPU,18948,30.39 percent
2023-06-07 15:34:59,(2(0)-1686177299:832878),systemResources.MEMORY_TOTAL,18944,3445688 KB
2023-06-07 15:34:59,(2(0)-1686177299:832882),systemResources.MEMORY_USED,18945,3156532 KB
2023-06-07 15:34:59,(2(0)-1686177299:832913),systemResources.FRAMEWORK_VERSION,18965,v3.2.0-27-ga17badf77
2023-06-07 15:34:59,(2(0)-1686177299:832918),systemResources.PROJECT_VERSION,18966,v3.2.0-27-ga17badf77
2023-06-07 15:35:00,(2(0)-1686177300:836175),blockDrv.BD_Cycles,256,19
2023-06-07 15:35:00,(2(0)-1686177300:836101),systemResources.CPU_00,18949,49.00 percent
2023-06-07 15:35:00,(2(0)-1686177300:836118),systemResources.CPU_01,18950,29.59 percent
2023-06-07 15:35:00,(2(0)-1686177300:836132),systemResources.CPU_02,18951,48.48 percent
2023-06-07 15:35:00,(2(0)-1686177300:836146),systemResources.CPU_03,18952,30.00 percent
2023-06-07 15:35:00,(2(0)-1686177300:836147),systemResources.CPU,18948,39.27 percent
2023-06-07 15:35:00,(2(0)-1686177300:836155),systemResources.MEMORY_TOTAL,18944,3445712 KB
2023-06-07 15:35:00,(2(0)-1686177300:836155),systemResources.MEMORY_USED,18945,3146392 KB
2023-06-07 15:35:00,(2(0)-1686177300:836164),systemResources.FRAMEWORK_VERSION,18965,v3.2.0-27-ga17badf77
2023-06-07 15:35:00,(2(0)-1686177300:836165),systemResources.PROJECT_VERSION,18966,v3.2.0-27-ga17badf77
2023-06-07 15:35:01,(2(0)-1686177301:840774),systemResources.CPU_00,18949,66.67 percent
2023-06-07 15:35:01,(2(0)-1686177301:840831),systemResources.CPU_01,18950,37.62 percent
2023-06-07 15:35:01,(2(0)-1686177301:840876),systemResources.CPU_02,18951,73.00 percent
2023-06-07 15:35:01,(2(0)-1686177301:840896),systemResources.CPU_03,18952,36.00 percent
2023-06-07 15:35:01,(2(0)-1686177301:840897),systemResources.CPU,18948,53.32 percent
2023-06-07 15:35:01,(2(0)-1686177301:840905),systemResources.MEMORY_TOTAL,18944,3445300 KB
2023-06-07 15:35:01,(2(0)-1686177301:840906),systemResources.MEMORY_USED,18945,3147264 KB
2023-06-07 15:35:01,(2(0)-1686177301:840921),systemResources.FRAMEWORK_VERSION,18965,v3.2.0-27-ga17badf77
2023-06-07 15:35:01,(2(0)-1686177301:840922),systemResources.PROJECT_VERSION,18966,v3.2.0-27-ga17badf77
2023-06-07 15:35:01,(2(0)-1686177301:840801),blockDrv.BD_Cycles,256,20
2023-06-07 15:35:02,(2(0)-1686177302:842490),blockDrv.BD_Cycles,256,21
2023-06-07 15:35:02,(2(0)-1686177302:842303),systemResources.CPU_00,18949,45.00 percent
2023-06-07 15:35:02,(2(0)-1686177302:842466),systemResources.CPU_01,18950,26.26 percent
2023-06-07 15:35:02,(2(0)-1686177302:842520),systemResources.CPU_02,18951,43.43 percent
2023-06-07 15:35:02,(2(0)-1686177302:842552),systemResources.CPU_03,18952,23.23 percent
2023-06-07 15:35:02,(2(0)-1686177302:842554),systemResources.CPU,18948,34.48 percent
2023-06-07 15:35:02,(2(0)-1686177302:842565),systemResources.MEMORY_TOTAL,18944,3445224 KB
2023-06-07 15:35:02,(2(0)-1686177302:842566),systemResources.MEMORY_USED,18945,3146980 KB
2023-06-07 15:35:02,(2(0)-1686177302:842591),systemResources.FRAMEWORK_VERSION,18965,v3.2.0-27-ga17badf77
2023-06-07 15:35:02,(2(0)-1686177302:842593),systemResources.PROJECT_VERSION,18966,v3.2.0-27-ga17badf77
2023-06-07 15:35:03,(2(0)-1686177303:847367),rateGroup2.RgMaxTime,768,156 us
2023-06-07 15:35:03,(2(0)-1686177303:847336),systemResources.CPU_00,18949,38.38 percent
2023-06-07 15:35:03,(2(0)-1686177303:847367),systemResources.CPU_01,18950,14.00 percent
2023-06-07 15:35:03,(2(0)-1686177303:847390),systemResources.CPU_02,18951,33.00 percent
2023-06-07 15:35:03,(2(0)-1686177303:847406),systemResources.CPU_03,18952,11.00 percent
2023-06-07 15:35:03,(2(0)-1686177303:847407),systemResources.CPU,18948,24.10 percent
2023-06-07 15:35:03,(2(0)-1686177303:847415),systemResources.MEMORY_TOTAL,18944,3445612 KB
2023-06-07 15:35:03,(2(0)-1686177303:847416),systemResources.MEMORY_USED,18945,3144828 KB
2023-06-07 15:35:03,(2(0)-1686177303:847430),systemResources.FRAMEWORK_VERSION,18965,v3.2.0-27-ga17badf77
2023-06-07 15:35:03,(2(0)-1686177303:847432),systemResources.PROJECT_VERSION,18966,v3.2.0-27-ga17badf77
2023-06-07 15:35:04,(2(0)-1686177304:847973),blockDrv.BD_Cycles,256,23
2023-06-07 15:35:05,(2(0)-1686177305:851166),blockDrv.BD_Cycles,256,24
2023-06-07 15:35:04,(2(0)-1686177304:848060),systemResources.CPU_00,18949,39.60 percent
2023-06-07 15:35:04,(2(0)-1686177304:848133),systemResources.CPU_01,18950,14.00 percent
2023-06-07 15:35:04,(2(0)-1686177304:848168),systemResources.CPU_02,18951,30.00 percent
2023-06-07 15:35:04,(2(0)-1686177304:848192),systemResources.CPU_03,18952,12.00 percent
2023-06-07 15:35:04,(2(0)-1686177304:848194),systemResources.CPU,18948,23.90 percent
2023-06-07 15:35:04,(2(0)-1686177304:848207),systemResources.MEMORY_TOTAL,18944,3445316 KB
2023-06-07 15:35:04,(2(0)-1686177304:848208),systemResources.MEMORY_USED,18945,3144320 KB
2023-06-07 15:35:04,(2(0)-1686177304:848228),systemResources.FRAMEWORK_VERSION,18965,v3.2.0-27-ga17badf77
2023-06-07 15:35:04,(2(0)-1686177304:848230),systemResources.PROJECT_VERSION,18966,v3.2.0-27-ga17badf77
2023-06-07 15:35:05,(2(0)-1686177305:842399),mathSender.VAL1,3584,2.0
2023-06-07 15:35:05,(2(0)-1686177305:842402),mathSender.OP,3585,DIV
2023-06-07 15:35:05,(2(0)-1686177305:842403),mathSender.VAL2,3586,0.0
2023-06-07 15:35:05,(2(0)-1686177305:842455),cmdDisp.CommandsDispatched,1280,1
2023-06-07 15:35:05,(2(0)-1686177305:851218),systemResources.CPU_00,18949,33.33 percent
2023-06-07 15:35:05,(2(0)-1686177305:851236),systemResources.CPU_01,18950,9.00 percent
2023-06-07 15:35:05,(2(0)-1686177305:851254),systemResources.CPU_02,18951,28.28 percent
2023-06-07 15:35:05,(2(0)-1686177305:851273),systemResources.CPU_03,18952,9.00 percent
2023-06-07 15:35:05,(2(0)-1686177305:851274),systemResources.CPU,18948,19.90 percent
2023-06-07 15:35:05,(2(0)-1686177305:851282),systemResources.MEMORY_TOTAL,18944,3445144 KB
2023-06-07 15:35:05,(2(0)-1686177305:851283),systemResources.MEMORY_USED,18945,3144556 KB
2023-06-07 15:35:05,(2(0)-1686177305:851297),systemResources.FRAMEWORK_VERSION,18965,v3.2.0-27-ga17badf77
2023-06-07 15:35:05,(2(0)-1686177305:851299),systemResources.PROJECT_VERSION,18966,v3.2.0-27-ga17badf77
2023-06-07 15:35:05,(2(0)-1686177305:851268),fileUplinkBufferManager.HiBuffs,17410,1
2023-06-07 15:35:06,(2(0)-1686177306:854466),blockDrv.BD_Cycles,256,25
2023-06-07 15:35:05,(2(0)-1686177305:851380),mathReceiver.OPERATION,9984,DIV
2023-06-07 15:35:05,(2(0)-1686177305:851404),mathSender.RESULT,3587,0.0
2023-06-07 15:35:06,(2(0)-1686177306:854560),systemResources.CPU_00,18949,34.00 percent
2023-06-07 15:35:06,(2(0)-1686177306:854609),systemResources.CPU_01,18950,12.12 percent
2023-06-07 15:35:06,(2(0)-1686177306:854645),systemResources.CPU_02,18951,33.00 percent
2023-06-07 15:35:06,(2(0)-1686177306:854668),systemResources.CPU_03,18952,11.00 percent
2023-06-07 15:35:06,(2(0)-1686177306:854669),systemResources.CPU,18948,22.53 percent
2023-06-07 15:35:06,(2(0)-1686177306:854680),systemResources.MEMORY_TOTAL,18944,3445180 KB
2023-06-07 15:35:06,(2(0)-1686177306:854681),systemResources.MEMORY_USED,18945,3144176 KB
2023-06-07 15:35:06,(2(0)-1686177306:854700),systemResources.FRAMEWORK_VERSION,18965,v3.2.0-27-ga17badf77
2023-06-07 15:35:06,(2(0)-1686177306:854702),systemResources.PROJECT_VERSION,18966,v3.2.0-27-ga17badf77
2023-06-07 15:35:07,(2(0)-1686177307:856975),systemResources.CPU_00,18949,42.00 percent
2023-06-07 15:35:07,(2(0)-1686177307:856999),systemResources.CPU_01,18950,13.86 percent
2023-06-07 15:35:07,(2(0)-1686177307:857014),systemResources.CPU_02,18951,34.00 percent
2023-06-07 15:35:07,(2(0)-1686177307:857029),systemResources.CPU_03,18952,16.16 percent
2023-06-07 15:35:07,(2(0)-1686177307:857030),systemResources.CPU,18948,26.51 percent
2023-06-07 15:35:07,(2(0)-1686177307:857036),systemResources.MEMORY_TOTAL,18944,3445384 KB
2023-06-07 15:35:07,(2(0)-1686177307:857037),systemResources.MEMORY_USED,18945,3146756 KB
2023-06-07 15:35:07,(2(0)-1686177307:857047),systemResources.FRAMEWORK_VERSION,18965,v3.2.0-27-ga17badf77
2023-06-07 15:35:07,(2(0)-1686177307:857048),systemResources.PROJECT_VERSION,18966,v3.2.0-27-ga17badf77
2023-06-07 15:35:07,(2(0)-1686177307:856979),blockDrv.BD_Cycles,256,26
2023-06-07 15:35:08,(2(0)-1686177308:858164),blockDrv.BD_Cycles,256,27
2023-06-07 15:35:08,(2(0)-1686177308:858117),systemResources.CPU_00,18949,54.00 percent
2023-06-07 15:35:08,(2(0)-1686177308:858170),systemResources.CPU_01,18950,27.27 percent
2023-06-07 15:35:08,(2(0)-1686177308:858207),systemResources.CPU_02,18951,47.00 percent
2023-06-07 15:35:08,(2(0)-1686177308:858244),systemResources.CPU_03,18952,25.74 percent
2023-06-07 15:35:08,(2(0)-1686177308:858245),systemResources.CPU,18948,38.50 percent
2023-06-07 15:35:08,(2(0)-1686177308:858261),systemResources.MEMORY_TOTAL,18944,3445432 KB
2023-06-07 15:35:08,(2(0)-1686177308:858262),systemResources.MEMORY_USED,18945,3169068 KB
2023-06-07 15:35:08,(2(0)-1686177308:858285),systemResources.FRAMEWORK_VERSION,18965,v3.2.0-27-ga17badf77
2023-06-07 15:35:08,(2(0)-1686177308:858287),systemResources.PROJECT_VERSION,18966,v3.2.0-27-ga17badf77
2023-06-07 15:35:09,(2(0)-1686177309:863504),systemResources.CPU_00,18949,40.00 percent
2023-06-07 15:35:09,(2(0)-1686177309:863589),systemResources.CPU_01,18950,17.82 percent
2023-06-07 15:35:09,(2(0)-1686177309:863664),systemResources.CPU_02,18951,36.36 percent
2023-06-07 15:35:09,(2(0)-1686177309:863690),systemResources.CPU_03,18952,15.15 percent
2023-06-07 15:35:09,(2(0)-1686177309:863691),systemResources.CPU,18948,27.33 percent
2023-06-07 15:35:09,(2(0)-1686177309:863703),systemResources.MEMORY_TOTAL,18944,3446128 KB
2023-06-07 15:35:09,(2(0)-1686177309:863704),systemResources.MEMORY_USED,18945,3167896 KB
2023-06-07 15:35:09,(2(0)-1686177309:863724),systemResources.FRAMEWORK_VERSION,18965,v3.2.0-27-ga17badf77
2023-06-07 15:35:09,(2(0)-1686177309:863726),systemResources.PROJECT_VERSION,18966,v3.2.0-27-ga17badf77
2023-06-07 15:35:09,(2(0)-1686177309:863630),blockDrv.BD_Cycles,256,28
2023-06-07 15:35:10,(2(0)-1686177310:867502),blockDrv.BD_Cycles,256,29
2023-06-07 15:35:10,(2(0)-1686177310:867579),systemResources.CPU_00,18949,34.00 percent
2023-06-07 15:35:10,(2(0)-1686177310:867640),systemResources.CPU_01,18950,14.14 percent
2023-06-07 15:35:10,(2(0)-1686177310:867757),systemResources.CPU_02,18951,30.30 percent
2023-06-07 15:35:10,(2(0)-1686177310:867832),systemResources.CPU_03,18952,13.00 percent
2023-06-07 15:35:10,(2(0)-1686177310:867836),systemResources.CPU,18948,22.86 percent
2023-06-07 15:35:10,(2(0)-1686177310:867862),systemResources.MEMORY_TOTAL,18944,3445604 KB
2023-06-07 15:35:10,(2(0)-1686177310:867864),systemResources.MEMORY_USED,18945,3168672 KB
2023-06-07 15:35:10,(2(0)-1686177310:867895),systemResources.FRAMEWORK_VERSION,18965,v3.2.0-27-ga17badf77
2023-06-07 15:35:10,(2(0)-1686177310:867902),systemResources.PROJECT_VERSION,18966,v3.2.0-27-ga17badf77
2023-06-07 15:35:11,(2(0)-1686177311:870177),systemResources.CPU_00,18949,22.22 percent
2023-06-07 15:35:11,(2(0)-1686177311:870243),systemResources.CPU_01,18950,7.00 percent
2023-06-07 15:35:11,(2(0)-1686177311:870301),systemResources.CPU_02,18951,18.81 percent
2023-06-07 15:35:11,(2(0)-1686177311:870377),systemResources.CPU_03,18952,7.00 percent
2023-06-07 15:35:11,(2(0)-1686177311:870380),systemResources.CPU,18948,13.76 percent
2023-06-07 15:35:11,(2(0)-1686177311:870400),systemResources.MEMORY_TOTAL,18944,3445320 KB
2023-06-07 15:35:11,(2(0)-1686177311:870402),systemResources.MEMORY_USED,18945,3168708 KB
2023-06-07 15:35:11,(2(0)-1686177311:870424),systemResources.FRAMEWORK_VERSION,18965,v3.2.0-27-ga17badf77
2023-06-07 15:35:11,(2(0)-1686177311:870427),systemResources.PROJECT_VERSION,18966,v3.2.0-27-ga17badf77
2023-06-07 15:35:12,(2(0)-1686177312:872426),blockDrv.BD_Cycles,256,31
2023-06-07 15:35:12,(2(0)-1686177312:872470),systemResources.CPU_00,18949,28.28 percent
2023-06-07 15:35:12,(2(0)-1686177312:872487),systemResources.CPU_01,18950,13.00 percent
2023-06-07 15:35:12,(2(0)-1686177312:872501),systemResources.CPU_02,18951,25.25 percent
2023-06-07 15:35:12,(2(0)-1686177312:872514),systemResources.CPU_03,18952,10.00 percent
2023-06-07 15:35:12,(2(0)-1686177312:872515),systemResources.CPU,18948,19.13 percent
2023-06-07 15:35:12,(2(0)-1686177312:872522),systemResources.MEMORY_TOTAL,18944,3445628 KB
2023-06-07 15:35:12,(2(0)-1686177312:872523),systemResources.MEMORY_USED,18945,3152832 KB
2023-06-07 15:35:12,(2(0)-1686177312:872530),systemResources.FRAMEWORK_VERSION,18965,v3.2.0-27-ga17badf77
2023-06-07 15:35:12,(2(0)-1686177312:872531),systemResources.PROJECT_VERSION,18966,v3.2.0-27-ga17badf77
2023-06-07 15:35:13,(2(0)-1686177313:874395),systemResources.CPU_00,18949,21.00 percent
2023-06-07 15:35:13,(2(0)-1686177313:874475),systemResources.CPU_01,18950,4.04 percent
2023-06-07 15:35:13,(2(0)-1686177313:874530),systemResources.CPU_02,18951,13.00 percent
2023-06-07 15:35:13,(2(0)-1686177313:874583),systemResources.CPU_03,18952,4.04 percent
2023-06-07 15:35:13,(2(0)-1686177313:874585),systemResources.CPU,18948,10.52 percent
2023-06-07 15:35:13,(2(0)-1686177313:874611),systemResources.MEMORY_TOTAL,18944,3444828 KB
2023-06-07 15:35:13,(2(0)-1686177313:874613),systemResources.MEMORY_USED,18945,3147968 KB
2023-06-07 15:35:13,(2(0)-1686177313:874644),systemResources.FRAMEWORK_VERSION,18965,v3.2.0-27-ga17badf77
2023-06-07 15:35:13,(2(0)-1686177313:874648),systemResources.PROJECT_VERSION,18966,v3.2.0-27-ga17badf77
2023-06-07 15:35:13,(2(0)-1686177313:874627),rateGroup3.RgMaxTime,1024,407 us
2023-06-07 15:35:14,(2(0)-1686177314:876523),blockDrv.BD_Cycles,256,33
2023-06-07 15:35:15,(2(0)-1686177315:877749),blockDrv.BD_Cycles,256,34
2023-06-07 15:35:14,(2(0)-1686177314:876598),systemResources.CPU_00,18949,34.00 percent
2023-06-07 15:35:14,(2(0)-1686177314:876656),systemResources.CPU_01,18950,16.83 percent
2023-06-07 15:35:14,(2(0)-1686177314:876725),systemResources.CPU_02,18951,33.00 percent
2023-06-07 15:35:14,(2(0)-1686177314:876763),systemResources.CPU_03,18952,13.86 percent
2023-06-07 15:35:14,(2(0)-1686177314:876765),systemResources.CPU,18948,24.42 percent
2023-06-07 15:35:14,(2(0)-1686177314:876800),systemResources.MEMORY_TOTAL,18944,3445672 KB
2023-06-07 15:35:14,(2(0)-1686177314:876802),systemResources.MEMORY_USED,18945,3149848 KB
2023-06-07 15:35:14,(2(0)-1686177314:876822),systemResources.FRAMEWORK_VERSION,18965,v3.2.0-27-ga17badf77
2023-06-07 15:35:14,(2(0)-1686177314:876825),systemResources.PROJECT_VERSION,18966,v3.2.0-27-ga17badf77
2023-06-07 15:35:15,(2(0)-1686177315:877800),systemResources.CPU_00,18949,34.00 percent
2023-06-07 15:35:15,(2(0)-1686177315:877823),systemResources.CPU_01,18950,11.11 percent
2023-06-07 15:35:15,(2(0)-1686177315:877843),systemResources.CPU_02,18951,29.29 percent
2023-06-07 15:35:15,(2(0)-1686177315:877864),systemResources.CPU_03,18952,10.10 percent
2023-06-07 15:35:15,(2(0)-1686177315:877865),systemResources.CPU,18948,21.13 percent
2023-06-07 15:35:15,(2(0)-1686177315:877875),systemResources.MEMORY_TOTAL,18944,3444904 KB
2023-06-07 15:35:15,(2(0)-1686177315:877876),systemResources.MEMORY_USED,18945,3149620 KB
2023-06-07 15:35:15,(2(0)-1686177315:877889),systemResources.FRAMEWORK_VERSION,18965,v3.2.0-27-ga17badf77
2023-06-07 15:35:15,(2(0)-1686177315:877890),systemResources.PROJECT_VERSION,18966,v3.2.0-27-ga17badf77
2023-06-07 15:35:16,(2(0)-1686177316:882746),blockDrv.BD_Cycles,256,35
2023-06-07 15:35:16,(2(0)-1686177316:882910),systemResources.CPU_00,18949,31.00 percent
2023-06-07 15:35:16,(2(0)-1686177316:882980),systemResources.CPU_01,18950,10.89 percent
2023-06-07 15:35:16,(2(0)-1686177316:883041),systemResources.CPU_02,18951,30.00 percent
2023-06-07 15:35:16,(2(0)-1686177316:883100),systemResources.CPU_03,18952,10.00 percent
2023-06-07 15:35:16,(2(0)-1686177316:883103),systemResources.CPU,18948,20.47 percent
2023-06-07 15:35:16,(2(0)-1686177316:883129),systemResources.MEMORY_TOTAL,18944,3444848 KB
2023-06-07 15:35:16,(2(0)-1686177316:883131),systemResources.MEMORY_USED,18945,3145612 KB
2023-06-07 15:35:16,(2(0)-1686177316:883166),systemResources.FRAMEWORK_VERSION,18965,v3.2.0-27-ga17badf77
2023-06-07 15:35:16,(2(0)-1686177316:883169),systemResources.PROJECT_VERSION,18966,v3.2.0-27-ga17badf77
2023-06-07 15:35:17,(2(0)-1686177317:884289),systemResources.CPU_00,18949,37.00 percent
2023-06-07 15:35:17,(2(0)-1686177317:884313),systemResources.CPU_01,18950,18.18 percent
2023-06-07 15:35:17,(2(0)-1686177317:884332),systemResources.CPU_02,18951,39.60 percent
2023-06-07 15:35:17,(2(0)-1686177317:884351),systemResources.CPU_03,18952,17.00 percent
2023-06-07 15:35:17,(2(0)-1686177317:884355),systemResources.CPU,18948,27.95 percent
2023-06-07 15:35:17,(2(0)-1686177317:884363),systemResources.MEMORY_TOTAL,18944,3445516 KB
2023-06-07 15:35:17,(2(0)-1686177317:884364),systemResources.MEMORY_USED,18945,3147980 KB
2023-06-07 15:35:17,(2(0)-1686177317:884378),systemResources.FRAMEWORK_VERSION,18965,v3.2.0-27-ga17badf77
2023-06-07 15:35:17,(2(0)-1686177317:884380),systemResources.PROJECT_VERSION,18966,v3.2.0-27-ga17badf77
2023-06-07 15:35:18,(2(0)-1686177318:887528),blockDrv.BD_Cycles,256,37
2023-06-07 15:35:18,(2(0)-1686177318:887576),systemResources.CPU_00,18949,49.49 percent
2023-06-07 15:35:18,(2(0)-1686177318:887592),systemResources.CPU_01,18950,23.00 percent
2023-06-07 15:35:18,(2(0)-1686177318:887608),systemResources.CPU_02,18951,52.53 percent
2023-06-07 15:35:18,(2(0)-1686177318:887624),systemResources.CPU_03,18952,28.28 percent
2023-06-07 15:35:18,(2(0)-1686177318:887624),systemResources.CPU,18948,38.33 percent
2023-06-07 15:35:18,(2(0)-1686177318:887632),systemResources.MEMORY_TOTAL,18944,3445044 KB
2023-06-07 15:35:18,(2(0)-1686177318:887632),systemResources.MEMORY_USED,18945,3149428 KB
2023-06-07 15:35:18,(2(0)-1686177318:887645),systemResources.FRAMEWORK_VERSION,18965,v3.2.0-27-ga17badf77
2023-06-07 15:35:18,(2(0)-1686177318:887646),systemResources.PROJECT_VERSION,18966,v3.2.0-27-ga17badf77
2023-06-07 15:35:19,(2(0)-1686177319:888198),systemResources.CPU_00,18949,62.63 percent
2023-06-07 15:35:19,(2(0)-1686177319:888233),systemResources.CPU_01,18950,23.23 percent
2023-06-07 15:35:19,(2(0)-1686177319:888260),systemResources.CPU_02,18951,52.53 percent
2023-06-07 15:35:19,(2(0)-1686177319:888283),systemResources.CPU_03,18952,25.00 percent
2023-06-07 15:35:19,(2(0)-1686177319:888284),systemResources.CPU,18948,40.85 percent
2023-06-07 15:35:19,(2(0)-1686177319:888295),systemResources.MEMORY_TOTAL,18944,3444964 KB
2023-06-07 15:35:19,(2(0)-1686177319:888296),systemResources.MEMORY_USED,18945,3168280 KB
2023-06-07 15:35:19,(2(0)-1686177319:888313),systemResources.FRAMEWORK_VERSION,18965,v3.2.0-27-ga17badf77
2023-06-07 15:35:19,(2(0)-1686177319:888315),systemResources.PROJECT_VERSION,18966,v3.2.0-27-ga17badf77
2023-06-07 15:35:19,(2(0)-1686177319:888229),blockDrv.BD_Cycles,256,38
2023-06-07 15:35:20,(2(0)-1686177320:892469),blockDrv.BD_Cycles,256,39
2023-06-07 15:35:20,(2(0)-1686177320:892393),systemResources.CPU_00,18949,36.63 percent
2023-06-07 15:35:20,(2(0)-1686177320:892416),systemResources.CPU_01,18950,15.00 percent
2023-06-07 15:35:20,(2(0)-1686177320:892467),systemResources.CPU_02,18951,30.30 percent
2023-06-07 15:35:20,(2(0)-1686177320:892496),systemResources.CPU_03,18952,11.11 percent
2023-06-07 15:35:20,(2(0)-1686177320:892498),systemResources.CPU,18948,23.26 percent
2023-06-07 15:35:20,(2(0)-1686177320:892509),systemResources.MEMORY_TOTAL,18944,3445316 KB
2023-06-07 15:35:20,(2(0)-1686177320:892510),systemResources.MEMORY_USED,18945,3140808 KB
2023-06-07 15:35:20,(2(0)-1686177320:892522),systemResources.FRAMEWORK_VERSION,18965,v3.2.0-27-ga17badf77
2023-06-07 15:35:20,(2(0)-1686177320:892524),systemResources.PROJECT_VERSION,18966,v3.2.0-27-ga17badf77
2023-06-07 15:35:21,(2(0)-1686177321:897113),systemResources.CPU_00,18949,35.00 percent
2023-06-07 15:35:21,(2(0)-1686177321:897146),systemResources.CPU_01,18950,15.00 percent
2023-06-07 15:35:21,(2(0)-1686177321:897177),systemResources.CPU_02,18951,30.69 percent
2023-06-07 15:35:21,(2(0)-1686177321:897208),systemResources.CPU_03,18952,12.00 percent
2023-06-07 15:35:21,(2(0)-1686177321:897209),systemResources.CPU,18948,23.17 percent
2023-06-07 15:35:21,(2(0)-1686177321:897222),systemResources.MEMORY_TOTAL,18944,3445236 KB
2023-06-07 15:35:21,(2(0)-1686177321:897223),systemResources.MEMORY_USED,18945,3140300 KB
2023-06-07 15:35:21,(2(0)-1686177321:897243),systemResources.FRAMEWORK_VERSION,18965,v3.2.0-27-ga17badf77
2023-06-07 15:35:21,(2(0)-1686177321:897245),systemResources.PROJECT_VERSION,18966,v3.2.0-27-ga17badf77
2023-06-07 15:35:21,(2(0)-1686177321:897096),blockDrv.BD_Cycles,256,40
2023-06-07 15:35:23,(2(0)-1686177323:905114),blockDrv.BD_Cycles,256,42
2023-06-07 15:35:22,(2(0)-1686177322:902299),systemResources.CPU_00,18949,31.31 percent
2023-06-07 15:35:22,(2(0)-1686177322:902379),systemResources.CPU_01,18950,10.00 percent
2023-06-07 15:35:22,(2(0)-1686177322:902502),systemResources.CPU_02,18951,26.00 percent
2023-06-07 15:35:22,(2(0)-1686177322:902594),systemResources.CPU_03,18952,10.00 percent
2023-06-07 15:35:22,(2(0)-1686177322:902598),systemResources.CPU,18948,19.33 percent
2023-06-07 15:35:22,(2(0)-1686177322:902657),systemResources.MEMORY_TOTAL,18944,3445420 KB
2023-06-07 15:35:22,(2(0)-1686177322:902659),systemResources.MEMORY_USED,18945,3135592 KB
2023-06-07 15:35:22,(2(0)-1686177322:902716),systemResources.FRAMEWORK_VERSION,18965,v3.2.0-27-ga17badf77
2023-06-07 15:35:22,(2(0)-1686177322:902720),systemResources.PROJECT_VERSION,18966,v3.2.0-27-ga17badf77
2023-06-07 15:35:22,(2(0)-1686177322:902728),rateGroup1.RgMaxTime,512,711 us
2023-06-07 15:35:23,(2(0)-1686177323:905159),systemResources.CPU_00,18949,42.00 percent
2023-06-07 15:35:23,(2(0)-1686177323:905175),systemResources.CPU_01,18950,19.00 percent
2023-06-07 15:35:23,(2(0)-1686177323:905188),systemResources.CPU_02,18951,37.00 percent
2023-06-07 15:35:23,(2(0)-1686177323:905203),systemResources.CPU_03,18952,20.00 percent
2023-06-07 15:35:23,(2(0)-1686177323:905204),systemResources.CPU,18948,29.50 percent
2023-06-07 15:35:23,(2(0)-1686177323:905212),systemResources.MEMORY_TOTAL,18944,3445840 KB
2023-06-07 15:35:23,(2(0)-1686177323:905212),systemResources.MEMORY_USED,18945,3134808 KB
2023-06-07 15:35:23,(2(0)-1686177323:905224),systemResources.FRAMEWORK_VERSION,18965,v3.2.0-27-ga17badf77
2023-06-07 15:35:23,(2(0)-1686177323:905225),systemResources.PROJECT_VERSION,18966,v3.2.0-27-ga17badf77
2023-06-07 15:35:25,(2(0)-1686177325:907544),blockDrv.BD_Cycles,256,44
2023-06-07 15:35:24,(2(0)-1686177324:907025),systemResources.CPU_00,18949,47.47 percent
2023-06-07 15:35:24,(2(0)-1686177324:907072),systemResources.CPU_01,18950,20.00 percent
2023-06-07 15:35:24,(2(0)-1686177324:907108),systemResources.CPU_02,18951,41.84 percent
2023-06-07 15:35:24,(2(0)-1686177324:907145),systemResources.CPU_03,18952,19.80 percent
2023-06-07 15:35:24,(2(0)-1686177324:907148),systemResources.CPU,18948,32.28 percent
2023-06-07 15:35:24,(2(0)-1686177324:907165),systemResources.MEMORY_TOTAL,18944,3445020 KB
2023-06-07 15:35:24,(2(0)-1686177324:907167),systemResources.MEMORY_USED,18945,3132616 KB
2023-06-07 15:35:24,(2(0)-1686177324:907187),systemResources.FRAMEWORK_VERSION,18965,v3.2.0-27-ga17badf77
2023-06-07 15:35:24,(2(0)-1686177324:907189),systemResources.PROJECT_VERSION,18966,v3.2.0-27-ga17badf77
2023-06-07 15:35:25,(2(0)-1686177325:460357),mathSender.VAL1,3584,2.0
2023-06-07 15:35:25,(2(0)-1686177325:460359),mathSender.OP,3585,DIV
2023-06-07 15:35:25,(2(0)-1686177325:460360),mathSender.VAL2,3586,1.0
2023-06-07 15:35:25,(2(0)-1686177325:460394),cmdDisp.CommandsDispatched,1280,2
2023-06-07 15:35:25,(2(0)-1686177325:907657),systemResources.CPU_00,18949,38.00 percent
2023-06-07 15:35:25,(2(0)-1686177325:907721),systemResources.CPU_01,18950,16.00 percent
2023-06-07 15:35:25,(2(0)-1686177325:907779),systemResources.CPU_02,18951,33.00 percent
2023-06-07 15:35:25,(2(0)-1686177325:907839),systemResources.CPU_03,18952,14.14 percent
2023-06-07 15:35:25,(2(0)-1686177325:907842),systemResources.CPU,18948,25.29 percent
2023-06-07 15:35:25,(2(0)-1686177325:907866),systemResources.MEMORY_TOTAL,18944,3445596 KB
2023-06-07 15:35:25,(2(0)-1686177325:907868),systemResources.MEMORY_USED,18945,3133092 KB
2023-06-07 15:35:25,(2(0)-1686177325:907897),systemResources.FRAMEWORK_VERSION,18965,v3.2.0-27-ga17badf77
2023-06-07 15:35:25,(2(0)-1686177325:907902),systemResources.PROJECT_VERSION,18966,v3.2.0-27-ga17badf77
2023-06-07 15:35:26,(2(0)-1686177326:909441),blockDrv.BD_Cycles,256,45
2023-06-07 15:35:25,(2(0)-1686177325:908054),mathReceiver.OPERATION,9984,DIV
2023-06-07 15:35:25,(2(0)-1686177325:908082),mathSender.RESULT,3587,2.0
2023-06-07 15:35:26,(2(0)-1686177326:909611),systemResources.CPU_00,18949,40.00 percent
2023-06-07 15:35:26,(2(0)-1686177326:909664),systemResources.CPU_01,18950,13.27 percent
2023-06-07 15:35:26,(2(0)-1686177326:909706),systemResources.CPU_02,18951,35.00 percent
2023-06-07 15:35:26,(2(0)-1686177326:909745),systemResources.CPU_03,18952,12.12 percent
2023-06-07 15:35:26,(2(0)-1686177326:909747),systemResources.CPU,18948,25.10 percent
2023-06-07 15:35:26,(2(0)-1686177326:909765),systemResources.MEMORY_TOTAL,18944,3445552 KB
2023-06-07 15:35:26,(2(0)-1686177326:909766),systemResources.MEMORY_USED,18945,3134064 KB
2023-06-07 15:35:26,(2(0)-1686177326:909790),systemResources.FRAMEWORK_VERSION,18965,v3.2.0-27-ga17badf77
2023-06-07 15:35:26,(2(0)-1686177326:909793),systemResources.PROJECT_VERSION,18966,v3.2.0-27-ga17badf77
2023-06-07 15:35:27,(2(0)-1686177327:911974),systemResources.CPU_00,18949,39.39 percent
2023-06-07 15:35:27,(2(0)-1686177327:912011),systemResources.CPU_01,18950,13.00 percent
2023-06-07 15:35:27,(2(0)-1686177327:912041),systemResources.CPU_02,18951,37.00 percent
2023-06-07 15:35:27,(2(0)-1686177327:912060),systemResources.CPU_03,18952,12.00 percent
2023-06-07 15:35:27,(2(0)-1686177327:912061),systemResources.CPU,18948,25.35 percent
2023-06-07 15:35:27,(2(0)-1686177327:912070),systemResources.MEMORY_TOTAL,18944,3445124 KB
2023-06-07 15:35:27,(2(0)-1686177327:912071),systemResources.MEMORY_USED,18945,3131724 KB
2023-06-07 15:35:27,(2(0)-1686177327:912087),systemResources.FRAMEWORK_VERSION,18965,v3.2.0-27-ga17badf77
2023-06-07 15:35:27,(2(0)-1686177327:912089),systemResources.PROJECT_VERSION,18966,v3.2.0-27-ga17badf77
2023-06-07 15:35:28,(2(0)-1686177328:916102),blockDrv.BD_Cycles,256,47
2023-06-07 15:35:28,(2(0)-1686177328:916147),systemResources.CPU_00,18949,54.00 percent
2023-06-07 15:35:28,(2(0)-1686177328:916166),systemResources.CPU_01,18950,32.00 percent
2023-06-07 15:35:28,(2(0)-1686177328:916195),systemResources.CPU_02,18951,53.00 percent
2023-06-07 15:35:28,(2(0)-1686177328:916214),systemResources.CPU_03,18952,25.00 percent
2023-06-07 15:35:28,(2(0)-1686177328:916215),systemResources.CPU,18948,41.00 percent
2023-06-07 15:35:28,(2(0)-1686177328:916224),systemResources.MEMORY_TOTAL,18944,3444904 KB
2023-06-07 15:35:28,(2(0)-1686177328:916224),systemResources.MEMORY_USED,18945,3137192 KB
2023-06-07 15:35:28,(2(0)-1686177328:916240),systemResources.FRAMEWORK_VERSION,18965,v3.2.0-27-ga17badf77
2023-06-07 15:35:28,(2(0)-1686177328:916241),systemResources.PROJECT_VERSION,18966,v3.2.0-27-ga17badf77
2023-06-07 15:35:29,(2(0)-1686177329:916700),systemResources.CPU_00,18949,49.00 percent
2023-06-07 15:35:29,(2(0)-1686177329:916718),systemResources.CPU_01,18950,33.00 percent
2023-06-07 15:35:29,(2(0)-1686177329:916731),systemResources.CPU_02,18951,50.00 percent
2023-06-07 15:35:29,(2(0)-1686177329:916744),systemResources.CPU_03,18952,30.00 percent
2023-06-07 15:35:29,(2(0)-1686177329:916745),systemResources.CPU,18948,40.50 percent
2023-06-07 15:35:29,(2(0)-1686177329:916753),systemResources.MEMORY_TOTAL,18944,3444860 KB
2023-06-07 15:35:29,(2(0)-1686177329:916754),systemResources.MEMORY_USED,18945,3153444 KB
2023-06-07 15:35:29,(2(0)-1686177329:916761),systemResources.FRAMEWORK_VERSION,18965,v3.2.0-27-ga17badf77
2023-06-07 15:35:29,(2(0)-1686177329:916763),systemResources.PROJECT_VERSION,18966,v3.2.0-27-ga17badf77
2023-06-07 15:35:30,(2(0)-1686177330:917870),blockDrv.BD_Cycles,256,49
2023-06-07 15:35:30,(2(0)-1686177330:917936),systemResources.CPU_00,18949,43.43 percent
2023-06-07 15:35:30,(2(0)-1686177330:917957),systemResources.CPU_01,18950,12.00 percent
2023-06-07 15:35:30,(2(0)-1686177330:917988),systemResources.CPU_02,18951,30.30 percent
2023-06-07 15:35:30,(2(0)-1686177330:918010),systemResources.CPU_03,18952,9.09 percent
2023-06-07 15:35:30,(2(0)-1686177330:918011),systemResources.CPU,18948,23.71 percent
2023-06-07 15:35:30,(2(0)-1686177330:918020),systemResources.MEMORY_TOTAL,18944,3444824 KB
2023-06-07 15:35:30,(2(0)-1686177330:918020),systemResources.MEMORY_USED,18945,3149384 KB
2023-06-07 15:35:30,(2(0)-1686177330:918030),systemResources.FRAMEWORK_VERSION,18965,v3.2.0-27-ga17badf77
2023-06-07 15:35:30,(2(0)-1686177330:918031),systemResources.PROJECT_VERSION,18966,v3.2.0-27-ga17badf77
2023-06-07 15:35:31,(2(0)-1686177331:919863),systemResources.CPU_00,18949,28.71 percent
2023-06-07 15:35:31,(2(0)-1686177331:919937),systemResources.CPU_01,18950,10.00 percent
2023-06-07 15:35:31,(2(0)-1686177331:920004),systemResources.CPU_02,18951,28.00 percent
2023-06-07 15:35:31,(2(0)-1686177331:920041),systemResources.CPU_03,18952,7.00 percent
2023-06-07 15:35:31,(2(0)-1686177331:920042),systemResources.CPU,18948,18.43 percent
2023-06-07 15:35:31,(2(0)-1686177331:920060),systemResources.MEMORY_TOTAL,18944,3445080 KB
2023-06-07 15:35:31,(2(0)-1686177331:920062),systemResources.MEMORY_USED,18945,3149124 KB
2023-06-07 15:35:31,(2(0)-1686177331:920088),systemResources.FRAMEWORK_VERSION,18965,v3.2.0-27-ga17badf77
2023-06-07 15:35:31,(2(0)-1686177331:920091),systemResources.PROJECT_VERSION,18966,v3.2.0-27-ga17badf77
2023-06-07 15:35:32,(2(0)-1686177332:922352),blockDrv.BD_Cycles,256,51
2023-06-07 15:35:32,(2(0)-1686177332:922501),systemResources.CPU_00,18949,37.37 percent
2023-06-07 15:35:32,(2(0)-1686177332:922566),systemResources.CPU_01,18950,14.14 percent
2023-06-07 15:35:32,(2(0)-1686177332:922630),systemResources.CPU_02,18951,35.35 percent
2023-06-07 15:35:32,(2(0)-1686177332:922686),systemResources.CPU_03,18952,11.11 percent
2023-06-07 15:35:32,(2(0)-1686177332:922688),systemResources.CPU,18948,24.49 percent
2023-06-07 15:35:32,(2(0)-1686177332:922707),systemResources.MEMORY_TOTAL,18944,3445180 KB
2023-06-07 15:35:32,(2(0)-1686177332:922708),systemResources.MEMORY_USED,18945,3149812 KB
2023-06-07 15:35:32,(2(0)-1686177332:922739),systemResources.FRAMEWORK_VERSION,18965,v3.2.0-27-ga17badf77
2023-06-07 15:35:32,(2(0)-1686177332:922744),systemResources.PROJECT_VERSION,18966,v3.2.0-27-ga17badf77
2023-06-07 15:35:33,(2(0)-1686177333:923735),systemResources.CPU_00,18949,37.00 percent
2023-06-07 15:35:33,(2(0)-1686177333:923778),systemResources.CPU_01,18950,18.00 percent
2023-06-07 15:35:33,(2(0)-1686177333:923808),systemResources.CPU_02,18951,42.42 percent
2023-06-07 15:35:33,(2(0)-1686177333:923834),systemResources.CPU_03,18952,18.00 percent
2023-06-07 15:35:33,(2(0)-1686177333:923835),systemResources.CPU,18948,28.86 percent
2023-06-07 15:35:33,(2(0)-1686177333:923849),systemResources.MEMORY_TOTAL,18944,3444776 KB
2023-06-07 15:35:33,(2(0)-1686177333:923850),systemResources.MEMORY_USED,18945,3151116 KB
2023-06-07 15:35:33,(2(0)-1686177333:923869),systemResources.FRAMEWORK_VERSION,18965,v3.2.0-27-ga17badf77
2023-06-07 15:35:33,(2(0)-1686177333:923872),systemResources.PROJECT_VERSION,18966,v3.2.0-27-ga17badf77
2023-06-07 15:35:34,(2(0)-1686177334:925483),blockDrv.BD_Cycles,256,53
2023-06-07 15:35:34,(2(0)-1686177334:925523),systemResources.CPU_00,18949,39.39 percent
2023-06-07 15:35:34,(2(0)-1686177334:925540),systemResources.CPU_01,18950,19.19 percent
2023-06-07 15:35:34,(2(0)-1686177334:925554),systemResources.CPU_02,18951,42.57 percent
2023-06-07 15:35:34,(2(0)-1686177334:925569),systemResources.CPU_03,18952,18.18 percent
2023-06-07 15:35:34,(2(0)-1686177334:925570),systemResources.CPU,18948,29.84 percent
2023-06-07 15:35:34,(2(0)-1686177334:925577),systemResources.MEMORY_TOTAL,18944,3445608 KB
2023-06-07 15:35:34,(2(0)-1686177334:925578),systemResources.MEMORY_USED,18945,3153324 KB
2023-06-07 15:35:34,(2(0)-1686177334:925586),systemResources.FRAMEWORK_VERSION,18965,v3.2.0-27-ga17badf77
2023-06-07 15:35:34,(2(0)-1686177334:925587),systemResources.PROJECT_VERSION,18966,v3.2.0-27-ga17badf77
2023-06-07 15:35:35,(2(0)-1686177335:930339),rateGroup2.RgMaxTime,768,162 us
2023-06-07 15:35:35,(2(0)-1686177335:930346),systemResources.CPU_00,18949,40.40 percent
2023-06-07 15:35:35,(2(0)-1686177335:930421),systemResources.CPU_01,18950,14.85 percent
2023-06-07 15:35:35,(2(0)-1686177335:930523),systemResources.CPU_02,18951,40.40 percent
2023-06-07 15:35:35,(2(0)-1686177335:930579),systemResources.CPU_03,18952,15.00 percent
2023-06-07 15:35:35,(2(0)-1686177335:930582),systemResources.CPU,18948,27.66 percent
2023-06-07 15:35:35,(2(0)-1686177335:930609),systemResources.MEMORY_TOTAL,18944,3445336 KB
2023-06-07 15:35:35,(2(0)-1686177335:930611),systemResources.MEMORY_USED,18945,3145976 KB
2023-06-07 15:35:35,(2(0)-1686177335:930655),systemResources.FRAMEWORK_VERSION,18965,v3.2.0-27-ga17badf77
2023-06-07 15:35:35,(2(0)-1686177335:930660),systemResources.PROJECT_VERSION,18966,v3.2.0-27-ga17badf77
2023-06-07 15:35:36,(2(0)-1686177336:932377),blockDrv.BD_Cycles,256,55
2023-06-07 15:35:36,(2(0)-1686177336:932502),systemResources.CPU_00,18949,39.60 percent
2023-06-07 15:35:36,(2(0)-1686177336:932532),systemResources.CPU_01,18950,15.15 percent
2023-06-07 15:35:36,(2(0)-1686177336:932553),systemResources.CPU_02,18951,40.00 percent
2023-06-07 15:35:36,(2(0)-1686177336:932571),systemResources.CPU_03,18952,16.00 percent
2023-06-07 15:35:36,(2(0)-1686177336:932572),systemResources.CPU,18948,27.69 percent
2023-06-07 15:35:36,(2(0)-1686177336:932582),systemResources.MEMORY_TOTAL,18944,3445152 KB
2023-06-07 15:35:36,(2(0)-1686177336:932583),systemResources.MEMORY_USED,18945,3146184 KB
2023-06-07 15:35:36,(2(0)-1686177336:932598),systemResources.FRAMEWORK_VERSION,18965,v3.2.0-27-ga17badf77
2023-06-07 15:35:36,(2(0)-1686177336:932601),systemResources.PROJECT_VERSION,18966,v3.2.0-27-ga17badf77
2023-06-07 15:35:37,(2(0)-1686177337:937392),systemResources.CPU_00,18949,35.00 percent
2023-06-07 15:35:37,(2(0)-1686177337:937429),systemResources.CPU_01,18950,11.00 percent
2023-06-07 15:35:37,(2(0)-1686177337:937462),systemResources.CPU_02,18951,29.00 percent
2023-06-07 15:35:37,(2(0)-1686177337:937490),systemResources.CPU_03,18952,11.88 percent
2023-06-07 15:35:37,(2(0)-1686177337:937491),systemResources.CPU,18948,21.72 percent
2023-06-07 15:35:37,(2(0)-1686177337:937504),systemResources.MEMORY_TOTAL,18944,3445440 KB
2023-06-07 15:35:37,(2(0)-1686177337:937505),systemResources.MEMORY_USED,18945,3146568 KB
2023-06-07 15:35:37,(2(0)-1686177337:937526),systemResources.FRAMEWORK_VERSION,18965,v3.2.0-27-ga17badf77
2023-06-07 15:35:37,(2(0)-1686177337:937528),systemResources.PROJECT_VERSION,18966,v3.2.0-27-ga17badf77
2023-06-07 15:35:37,(2(0)-1686177337:937515),blockDrv.BD_Cycles,256,56
2023-06-07 15:35:39,(2(0)-1686177339:947596),blockDrv.BD_Cycles,256,58
2023-06-07 15:35:38,(2(0)-1686177338:942567),systemResources.CPU_00,18949,49.00 percent
2023-06-07 15:35:38,(2(0)-1686177338:942582),systemResources.CPU_01,18950,33.00 percent
2023-06-07 15:35:38,(2(0)-1686177338:942617),systemResources.CPU_02,18951,46.00 percent
2023-06-07 15:35:38,(2(0)-1686177338:942646),systemResources.CPU_03,18952,28.00 percent
2023-06-07 15:35:38,(2(0)-1686177338:942647),systemResources.CPU,18948,39.00 percent
2023-06-07 15:35:38,(2(0)-1686177338:942654),systemResources.MEMORY_TOTAL,18944,3445424 KB
2023-06-07 15:35:38,(2(0)-1686177338:942654),systemResources.MEMORY_USED,18945,3153696 KB
2023-06-07 15:35:38,(2(0)-1686177338:942665),systemResources.FRAMEWORK_VERSION,18965,v3.2.0-27-ga17badf77
2023-06-07 15:35:38,(2(0)-1686177338:942667),systemResources.PROJECT_VERSION,18966,v3.2.0-27-ga17badf77
2023-06-07 15:35:39,(2(0)-1686177339:947639),systemResources.CPU_00,18949,70.00 percent
2023-06-07 15:35:39,(2(0)-1686177339:947654),systemResources.CPU_01,18950,41.00 percent
2023-06-07 15:35:39,(2(0)-1686177339:947680),systemResources.CPU_02,18951,69.00 percent
2023-06-07 15:35:39,(2(0)-1686177339:947701),systemResources.CPU_03,18952,36.36 percent
2023-06-07 15:35:39,(2(0)-1686177339:947703),systemResources.CPU,18948,54.09 percent
2023-06-07 15:35:39,(2(0)-1686177339:947722),systemResources.MEMORY_TOTAL,18944,3445108 KB
2023-06-07 15:35:39,(2(0)-1686177339:947722),systemResources.MEMORY_USED,18945,3157756 KB
2023-06-07 15:35:39,(2(0)-1686177339:947733),systemResources.FRAMEWORK_VERSION,18965,v3.2.0-27-ga17badf77
2023-06-07 15:35:39,(2(0)-1686177339:947734),systemResources.PROJECT_VERSION,18966,v3.2.0-27-ga17badf77
2023-06-07 15:35:40,(2(0)-1686177340:951190),blockDrv.BD_Cycles,256,59
2023-06-07 15:35:40,(2(0)-1686177340:951068),systemResources.CPU_00,18949,43.43 percent
2023-06-07 15:35:40,(2(0)-1686177340:951089),systemResources.CPU_01,18950,24.00 percent
2023-06-07 15:35:40,(2(0)-1686177340:951102),systemResources.CPU_02,18951,48.00 percent
2023-06-07 15:35:40,(2(0)-1686177340:951116),systemResources.CPU_03,18952,21.78 percent
2023-06-07 15:35:40,(2(0)-1686177340:951117),systemResources.CPU,18948,34.30 percent
2023-06-07 15:35:40,(2(0)-1686177340:951125),systemResources.MEMORY_TOTAL,18944,3445692 KB
2023-06-07 15:35:40,(2(0)-1686177340:951126),systemResources.MEMORY_USED,18945,3148084 KB
2023-06-07 15:35:40,(2(0)-1686177340:951138),systemResources.FRAMEWORK_VERSION,18965,v3.2.0-27-ga17badf77
2023-06-07 15:35:40,(2(0)-1686177340:951140),systemResources.PROJECT_VERSION,18966,v3.2.0-27-ga17badf77
2023-06-07 15:35:41,(2(0)-1686177341:361042),mathSender.VAL1,3584,2.0
2023-06-07 15:35:41,(2(0)-1686177341:361045),mathSender.OP,3585,ADD
2023-06-07 15:35:41,(2(0)-1686177341:361045),mathSender.VAL2,3586,0.0
2023-06-07 15:35:41,(2(0)-1686177341:361078),cmdDisp.CommandsDispatched,1280,3
2023-06-07 15:35:41,(2(0)-1686177341:951560),systemResources.CPU_00,18949,44.00 percent
2023-06-07 15:35:41,(2(0)-1686177341:951591),systemResources.CPU_01,18950,22.22 percent
2023-06-07 15:35:41,(2(0)-1686177341:951618),systemResources.CPU_02,18951,44.00 percent
2023-06-07 15:35:41,(2(0)-1686177341:951644),systemResources.CPU_03,18952,18.18 percent
2023-06-07 15:35:41,(2(0)-1686177341:951645),systemResources.CPU,18948,32.10 percent
2023-06-07 15:35:41,(2(0)-1686177341:951690),systemResources.MEMORY_TOTAL,18944,3445240 KB
2023-06-07 15:35:41,(2(0)-1686177341:951692),systemResources.MEMORY_USED,18945,3141308 KB
2023-06-07 15:35:41,(2(0)-1686177341:951714),systemResources.FRAMEWORK_VERSION,18965,v3.2.0-27-ga17badf77
2023-06-07 15:35:41,(2(0)-1686177341:951716),systemResources.PROJECT_VERSION,18966,v3.2.0-27-ga17badf77
2023-06-07 15:35:42,(2(0)-1686177342:955296),blockDrv.BD_Cycles,256,61
2023-06-07 15:35:41,(2(0)-1686177341:951818),mathReceiver.OPERATION,9984,ADD
2023-06-07 15:35:41,(2(0)-1686177341:951842),mathSender.RESULT,3587,2.0
2023-06-07 15:35:42,(2(0)-1686177342:955363),systemResources.CPU_00,18949,43.43 percent
2023-06-07 15:35:42,(2(0)-1686177342:955388),systemResources.CPU_01,18950,20.79 percent
2023-06-07 15:35:42,(2(0)-1686177342:955413),systemResources.CPU_02,18951,39.39 percent
2023-06-07 15:35:42,(2(0)-1686177342:955433),systemResources.CPU_03,18952,14.14 percent
2023-06-07 15:35:42,(2(0)-1686177342:955434),systemResources.CPU,18948,29.44 percent
2023-06-07 15:35:42,(2(0)-1686177342:955445),systemResources.MEMORY_TOTAL,18944,3445080 KB
2023-06-07 15:35:42,(2(0)-1686177342:955446),systemResources.MEMORY_USED,18945,3142036 KB
2023-06-07 15:35:42,(2(0)-1686177342:955459),systemResources.FRAMEWORK_VERSION,18965,v3.2.0-27-ga17badf77
2023-06-07 15:35:42,(2(0)-1686177342:955461),systemResources.PROJECT_VERSION,18966,v3.2.0-27-ga17badf77
2023-06-07 15:35:43,(2(0)-1686177343:959772),rateGroup2.RgMaxTime,768,1327 us
2023-06-07 15:35:43,(2(0)-1686177343:958529),systemResources.CPU_00,18949,42.00 percent
2023-06-07 15:35:43,(2(0)-1686177343:958549),systemResources.CPU_01,18950,18.00 percent
2023-06-07 15:35:43,(2(0)-1686177343:958560),systemResources.CPU_02,18951,45.45 percent
2023-06-07 15:35:43,(2(0)-1686177343:958569),systemResources.CPU_03,18952,16.00 percent
2023-06-07 15:35:43,(2(0)-1686177343:958569),systemResources.CPU,18948,30.36 percent
2023-06-07 15:35:43,(2(0)-1686177343:958576),systemResources.MEMORY_TOTAL,18944,3445204 KB
2023-06-07 15:35:43,(2(0)-1686177343:958576),systemResources.MEMORY_USED,18945,3146372 KB
2023-06-07 15:35:43,(2(0)-1686177343:958588),systemResources.FRAMEWORK_VERSION,18965,v3.2.0-27-ga17badf77
2023-06-07 15:35:43,(2(0)-1686177343:958589),systemResources.PROJECT_VERSION,18966,v3.2.0-27-ga17badf77
2023-06-07 15:35:44,(2(0)-1686177344:963580),blockDrv.BD_Cycles,256,63
2023-06-07 15:35:44,(2(0)-1686177344:963637),systemResources.CPU_00,18949,60.00 percent
2023-06-07 15:35:44,(2(0)-1686177344:963658),systemResources.CPU_01,18950,34.34 percent
2023-06-07 15:35:44,(2(0)-1686177344:963685),systemResources.CPU_02,18951,63.37 percent
2023-06-07 15:35:44,(2(0)-1686177344:963701),systemResources.CPU_03,18952,32.00 percent
2023-06-07 15:35:44,(2(0)-1686177344:963702),systemResources.CPU,18948,47.43 percent
2023-06-07 15:35:44,(2(0)-1686177344:963710),systemResources.MEMORY_TOTAL,18944,3445352 KB
2023-06-07 15:35:44,(2(0)-1686177344:963710),systemResources.MEMORY_USED,18945,3144932 KB
2023-06-07 15:35:44,(2(0)-1686177344:963718),systemResources.FRAMEWORK_VERSION,18965,v3.2.0-27-ga17badf77
2023-06-07 15:35:44,(2(0)-1686177344:963719),systemResources.PROJECT_VERSION,18966,v3.2.0-27-ga17badf77
2023-06-07 15:35:45,(2(0)-1686177345:969480),systemResources.CPU_00,18949,65.35 percent
2023-06-07 15:35:45,(2(0)-1686177345:969498),systemResources.CPU_01,18950,15.00 percent
2023-06-07 15:35:45,(2(0)-1686177345:969512),systemResources.CPU_02,18951,46.00 percent
2023-06-07 15:35:45,(2(0)-1686177345:969528),systemResources.CPU_03,18952,15.00 percent
2023-06-07 15:35:45,(2(0)-1686177345:969529),systemResources.CPU,18948,35.34 percent
2023-06-07 15:35:45,(2(0)-1686177345:969538),systemResources.MEMORY_TOTAL,18944,3445660 KB
2023-06-07 15:35:45,(2(0)-1686177345:969539),systemResources.MEMORY_USED,18945,3149060 KB
2023-06-07 15:35:45,(2(0)-1686177345:969547),systemResources.FRAMEWORK_VERSION,18965,v3.2.0-27-ga17badf77
2023-06-07 15:35:45,(2(0)-1686177345:969548),systemResources.PROJECT_VERSION,18966,v3.2.0-27-ga17badf77
2023-06-07 15:35:46,(2(0)-1686177346:971369),blockDrv.BD_Cycles,256,65
2023-06-07 15:35:46,(2(0)-1686177346:971415),systemResources.CPU_00,18949,45.45 percent
2023-06-07 15:35:46,(2(0)-1686177346:971431),systemResources.CPU_01,18950,19.80 percent
2023-06-07 15:35:46,(2(0)-1686177346:971445),systemResources.CPU_02,18951,46.46 percent
2023-06-07 15:35:46,(2(0)-1686177346:971459),systemResources.CPU_03,18952,17.00 percent
2023-06-07 15:35:46,(2(0)-1686177346:971460),systemResources.CPU,18948,32.18 percent
2023-06-07 15:35:46,(2(0)-1686177346:971466),systemResources.MEMORY_TOTAL,18944,3444556 KB
2023-06-07 15:35:46,(2(0)-1686177346:971466),systemResources.MEMORY_USED,18945,3148588 KB
2023-06-07 15:35:46,(2(0)-1686177346:971477),systemResources.FRAMEWORK_VERSION,18965,v3.2.0-27-ga17badf77
2023-06-07 15:35:46,(2(0)-1686177346:971478),systemResources.PROJECT_VERSION,18966,v3.2.0-27-ga17badf77
2023-06-07 15:35:47,(2(0)-1686177347:976965),rateGroup2.RgMaxTime,768,2311 us
2023-06-07 15:35:47,(2(0)-1686177347:974734),systemResources.CPU_00,18949,62.00 percent
2023-06-07 15:35:47,(2(0)-1686177347:974754),systemResources.CPU_01,18950,20.20 percent
2023-06-07 15:35:47,(2(0)-1686177347:974772),systemResources.CPU_02,18951,52.00 percent
2023-06-07 15:35:47,(2(0)-1686177347:974783),systemResources.CPU_03,18952,21.21 percent
2023-06-07 15:35:47,(2(0)-1686177347:974784),systemResources.CPU,18948,38.85 percent
2023-06-07 15:35:47,(2(0)-1686177347:974790),systemResources.MEMORY_TOTAL,18944,3445348 KB
2023-06-07 15:35:47,(2(0)-1686177347:974791),systemResources.MEMORY_USED,18945,3145192 KB
2023-06-07 15:35:47,(2(0)-1686177347:974797),systemResources.FRAMEWORK_VERSION,18965,v3.2.0-27-ga17badf77
2023-06-07 15:35:47,(2(0)-1686177347:974798),systemResources.PROJECT_VERSION,18966,v3.2.0-27-ga17badf77
2023-06-07 15:35:48,(2(0)-1686177348:981680),blockDrv.BD_Cycles,256,67
2023-06-07 15:35:48,(2(0)-1686177348:981730),systemResources.CPU_00,18949,69.70 percent
2023-06-07 15:35:48,(2(0)-1686177348:981746),systemResources.CPU_01,18950,40.00 percent
2023-06-07 15:35:48,(2(0)-1686177348:981762),systemResources.CPU_02,18951,68.00 percent
2023-06-07 15:35:48,(2(0)-1686177348:981772),systemResources.CPU_03,18952,36.63 percent
2023-06-07 15:35:48,(2(0)-1686177348:981772),systemResources.CPU,18948,53.58 percent
2023-06-07 15:35:48,(2(0)-1686177348:981778),systemResources.MEMORY_TOTAL,18944,3445412 KB
2023-06-07 15:35:48,(2(0)-1686177348:981779),systemResources.MEMORY_USED,18945,3161912 KB
2023-06-07 15:35:48,(2(0)-1686177348:981789),systemResources.FRAMEWORK_VERSION,18965,v3.2.0-27-ga17badf77
2023-06-07 15:35:48,(2(0)-1686177348:981790),systemResources.PROJECT_VERSION,18966,v3.2.0-27-ga17badf77
2023-06-07 15:35:49,(2(0)-1686177349:991302),systemResources.CPU_00,18949,71.57 percent
2023-06-07 15:35:49,(2(0)-1686177349:991330),systemResources.CPU_01,18950,55.00 percent
2023-06-07 15:35:49,(2(0)-1686177349:991351),systemResources.CPU_02,18951,72.00 percent
2023-06-07 15:35:49,(2(0)-1686177349:991370),systemResources.CPU_03,18952,52.00 percent
2023-06-07 15:35:49,(2(0)-1686177349:991371),systemResources.CPU,18948,62.64 percent
2023-06-07 15:35:49,(2(0)-1686177349:991379),systemResources.MEMORY_TOTAL,18944,3445348 KB
2023-06-07 15:35:49,(2(0)-1686177349:991380),systemResources.MEMORY_USED,18945,3147396 KB
2023-06-07 15:35:49,(2(0)-1686177349:991388),systemResources.FRAMEWORK_VERSION,18965,v3.2.0-27-ga17badf77
2023-06-07 15:35:49,(2(0)-1686177349:991390),systemResources.PROJECT_VERSION,18966,v3.2.0-27-ga17badf77
2023-06-07 15:35:49,(2(0)-1686177349:994072),rateGroup3.RgMaxTime,1024,2836 us
2023-06-07 15:35:50,(2(0)-1686177350:997035),blockDrv.BD_Cycles,256,69
2023-06-07 15:35:51,(2(0)-1686177351:998878),blockDrv.BD_Cycles,256,70
2023-06-07 15:35:50,(2(0)-1686177350:997105),systemResources.CPU_00,18949,36.00 percent
2023-06-07 15:35:50,(2(0)-1686177350:997130),systemResources.CPU_01,18950,15.84 percent
2023-06-07 15:35:50,(2(0)-1686177350:997157),systemResources.CPU_02,18951,32.67 percent
2023-06-07 15:35:50,(2(0)-1686177350:997184),systemResources.CPU_03,18952,15.84 percent
2023-06-07 15:35:50,(2(0)-1686177350:997185),systemResources.CPU,18948,25.09 percent
2023-06-07 15:35:50,(2(0)-1686177350:997195),systemResources.MEMORY_TOTAL,18944,3445332 KB
2023-06-07 15:35:50,(2(0)-1686177350:997195),systemResources.MEMORY_USED,18945,3147988 KB
2023-06-07 15:35:50,(2(0)-1686177350:997211),systemResources.FRAMEWORK_VERSION,18965,v3.2.0-27-ga17badf77
2023-06-07 15:35:50,(2(0)-1686177350:997212),systemResources.PROJECT_VERSION,18966,v3.2.0-27-ga17badf77
2023-06-07 15:35:51,(2(0)-1686177351:998924),systemResources.CPU_00,18949,29.29 percent
2023-06-07 15:35:51,(2(0)-1686177351:998941),systemResources.CPU_01,18950,10.00 percent
2023-06-07 15:35:51,(2(0)-1686177351:998956),systemResources.CPU_02,18951,30.00 percent
2023-06-07 15:35:51,(2(0)-1686177351:998966),systemResources.CPU_03,18952,7.14 percent
2023-06-07 15:35:51,(2(0)-1686177351:998967),systemResources.CPU,18948,19.11 percent
2023-06-07 15:35:51,(2(0)-1686177351:998973),systemResources.MEMORY_TOTAL,18944,3445568 KB
2023-06-07 15:35:51,(2(0)-1686177351:998974),systemResources.MEMORY_USED,18945,3148332 KB
2023-06-07 15:35:51,(2(0)-1686177351:998981),systemResources.FRAMEWORK_VERSION,18965,v3.2.0-27-ga17badf77
2023-06-07 15:35:51,(2(0)-1686177351:998982),systemResources.PROJECT_VERSION,18966,v3.2.0-27-ga17badf77
2023-06-07 15:35:53,(2(0)-1686177353:1800),blockDrv.BD_Cycles,256,71
2023-06-07 15:35:53,(2(0)-1686177353:1192),systemResources.CPU_00,18949,29.00 percent
2023-06-07 15:35:53,(2(0)-1686177353:1215),systemResources.CPU_01,18950,8.08 percent
2023-06-07 15:35:53,(2(0)-1686177353:1236),systemResources.CPU_02,18951,23.23 percent
2023-06-07 15:35:53,(2(0)-1686177353:1255),systemResources.CPU_03,18952,6.93 percent
2023-06-07 15:35:53,(2(0)-1686177353:1256),systemResources.CPU,18948,16.81 percent
2023-06-07 15:35:53,(2(0)-1686177353:1264),systemResources.MEMORY_TOTAL,18944,3445600 KB
2023-06-07 15:35:53,(2(0)-1686177353:1265),systemResources.MEMORY_USED,18945,3146736 KB
2023-06-07 15:35:53,(2(0)-1686177353:1273),systemResources.FRAMEWORK_VERSION,18965,v3.2.0-27-ga17badf77
2023-06-07 15:35:53,(2(0)-1686177353:1274),systemResources.PROJECT_VERSION,18966,v3.2.0-27-ga17badf77
2023-06-07 15:35:54,(2(0)-1686177354:6107),rateGroup2.RgMaxTime,768,2473 us
2023-06-07 15:35:54,(2(0)-1686177354:3704),systemResources.CPU_00,18949,26.00 percent
2023-06-07 15:35:54,(2(0)-1686177354:3719),systemResources.CPU_01,18950,9.90 percent
2023-06-07 15:35:54,(2(0)-1686177354:3733),systemResources.CPU_02,18951,26.00 percent
2023-06-07 15:35:54,(2(0)-1686177354:3748),systemResources.CPU_03,18952,10.89 percent
2023-06-07 15:35:54,(2(0)-1686177354:3749),systemResources.CPU,18948,18.20 percent
2023-06-07 15:35:54,(2(0)-1686177354:3756),systemResources.MEMORY_TOTAL,18944,3445476 KB
2023-06-07 15:35:54,(2(0)-1686177354:3757),systemResources.MEMORY_USED,18945,3144128 KB
2023-06-07 15:35:54,(2(0)-1686177354:3768),systemResources.FRAMEWORK_VERSION,18965,v3.2.0-27-ga17badf77
2023-06-07 15:35:54,(2(0)-1686177354:3770),systemResources.PROJECT_VERSION,18966,v3.2.0-27-ga17badf77
2023-06-07 15:35:54,(2(0)-1686177354:6592),rateGroup3.RgMaxTime,1024,2959 us
2023-06-07 15:35:55,(2(0)-1686177355:7823),blockDrv.BD_Cycles,256,73
2023-06-07 15:35:56,(2(0)-1686177356:11521),blockDrv.BD_Cycles,256,74
2023-06-07 15:35:55,(2(0)-1686177355:7869),systemResources.CPU_00,18949,25.00 percent
2023-06-07 15:35:55,(2(0)-1686177355:7891),systemResources.CPU_01,18950,9.09 percent
2023-06-07 15:35:55,(2(0)-1686177355:7914),systemResources.CPU_02,18951,20.00 percent
2023-06-07 15:35:55,(2(0)-1686177355:7929),systemResources.CPU_03,18952,9.09 percent
2023-06-07 15:35:55,(2(0)-1686177355:7930),systemResources.CPU,18948,15.80 percent
2023-06-07 15:35:55,(2(0)-1686177355:7938),systemResources.MEMORY_TOTAL,18944,3445556 KB
2023-06-07 15:35:55,(2(0)-1686177355:7939),systemResources.MEMORY_USED,18945,3143696 KB
2023-06-07 15:35:55,(2(0)-1686177355:7947),systemResources.FRAMEWORK_VERSION,18965,v3.2.0-27-ga17badf77
2023-06-07 15:35:55,(2(0)-1686177355:7948),systemResources.PROJECT_VERSION,18966,v3.2.0-27-ga17badf77
2023-06-07 15:35:56,(2(0)-1686177356:11567),systemResources.CPU_00,18949,35.00 percent
2023-06-07 15:35:56,(2(0)-1686177356:11579),systemResources.CPU_01,18950,15.84 percent
2023-06-07 15:35:56,(2(0)-1686177356:11592),systemResources.CPU_02,18951,33.00 percent
2023-06-07 15:35:56,(2(0)-1686177356:11605),systemResources.CPU_03,18952,15.00 percent
2023-06-07 15:35:56,(2(0)-1686177356:11606),systemResources.CPU,18948,24.71 percent
2023-06-07 15:35:56,(2(0)-1686177356:11614),systemResources.MEMORY_TOTAL,18944,3444992 KB
2023-06-07 15:35:56,(2(0)-1686177356:11615),systemResources.MEMORY_USED,18945,3141372 KB
2023-06-07 15:35:56,(2(0)-1686177356:11623),systemResources.FRAMEWORK_VERSION,18965,v3.2.0-27-ga17badf77
2023-06-07 15:35:56,(2(0)-1686177356:11624),systemResources.PROJECT_VERSION,18966,v3.2.0-27-ga17badf77
2023-06-07 15:35:57,(2(0)-1686177357:15629),blockDrv.BD_Cycles,256,75
2023-06-07 15:35:57,(2(0)-1686177357:15677),systemResources.CPU_00,18949,38.00 percent
2023-06-07 15:35:57,(2(0)-1686177357:15697),systemResources.CPU_01,18950,14.00 percent
2023-06-07 15:35:57,(2(0)-1686177357:15708),systemResources.CPU_02,18951,36.00 percent
2023-06-07 15:35:57,(2(0)-1686177357:15719),systemResources.CPU_03,18952,10.00 percent
2023-06-07 15:35:57,(2(0)-1686177357:15720),systemResources.CPU,18948,24.50 percent
2023-06-07 15:35:57,(2(0)-1686177357:15726),systemResources.MEMORY_TOTAL,18944,3445168 KB
2023-06-07 15:35:57,(2(0)-1686177357:15726),systemResources.MEMORY_USED,18945,3140864 KB
2023-06-07 15:35:57,(2(0)-1686177357:15736),systemResources.FRAMEWORK_VERSION,18965,v3.2.0-27-ga17badf77
2023-06-07 15:35:57,(2(0)-1686177357:15737),systemResources.PROJECT_VERSION,18966,v3.2.0-27-ga17badf77
2023-06-07 15:35:58,(2(0)-1686177358:20233),systemResources.CPU_00,18949,34.34 percent
2023-06-07 15:35:58,(2(0)-1686177358:20267),systemResources.CPU_01,18950,10.10 percent
2023-06-07 15:35:58,(2(0)-1686177358:20284),systemResources.CPU_02,18951,31.31 percent
2023-06-07 15:35:58,(2(0)-1686177358:20298),systemResources.CPU_03,18952,11.00 percent
2023-06-07 15:35:58,(2(0)-1686177358:20299),systemResources.CPU,18948,21.69 percent
2023-06-07 15:35:58,(2(0)-1686177358:20320),systemResources.MEMORY_TOTAL,18944,3445248 KB
2023-06-07 15:35:58,(2(0)-1686177358:20321),systemResources.MEMORY_USED,18945,3140992 KB
2023-06-07 15:35:58,(2(0)-1686177358:20334),systemResources.FRAMEWORK_VERSION,18965,v3.2.0-27-ga17badf77
2023-06-07 15:35:58,(2(0)-1686177358:20336),systemResources.PROJECT_VERSION,18966,v3.2.0-27-ga17badf77
2023-06-07 15:35:59,(2(0)-1686177359:22947),blockDrv.BD_Cycles,256,77
2023-06-07 15:36:00,(2(0)-1686177360:31760),blockDrv.BD_Cycles,256,78
2023-06-07 15:35:59,(2(0)-1686177359:22993),systemResources.CPU_00,18949,23.76 percent
2023-06-07 15:35:59,(2(0)-1686177359:23017),systemResources.CPU_01,18950,6.00 percent
2023-06-07 15:35:59,(2(0)-1686177359:23054),systemResources.CPU_02,18951,19.80 percent
2023-06-07 15:35:59,(2(0)-1686177359:23072),systemResources.CPU_03,18952,5.05 percent
2023-06-07 15:35:59,(2(0)-1686177359:23072),systemResources.CPU,18948,13.65 percent
2023-06-07 15:35:59,(2(0)-1686177359:23089),systemResources.MEMORY_TOTAL,18944,3445248 KB
2023-06-07 15:35:59,(2(0)-1686177359:23090),systemResources.MEMORY_USED,18945,3139204 KB
2023-06-07 15:35:59,(2(0)-1686177359:23101),systemResources.FRAMEWORK_VERSION,18965,v3.2.0-27-ga17badf77
2023-06-07 15:35:59,(2(0)-1686177359:23102),systemResources.PROJECT_VERSION,18966,v3.2.0-27-ga17badf77
2023-06-07 15:36:00,(2(0)-1686177360:31809),systemResources.CPU_00,18949,51.00 percent
2023-06-07 15:36:00,(2(0)-1686177360:31827),systemResources.CPU_01,18950,37.62 percent
2023-06-07 15:36:00,(2(0)-1686177360:31843),systemResources.CPU_02,18951,47.47 percent
2023-06-07 15:36:00,(2(0)-1686177360:31865),systemResources.CPU_03,18952,35.64 percent
2023-06-07 15:36:00,(2(0)-1686177360:31866),systemResources.CPU,18948,42.94 percent
2023-06-07 15:36:00,(2(0)-1686177360:31876),systemResources.MEMORY_TOTAL,18944,3445476 KB
2023-06-07 15:36:00,(2(0)-1686177360:31876),systemResources.MEMORY_USED,18945,3141812 KB
2023-06-07 15:36:00,(2(0)-1686177360:31887),systemResources.FRAMEWORK_VERSION,18965,v3.2.0-27-ga17badf77
2023-06-07 15:36:00,(2(0)-1686177360:31889),systemResources.PROJECT_VERSION,18966,v3.2.0-27-ga17badf77
2023-06-07 15:36:01,(2(0)-1686177361:34787),blockDrv.BD_Cycles,256,79
2023-06-07 15:36:01,(2(0)-1686177361:34842),systemResources.CPU_00,18949,47.00 percent
2023-06-07 15:36:01,(2(0)-1686177361:34860),systemResources.CPU_01,18950,38.38 percent
2023-06-07 15:36:01,(2(0)-1686177361:34882),systemResources.CPU_02,18951,51.00 percent
2023-06-07 15:36:01,(2(0)-1686177361:34897),systemResources.CPU_03,18952,28.00 percent
2023-06-07 15:36:01,(2(0)-1686177361:34897),systemResources.CPU,18948,41.10 percent
2023-06-07 15:36:01,(2(0)-1686177361:34905),systemResources.MEMORY_TOTAL,18944,3445368 KB
2023-06-07 15:36:01,(2(0)-1686177361:34905),systemResources.MEMORY_USED,18945,3142056 KB
2023-06-07 15:36:01,(2(0)-1686177361:34919),systemResources.FRAMEWORK_VERSION,18965,v3.2.0-27-ga17badf77
2023-06-07 15:36:01,(2(0)-1686177361:34920),systemResources.PROJECT_VERSION,18966,v3.2.0-27-ga17badf77
2023-06-07 15:36:02,(2(0)-1686177362:37812),systemResources.CPU_00,18949,45.45 percent
2023-06-07 15:36:02,(2(0)-1686177362:37828),systemResources.CPU_01,18950,25.74 percent
2023-06-07 15:36:02,(2(0)-1686177362:37851),systemResources.CPU_02,18951,43.00 percent
2023-06-07 15:36:02,(2(0)-1686177362:37868),systemResources.CPU_03,18952,23.23 percent
2023-06-07 15:36:02,(2(0)-1686177362:37869),systemResources.CPU,18948,34.36 percent
2023-06-07 15:36:02,(2(0)-1686177362:37877),systemResources.MEMORY_TOTAL,18944,3444972 KB
2023-06-07 15:36:02,(2(0)-1686177362:37878),systemResources.MEMORY_USED,18945,3149524 KB
2023-06-07 15:36:02,(2(0)-1686177362:37887),systemResources.FRAMEWORK_VERSION,18965,v3.2.0-27-ga17badf77
2023-06-07 15:36:02,(2(0)-1686177362:37888),systemResources.PROJECT_VERSION,18966,v3.2.0-27-ga17badf77
2023-06-07 15:36:03,(2(0)-1686177363:38983),blockDrv.BD_Cycles,256,81
2023-06-07 15:36:03,(2(0)-1686177363:39068),systemResources.CPU_00,18949,27.27 percent
2023-06-07 15:36:03,(2(0)-1686177363:39103),systemResources.CPU_01,18950,8.08 percent
2023-06-07 15:36:03,(2(0)-1686177363:39129),systemResources.CPU_02,18951,24.00 percent
2023-06-07 15:36:03,(2(0)-1686177363:39151),systemResources.CPU_03,18952,7.92 percent
2023-06-07 15:36:03,(2(0)-1686177363:39152),systemResources.CPU,18948,16.82 percent
2023-06-07 15:36:03,(2(0)-1686177363:39164),systemResources.MEMORY_TOTAL,18944,3445404 KB
2023-06-07 15:36:03,(2(0)-1686177363:39165),systemResources.MEMORY_USED,18945,3142988 KB
2023-06-07 15:36:03,(2(0)-1686177363:39231),systemResources.FRAMEWORK_VERSION,18965,v3.2.0-27-ga17badf77
2023-06-07 15:36:03,(2(0)-1686177363:39234),systemResources.PROJECT_VERSION,18966,v3.2.0-27-ga17badf77
2023-06-07 15:36:04,(2(0)-1686177364:41167),systemResources.CPU_00,18949,29.70 percent
2023-06-07 15:36:04,(2(0)-1686177364:41183),systemResources.CPU_01,18950,11.00 percent
2023-06-07 15:36:04,(2(0)-1686177364:41216),systemResources.CPU_02,18951,25.25 percent
2023-06-07 15:36:04,(2(0)-1686177364:41238),systemResources.CPU_03,18952,8.08 percent
2023-06-07 15:36:04,(2(0)-1686177364:41239),systemResources.CPU,18948,18.51 percent
2023-06-07 15:36:04,(2(0)-1686177364:41246),systemResources.MEMORY_TOTAL,18944,3445076 KB
2023-06-07 15:36:04,(2(0)-1686177364:41247),systemResources.MEMORY_USED,18945,3145624 KB
2023-06-07 15:36:04,(2(0)-1686177364:41255),systemResources.FRAMEWORK_VERSION,18965,v3.2.0-27-ga17badf77
2023-06-07 15:36:04,(2(0)-1686177364:41257),systemResources.PROJECT_VERSION,18966,v3.2.0-27-ga17badf77
2023-06-07 15:36:04,(2(0)-1686177364:41386),blockDrv.BD_Cycles,256,82
2023-06-07 15:36:06,(2(0)-1686177366:43751),blockDrv.BD_Cycles,256,84
2023-06-07 15:36:05,(2(0)-1686177365:42460),systemResources.CPU_00,18949,36.36 percent
2023-06-07 15:36:05,(2(0)-1686177365:42486),systemResources.CPU_01,18950,13.00 percent
2023-06-07 15:36:05,(2(0)-1686177365:42505),systemResources.CPU_02,18951,28.28 percent
2023-06-07 15:36:05,(2(0)-1686177365:42521),systemResources.CPU_03,18952,13.13 percent
2023-06-07 15:36:05,(2(0)-1686177365:42522),systemResources.CPU,18948,22.69 percent
2023-06-07 15:36:05,(2(0)-1686177365:42530),systemResources.MEMORY_TOTAL,18944,3445720 KB
2023-06-07 15:36:05,(2(0)-1686177365:42530),systemResources.MEMORY_USED,18945,3141948 KB
2023-06-07 15:36:05,(2(0)-1686177365:42538),systemResources.FRAMEWORK_VERSION,18965,v3.2.0-27-ga17badf77
2023-06-07 15:36:05,(2(0)-1686177365:42539),systemResources.PROJECT_VERSION,18966,v3.2.0-27-ga17badf77
2023-06-07 15:36:06,(2(0)-1686177366:43800),systemResources.CPU_00,18949,34.00 percent
2023-06-07 15:36:06,(2(0)-1686177366:43817),systemResources.CPU_01,18950,11.11 percent
2023-06-07 15:36:06,(2(0)-1686177366:43831),systemResources.CPU_02,18951,28.00 percent
2023-06-07 15:36:06,(2(0)-1686177366:43845),systemResources.CPU_03,18952,11.00 percent
2023-06-07 15:36:06,(2(0)-1686177366:43846),systemResources.CPU,18948,21.03 percent
2023-06-07 15:36:06,(2(0)-1686177366:43853),systemResources.MEMORY_TOTAL,18944,3445572 KB
2023-06-07 15:36:06,(2(0)-1686177366:43854),systemResources.MEMORY_USED,18945,3140008 KB
2023-06-07 15:36:06,(2(0)-1686177366:43862),systemResources.FRAMEWORK_VERSION,18965,v3.2.0-27-ga17badf77
2023-06-07 15:36:06,(2(0)-1686177366:43863),systemResources.PROJECT_VERSION,18966,v3.2.0-27-ga17badf77
2023-06-07 15:36:07,(2(0)-1686177367:45593),blockDrv.BD_Cycles,256,85
2023-06-07 15:36:07,(2(0)-1686177367:45665),systemResources.CPU_00,18949,33.33 percent
2023-06-07 15:36:07,(2(0)-1686177367:45729),systemResources.CPU_01,18950,13.00 percent
2023-06-07 15:36:07,(2(0)-1686177367:45770),systemResources.CPU_02,18951,30.00 percent
2023-06-07 15:36:07,(2(0)-1686177367:45793),systemResources.CPU_03,18952,15.00 percent
2023-06-07 15:36:07,(2(0)-1686177367:45794),systemResources.CPU,18948,22.83 percent
2023-06-07 15:36:07,(2(0)-1686177367:45807),systemResources.MEMORY_TOTAL,18944,3445528 KB
2023-06-07 15:36:07,(2(0)-1686177367:45809),systemResources.MEMORY_USED,18945,3140156 KB
2023-06-07 15:36:07,(2(0)-1686177367:45832),systemResources.FRAMEWORK_VERSION,18965,v3.2.0-27-ga17badf77
2023-06-07 15:36:07,(2(0)-1686177367:45835),systemResources.PROJECT_VERSION,18966,v3.2.0-27-ga17badf77
2023-06-07 15:36:08,(2(0)-1686177368:48099),systemResources.CPU_00,18949,39.39 percent
2023-06-07 15:36:08,(2(0)-1686177368:48116),systemResources.CPU_01,18950,11.11 percent
2023-06-07 15:36:08,(2(0)-1686177368:48130),systemResources.CPU_02,18951,38.38 percent
2023-06-07 15:36:08,(2(0)-1686177368:48145),systemResources.CPU_03,18952,13.00 percent
2023-06-07 15:36:08,(2(0)-1686177368:48146),systemResources.CPU,18948,25.47 percent
2023-06-07 15:36:08,(2(0)-1686177368:48154),systemResources.MEMORY_TOTAL,18944,3445152 KB
2023-06-07 15:36:08,(2(0)-1686177368:48155),systemResources.MEMORY_USED,18945,3140596 KB
2023-06-07 15:36:08,(2(0)-1686177368:48162),systemResources.FRAMEWORK_VERSION,18965,v3.2.0-27-ga17badf77
2023-06-07 15:36:08,(2(0)-1686177368:48163),systemResources.PROJECT_VERSION,18966,v3.2.0-27-ga17badf77
2023-06-07 15:36:09,(2(0)-1686177369:50706),blockDrv.BD_Cycles,256,87
