Hit Ctrl-C to quit
EVENT: (1280) (2:1686177281,785249) DIAGNOSTIC: (cmdDisp) OpCodeRegistered : Opcode 0x500 registered to port 0 slot 0
EVENT: (1280) (2:1686177281,785296) DIAGNOSTIC: (cmdDisp) OpCodeRegistered : Opcode 0x501 registered to port 0 slot 1
EVENT: (1280) (2:1686177281,785320) DIAGNOSTIC: (cmdDisp) OpCodeRegistered : Opcode 0x502 registered to port 0 slot 2
EVENT: (1280) (2:1686177281,785327) DIAGNOSTIC: (cmdDisp) OpCodeRegistered : Opcode 0x503 registered to port 0 slot 3
EVENT: (1280) (2:1686177281,785334) DIAGNOSTIC: (cmdDisp) OpCodeRegistered : Opcode 0x600 registered to port 1 slot 4
EVENT: (1280) (2:1686177281,785340) DIAGNOSTIC: (cmdDisp) OpCodeRegistered : Opcode 0x601 registered to port 1 slot 5
EVENT: (1280) (2:1686177281,785346) DIAGNOSTIC: (cmdDisp) OpCodeRegistered : Opcode 0x602 registered to port 1 slot 6
EVENT: (1280) (2:1686177281,785353) DIAGNOSTIC: (cmdDisp) OpCodeRegistered : Opcode 0x603 registered to port 1 slot 7
EVENT: (1280) (2:1686177281,785359) DIAGNOSTIC: (cmdDisp) OpCodeRegistered : Opcode 0x604 registered to port 1 slot 8
EVENT: (1280) (2:1686177281,785365) DIAGNOSTIC: (cmdDisp) OpCodeRegistered : Opcode 0x605 registered to port 1 slot 9
EVENT: (1280) (2:1686177281,785371) DIAGNOSTIC: (cmdDisp) OpCodeRegistered : Opcode 0x606 registered to port 1 slot 10
EVENT: (1280) (2:1686177281,785377) DIAGNOSTIC: (cmdDisp) OpCodeRegistered : Opcode 0x607 registered to port 1 slot 11
EVENT: (1280) (2:1686177281,785384) DIAGNOSTIC: (cmdDisp) OpCodeRegistered : Opcode 0xb00 registered to port 2 slot 12
EVENT: (1280) (2:1686177281,785390) DIAGNOSTIC: (cmdDisp) OpCodeRegistered : Opcode 0xb02 registered to port 2 slot 13
EVENT: (1280) (2:1686177281,785396) DIAGNOSTIC: (cmdDisp) OpCodeRegistered : Opcode 0xb03 registered to port 2 slot 14
EVENT: (1280) (2:1686177281,785402) DIAGNOSTIC: (cmdDisp) OpCodeRegistered : Opcode 0x700 registered to port 3 slot 15
EVENT: (1280) (2:1686177281,785408) DIAGNOSTIC: (cmdDisp) OpCodeRegistered : Opcode 0x701 registered to port 3 slot 16
EVENT: (1280) (2:1686177281,785414) DIAGNOSTIC: (cmdDisp) OpCodeRegistered : Opcode 0x702 registered to port 3 slot 17
EVENT: (1280) (2:1686177281,785421) DIAGNOSTIC: (cmdDisp) OpCodeRegistered : Opcode 0x800 registered to port 4 slot 18
EVENT: (1280) (2:1686177281,785427) DIAGNOSTIC: (cmdDisp) OpCodeRegistered : Opcode 0x801 registered to port 4 slot 19
EVENT: (1280) (2:1686177281,785433) DIAGNOSTIC: (cmdDisp) OpCodeRegistered : Opcode 0x802 registered to port 4 slot 20
EVENT: (1280) (2:1686177281,785439) DIAGNOSTIC: (cmdDisp) OpCodeRegistered : Opcode 0x803 registered to port 4 slot 21
EVENT: (1280) (2:1686177281,785445) DIAGNOSTIC: (cmdDisp) OpCodeRegistered : Opcode 0x804 registered to port 4 slot 22
EVENT: (1280) (2:1686177281,785451) DIAGNOSTIC: (cmdDisp) OpCodeRegistered : Opcode 0x805 registered to port 4 slot 23
EVENT: (1280) (2:1686177281,785457) DIAGNOSTIC: (cmdDisp) OpCodeRegistered : Opcode 0x806 registered to port 4 slot 24
EVENT: (1280) (2:1686177281,785464) DIAGNOSTIC: (cmdDisp) OpCodeRegistered : Opcode 0x2000 registered to port 5 slot 25
EVENT: (1280) (2:1686177281,785470) DIAGNOSTIC: (cmdDisp) OpCodeRegistered : Opcode 0x2001 registered to port 5 slot 26
EVENT: (1280) (2:1686177281,785476) DIAGNOSTIC: (cmdDisp) OpCodeRegistered : Opcode 0x2002 registered to port 5 slot 27
EVENT: (1280) (2:1686177281,785482) DIAGNOSTIC: (cmdDisp) OpCodeRegistered : Opcode 0x2700 registered to port 6 slot 28
EVENT: (1280) (2:1686177281,785489) DIAGNOSTIC: (cmdDisp) OpCodeRegistered : Opcode 0x270a registered to port 6 slot 29
EVENT: (1280) (2:1686177281,785495) DIAGNOSTIC: (cmdDisp) OpCodeRegistered : Opcode 0x270b registered to port 6 slot 30
EVENT: (1280) (2:1686177281,785501) DIAGNOSTIC: (cmdDisp) OpCodeRegistered : Opcode 0xe00 registered to port 7 slot 31
EVENT: (1280) (2:1686177281,785508) DIAGNOSTIC: (cmdDisp) OpCodeRegistered : Opcode 0xd00 registered to port 8 slot 32
EVENT: (1280) (2:1686177281,785514) DIAGNOSTIC: (cmdDisp) OpCodeRegistered : Opcode 0x4a00 registered to port 9 slot 33
EVENT: (1280) (2:1686177281,785520) DIAGNOSTIC: (cmdDisp) OpCodeRegistered : Opcode 0x4a01 registered to port 9 slot 34
EVENT: (3334) (2:1686177281,785554) WARNING_HI: (prmDb) PrmFileReadError : Parameter file read failed in stage OPEN (0) with record 0 and error 1
EVENT: (3328) (2:1686177281,785580) WARNING_LO: (prmDb) PrmIdNotFound : Parameter ID 0x2700 not found
[WARNING] High task priority of 140 being clamped to 47
[WARNING] High task priority of 101 being clamped to 47
[WARNING] High task priority of 100 being clamped to 47
[WARNING] High task priority of 98 being clamped to 47
[WARNING] High task priority of 100 being clamped to 47
[WARNING] High task priority of 100 being clamped to 47
[ERROR] Failed to send framed data: 2
[ERROR] Failed to send framed data: 2
[WARNING] High task priority of 100 being clamped to 47
[WARNING] High task priority of 100 being clamped to 47
[WARNING] High task priority of 96 being clamped to 47
[WARNING] High task priority of 120 being clamped to 47
[WARNING] High task priority of 119 being clamped to 47
EVENT: (512) (2:1686177281,785901) DIAGNOSTIC: (rateGroup1) RateGroupStarted : Rate group started.
[WARNING] High task priority of 118 being clamped to 47
EVENT: (768) (2:1686177281,785942) DIAGNOSTIC: (rateGroup2) RateGroupStarted : Rate group started.
EVENT: (1024) (2:1686177281,786035) DIAGNOSTIC: (rateGroup3) RateGroupStarted : Rate group started.
[WARNING] High task priority of 97 being clamped to 47
[WARNING] High task priority of 100 being clamped to 47
Connected to 0.0.0.0:50000 as a tcp client
EVENT: (1281) (2:1686177305,842389) COMMAND: (cmdDisp) OpCodeDispatched : Opcode 0xe00 dispatched to port 7
EVENT: (3584) (2:1686177305,842403) ACTIVITY_LO: (mathSender) COMMAND_RECV : Math command received: 2.000000 DIV (3) 0.000000
EVENT: (1282) (2:1686177305,842500) COMMAND: (cmdDisp) OpCodeCompleted : Opcode 0xe00 completed
EVENT: (9987) (2:1686177305,851302) ACTIVITY_HI: (mathReceiver) DIVIDE_BY_ZERO : ERROR: Received zero as denominator. Opperands dropped.
EVENT: (9985) (2:1686177305,851357) ACTIVITY_HI: (mathReceiver) OPERATION_PERFORMED : DIV (3) operation performed
EVENT: (3585) (2:1686177305,851405) ACTIVITY_HI: (mathSender) RESULT : Math result is 0.000000
EVENT: (1281) (2:1686177325,460350) COMMAND: (cmdDisp) OpCodeDispatched : Opcode 0xe00 dispatched to port 7
EVENT: (3584) (2:1686177325,460361) ACTIVITY_LO: (mathSender) COMMAND_RECV : Math command received: 2.000000 DIV (3) 1.000000
EVENT: (1282) (2:1686177325,460436) COMMAND: (cmdDisp) OpCodeCompleted : Opcode 0xe00 completed
EVENT: (9985) (2:1686177325,907912) ACTIVITY_HI: (mathReceiver) OPERATION_PERFORMED : DIV (3) operation performed
EVENT: (3585) (2:1686177325,908085) ACTIVITY_HI: (mathSender) RESULT : Math result is 2.000000
EVENT: (1281) (2:1686177341,361034) COMMAND: (cmdDisp) OpCodeDispatched : Opcode 0xe00 dispatched to port 7
EVENT: (3584) (2:1686177341,361046) ACTIVITY_LO: (mathSender) COMMAND_RECV : Math command received: 2.000000 ADD (0) 0.000000
EVENT: (1282) (2:1686177341,361118) COMMAND: (cmdDisp) OpCodeCompleted : Opcode 0xe00 completed
EVENT: (9985) (2:1686177341,951723) ACTIVITY_HI: (mathReceiver) OPERATION_PERFORMED : ADD (0) operation performed
EVENT: (3585) (2:1686177341,951844) ACTIVITY_HI: (mathSender) RESULT : Math result is 2.000000
[WARNING] Failed to recv from port with status -8 and errno 0
Exiting...
