2023-06-07 10:26:48,(2(0)-1686158808:674296),blockDrv.BD_Cycles,256,2
2023-06-07 10:26:47,(2(0)-1686158807:673010),systemResources.CPU_00,18949,66.00 percent
2023-06-07 10:26:47,(2(0)-1686158807:673043),systemResources.CPU_01,18950,18.00 percent
2023-06-07 10:26:47,(2(0)-1686158807:673088),systemResources.CPU_02,18951,48.48 percent
2023-06-07 10:26:47,(2(0)-1686158807:673109),systemResources.CPU_03,18952,14.00 percent
2023-06-07 10:26:47,(2(0)-1686158807:673110),systemResources.CPU,18948,36.62 percent
2023-06-07 10:26:47,(2(0)-1686158807:673118),systemResources.MEMORY_TOTAL,18944,3500676 KB
2023-06-07 10:26:47,(2(0)-1686158807:673119),systemResources.MEMORY_USED,18945,3185500 KB
2023-06-07 10:26:47,(2(0)-1686158807:673130),systemResources.FRAMEWORK_VERSION,18965,v3.2.0-27-ga17badf77
2023-06-07 10:26:47,(2(0)-1686158807:673132),systemResources.PROJECT_VERSION,18966,v3.2.0-27-ga17badf77
2023-06-07 10:26:47,(2(0)-1686158807:673135),rateGroup1.RgMaxTime,512,239 us
2023-06-07 10:26:48,(2(0)-1686158808:674347),systemResources.CPU_00,18949,42.00 percent
2023-06-07 10:26:48,(2(0)-1686158808:674370),systemResources.CPU_01,18950,4.04 percent
2023-06-07 10:26:48,(2(0)-1686158808:674398),systemResources.CPU_02,18951,22.77 percent
2023-06-07 10:26:48,(2(0)-1686158808:674418),systemResources.CPU_03,18952,5.05 percent
2023-06-07 10:26:48,(2(0)-1686158808:674420),systemResources.CPU,18948,18.47 percent
2023-06-07 10:26:48,(2(0)-1686158808:674432),systemResources.MEMORY_TOTAL,18944,3500324 KB
2023-06-07 10:26:48,(2(0)-1686158808:674433),systemResources.MEMORY_USED,18945,3199932 KB
2023-06-07 10:26:48,(2(0)-1686158808:674444),systemResources.FRAMEWORK_VERSION,18965,v3.2.0-27-ga17badf77
2023-06-07 10:26:48,(2(0)-1686158808:674445),systemResources.PROJECT_VERSION,18966,v3.2.0-27-ga17badf77
2023-06-07 10:26:49,(2(0)-1686158809:677366),blockDrv.BD_Cycles,256,3
2023-06-07 10:26:49,(2(0)-1686158809:677430),systemResources.CPU_00,18949,38.00 percent
2023-06-07 10:26:49,(2(0)-1686158809:677444),systemResources.CPU_01,18950,19.00 percent
2023-06-07 10:26:49,(2(0)-1686158809:677457),systemResources.CPU_02,18951,36.00 percent
2023-06-07 10:26:49,(2(0)-1686158809:677485),systemResources.CPU_03,18952,18.00 percent
2023-06-07 10:26:49,(2(0)-1686158809:677486),systemResources.CPU,18948,27.75 percent
2023-06-07 10:26:49,(2(0)-1686158809:677495),systemResources.MEMORY_TOTAL,18944,3501012 KB
2023-06-07 10:26:49,(2(0)-1686158809:677496),systemResources.MEMORY_USED,18945,3100916 KB
2023-06-07 10:26:49,(2(0)-1686158809:677507),systemResources.FRAMEWORK_VERSION,18965,v3.2.0-27-ga17badf77
2023-06-07 10:26:49,(2(0)-1686158809:677509),systemResources.PROJECT_VERSION,18966,v3.2.0-27-ga17badf77
2023-06-07 10:26:50,(2(0)-1686158810:678352),systemResources.CPU_00,18949,97.00 percent
2023-06-07 10:26:50,(2(0)-1686158810:678382),systemResources.CPU_01,18950,70.00 percent
2023-06-07 10:26:50,(2(0)-1686158810:678431),rateGroup2.RgMaxTime,768,164 us
2023-06-07 10:26:50,(2(0)-1686158810:678405),systemResources.CPU_02,18951,96.97 percent
2023-06-07 10:26:50,(2(0)-1686158810:678424),systemResources.CPU_03,18952,65.66 percent
2023-06-07 10:26:50,(2(0)-1686158810:678425),systemResources.CPU,18948,82.41 percent
2023-06-07 10:26:50,(2(0)-1686158810:678433),systemResources.MEMORY_TOTAL,18944,3500628 KB
2023-06-07 10:26:50,(2(0)-1686158810:678434),systemResources.MEMORY_USED,18945,2957636 KB
2023-06-07 10:26:50,(2(0)-1686158810:678446),systemResources.FRAMEWORK_VERSION,18965,v3.2.0-27-ga17badf77
2023-06-07 10:26:50,(2(0)-1686158810:678448),systemResources.PROJECT_VERSION,18966,v3.2.0-27-ga17badf77
2023-06-07 10:26:50,(2(0)-1686158810:678501),rateGroup3.RgMaxTime,1024,234 us
2023-06-07 10:26:51,(2(0)-1686158811:681355),blockDrv.BD_Cycles,256,5
2023-06-07 10:26:52,(2(0)-1686158812:682752),blockDrv.BD_Cycles,256,6
2023-06-07 10:26:51,(2(0)-1686158811:681423),systemResources.CPU_00,18949,87.00 percent
2023-06-07 10:26:51,(2(0)-1686158811:681451),systemResources.CPU_01,18950,52.00 percent
2023-06-07 10:26:51,(2(0)-1686158811:681470),systemResources.CPU_02,18951,87.00 percent
2023-06-07 10:26:51,(2(0)-1686158811:681486),systemResources.CPU_03,18952,50.00 percent
2023-06-07 10:26:51,(2(0)-1686158811:681487),systemResources.CPU,18948,69.00 percent
2023-06-07 10:26:51,(2(0)-1686158811:681495),systemResources.MEMORY_TOTAL,18944,3501012 KB
2023-06-07 10:26:51,(2(0)-1686158811:681496),systemResources.MEMORY_USED,18945,3008752 KB
2023-06-07 10:26:51,(2(0)-1686158811:681504),systemResources.FRAMEWORK_VERSION,18965,v3.2.0-27-ga17badf77
2023-06-07 10:26:51,(2(0)-1686158811:681505),systemResources.PROJECT_VERSION,18966,v3.2.0-27-ga17badf77
2023-06-07 10:26:52,(2(0)-1686158812:682832),systemResources.CPU_00,18949,61.62 percent
2023-06-07 10:26:52,(2(0)-1686158812:682853),systemResources.CPU_01,18950,20.20 percent
2023-06-07 10:26:52,(2(0)-1686158812:682869),systemResources.CPU_02,18951,57.14 percent
2023-06-07 10:26:52,(2(0)-1686158812:682884),systemResources.CPU_03,18952,19.19 percent
2023-06-07 10:26:52,(2(0)-1686158812:682886),systemResources.CPU,18948,39.54 percent
2023-06-07 10:26:52,(2(0)-1686158812:682894),systemResources.MEMORY_TOTAL,18944,3501020 KB
2023-06-07 10:26:52,(2(0)-1686158812:682894),systemResources.MEMORY_USED,18945,3019124 KB
2023-06-07 10:26:52,(2(0)-1686158812:682903),systemResources.FRAMEWORK_VERSION,18965,v3.2.0-27-ga17badf77
2023-06-07 10:26:52,(2(0)-1686158812:682905),systemResources.PROJECT_VERSION,18966,v3.2.0-27-ga17badf77
2023-06-07 10:26:53,(2(0)-1686158813:688609),blockDrv.BD_Cycles,256,7
2023-06-07 10:26:53,(2(0)-1686158813:688668),systemResources.CPU_00,18949,75.00 percent
2023-06-07 10:26:53,(2(0)-1686158813:688688),systemResources.CPU_01,18950,44.55 percent
2023-06-07 10:26:53,(2(0)-1686158813:688704),systemResources.CPU_02,18951,73.27 percent
2023-06-07 10:26:53,(2(0)-1686158813:688719),systemResources.CPU_03,18952,46.00 percent
2023-06-07 10:26:53,(2(0)-1686158813:688720),systemResources.CPU,18948,59.71 percent
2023-06-07 10:26:53,(2(0)-1686158813:688729),systemResources.MEMORY_TOTAL,18944,3501600 KB
2023-06-07 10:26:53,(2(0)-1686158813:688730),systemResources.MEMORY_USED,18945,3047604 KB
2023-06-07 10:26:53,(2(0)-1686158813:688737),systemResources.FRAMEWORK_VERSION,18965,v3.2.0-27-ga17badf77
2023-06-07 10:26:53,(2(0)-1686158813:688738),systemResources.PROJECT_VERSION,18966,v3.2.0-27-ga17badf77
2023-06-07 10:26:54,(2(0)-1686158814:689953),systemResources.CPU_00,18949,78.00 percent
2023-06-07 10:26:54,(2(0)-1686158814:689971),systemResources.CPU_01,18950,58.59 percent
2023-06-07 10:26:54,(2(0)-1686158814:690058),rateGroup2.RgMaxTime,768,173 us
2023-06-07 10:26:54,(2(0)-1686158814:689998),systemResources.CPU_02,18951,77.00 percent
2023-06-07 10:26:54,(2(0)-1686158814:690014),systemResources.CPU_03,18952,55.45 percent
2023-06-07 10:26:54,(2(0)-1686158814:690015),systemResources.CPU,18948,67.26 percent
2023-06-07 10:26:54,(2(0)-1686158814:690023),systemResources.MEMORY_TOTAL,18944,3501076 KB
2023-06-07 10:26:54,(2(0)-1686158814:690024),systemResources.MEMORY_USED,18945,3050108 KB
2023-06-07 10:26:54,(2(0)-1686158814:690031),systemResources.FRAMEWORK_VERSION,18965,v3.2.0-27-ga17badf77
2023-06-07 10:26:54,(2(0)-1686158814:690033),systemResources.PROJECT_VERSION,18966,v3.2.0-27-ga17badf77
2023-06-07 10:26:55,(2(0)-1686158815:703116),blockDrv.BD_Cycles,256,9
2023-06-07 10:26:55,(2(0)-1686158815:703160),systemResources.CPU_00,18949,86.14 percent
2023-06-07 10:26:55,(2(0)-1686158815:703176),systemResources.CPU_01,18950,74.26 percent
2023-06-07 10:26:55,(2(0)-1686158815:703192),systemResources.CPU_02,18951,88.12 percent
2023-06-07 10:26:55,(2(0)-1686158815:703207),systemResources.CPU_03,18952,70.00 percent
2023-06-07 10:26:55,(2(0)-1686158815:703208),systemResources.CPU,18948,79.63 percent
2023-06-07 10:26:55,(2(0)-1686158815:703215),systemResources.MEMORY_TOTAL,18944,3501460 KB
2023-06-07 10:26:55,(2(0)-1686158815:703216),systemResources.MEMORY_USED,18945,3064540 KB
2023-06-07 10:26:55,(2(0)-1686158815:703226),systemResources.FRAMEWORK_VERSION,18965,v3.2.0-27-ga17badf77
2023-06-07 10:26:55,(2(0)-1686158815:703227),systemResources.PROJECT_VERSION,18966,v3.2.0-27-ga17badf77
2023-06-07 10:26:56,(2(0)-1686158816:706714),systemResources.CPU_00,18949,48.00 percent
2023-06-07 10:26:56,(2(0)-1686158816:706729),systemResources.CPU_01,18950,25.74 percent
2023-06-07 10:26:56,(2(0)-1686158816:706743),systemResources.CPU_02,18951,50.00 percent
2023-06-07 10:26:56,(2(0)-1686158816:706760),systemResources.CPU_03,18952,24.00 percent
2023-06-07 10:26:56,(2(0)-1686158816:706761),systemResources.CPU,18948,36.94 percent
2023-06-07 10:26:56,(2(0)-1686158816:706771),systemResources.MEMORY_TOTAL,18944,3500968 KB
2023-06-07 10:26:56,(2(0)-1686158816:706772),systemResources.MEMORY_USED,18945,3135088 KB
2023-06-07 10:26:56,(2(0)-1686158816:706780),systemResources.FRAMEWORK_VERSION,18965,v3.2.0-27-ga17badf77
2023-06-07 10:26:56,(2(0)-1686158816:706781),systemResources.PROJECT_VERSION,18966,v3.2.0-27-ga17badf77
2023-06-07 10:26:57,(2(0)-1686158817:711160),blockDrv.BD_Cycles,256,11
2023-06-07 10:26:57,(2(0)-1686158817:711211),systemResources.CPU_00,18949,40.00 percent
2023-06-07 10:26:57,(2(0)-1686158817:711236),systemResources.CPU_01,18950,17.17 percent
2023-06-07 10:26:57,(2(0)-1686158817:711259),systemResources.CPU_02,18951,35.00 percent
2023-06-07 10:26:57,(2(0)-1686158817:711275),systemResources.CPU_03,18952,15.15 percent
2023-06-07 10:26:57,(2(0)-1686158817:711277),systemResources.CPU,18948,26.83 percent
2023-06-07 10:26:57,(2(0)-1686158817:711285),systemResources.MEMORY_TOTAL,18944,3500416 KB
2023-06-07 10:26:57,(2(0)-1686158817:711285),systemResources.MEMORY_USED,18945,3148456 KB
2023-06-07 10:26:57,(2(0)-1686158817:711298),systemResources.FRAMEWORK_VERSION,18965,v3.2.0-27-ga17badf77
2023-06-07 10:26:57,(2(0)-1686158817:711299),systemResources.PROJECT_VERSION,18966,v3.2.0-27-ga17badf77
2023-06-07 10:26:58,(2(0)-1686158818:713461),systemResources.CPU_00,18949,25.25 percent
2023-06-07 10:26:58,(2(0)-1686158818:713518),systemResources.CPU_01,18950,7.00 percent
2023-06-07 10:26:58,(2(0)-1686158818:713802),rateGroup2.RgMaxTime,768,541 us
2023-06-07 10:26:58,(2(0)-1686158818:713576),systemResources.CPU_02,18951,21.21 percent
2023-06-07 10:26:58,(2(0)-1686158818:713632),systemResources.CPU_03,18952,6.00 percent
2023-06-07 10:26:58,(2(0)-1686158818:713635),systemResources.CPU,18948,14.87 percent
2023-06-07 10:26:58,(2(0)-1686158818:713654),systemResources.MEMORY_TOTAL,18944,3501128 KB
2023-06-07 10:26:58,(2(0)-1686158818:713656),systemResources.MEMORY_USED,18945,3134296 KB
2023-06-07 10:26:58,(2(0)-1686158818:713683),systemResources.FRAMEWORK_VERSION,18965,v3.2.0-27-ga17badf77
2023-06-07 10:26:58,(2(0)-1686158818:713686),systemResources.PROJECT_VERSION,18966,v3.2.0-27-ga17badf77
2023-06-07 10:26:58,(2(0)-1686158818:713692),rateGroup1.RgMaxTime,512,432 us
2023-06-07 10:26:58,(2(0)-1686158818:714104),rateGroup3.RgMaxTime,1024,844 us
2023-06-07 10:26:59,(2(0)-1686158819:716646),blockDrv.BD_Cycles,256,13
2023-06-07 10:26:59,(2(0)-1686158819:716693),systemResources.CPU_00,18949,21.00 percent
2023-06-07 10:26:59,(2(0)-1686158819:716706),systemResources.CPU_01,18950,8.08 percent
2023-06-07 10:26:59,(2(0)-1686158819:716732),systemResources.CPU_02,18951,22.00 percent
2023-06-07 10:26:59,(2(0)-1686158819:716750),systemResources.CPU_03,18952,8.91 percent
2023-06-07 10:26:59,(2(0)-1686158819:716751),systemResources.CPU,18948,15.00 percent
2023-06-07 10:26:59,(2(0)-1686158819:716759),systemResources.MEMORY_TOTAL,18944,3500200 KB
2023-06-07 10:26:59,(2(0)-1686158819:716760),systemResources.MEMORY_USED,18945,3138932 KB
2023-06-07 10:26:59,(2(0)-1686158819:716771),systemResources.FRAMEWORK_VERSION,18965,v3.2.0-27-ga17badf77
2023-06-07 10:26:59,(2(0)-1686158819:716772),systemResources.PROJECT_VERSION,18966,v3.2.0-27-ga17badf77
2023-06-07 10:27:00,(2(0)-1686158820:721785),systemResources.CPU_00,18949,20.00 percent
2023-06-07 10:27:00,(2(0)-1686158820:721837),systemResources.CPU_01,18950,9.80 percent
2023-06-07 10:27:00,(2(0)-1686158820:721891),systemResources.CPU_02,18951,18.81 percent
2023-06-07 10:27:00,(2(0)-1686158820:721929),systemResources.CPU_03,18952,7.07 percent
2023-06-07 10:27:00,(2(0)-1686158820:721931),systemResources.CPU,18948,13.92 percent
2023-06-07 10:27:00,(2(0)-1686158820:721947),systemResources.MEMORY_TOTAL,18944,3500144 KB
2023-06-07 10:27:00,(2(0)-1686158820:721948),systemResources.MEMORY_USED,18945,3132164 KB
2023-06-07 10:27:00,(2(0)-1686158820:721974),systemResources.FRAMEWORK_VERSION,18965,v3.2.0-27-ga17badf77
2023-06-07 10:27:00,(2(0)-1686158820:721977),systemResources.PROJECT_VERSION,18966,v3.2.0-27-ga17badf77
2023-06-07 10:27:01,(2(0)-1686158821:724215),blockDrv.BD_Cycles,256,15
2023-06-07 10:27:01,(2(0)-1686158821:724335),systemResources.CPU_00,18949,12.00 percent
2023-06-07 10:27:01,(2(0)-1686158821:724386),systemResources.CPU_01,18950,5.05 percent
2023-06-07 10:27:01,(2(0)-1686158821:724440),systemResources.CPU_02,18951,10.10 percent
2023-06-07 10:27:01,(2(0)-1686158821:724475),systemResources.CPU_03,18952,4.00 percent
2023-06-07 10:27:01,(2(0)-1686158821:724477),systemResources.CPU,18948,7.79 percent
2023-06-07 10:27:01,(2(0)-1686158821:724494),systemResources.MEMORY_TOTAL,18944,3500712 KB
2023-06-07 10:27:01,(2(0)-1686158821:724495),systemResources.MEMORY_USED,18945,3130416 KB
2023-06-07 10:27:01,(2(0)-1686158821:724521),systemResources.FRAMEWORK_VERSION,18965,v3.2.0-27-ga17badf77
2023-06-07 10:27:01,(2(0)-1686158821:724524),systemResources.PROJECT_VERSION,18966,v3.2.0-27-ga17badf77
2023-06-07 10:27:02,(2(0)-1686158822:727010),systemResources.CPU_00,18949,19.00 percent
2023-06-07 10:27:02,(2(0)-1686158822:727072),systemResources.CPU_01,18950,5.00 percent
2023-06-07 10:27:02,(2(0)-1686158822:727128),systemResources.CPU_02,18951,16.83 percent
2023-06-07 10:27:02,(2(0)-1686158822:727181),systemResources.CPU_03,18952,4.95 percent
2023-06-07 10:27:02,(2(0)-1686158822:727185),systemResources.CPU,18948,11.45 percent
2023-06-07 10:27:02,(2(0)-1686158822:727212),systemResources.MEMORY_TOTAL,18944,3500816 KB
2023-06-07 10:27:02,(2(0)-1686158822:727214),systemResources.MEMORY_USED,18945,3128336 KB
2023-06-07 10:27:02,(2(0)-1686158822:727245),systemResources.FRAMEWORK_VERSION,18965,v3.2.0-27-ga17badf77
2023-06-07 10:27:02,(2(0)-1686158822:727250),systemResources.PROJECT_VERSION,18966,v3.2.0-27-ga17badf77
2023-06-07 10:27:02,(2(0)-1686158822:727256),rateGroup1.RgMaxTime,512,433 us
2023-06-07 10:27:03,(2(0)-1686158823:729247),blockDrv.BD_Cycles,256,17
2023-06-07 10:27:04,(2(0)-1686158824:731749),blockDrv.BD_Cycles,256,18
2023-06-07 10:27:03,(2(0)-1686158823:729379),systemResources.CPU_00,18949,12.00 percent
2023-06-07 10:27:03,(2(0)-1686158823:729450),systemResources.CPU_01,18950,3.96 percent
2023-06-07 10:27:03,(2(0)-1686158823:729511),systemResources.CPU_02,18951,10.10 percent
2023-06-07 10:27:03,(2(0)-1686158823:729571),systemResources.CPU_03,18952,4.00 percent
2023-06-07 10:27:03,(2(0)-1686158823:729576),systemResources.CPU,18948,7.52 percent
2023-06-07 10:27:03,(2(0)-1686158823:729602),systemResources.MEMORY_TOTAL,18944,3500544 KB
2023-06-07 10:27:03,(2(0)-1686158823:729604),systemResources.MEMORY_USED,18945,3128576 KB
2023-06-07 10:27:03,(2(0)-1686158823:729707),systemResources.FRAMEWORK_VERSION,18965,v3.2.0-27-ga17badf77
2023-06-07 10:27:03,(2(0)-1686158823:729712),systemResources.PROJECT_VERSION,18966,v3.2.0-27-ga17badf77
2023-06-07 10:27:03,(2(0)-1686158823:729718),rateGroup1.RgMaxTime,512,496 us
2023-06-07 10:27:04,(2(0)-1686158824:731938),systemResources.CPU_00,18949,23.23 percent
2023-06-07 10:27:04,(2(0)-1686158824:732024),systemResources.CPU_01,18950,8.08 percent
2023-06-07 10:27:04,(2(0)-1686158824:732164),systemResources.CPU_02,18951,25.00 percent
2023-06-07 10:27:04,(2(0)-1686158824:732232),systemResources.CPU_03,18952,6.93 percent
2023-06-07 10:27:04,(2(0)-1686158824:732235),systemResources.CPU,18948,15.81 percent
2023-06-07 10:27:04,(2(0)-1686158824:732254),systemResources.MEMORY_TOTAL,18944,3500616 KB
2023-06-07 10:27:04,(2(0)-1686158824:732255),systemResources.MEMORY_USED,18945,3129268 KB
2023-06-07 10:27:04,(2(0)-1686158824:732280),systemResources.FRAMEWORK_VERSION,18965,v3.2.0-27-ga17badf77
2023-06-07 10:27:04,(2(0)-1686158824:732283),systemResources.PROJECT_VERSION,18966,v3.2.0-27-ga17badf77
2023-06-07 10:27:04,(2(0)-1686158824:732289),rateGroup1.RgMaxTime,512,571 us
2023-06-07 10:27:05,(2(0)-1686158825:733886),blockDrv.BD_Cycles,256,19
2023-06-07 10:27:05,(2(0)-1686158825:733933),systemResources.CPU_00,18949,45.54 percent
2023-06-07 10:27:05,(2(0)-1686158825:733945),systemResources.CPU_01,18950,13.00 percent
2023-06-07 10:27:05,(2(0)-1686158825:733974),systemResources.CPU_02,18951,43.00 percent
2023-06-07 10:27:05,(2(0)-1686158825:733991),systemResources.CPU_03,18952,15.15 percent
2023-06-07 10:27:05,(2(0)-1686158825:733993),systemResources.CPU,18948,29.17 percent
2023-06-07 10:27:05,(2(0)-1686158825:734001),systemResources.MEMORY_TOTAL,18944,3500328 KB
2023-06-07 10:27:05,(2(0)-1686158825:734002),systemResources.MEMORY_USED,18945,3087696 KB
2023-06-07 10:27:05,(2(0)-1686158825:734011),systemResources.FRAMEWORK_VERSION,18965,v3.2.0-27-ga17badf77
2023-06-07 10:27:05,(2(0)-1686158825:734012),systemResources.PROJECT_VERSION,18966,v3.2.0-27-ga17badf77
2023-06-07 10:27:06,(2(0)-1686158826:735455),systemResources.CPU_00,18949,40.00 percent
2023-06-07 10:27:06,(2(0)-1686158826:735518),systemResources.CPU_01,18950,20.00 percent
2023-06-07 10:27:06,(2(0)-1686158826:735574),systemResources.CPU_02,18951,46.00 percent
2023-06-07 10:27:06,(2(0)-1686158826:735634),systemResources.CPU_03,18952,19.00 percent
2023-06-07 10:27:06,(2(0)-1686158826:735639),systemResources.CPU,18948,31.25 percent
2023-06-07 10:27:06,(2(0)-1686158826:735665),systemResources.MEMORY_TOTAL,18944,3500396 KB
2023-06-07 10:27:06,(2(0)-1686158826:735667),systemResources.MEMORY_USED,18945,3084316 KB
2023-06-07 10:27:06,(2(0)-1686158826:735693),systemResources.FRAMEWORK_VERSION,18965,v3.2.0-27-ga17badf77
2023-06-07 10:27:06,(2(0)-1686158826:735697),systemResources.PROJECT_VERSION,18966,v3.2.0-27-ga17badf77
2023-06-07 10:27:07,(2(0)-1686158827:737316),blockDrv.BD_Cycles,256,21
2023-06-07 10:27:07,(2(0)-1686158827:737428),systemResources.CPU_00,18949,28.28 percent
2023-06-07 10:27:07,(2(0)-1686158827:737517),systemResources.CPU_01,18950,10.10 percent
2023-06-07 10:27:07,(2(0)-1686158827:737550),systemResources.CPU_02,18951,26.00 percent
2023-06-07 10:27:07,(2(0)-1686158827:737577),systemResources.CPU_03,18952,9.00 percent
2023-06-07 10:27:07,(2(0)-1686158827:737579),systemResources.CPU,18948,18.35 percent
2023-06-07 10:27:07,(2(0)-1686158827:737593),systemResources.MEMORY_TOTAL,18944,3500204 KB
2023-06-07 10:27:07,(2(0)-1686158827:737594),systemResources.MEMORY_USED,18945,3126432 KB
2023-06-07 10:27:07,(2(0)-1686158827:737612),systemResources.FRAMEWORK_VERSION,18965,v3.2.0-27-ga17badf77
2023-06-07 10:27:07,(2(0)-1686158827:737613),systemResources.PROJECT_VERSION,18966,v3.2.0-27-ga17badf77
2023-06-07 10:27:08,(2(0)-1686158828:739460),systemResources.CPU_00,18949,22.22 percent
2023-06-07 10:27:08,(2(0)-1686158828:739510),systemResources.CPU_01,18950,7.92 percent
2023-06-07 10:27:08,(2(0)-1686158828:739550),systemResources.CPU_02,18951,20.20 percent
2023-06-07 10:27:08,(2(0)-1686158828:739591),systemResources.CPU_03,18952,8.08 percent
2023-06-07 10:27:08,(2(0)-1686158828:739593),systemResources.CPU,18948,14.61 percent
2023-06-07 10:27:08,(2(0)-1686158828:739605),systemResources.MEMORY_TOTAL,18944,3500468 KB
2023-06-07 10:27:08,(2(0)-1686158828:739607),systemResources.MEMORY_USED,18945,3126824 KB
2023-06-07 10:27:08,(2(0)-1686158828:739626),systemResources.FRAMEWORK_VERSION,18965,v3.2.0-27-ga17badf77
2023-06-07 10:27:08,(2(0)-1686158828:739628),systemResources.PROJECT_VERSION,18966,v3.2.0-27-ga17badf77
2023-06-07 10:27:09,(2(0)-1686158829:742409),blockDrv.BD_Cycles,256,23
2023-06-07 10:27:09,(2(0)-1686158829:742545),systemResources.CPU_00,18949,21.00 percent
2023-06-07 10:27:09,(2(0)-1686158829:742683),systemResources.CPU_01,18950,7.07 percent
2023-06-07 10:27:09,(2(0)-1686158829:742741),systemResources.CPU_02,18951,21.00 percent
2023-06-07 10:27:09,(2(0)-1686158829:742790),systemResources.CPU_03,18952,7.00 percent
2023-06-07 10:27:09,(2(0)-1686158829:742793),systemResources.CPU,18948,14.02 percent
2023-06-07 10:27:09,(2(0)-1686158829:742824),systemResources.MEMORY_TOTAL,18944,3500616 KB
2023-06-07 10:27:09,(2(0)-1686158829:742828),systemResources.MEMORY_USED,18945,3126440 KB
2023-06-07 10:27:09,(2(0)-1686158829:742863),systemResources.FRAMEWORK_VERSION,18965,v3.2.0-27-ga17badf77
2023-06-07 10:27:09,(2(0)-1686158829:742866),systemResources.PROJECT_VERSION,18966,v3.2.0-27-ga17badf77
2023-06-07 10:27:10,(2(0)-1686158830:117043),mathSender.VAL1,3584,2.0
2023-06-07 10:27:10,(2(0)-1686158830:117046),mathSender.OP,3585,ADD
2023-06-07 10:27:10,(2(0)-1686158830:117046),mathSender.VAL2,3586,0.0
2023-06-07 10:27:10,(2(0)-1686158830:117079),cmdDisp.CommandsDispatched,1280,1
2023-06-07 10:27:10,(2(0)-1686158830:746032),systemResources.CPU_00,18949,41.00 percent
2023-06-07 10:27:10,(2(0)-1686158830:746084),systemResources.CPU_01,18950,19.80 percent
2023-06-07 10:27:10,(2(0)-1686158830:746126),systemResources.CPU_02,18951,38.38 percent
2023-06-07 10:27:10,(2(0)-1686158830:746167),systemResources.CPU_03,18952,18.18 percent
2023-06-07 10:27:10,(2(0)-1686158830:746169),systemResources.CPU,18948,29.34 percent
2023-06-07 10:27:10,(2(0)-1686158830:746191),systemResources.MEMORY_TOTAL,18944,3500460 KB
2023-06-07 10:27:10,(2(0)-1686158830:746193),systemResources.MEMORY_USED,18945,3128700 KB
2023-06-07 10:27:10,(2(0)-1686158830:746234),systemResources.FRAMEWORK_VERSION,18965,v3.2.0-27-ga17badf77
2023-06-07 10:27:10,(2(0)-1686158830:746236),systemResources.PROJECT_VERSION,18966,v3.2.0-27-ga17badf77
2023-06-07 10:27:10,(2(0)-1686158830:746096),fileUplinkBufferManager.HiBuffs,17410,1
2023-06-07 10:27:11,(2(0)-1686158831:748196),blockDrv.BD_Cycles,256,25
2023-06-07 10:27:10,(2(0)-1686158830:746354),mathReceiver.OPERATION,9984,ADD
2023-06-07 10:27:10,(2(0)-1686158830:746377),mathSender.RESULT,3587,2.0
2023-06-07 10:27:11,(2(0)-1686158831:748310),systemResources.CPU_00,18949,26.00 percent
2023-06-07 10:27:11,(2(0)-1686158831:748356),systemResources.CPU_01,18950,11.11 percent
2023-06-07 10:27:11,(2(0)-1686158831:748420),systemResources.CPU_02,18951,22.22 percent
2023-06-07 10:27:11,(2(0)-1686158831:748477),systemResources.CPU_03,18952,9.90 percent
2023-06-07 10:27:11,(2(0)-1686158831:748481),systemResources.CPU,18948,17.31 percent
2023-06-07 10:27:11,(2(0)-1686158831:748509),systemResources.MEMORY_TOTAL,18944,3500584 KB
2023-06-07 10:27:11,(2(0)-1686158831:748512),systemResources.MEMORY_USED,18945,3126832 KB
2023-06-07 10:27:11,(2(0)-1686158831:748540),systemResources.FRAMEWORK_VERSION,18965,v3.2.0-27-ga17badf77
2023-06-07 10:27:11,(2(0)-1686158831:748543),systemResources.PROJECT_VERSION,18966,v3.2.0-27-ga17badf77
2023-06-07 10:27:12,(2(0)-1686158832:751022),systemResources.CPU_00,18949,21.43 percent
2023-06-07 10:27:12,(2(0)-1686158832:751067),systemResources.CPU_01,18950,7.92 percent
2023-06-07 10:27:12,(2(0)-1686158832:751124),systemResources.CPU_02,18951,22.00 percent
2023-06-07 10:27:12,(2(0)-1686158832:751167),systemResources.CPU_03,18952,6.06 percent
2023-06-07 10:27:12,(2(0)-1686158832:751169),systemResources.CPU,18948,14.35 percent
2023-06-07 10:27:12,(2(0)-1686158832:751207),systemResources.MEMORY_TOTAL,18944,3501200 KB
2023-06-07 10:27:12,(2(0)-1686158832:751212),systemResources.MEMORY_USED,18945,3126712 KB
2023-06-07 10:27:12,(2(0)-1686158832:751250),systemResources.FRAMEWORK_VERSION,18965,v3.2.0-27-ga17badf77
2023-06-07 10:27:12,(2(0)-1686158832:751254),systemResources.PROJECT_VERSION,18966,v3.2.0-27-ga17badf77
2023-06-07 10:27:13,(2(0)-1686158833:753481),blockDrv.BD_Cycles,256,27
2023-06-07 10:27:14,(2(0)-1686158834:757535),blockDrv.BD_Cycles,256,28
2023-06-07 10:27:13,(2(0)-1686158833:753613),systemResources.CPU_00,18949,13.86 percent
2023-06-07 10:27:13,(2(0)-1686158833:753692),systemResources.CPU_01,18950,3.03 percent
2023-06-07 10:27:13,(2(0)-1686158833:753843),systemResources.CPU_02,18951,11.00 percent
2023-06-07 10:27:13,(2(0)-1686158833:753925),systemResources.CPU_03,18952,3.96 percent
2023-06-07 10:27:13,(2(0)-1686158833:753928),systemResources.CPU,18948,7.96 percent
2023-06-07 10:27:13,(2(0)-1686158833:753946),systemResources.MEMORY_TOTAL,18944,3500164 KB
2023-06-07 10:27:13,(2(0)-1686158833:753947),systemResources.MEMORY_USED,18945,3127004 KB
2023-06-07 10:27:13,(2(0)-1686158833:753973),systemResources.FRAMEWORK_VERSION,18965,v3.2.0-27-ga17badf77
2023-06-07 10:27:13,(2(0)-1686158833:753976),systemResources.PROJECT_VERSION,18966,v3.2.0-27-ga17badf77
2023-06-07 10:27:14,(2(0)-1686158834:757624),systemResources.CPU_00,18949,26.00 percent
2023-06-07 10:27:14,(2(0)-1686158834:757669),systemResources.CPU_01,18950,12.00 percent
2023-06-07 10:27:14,(2(0)-1686158834:757710),systemResources.CPU_02,18951,21.00 percent
2023-06-07 10:27:14,(2(0)-1686158834:757750),systemResources.CPU_03,18952,10.10 percent
2023-06-07 10:27:14,(2(0)-1686158834:757752),systemResources.CPU,18948,17.28 percent
2023-06-07 10:27:14,(2(0)-1686158834:757770),systemResources.MEMORY_TOTAL,18944,3500536 KB
2023-06-07 10:27:14,(2(0)-1686158834:757772),systemResources.MEMORY_USED,18945,3130808 KB
2023-06-07 10:27:14,(2(0)-1686158834:757791),systemResources.FRAMEWORK_VERSION,18965,v3.2.0-27-ga17badf77
2023-06-07 10:27:14,(2(0)-1686158834:757794),systemResources.PROJECT_VERSION,18966,v3.2.0-27-ga17badf77
2023-06-07 10:27:15,(2(0)-1686158835:759674),blockDrv.BD_Cycles,256,29
2023-06-07 10:27:15,(2(0)-1686158835:759632),systemResources.CPU_00,18949,33.00 percent
2023-06-07 10:27:15,(2(0)-1686158835:759665),systemResources.CPU_01,18950,11.88 percent
2023-06-07 10:27:15,(2(0)-1686158835:759684),systemResources.CPU_02,18951,38.61 percent
2023-06-07 10:27:15,(2(0)-1686158835:759700),systemResources.CPU_03,18952,10.00 percent
2023-06-07 10:27:15,(2(0)-1686158835:759702),systemResources.CPU,18948,23.37 percent
2023-06-07 10:27:15,(2(0)-1686158835:759708),systemResources.MEMORY_TOTAL,18944,3500896 KB
2023-06-07 10:27:15,(2(0)-1686158835:759709),systemResources.MEMORY_USED,18945,3132800 KB
2023-06-07 10:27:15,(2(0)-1686158835:759719),systemResources.FRAMEWORK_VERSION,18965,v3.2.0-27-ga17badf77
2023-06-07 10:27:15,(2(0)-1686158835:759721),systemResources.PROJECT_VERSION,18966,v3.2.0-27-ga17badf77
2023-06-07 10:27:16,(2(0)-1686158836:764778),systemResources.CPU_00,18949,35.00 percent
2023-06-07 10:27:16,(2(0)-1686158836:764854),systemResources.CPU_01,18950,20.00 percent
2023-06-07 10:27:16,(2(0)-1686158836:764908),systemResources.CPU_02,18951,41.41 percent
2023-06-07 10:27:16,(2(0)-1686158836:764945),systemResources.CPU_03,18952,14.00 percent
2023-06-07 10:27:16,(2(0)-1686158836:764948),systemResources.CPU,18948,27.60 percent
2023-06-07 10:27:16,(2(0)-1686158836:764966),systemResources.MEMORY_TOTAL,18944,3501328 KB
2023-06-07 10:27:16,(2(0)-1686158836:764968),systemResources.MEMORY_USED,18945,3133076 KB
2023-06-07 10:27:16,(2(0)-1686158836:764994),systemResources.FRAMEWORK_VERSION,18965,v3.2.0-27-ga17badf77
2023-06-07 10:27:16,(2(0)-1686158836:764998),systemResources.PROJECT_VERSION,18966,v3.2.0-27-ga17badf77
2023-06-07 10:27:17,(2(0)-1686158837:767285),blockDrv.BD_Cycles,256,31
2023-06-07 10:27:17,(2(0)-1686158837:767415),systemResources.CPU_00,18949,15.00 percent
2023-06-07 10:27:17,(2(0)-1686158837:767462),systemResources.CPU_01,18950,3.03 percent
2023-06-07 10:27:17,(2(0)-1686158837:767517),systemResources.CPU_02,18951,11.88 percent
2023-06-07 10:27:17,(2(0)-1686158837:767571),systemResources.CPU_03,18952,4.00 percent
2023-06-07 10:27:17,(2(0)-1686158837:767575),systemResources.CPU,18948,8.48 percent
2023-06-07 10:27:17,(2(0)-1686158837:767598),systemResources.MEMORY_TOTAL,18944,3499888 KB
2023-06-07 10:27:17,(2(0)-1686158837:767599),systemResources.MEMORY_USED,18945,3132860 KB
2023-06-07 10:27:17,(2(0)-1686158837:767628),systemResources.FRAMEWORK_VERSION,18965,v3.2.0-27-ga17badf77
2023-06-07 10:27:17,(2(0)-1686158837:767632),systemResources.PROJECT_VERSION,18966,v3.2.0-27-ga17badf77
2023-06-07 10:27:18,(2(0)-1686158838:768936),systemResources.CPU_00,18949,28.28 percent
2023-06-07 10:27:18,(2(0)-1686158838:768953),systemResources.CPU_01,18950,12.87 percent
2023-06-07 10:27:18,(2(0)-1686158838:768982),systemResources.CPU_02,18951,27.27 percent
2023-06-07 10:27:18,(2(0)-1686158838:768997),systemResources.CPU_03,18952,10.00 percent
2023-06-07 10:27:18,(2(0)-1686158838:768998),systemResources.CPU,18948,19.61 percent
2023-06-07 10:27:18,(2(0)-1686158838:769014),systemResources.MEMORY_TOTAL,18944,3500912 KB
2023-06-07 10:27:18,(2(0)-1686158838:769015),systemResources.MEMORY_USED,18945,3136120 KB
2023-06-07 10:27:18,(2(0)-1686158838:769024),systemResources.FRAMEWORK_VERSION,18965,v3.2.0-27-ga17badf77
2023-06-07 10:27:18,(2(0)-1686158838:769025),systemResources.PROJECT_VERSION,18966,v3.2.0-27-ga17badf77
2023-06-07 10:27:19,(2(0)-1686158839:769913),blockDrv.BD_Cycles,256,33
2023-06-07 10:27:19,(2(0)-1686158839:769967),systemResources.CPU_00,18949,37.37 percent
2023-06-07 10:27:19,(2(0)-1686158839:770004),systemResources.CPU_01,18950,14.29 percent
2023-06-07 10:27:19,(2(0)-1686158839:770041),systemResources.CPU_02,18951,34.34 percent
2023-06-07 10:27:19,(2(0)-1686158839:770069),systemResources.CPU_03,18952,15.15 percent
2023-06-07 10:27:19,(2(0)-1686158839:770072),systemResources.CPU,18948,25.29 percent
2023-06-07 10:27:19,(2(0)-1686158839:770083),systemResources.MEMORY_TOTAL,18944,3500540 KB
2023-06-07 10:27:19,(2(0)-1686158839:770084),systemResources.MEMORY_USED,18945,3133024 KB
2023-06-07 10:27:19,(2(0)-1686158839:770157),systemResources.FRAMEWORK_VERSION,18965,v3.2.0-27-ga17badf77
2023-06-07 10:27:19,(2(0)-1686158839:770160),systemResources.PROJECT_VERSION,18966,v3.2.0-27-ga17badf77
2023-06-07 10:27:20,(2(0)-1686158840:772099),systemResources.CPU_00,18949,23.00 percent
2023-06-07 10:27:20,(2(0)-1686158840:772131),systemResources.CPU_01,18950,8.00 percent
2023-06-07 10:27:20,(2(0)-1686158840:772156),systemResources.CPU_02,18951,21.00 percent
2023-06-07 10:27:20,(2(0)-1686158840:772177),systemResources.CPU_03,18952,7.92 percent
2023-06-07 10:27:20,(2(0)-1686158840:772179),systemResources.CPU,18948,14.98 percent
2023-06-07 10:27:20,(2(0)-1686158840:772189),systemResources.MEMORY_TOTAL,18944,3500676 KB
2023-06-07 10:27:20,(2(0)-1686158840:772190),systemResources.MEMORY_USED,18945,3131888 KB
2023-06-07 10:27:20,(2(0)-1686158840:772230),systemResources.FRAMEWORK_VERSION,18965,v3.2.0-27-ga17badf77
2023-06-07 10:27:20,(2(0)-1686158840:772234),systemResources.PROJECT_VERSION,18966,v3.2.0-27-ga17badf77
2023-06-07 10:27:21,(2(0)-1686158841:773263),blockDrv.BD_Cycles,256,35
2023-06-07 10:27:21,(2(0)-1686158841:773338),systemResources.CPU_00,18949,34.34 percent
2023-06-07 10:27:21,(2(0)-1686158841:773369),systemResources.CPU_01,18950,12.12 percent
2023-06-07 10:27:21,(2(0)-1686158841:773397),systemResources.CPU_02,18951,31.31 percent
2023-06-07 10:27:21,(2(0)-1686158841:773424),systemResources.CPU_03,18952,9.18 percent
2023-06-07 10:27:21,(2(0)-1686158841:773426),systemResources.CPU,18948,21.74 percent
2023-06-07 10:27:21,(2(0)-1686158841:773439),systemResources.MEMORY_TOTAL,18944,3500172 KB
2023-06-07 10:27:21,(2(0)-1686158841:773440),systemResources.MEMORY_USED,18945,3128360 KB
2023-06-07 10:27:21,(2(0)-1686158841:773458),systemResources.FRAMEWORK_VERSION,18965,v3.2.0-27-ga17badf77
2023-06-07 10:27:21,(2(0)-1686158841:773461),systemResources.PROJECT_VERSION,18966,v3.2.0-27-ga17badf77
2023-06-07 10:27:22,(2(0)-1686158842:142755),mathSender.VAL1,3584,2.0
2023-06-07 10:27:22,(2(0)-1686158842:142758),mathSender.OP,3585,DIV
2023-06-07 10:27:22,(2(0)-1686158842:142758),mathSender.VAL2,3586,0.0
2023-06-07 10:27:22,(2(0)-1686158842:142790),cmdDisp.CommandsDispatched,1280,2
2023-06-07 10:27:22,(2(0)-1686158842:778711),systemResources.CPU_00,18949,29.70 percent
2023-06-07 10:27:22,(2(0)-1686158842:778771),systemResources.CPU_01,18950,9.00 percent
2023-06-07 10:27:22,(2(0)-1686158842:778828),systemResources.CPU_02,18951,27.00 percent
2023-06-07 10:27:22,(2(0)-1686158842:778886),systemResources.CPU_03,18952,8.91 percent
2023-06-07 10:27:22,(2(0)-1686158842:778889),systemResources.CPU,18948,18.65 percent
2023-06-07 10:27:22,(2(0)-1686158842:778917),systemResources.MEMORY_TOTAL,18944,3501384 KB
2023-06-07 10:27:22,(2(0)-1686158842:778919),systemResources.MEMORY_USED,18945,3130644 KB
2023-06-07 10:27:22,(2(0)-1686158842:778949),systemResources.FRAMEWORK_VERSION,18965,v3.2.0-27-ga17badf77
2023-06-07 10:27:22,(2(0)-1686158842:778954),systemResources.PROJECT_VERSION,18966,v3.2.0-27-ga17badf77
2023-06-07 10:27:22,(2(0)-1686158842:779117),rateGroup1.RgMaxTime,512,615 us
2023-06-07 10:27:23,(2(0)-1686158843:781443),blockDrv.BD_Cycles,256,37
2023-06-07 10:27:22,(2(0)-1686158842:779096),mathReceiver.OPERATION,9984,DIV
2023-06-07 10:27:22,(2(0)-1686158842:779140),mathSender.RESULT,3587,inf
2023-06-07 10:27:23,(2(0)-1686158843:781552),systemResources.CPU_00,18949,27.27 percent
2023-06-07 10:27:23,(2(0)-1686158843:781612),systemResources.CPU_01,18950,9.90 percent
2023-06-07 10:27:23,(2(0)-1686158843:781641),systemResources.CPU_02,18951,25.25 percent
2023-06-07 10:27:23,(2(0)-1686158843:781678),systemResources.CPU_03,18952,7.07 percent
2023-06-07 10:27:23,(2(0)-1686158843:781681),systemResources.CPU,18948,17.37 percent
2023-06-07 10:27:23,(2(0)-1686158843:781697),systemResources.MEMORY_TOTAL,18944,3500360 KB
2023-06-07 10:27:23,(2(0)-1686158843:781698),systemResources.MEMORY_USED,18945,3131308 KB
2023-06-07 10:27:23,(2(0)-1686158843:781773),systemResources.FRAMEWORK_VERSION,18965,v3.2.0-27-ga17badf77
2023-06-07 10:27:23,(2(0)-1686158843:781776),systemResources.PROJECT_VERSION,18966,v3.2.0-27-ga17badf77
2023-06-07 10:27:24,(2(0)-1686158844:783963),systemResources.CPU_00,18949,32.00 percent
2023-06-07 10:27:24,(2(0)-1686158844:784047),systemResources.CPU_01,18950,11.00 percent
2023-06-07 10:27:24,(2(0)-1686158844:784107),systemResources.CPU_02,18951,30.00 percent
2023-06-07 10:27:24,(2(0)-1686158844:784150),systemResources.CPU_03,18952,10.89 percent
2023-06-07 10:27:24,(2(0)-1686158844:784153),systemResources.CPU,18948,20.97 percent
2023-06-07 10:27:24,(2(0)-1686158844:784170),systemResources.MEMORY_TOTAL,18944,3501076 KB
2023-06-07 10:27:24,(2(0)-1686158844:784172),systemResources.MEMORY_USED,18945,3144336 KB
2023-06-07 10:27:24,(2(0)-1686158844:784199),systemResources.FRAMEWORK_VERSION,18965,v3.2.0-27-ga17badf77
2023-06-07 10:27:24,(2(0)-1686158844:784202),systemResources.PROJECT_VERSION,18966,v3.2.0-27-ga17badf77
2023-06-07 10:27:25,(2(0)-1686158845:785404),blockDrv.BD_Cycles,256,39
2023-06-07 10:27:25,(2(0)-1686158845:785456),systemResources.CPU_00,18949,40.40 percent
2023-06-07 10:27:25,(2(0)-1686158845:785474),systemResources.CPU_01,18950,23.23 percent
2023-06-07 10:27:25,(2(0)-1686158845:785488),systemResources.CPU_02,18951,42.42 percent
2023-06-07 10:27:25,(2(0)-1686158845:785501),systemResources.CPU_03,18952,20.41 percent
2023-06-07 10:27:25,(2(0)-1686158845:785502),systemResources.CPU,18948,31.62 percent
2023-06-07 10:27:25,(2(0)-1686158845:785509),systemResources.MEMORY_TOTAL,18944,3500412 KB
2023-06-07 10:27:25,(2(0)-1686158845:785510),systemResources.MEMORY_USED,18945,3149280 KB
2023-06-07 10:27:25,(2(0)-1686158845:785521),systemResources.FRAMEWORK_VERSION,18965,v3.2.0-27-ga17badf77
2023-06-07 10:27:25,(2(0)-1686158845:785522),systemResources.PROJECT_VERSION,18966,v3.2.0-27-ga17badf77
2023-06-07 10:27:26,(2(0)-1686158846:787291),systemResources.CPU_00,18949,38.00 percent
2023-06-07 10:27:26,(2(0)-1686158846:787360),systemResources.CPU_01,18950,19.00 percent
2023-06-07 10:27:26,(2(0)-1686158846:787421),systemResources.CPU_02,18951,40.00 percent
2023-06-07 10:27:26,(2(0)-1686158846:787478),systemResources.CPU_03,18952,15.84 percent
2023-06-07 10:27:26,(2(0)-1686158846:787481),systemResources.CPU,18948,28.21 percent
2023-06-07 10:27:26,(2(0)-1686158846:787503),systemResources.MEMORY_TOTAL,18944,3501212 KB
2023-06-07 10:27:26,(2(0)-1686158846:787505),systemResources.MEMORY_USED,18945,3139952 KB
2023-06-07 10:27:26,(2(0)-1686158846:787535),systemResources.FRAMEWORK_VERSION,18965,v3.2.0-27-ga17badf77
2023-06-07 10:27:26,(2(0)-1686158846:787540),systemResources.PROJECT_VERSION,18966,v3.2.0-27-ga17badf77
2023-06-07 10:27:27,(2(0)-1686158847:788830),blockDrv.BD_Cycles,256,41
2023-06-07 10:27:27,(2(0)-1686158847:788967),systemResources.CPU_00,18949,20.00 percent
2023-06-07 10:27:27,(2(0)-1686158847:789114),systemResources.CPU_01,18950,11.00 percent
2023-06-07 10:27:27,(2(0)-1686158847:789186),systemResources.CPU_02,18951,22.00 percent
2023-06-07 10:27:27,(2(0)-1686158847:789246),systemResources.CPU_03,18952,8.00 percent
2023-06-07 10:27:27,(2(0)-1686158847:789252),systemResources.CPU,18948,15.25 percent
2023-06-07 10:27:27,(2(0)-1686158847:789280),systemResources.MEMORY_TOTAL,18944,3500052 KB
2023-06-07 10:27:27,(2(0)-1686158847:789282),systemResources.MEMORY_USED,18945,3136520 KB
2023-06-07 10:27:27,(2(0)-1686158847:789328),systemResources.FRAMEWORK_VERSION,18965,v3.2.0-27-ga17badf77
2023-06-07 10:27:27,(2(0)-1686158847:789331),systemResources.PROJECT_VERSION,18966,v3.2.0-27-ga17badf77
2023-06-07 10:27:28,(2(0)-1686158848:790479),systemResources.CPU_00,18949,11.00 percent
2023-06-07 10:27:28,(2(0)-1686158848:790546),systemResources.CPU_01,18950,3.03 percent
2023-06-07 10:27:28,(2(0)-1686158848:790927),rateGroup2.RgMaxTime,768,695 us
2023-06-07 10:27:28,(2(0)-1686158848:790584),systemResources.CPU_02,18951,10.00 percent
2023-06-07 10:27:28,(2(0)-1686158848:790613),systemResources.CPU_03,18952,4.00 percent
2023-06-07 10:27:28,(2(0)-1686158848:790615),systemResources.CPU,18948,7.01 percent
2023-06-07 10:27:28,(2(0)-1686158848:790632),systemResources.MEMORY_TOTAL,18944,3500224 KB
2023-06-07 10:27:28,(2(0)-1686158848:790633),systemResources.MEMORY_USED,18945,3136992 KB
2023-06-07 10:27:28,(2(0)-1686158848:790660),systemResources.FRAMEWORK_VERSION,18965,v3.2.0-27-ga17badf77
2023-06-07 10:27:28,(2(0)-1686158848:790663),systemResources.PROJECT_VERSION,18966,v3.2.0-27-ga17badf77
2023-06-07 10:27:28,(2(0)-1686158848:790897),blockDrv.BD_Cycles,256,42
2023-06-07 10:27:29,(2(0)-1686158849:795498),blockDrv.BD_Cycles,256,43
2023-06-07 10:27:29,(2(0)-1686158849:795578),systemResources.CPU_00,18949,21.00 percent
2023-06-07 10:27:29,(2(0)-1686158849:795634),systemResources.CPU_01,18950,8.91 percent
2023-06-07 10:27:29,(2(0)-1686158849:795714),systemResources.CPU_02,18951,18.00 percent
2023-06-07 10:27:29,(2(0)-1686158849:795771),systemResources.CPU_03,18952,8.08 percent
2023-06-07 10:27:29,(2(0)-1686158849:795775),systemResources.CPU,18948,14.00 percent
2023-06-07 10:27:29,(2(0)-1686158849:795794),systemResources.MEMORY_TOTAL,18944,3499980 KB
2023-06-07 10:27:29,(2(0)-1686158849:795796),systemResources.MEMORY_USED,18945,3136576 KB
2023-06-07 10:27:29,(2(0)-1686158849:795820),systemResources.FRAMEWORK_VERSION,18965,v3.2.0-27-ga17badf77
2023-06-07 10:27:29,(2(0)-1686158849:795823),systemResources.PROJECT_VERSION,18966,v3.2.0-27-ga17badf77
2023-06-07 10:27:30,(2(0)-1686158850:799247),systemResources.CPU_00,18949,16.00 percent
2023-06-07 10:27:30,(2(0)-1686158850:799317),systemResources.CPU_01,18950,5.00 percent
2023-06-07 10:27:30,(2(0)-1686158850:799434),systemResources.CPU_02,18951,14.14 percent
2023-06-07 10:27:30,(2(0)-1686158850:799494),systemResources.CPU_03,18952,4.00 percent
2023-06-07 10:27:30,(2(0)-1686158850:799497),systemResources.CPU,18948,9.79 percent
2023-06-07 10:27:30,(2(0)-1686158850:799515),systemResources.MEMORY_TOTAL,18944,3500084 KB
2023-06-07 10:27:30,(2(0)-1686158850:799517),systemResources.MEMORY_USED,18945,3136412 KB
2023-06-07 10:27:30,(2(0)-1686158850:799535),systemResources.FRAMEWORK_VERSION,18965,v3.2.0-27-ga17badf77
2023-06-07 10:27:30,(2(0)-1686158850:799537),systemResources.PROJECT_VERSION,18966,v3.2.0-27-ga17badf77
2023-06-07 10:27:31,(2(0)-1686158851:801106),blockDrv.BD_Cycles,256,45
2023-06-07 10:27:31,(2(0)-1686158851:801222),systemResources.CPU_00,18949,36.36 percent
2023-06-07 10:27:31,(2(0)-1686158851:801312),systemResources.CPU_01,18950,16.00 percent
2023-06-07 10:27:31,(2(0)-1686158851:801389),systemResources.CPU_02,18951,36.36 percent
2023-06-07 10:27:31,(2(0)-1686158851:801458),systemResources.CPU_03,18952,14.00 percent
2023-06-07 10:27:31,(2(0)-1686158851:801462),systemResources.CPU,18948,25.68 percent
2023-06-07 10:27:31,(2(0)-1686158851:801485),systemResources.MEMORY_TOTAL,18944,3500268 KB
2023-06-07 10:27:31,(2(0)-1686158851:801487),systemResources.MEMORY_USED,18945,3136468 KB
2023-06-07 10:27:31,(2(0)-1686158851:801517),systemResources.FRAMEWORK_VERSION,18965,v3.2.0-27-ga17badf77
2023-06-07 10:27:31,(2(0)-1686158851:801522),systemResources.PROJECT_VERSION,18966,v3.2.0-27-ga17badf77
2023-06-07 10:27:32,(2(0)-1686158852:802811),systemResources.CPU_00,18949,22.22 percent
2023-06-07 10:27:32,(2(0)-1686158852:802845),systemResources.CPU_01,18950,8.08 percent
2023-06-07 10:27:32,(2(0)-1686158852:802873),systemResources.CPU_02,18951,22.00 percent
2023-06-07 10:27:32,(2(0)-1686158852:802899),systemResources.CPU_03,18952,8.00 percent
2023-06-07 10:27:32,(2(0)-1686158852:802901),systemResources.CPU,18948,15.08 percent
2023-06-07 10:27:32,(2(0)-1686158852:802915),systemResources.MEMORY_TOTAL,18944,3500652 KB
2023-06-07 10:27:32,(2(0)-1686158852:802916),systemResources.MEMORY_USED,18945,3134724 KB
2023-06-07 10:27:32,(2(0)-1686158852:802960),systemResources.FRAMEWORK_VERSION,18965,v3.2.0-27-ga17badf77
2023-06-07 10:27:32,(2(0)-1686158852:802963),systemResources.PROJECT_VERSION,18966,v3.2.0-27-ga17badf77
2023-06-07 10:27:33,(2(0)-1686158853:808158),blockDrv.BD_Cycles,256,47
2023-06-07 10:27:34,(2(0)-1686158854:812096),blockDrv.BD_Cycles,256,48
2023-06-07 10:27:33,(2(0)-1686158853:808232),systemResources.CPU_00,18949,24.75 percent
2023-06-07 10:27:33,(2(0)-1686158853:808264),systemResources.CPU_01,18950,8.00 percent
2023-06-07 10:27:33,(2(0)-1686158853:808295),systemResources.CPU_02,18951,25.74 percent
2023-06-07 10:27:33,(2(0)-1686158853:808321),systemResources.CPU_03,18952,7.00 percent
2023-06-07 10:27:33,(2(0)-1686158853:808323),systemResources.CPU,18948,16.37 percent
2023-06-07 10:27:33,(2(0)-1686158853:808337),systemResources.MEMORY_TOTAL,18944,3500516 KB
2023-06-07 10:27:33,(2(0)-1686158853:808339),systemResources.MEMORY_USED,18945,3134596 KB
2023-06-07 10:27:33,(2(0)-1686158853:808353),systemResources.FRAMEWORK_VERSION,18965,v3.2.0-27-ga17badf77
2023-06-07 10:27:33,(2(0)-1686158853:808356),systemResources.PROJECT_VERSION,18966,v3.2.0-27-ga17badf77
2023-06-07 10:27:34,(2(0)-1686158854:812153),systemResources.CPU_00,18949,30.30 percent
2023-06-07 10:27:34,(2(0)-1686158854:812177),systemResources.CPU_01,18950,12.00 percent
2023-06-07 10:27:34,(2(0)-1686158854:812199),systemResources.CPU_02,18951,28.28 percent
2023-06-07 10:27:34,(2(0)-1686158854:812220),systemResources.CPU_03,18952,11.11 percent
2023-06-07 10:27:34,(2(0)-1686158854:812221),systemResources.CPU,18948,20.42 percent
2023-06-07 10:27:34,(2(0)-1686158854:812232),systemResources.MEMORY_TOTAL,18944,3500628 KB
2023-06-07 10:27:34,(2(0)-1686158854:812233),systemResources.MEMORY_USED,18945,3135288 KB
2023-06-07 10:27:34,(2(0)-1686158854:812244),systemResources.FRAMEWORK_VERSION,18965,v3.2.0-27-ga17badf77
2023-06-07 10:27:34,(2(0)-1686158854:812246),systemResources.PROJECT_VERSION,18966,v3.2.0-27-ga17badf77
2023-06-07 10:27:35,(2(0)-1686158855:814064),blockDrv.BD_Cycles,256,49
2023-06-07 10:27:36,(2(0)-1686158856:815464),blockDrv.BD_Cycles,256,50
2023-06-07 10:27:35,(2(0)-1686158855:814163),systemResources.CPU_00,18949,31.00 percent
2023-06-07 10:27:35,(2(0)-1686158855:814210),systemResources.CPU_01,18950,9.00 percent
2023-06-07 10:27:35,(2(0)-1686158855:814250),systemResources.CPU_02,18951,26.26 percent
2023-06-07 10:27:35,(2(0)-1686158855:814285),systemResources.CPU_03,18952,10.89 percent
2023-06-07 10:27:35,(2(0)-1686158855:814287),systemResources.CPU,18948,19.29 percent
2023-06-07 10:27:35,(2(0)-1686158855:814299),systemResources.MEMORY_TOTAL,18944,3500740 KB
2023-06-07 10:27:35,(2(0)-1686158855:814300),systemResources.MEMORY_USED,18945,3135728 KB
2023-06-07 10:27:35,(2(0)-1686158855:814318),systemResources.FRAMEWORK_VERSION,18965,v3.2.0-27-ga17badf77
2023-06-07 10:27:35,(2(0)-1686158855:814320),systemResources.PROJECT_VERSION,18966,v3.2.0-27-ga17badf77
2023-06-07 10:27:36,(2(0)-1686158856:815495),systemResources.CPU_00,18949,35.35 percent
2023-06-07 10:27:36,(2(0)-1686158856:815512),systemResources.CPU_01,18950,20.00 percent
2023-06-07 10:27:36,(2(0)-1686158856:815526),systemResources.CPU_02,18951,49.00 percent
2023-06-07 10:27:36,(2(0)-1686158856:815542),systemResources.CPU_03,18952,17.17 percent
2023-06-07 10:27:36,(2(0)-1686158856:815543),systemResources.CPU,18948,30.38 percent
2023-06-07 10:27:36,(2(0)-1686158856:815551),systemResources.MEMORY_TOTAL,18944,3500308 KB
2023-06-07 10:27:36,(2(0)-1686158856:815552),systemResources.MEMORY_USED,18945,3136828 KB
2023-06-07 10:27:36,(2(0)-1686158856:815559),systemResources.FRAMEWORK_VERSION,18965,v3.2.0-27-ga17badf77
2023-06-07 10:27:36,(2(0)-1686158856:815560),systemResources.PROJECT_VERSION,18966,v3.2.0-27-ga17badf77
2023-06-07 10:27:37,(2(0)-1686158857:819063),blockDrv.BD_Cycles,256,51
2023-06-07 10:27:37,(2(0)-1686158857:819208),systemResources.CPU_00,18949,33.00 percent
2023-06-07 10:27:37,(2(0)-1686158857:819282),systemResources.CPU_01,18950,17.00 percent
2023-06-07 10:27:37,(2(0)-1686158857:819340),systemResources.CPU_02,18951,28.28 percent
2023-06-07 10:27:37,(2(0)-1686158857:819396),systemResources.CPU_03,18952,11.00 percent
2023-06-07 10:27:37,(2(0)-1686158857:819400),systemResources.CPU,18948,22.32 percent
2023-06-07 10:27:37,(2(0)-1686158857:819422),systemResources.MEMORY_TOTAL,18944,3500556 KB
2023-06-07 10:27:37,(2(0)-1686158857:819424),systemResources.MEMORY_USED,18945,3137624 KB
2023-06-07 10:27:37,(2(0)-1686158857:819451),systemResources.FRAMEWORK_VERSION,18965,v3.2.0-27-ga17badf77
2023-06-07 10:27:37,(2(0)-1686158857:819454),systemResources.PROJECT_VERSION,18966,v3.2.0-27-ga17badf77
2023-06-07 10:27:38,(2(0)-1686158858:820414),systemResources.CPU_00,18949,16.83 percent
2023-06-07 10:27:38,(2(0)-1686158858:820462),systemResources.CPU_01,18950,3.06 percent
2023-06-07 10:27:38,(2(0)-1686158858:820502),systemResources.CPU_02,18951,13.00 percent
2023-06-07 10:27:38,(2(0)-1686158858:820537),systemResources.CPU_03,18952,4.00 percent
2023-06-07 10:27:38,(2(0)-1686158858:820539),systemResources.CPU,18948,9.22 percent
2023-06-07 10:27:38,(2(0)-1686158858:820550),systemResources.MEMORY_TOTAL,18944,3500628 KB
2023-06-07 10:27:38,(2(0)-1686158858:820551),systemResources.MEMORY_USED,18945,3137516 KB
2023-06-07 10:27:38,(2(0)-1686158858:820561),systemResources.FRAMEWORK_VERSION,18965,v3.2.0-27-ga17badf77
2023-06-07 10:27:38,(2(0)-1686158858:820563),systemResources.PROJECT_VERSION,18966,v3.2.0-27-ga17badf77
2023-06-07 10:27:38,(2(0)-1686158858:820422),blockDrv.BD_Cycles,256,52
2023-06-07 10:27:39,(2(0)-1686158859:825042),blockDrv.BD_Cycles,256,53
2023-06-07 10:27:39,(2(0)-1686158859:824993),systemResources.CPU_00,18949,16.16 percent
2023-06-07 10:27:39,(2(0)-1686158859:825022),systemResources.CPU_01,18950,7.84 percent
2023-06-07 10:27:39,(2(0)-1686158859:825044),systemResources.CPU_02,18951,15.00 percent
2023-06-07 10:27:39,(2(0)-1686158859:825060),systemResources.CPU_03,18952,6.00 percent
2023-06-07 10:27:39,(2(0)-1686158859:825060),systemResources.CPU,18948,11.25 percent
2023-06-07 10:27:39,(2(0)-1686158859:825067),systemResources.MEMORY_TOTAL,18944,3500888 KB
2023-06-07 10:27:39,(2(0)-1686158859:825068),systemResources.MEMORY_USED,18945,3139448 KB
2023-06-07 10:27:39,(2(0)-1686158859:825076),systemResources.FRAMEWORK_VERSION,18965,v3.2.0-27-ga17badf77
2023-06-07 10:27:39,(2(0)-1686158859:825077),systemResources.PROJECT_VERSION,18966,v3.2.0-27-ga17badf77
2023-06-07 10:27:40,(2(0)-1686158860:829062),systemResources.CPU_00,18949,30.30 percent
2023-06-07 10:27:40,(2(0)-1686158860:829112),systemResources.CPU_01,18950,9.09 percent
2023-06-07 10:27:40,(2(0)-1686158860:829148),systemResources.CPU_02,18951,30.69 percent
2023-06-07 10:27:40,(2(0)-1686158860:829177),systemResources.CPU_03,18952,11.00 percent
2023-06-07 10:27:40,(2(0)-1686158860:829179),systemResources.CPU,18948,20.27 percent
2023-06-07 10:27:40,(2(0)-1686158860:829193),systemResources.MEMORY_TOTAL,18944,3500872 KB
2023-06-07 10:27:40,(2(0)-1686158860:829194),systemResources.MEMORY_USED,18945,3136900 KB
2023-06-07 10:27:40,(2(0)-1686158860:829215),systemResources.FRAMEWORK_VERSION,18965,v3.2.0-27-ga17badf77
2023-06-07 10:27:40,(2(0)-1686158860:829217),systemResources.PROJECT_VERSION,18966,v3.2.0-27-ga17badf77
2023-06-07 10:27:41,(2(0)-1686158861:830702),blockDrv.BD_Cycles,256,55
2023-06-07 10:27:41,(2(0)-1686158861:830761),systemResources.CPU_00,18949,22.00 percent
2023-06-07 10:27:41,(2(0)-1686158861:830778),systemResources.CPU_01,18950,9.00 percent
2023-06-07 10:27:41,(2(0)-1686158861:830803),systemResources.CPU_02,18951,20.41 percent
2023-06-07 10:27:41,(2(0)-1686158861:830828),systemResources.CPU_03,18952,8.08 percent
2023-06-07 10:27:41,(2(0)-1686158861:830829),systemResources.CPU,18948,14.87 percent
2023-06-07 10:27:41,(2(0)-1686158861:830838),systemResources.MEMORY_TOTAL,18944,3500736 KB
2023-06-07 10:27:41,(2(0)-1686158861:830838),systemResources.MEMORY_USED,18945,3137316 KB
2023-06-07 10:27:41,(2(0)-1686158861:830846),systemResources.FRAMEWORK_VERSION,18965,v3.2.0-27-ga17badf77
2023-06-07 10:27:41,(2(0)-1686158861:830848),systemResources.PROJECT_VERSION,18966,v3.2.0-27-ga17badf77
2023-06-07 10:27:42,(2(0)-1686158862:831559),systemResources.CPU_00,18949,43.43 percent
2023-06-07 10:27:42,(2(0)-1686158862:831604),systemResources.CPU_01,18950,18.00 percent
2023-06-07 10:27:42,(2(0)-1686158862:831655),systemResources.CPU_02,18951,40.00 percent
2023-06-07 10:27:42,(2(0)-1686158862:831687),systemResources.CPU_03,18952,17.00 percent
2023-06-07 10:27:42,(2(0)-1686158862:831689),systemResources.CPU,18948,29.61 percent
2023-06-07 10:27:42,(2(0)-1686158862:831701),systemResources.MEMORY_TOTAL,18944,3500476 KB
2023-06-07 10:27:42,(2(0)-1686158862:831702),systemResources.MEMORY_USED,18945,3146692 KB
2023-06-07 10:27:42,(2(0)-1686158862:831721),systemResources.FRAMEWORK_VERSION,18965,v3.2.0-27-ga17badf77
2023-06-07 10:27:42,(2(0)-1686158862:831723),systemResources.PROJECT_VERSION,18966,v3.2.0-27-ga17badf77
2023-06-07 10:27:43,(2(0)-1686158863:834183),blockDrv.BD_Cycles,256,57
2023-06-07 10:27:43,(2(0)-1686158863:834271),systemResources.CPU_00,18949,40.59 percent
2023-06-07 10:27:43,(2(0)-1686158863:834313),systemResources.CPU_01,18950,18.00 percent
2023-06-07 10:27:43,(2(0)-1686158863:834353),systemResources.CPU_02,18951,40.00 percent
2023-06-07 10:27:43,(2(0)-1686158863:834406),systemResources.CPU_03,18952,15.00 percent
2023-06-07 10:27:43,(2(0)-1686158863:834409),systemResources.CPU,18948,28.40 percent
2023-06-07 10:27:43,(2(0)-1686158863:834424),systemResources.MEMORY_TOTAL,18944,3500644 KB
2023-06-07 10:27:43,(2(0)-1686158863:834425),systemResources.MEMORY_USED,18945,3148076 KB
2023-06-07 10:27:43,(2(0)-1686158863:834446),systemResources.FRAMEWORK_VERSION,18965,v3.2.0-27-ga17badf77
2023-06-07 10:27:43,(2(0)-1686158863:834449),systemResources.PROJECT_VERSION,18966,v3.2.0-27-ga17badf77
2023-06-07 10:27:44,(2(0)-1686158864:835737),systemResources.CPU_00,18949,40.40 percent
2023-06-07 10:27:44,(2(0)-1686158864:835755),systemResources.CPU_01,18950,18.18 percent
2023-06-07 10:27:44,(2(0)-1686158864:835773),systemResources.CPU_02,18951,38.38 percent
2023-06-07 10:27:44,(2(0)-1686158864:835795),systemResources.CPU_03,18952,17.17 percent
2023-06-07 10:27:44,(2(0)-1686158864:835796),systemResources.CPU,18948,28.54 percent
2023-06-07 10:27:44,(2(0)-1686158864:835804),systemResources.MEMORY_TOTAL,18944,3500016 KB
2023-06-07 10:27:44,(2(0)-1686158864:835805),systemResources.MEMORY_USED,18945,3150056 KB
2023-06-07 10:27:44,(2(0)-1686158864:835815),systemResources.FRAMEWORK_VERSION,18965,v3.2.0-27-ga17badf77
2023-06-07 10:27:44,(2(0)-1686158864:835816),systemResources.PROJECT_VERSION,18966,v3.2.0-27-ga17badf77
2023-06-07 10:27:45,(2(0)-1686158865:837339),blockDrv.BD_Cycles,256,59
2023-06-07 10:27:45,(2(0)-1686158865:837413),systemResources.CPU_00,18949,34.34 percent
2023-06-07 10:27:45,(2(0)-1686158865:837435),systemResources.CPU_01,18950,11.88 percent
2023-06-07 10:27:45,(2(0)-1686158865:837485),systemResources.CPU_02,18951,30.00 percent
2023-06-07 10:27:45,(2(0)-1686158865:837515),systemResources.CPU_03,18952,11.00 percent
2023-06-07 10:27:45,(2(0)-1686158865:837517),systemResources.CPU,18948,21.81 percent
2023-06-07 10:27:45,(2(0)-1686158865:837529),systemResources.MEMORY_TOTAL,18944,3500600 KB
2023-06-07 10:27:45,(2(0)-1686158865:837530),systemResources.MEMORY_USED,18945,3154536 KB
2023-06-07 10:27:45,(2(0)-1686158865:837545),systemResources.FRAMEWORK_VERSION,18965,v3.2.0-27-ga17badf77
2023-06-07 10:27:45,(2(0)-1686158865:837546),systemResources.PROJECT_VERSION,18966,v3.2.0-27-ga17badf77
2023-06-07 10:27:46,(2(0)-1686158866:839161),systemResources.CPU_00,18949,52.48 percent
2023-06-07 10:27:46,(2(0)-1686158866:839180),systemResources.CPU_01,18950,28.57 percent
2023-06-07 10:27:46,(2(0)-1686158866:839197),systemResources.CPU_02,18951,51.52 percent
2023-06-07 10:27:46,(2(0)-1686158866:839213),systemResources.CPU_03,18952,28.00 percent
2023-06-07 10:27:46,(2(0)-1686158866:839214),systemResources.CPU,18948,40.14 percent
2023-06-07 10:27:46,(2(0)-1686158866:839222),systemResources.MEMORY_TOTAL,18944,3501020 KB
2023-06-07 10:27:46,(2(0)-1686158866:839223),systemResources.MEMORY_USED,18945,3035308 KB
2023-06-07 10:27:46,(2(0)-1686158866:839236),systemResources.FRAMEWORK_VERSION,18965,v3.2.0-27-ga17badf77
2023-06-07 10:27:46,(2(0)-1686158866:839238),systemResources.PROJECT_VERSION,18966,v3.2.0-27-ga17badf77
2023-06-07 10:27:47,(2(0)-1686158867:842326),blockDrv.BD_Cycles,256,61
2023-06-07 10:27:47,(2(0)-1686158867:842400),systemResources.CPU_00,18949,48.00 percent
2023-06-07 10:27:47,(2(0)-1686158867:842442),systemResources.CPU_01,18950,26.73 percent
2023-06-07 10:27:47,(2(0)-1686158867:842496),systemResources.CPU_02,18951,50.00 percent
2023-06-07 10:27:47,(2(0)-1686158867:842521),systemResources.CPU_03,18952,26.26 percent
2023-06-07 10:27:47,(2(0)-1686158867:842523),systemResources.CPU,18948,37.75 percent
2023-06-07 10:27:47,(2(0)-1686158867:842535),systemResources.MEMORY_TOTAL,18944,3500940 KB
2023-06-07 10:27:47,(2(0)-1686158867:842536),systemResources.MEMORY_USED,18945,3044856 KB
2023-06-07 10:27:47,(2(0)-1686158867:842558),systemResources.FRAMEWORK_VERSION,18965,v3.2.0-27-ga17badf77
2023-06-07 10:27:47,(2(0)-1686158867:842599),systemResources.PROJECT_VERSION,18966,v3.2.0-27-ga17badf77
