Hit Ctrl-C to quit
EVENT: (1280) (2:1686158806,668824) DIAGNOSTIC: (cmdDisp) OpCodeRegistered : Opcode 0x500 registered to port 0 slot 0
EVENT: (1280) (2:1686158806,668905) DIAGNOSTIC: (cmdDisp) OpCodeRegistered : Opcode 0x501 registered to port 0 slot 1
EVENT: (1280) (2:1686158806,668923) DIAGNOSTIC: (cmdDisp) OpCodeRegistered : Opcode 0x502 registered to port 0 slot 2
EVENT: (1280) (2:1686158806,668936) DIAGNOSTIC: (cmdDisp) OpCodeRegistered : Opcode 0x503 registered to port 0 slot 3
EVENT: (1280) (2:1686158806,668947) DIAGNOSTIC: (cmdDisp) OpCodeRegistered : Opcode 0x600 registered to port 1 slot 4
EVENT: (1280) (2:1686158806,668958) DIAGNOSTIC: (cmdDisp) OpCodeRegistered : Opcode 0x601 registered to port 1 slot 5
EVENT: (1280) (2:1686158806,668969) DIAGNOSTIC: (cmdDisp) OpCodeRegistered : Opcode 0x602 registered to port 1 slot 6
EVENT: (1280) (2:1686158806,668980) DIAGNOSTIC: (cmdDisp) OpCodeRegistered : Opcode 0x603 registered to port 1 slot 7
EVENT: (1280) (2:1686158806,668992) DIAGNOSTIC: (cmdDisp) OpCodeRegistered : Opcode 0x604 registered to port 1 slot 8
EVENT: (1280) (2:1686158806,669003) DIAGNOSTIC: (cmdDisp) OpCodeRegistered : Opcode 0x605 registered to port 1 slot 9
EVENT: (1280) (2:1686158806,669014) DIAGNOSTIC: (cmdDisp) OpCodeRegistered : Opcode 0x606 registered to port 1 slot 10
EVENT: (1280) (2:1686158806,669050) DIAGNOSTIC: (cmdDisp) OpCodeRegistered : Opcode 0x607 registered to port 1 slot 11
EVENT: (1280) (2:1686158806,669067) DIAGNOSTIC: (cmdDisp) OpCodeRegistered : Opcode 0xb00 registered to port 2 slot 12
EVENT: (1280) (2:1686158806,669079) DIAGNOSTIC: (cmdDisp) OpCodeRegistered : Opcode 0xb02 registered to port 2 slot 13
EVENT: (1280) (2:1686158806,669090) DIAGNOSTIC: (cmdDisp) OpCodeRegistered : Opcode 0xb03 registered to port 2 slot 14
EVENT: (1280) (2:1686158806,669102) DIAGNOSTIC: (cmdDisp) OpCodeRegistered : Opcode 0x700 registered to port 3 slot 15
EVENT: (1280) (2:1686158806,669113) DIAGNOSTIC: (cmdDisp) OpCodeRegistered : Opcode 0x701 registered to port 3 slot 16
EVENT: (1280) (2:1686158806,669124) DIAGNOSTIC: (cmdDisp) OpCodeRegistered : Opcode 0x702 registered to port 3 slot 17
EVENT: (1280) (2:1686158806,669136) DIAGNOSTIC: (cmdDisp) OpCodeRegistered : Opcode 0x800 registered to port 4 slot 18
EVENT: (1280) (2:1686158806,669148) DIAGNOSTIC: (cmdDisp) OpCodeRegistered : Opcode 0x801 registered to port 4 slot 19
EVENT: (1280) (2:1686158806,669159) DIAGNOSTIC: (cmdDisp) OpCodeRegistered : Opcode 0x802 registered to port 4 slot 20
EVENT: (1280) (2:1686158806,669170) DIAGNOSTIC: (cmdDisp) OpCodeRegistered : Opcode 0x803 registered to port 4 slot 21
EVENT: (1280) (2:1686158806,669181) DIAGNOSTIC: (cmdDisp) OpCodeRegistered : Opcode 0x804 registered to port 4 slot 22
EVENT: (1280) (2:1686158806,669192) DIAGNOSTIC: (cmdDisp) OpCodeRegistered : Opcode 0x805 registered to port 4 slot 23
EVENT: (1280) (2:1686158806,669203) DIAGNOSTIC: (cmdDisp) OpCodeRegistered : Opcode 0x806 registered to port 4 slot 24
EVENT: (1280) (2:1686158806,669214) DIAGNOSTIC: (cmdDisp) OpCodeRegistered : Opcode 0x2000 registered to port 5 slot 25
EVENT: (1280) (2:1686158806,669225) DIAGNOSTIC: (cmdDisp) OpCodeRegistered : Opcode 0x2001 registered to port 5 slot 26
EVENT: (1280) (2:1686158806,669237) DIAGNOSTIC: (cmdDisp) OpCodeRegistered : Opcode 0x2002 registered to port 5 slot 27
EVENT: (1280) (2:1686158806,669248) DIAGNOSTIC: (cmdDisp) OpCodeRegistered : Opcode 0x2700 registered to port 6 slot 28
EVENT: (1280) (2:1686158806,669259) DIAGNOSTIC: (cmdDisp) OpCodeRegistered : Opcode 0x270a registered to port 6 slot 29
EVENT: (1280) (2:1686158806,669270) DIAGNOSTIC: (cmdDisp) OpCodeRegistered : Opcode 0x270b registered to port 6 slot 30
EVENT: (1280) (2:1686158806,669281) DIAGNOSTIC: (cmdDisp) OpCodeRegistered : Opcode 0xe00 registered to port 7 slot 31
EVENT: (1280) (2:1686158806,669293) DIAGNOSTIC: (cmdDisp) OpCodeRegistered : Opcode 0xd00 registered to port 8 slot 32
EVENT: (1280) (2:1686158806,669304) DIAGNOSTIC: (cmdDisp) OpCodeRegistered : Opcode 0x4a00 registered to port 9 slot 33
EVENT: (1280) (2:1686158806,669315) DIAGNOSTIC: (cmdDisp) OpCodeRegistered : Opcode 0x4a01 registered to port 9 slot 34
EVENT: (3334) (2:1686158806,669395) WARNING_HI: (prmDb) PrmFileReadError : Parameter file read failed in stage OPEN (0) with record 0 and error 1
EVENT: (3328) (2:1686158806,669440) WARNING_LO: (prmDb) PrmIdNotFound : Parameter ID 0x2700 not found
[WARNING] High task priority of 140 being clamped to 47
[WARNING] High task priority of 101 being clamped to 47
[WARNING] High task priority of 100 being clamped to 47
[WARNING] High task priority of 98 being clamped to 47
[WARNING] High task priority of 100 being clamped to 47
[WARNING] High task priority of 100 being clamped to 47
[ERROR] Failed to send framed data: 2
[WARNING] High task priority of 100 being clamped to 47
[ERROR] Failed to send framed data: 2
[WARNING] High task priority of 100 being clamped to 47
[WARNING] High task priority of 96 being clamped to 47
[WARNING] High task priority of 120 being clamped to 47
[WARNING] High task priority of 119 being clamped to 47
EVENT: (512) (2:1686158806,669757) DIAGNOSTIC: (rateGroup1) RateGroupStarted : Rate group started.
EVENT: (768) (2:1686158806,669795) DIAGNOSTIC: (rateGroup2) RateGroupStarted : Rate group started.
[WARNING] High task priority of 118 being clamped to 47
EVENT: (1024) (2:1686158806,669863) DIAGNOSTIC: (rateGroup3) RateGroupStarted : Rate group started.
[WARNING] High task priority of 97 being clamped to 47
[WARNING] High task priority of 100 being clamped to 47
Connected to 0.0.0.0:50000 as a tcp client
EVENT: (1281) (2:1686158830,117028) COMMAND: (cmdDisp) OpCodeDispatched : Opcode 0xe00 dispatched to port 7
EVENT: (3584) (2:1686158830,117047) ACTIVITY_LO: (mathSender) COMMAND_RECV : Math command received: 2.000000 ADD (0) 0.000000
EVENT: (1282) (2:1686158830,117117) COMMAND: (cmdDisp) OpCodeCompleted : Opcode 0xe00 completed
EVENT: (9985) (2:1686158830,746243) ACTIVITY_HI: (mathReceiver) OPERATION_PERFORMED : ADD (0) operation performed
EVENT: (3585) (2:1686158830,746379) ACTIVITY_HI: (mathSender) RESULT : Math result is 2.000000
EVENT: (1281) (2:1686158842,142746) COMMAND: (cmdDisp) OpCodeDispatched : Opcode 0xe00 dispatched to port 7
EVENT: (3584) (2:1686158842,142759) ACTIVITY_LO: (mathSender) COMMAND_RECV : Math command received: 2.000000 DIV (3) 0.000000
EVENT: (1282) (2:1686158842,142839) COMMAND: (cmdDisp) OpCodeCompleted : Opcode 0xe00 completed
EVENT: (9985) (2:1686158842,778965) ACTIVITY_HI: (mathReceiver) OPERATION_PERFORMED : DIV (3) operation performed
EVENT: (3585) (2:1686158842,779142) ACTIVITY_HI: (mathSender) RESULT : Math result is inf
[WARNING] Failed to recv from port with status -8 and errno 0
Exiting...
