Hit Ctrl-C to quit
EVENT: (1280) (2:1685984891,478360) DIAGNOSTIC: (cmdDisp) OpCodeRegistered : Opcode 0x500 registered to port 0 slot 0
EVENT: (1280) (2:1685984891,478417) DIAGNOSTIC: (cmdDisp) OpCodeRegistered : Opcode 0x501 registered to port 0 slot 1
EVENT: (1280) (2:1685984891,478428) DIAGNOSTIC: (cmdDisp) OpCodeRegistered : Opcode 0x502 registered to port 0 slot 2
EVENT: (1280) (2:1685984891,478436) DIAGNOSTIC: (cmdDisp) OpCodeRegistered : Opcode 0x503 registered to port 0 slot 3
EVENT: (1280) (2:1685984891,478444) DIAGNOSTIC: (cmdDisp) OpCodeRegistered : Opcode 0x600 registered to port 1 slot 4
EVENT: (1280) (2:1685984891,478451) DIAGNOSTIC: (cmdDisp) OpCodeRegistered : Opcode 0x601 registered to port 1 slot 5
EVENT: (1280) (2:1685984891,478458) DIAGNOSTIC: (cmdDisp) OpCodeRegistered : Opcode 0x602 registered to port 1 slot 6
EVENT: (1280) (2:1685984891,478465) DIAGNOSTIC: (cmdDisp) OpCodeRegistered : Opcode 0x603 registered to port 1 slot 7
EVENT: (1280) (2:1685984891,478471) DIAGNOSTIC: (cmdDisp) OpCodeRegistered : Opcode 0x604 registered to port 1 slot 8
EVENT: (1280) (2:1685984891,478478) DIAGNOSTIC: (cmdDisp) OpCodeRegistered : Opcode 0x605 registered to port 1 slot 9
EVENT: (1280) (2:1685984891,478484) DIAGNOSTIC: (cmdDisp) OpCodeRegistered : Opcode 0x606 registered to port 1 slot 10
EVENT: (1280) (2:1685984891,478491) DIAGNOSTIC: (cmdDisp) OpCodeRegistered : Opcode 0x607 registered to port 1 slot 11
EVENT: (1280) (2:1685984891,478497) DIAGNOSTIC: (cmdDisp) OpCodeRegistered : Opcode 0xb00 registered to port 2 slot 12
EVENT: (1280) (2:1685984891,478504) DIAGNOSTIC: (cmdDisp) OpCodeRegistered : Opcode 0xb02 registered to port 2 slot 13
EVENT: (1280) (2:1685984891,478511) DIAGNOSTIC: (cmdDisp) OpCodeRegistered : Opcode 0xb03 registered to port 2 slot 14
EVENT: (1280) (2:1685984891,478517) DIAGNOSTIC: (cmdDisp) OpCodeRegistered : Opcode 0x700 registered to port 3 slot 15
EVENT: (1280) (2:1685984891,478524) DIAGNOSTIC: (cmdDisp) OpCodeRegistered : Opcode 0x701 registered to port 3 slot 16
EVENT: (1280) (2:1685984891,478530) DIAGNOSTIC: (cmdDisp) OpCodeRegistered : Opcode 0x702 registered to port 3 slot 17
EVENT: (1280) (2:1685984891,478537) DIAGNOSTIC: (cmdDisp) OpCodeRegistered : Opcode 0x800 registered to port 4 slot 18
EVENT: (1280) (2:1685984891,478543) DIAGNOSTIC: (cmdDisp) OpCodeRegistered : Opcode 0x801 registered to port 4 slot 19
EVENT: (1280) (2:1685984891,478550) DIAGNOSTIC: (cmdDisp) OpCodeRegistered : Opcode 0x802 registered to port 4 slot 20
EVENT: (1280) (2:1685984891,478556) DIAGNOSTIC: (cmdDisp) OpCodeRegistered : Opcode 0x803 registered to port 4 slot 21
EVENT: (1280) (2:1685984891,478563) DIAGNOSTIC: (cmdDisp) OpCodeRegistered : Opcode 0x804 registered to port 4 slot 22
EVENT: (1280) (2:1685984891,478569) DIAGNOSTIC: (cmdDisp) OpCodeRegistered : Opcode 0x805 registered to port 4 slot 23
EVENT: (1280) (2:1685984891,478576) DIAGNOSTIC: (cmdDisp) OpCodeRegistered : Opcode 0x806 registered to port 4 slot 24
EVENT: (1280) (2:1685984891,478583) DIAGNOSTIC: (cmdDisp) OpCodeRegistered : Opcode 0x2000 registered to port 5 slot 25
EVENT: (1280) (2:1685984891,478589) DIAGNOSTIC: (cmdDisp) OpCodeRegistered : Opcode 0x2001 registered to port 5 slot 26
EVENT: (1280) (2:1685984891,478596) DIAGNOSTIC: (cmdDisp) OpCodeRegistered : Opcode 0x2002 registered to port 5 slot 27
EVENT: (1280) (2:1685984891,478602) DIAGNOSTIC: (cmdDisp) OpCodeRegistered : Opcode 0x2700 registered to port 6 slot 28
EVENT: (1280) (2:1685984891,478609) DIAGNOSTIC: (cmdDisp) OpCodeRegistered : Opcode 0x270a registered to port 6 slot 29
EVENT: (1280) (2:1685984891,478615) DIAGNOSTIC: (cmdDisp) OpCodeRegistered : Opcode 0x270b registered to port 6 slot 30
EVENT: (1280) (2:1685984891,478622) DIAGNOSTIC: (cmdDisp) OpCodeRegistered : Opcode 0xe00 registered to port 7 slot 31
EVENT: (1280) (2:1685984891,478629) DIAGNOSTIC: (cmdDisp) OpCodeRegistered : Opcode 0xd00 registered to port 8 slot 32
EVENT: (1280) (2:1685984891,478635) DIAGNOSTIC: (cmdDisp) OpCodeRegistered : Opcode 0x4a00 registered to port 9 slot 33
EVENT: (1280) (2:1685984891,478642) DIAGNOSTIC: (cmdDisp) OpCodeRegistered : Opcode 0x4a01 registered to port 9 slot 34
EVENT: (3334) (2:1685984891,478679) WARNING_HI: (prmDb) PrmFileReadError : Parameter file read failed in stage OPEN (0) with record 0 and error 1
[WARNING] High task priority of 140 being clamped to 47
[WARNING] High task priority of 101 being clamped to 47
[WARNING] High task priority of 100 being clamped to 47
[WARNING] High task priority of 98 being clamped to 47
[WARNING] High task priority of 100 being clamped to 47
[ERROR] Failed to send framed data: 2
[WARNING] High task priority of 100 being clamped to 47
[WARNING] High task priority of 100 being clamped to 47
[WARNING] High task priority of 100 being clamped to 47
[WARNING] High task priority of 96 being clamped to 47
[WARNING] High task priority of 120 being clamped to 47
[WARNING] High task priority of 119 being clamped to 47
EVENT: (512) (2:1685984891,478967) DIAGNOSTIC: (rateGroup1) RateGroupStarted : Rate group started.
EVENT: (768) (2:1685984891,478985) DIAGNOSTIC: (rateGroup2) RateGroupStarted : Rate group started.
[WARNING] High task priority of 118 being clamped to 47
[WARNING] High task priority of 97 being clamped to 47
EVENT: (1024) (2:1685984891,479034) DIAGNOSTIC: (rateGroup3) RateGroupStarted : Rate group started.
[WARNING] High task priority of 100 being clamped to 47
Connected to 0.0.0.0:50000 as a tcp client
EVENT: (1281) (2:1685985157,285350) COMMAND: (cmdDisp) OpCodeDispatched : Opcode 0xe00 dispatched to port 7
EVENT: (3584) (2:1685985157,285362) ACTIVITY_LO: (mathSender) COMMAND_RECV : Math command received: 1.000000 ADD (0) 2.000000
EVENT: (1282) (2:1685985157,285457) COMMAND: (cmdDisp) OpCodeCompleted : Opcode 0xe00 completed
Assert: "/Users/asloan/MathProject1/Components/MathReceiver/MathReceiver.cpp:71" 0
FATAL 16897 handled.
Exiting with abort signal and core dump file.
