2023-06-07 13:18:55,(2(0)-1686169135:124027),systemResources.CPU_00,18949,58.00 percent
2023-06-07 13:18:55,(2(0)-1686169135:124045),systemResources.CPU_01,18950,38.00 percent
2023-06-07 13:18:55,(2(0)-1686169135:124063),systemResources.CPU_02,18951,53.00 percent
2023-06-07 13:18:55,(2(0)-1686169135:124100),systemResources.CPU_03,18952,34.00 percent
2023-06-07 13:18:55,(2(0)-1686169135:124101),systemResources.CPU,18948,45.75 percent
2023-06-07 13:18:55,(2(0)-1686169135:124109),systemResources.MEMORY_TOTAL,18944,3488096 KB
2023-06-07 13:18:55,(2(0)-1686169135:124110),systemResources.MEMORY_USED,18945,3052536 KB
2023-06-07 13:18:55,(2(0)-1686169135:124119),systemResources.FRAMEWORK_VERSION,18965,v3.2.0-27-ga17badf77
2023-06-07 13:18:55,(2(0)-1686169135:124120),systemResources.PROJECT_VERSION,18966,v3.2.0-27-ga17badf77
2023-06-07 13:18:55,(2(0)-1686169135:124122),rateGroup1.RgMaxTime,512,168 us
2023-06-07 13:18:56,(2(0)-1686169136:125138),blockDrv.BD_Cycles,256,2
2023-06-07 13:18:56,(2(0)-1686169136:125174),rateGroup2.RgMaxTime,768,76 us
2023-06-07 13:18:56,(2(0)-1686169136:125257),systemResources.CPU_00,18949,62.63 percent
2023-06-07 13:18:56,(2(0)-1686169136:125331),systemResources.CPU_01,18950,39.00 percent
2023-06-07 13:18:56,(2(0)-1686169136:125445),systemResources.CPU_02,18951,58.59 percent
2023-06-07 13:18:56,(2(0)-1686169136:125511),systemResources.CPU_03,18952,42.42 percent
2023-06-07 13:18:56,(2(0)-1686169136:125515),systemResources.CPU,18948,50.66 percent
2023-06-07 13:18:56,(2(0)-1686169136:125540),systemResources.MEMORY_TOTAL,18944,3487644 KB
2023-06-07 13:18:56,(2(0)-1686169136:125542),systemResources.MEMORY_USED,18945,3076708 KB
2023-06-07 13:18:56,(2(0)-1686169136:125575),systemResources.FRAMEWORK_VERSION,18965,v3.2.0-27-ga17badf77
2023-06-07 13:18:56,(2(0)-1686169136:125579),systemResources.PROJECT_VERSION,18966,v3.2.0-27-ga17badf77
2023-06-07 13:18:56,(2(0)-1686169136:125587),rateGroup1.RgMaxTime,512,489 us
2023-06-07 13:18:57,(2(0)-1686169137:128135),blockDrv.BD_Cycles,256,3
2023-06-07 13:18:57,(2(0)-1686169137:128194),systemResources.CPU_00,18949,57.00 percent
2023-06-07 13:18:57,(2(0)-1686169137:128257),systemResources.CPU_01,18950,39.39 percent
2023-06-07 13:18:57,(2(0)-1686169137:128297),systemResources.CPU_02,18951,54.00 percent
2023-06-07 13:18:57,(2(0)-1686169137:128321),systemResources.CPU_03,18952,38.00 percent
2023-06-07 13:18:57,(2(0)-1686169137:128322),systemResources.CPU,18948,47.10 percent
2023-06-07 13:18:57,(2(0)-1686169137:128331),systemResources.MEMORY_TOTAL,18944,3487504 KB
2023-06-07 13:18:57,(2(0)-1686169137:128331),systemResources.MEMORY_USED,18945,3051368 KB
2023-06-07 13:18:57,(2(0)-1686169137:128344),systemResources.FRAMEWORK_VERSION,18965,v3.2.0-27-ga17badf77
2023-06-07 13:18:57,(2(0)-1686169137:128345),systemResources.PROJECT_VERSION,18966,v3.2.0-27-ga17badf77
2023-06-07 13:18:58,(2(0)-1686169138:129757),blockDrv.BD_Cycles,256,4
2023-06-07 13:18:58,(2(0)-1686169138:129799),systemResources.CPU_00,18949,92.08 percent
2023-06-07 13:18:58,(2(0)-1686169138:129816),systemResources.CPU_01,18950,66.00 percent
2023-06-07 13:18:58,(2(0)-1686169138:129831),systemResources.CPU_02,18951,91.00 percent
2023-06-07 13:18:58,(2(0)-1686169138:129845),systemResources.CPU_03,18952,62.63 percent
2023-06-07 13:18:58,(2(0)-1686169138:129846),systemResources.CPU,18948,77.93 percent
2023-06-07 13:18:58,(2(0)-1686169138:129854),systemResources.MEMORY_TOTAL,18944,3488024 KB
2023-06-07 13:18:58,(2(0)-1686169138:129855),systemResources.MEMORY_USED,18945,3077976 KB
2023-06-07 13:18:58,(2(0)-1686169138:129862),systemResources.FRAMEWORK_VERSION,18965,v3.2.0-27-ga17badf77
2023-06-07 13:18:58,(2(0)-1686169138:129864),systemResources.PROJECT_VERSION,18966,v3.2.0-27-ga17badf77
2023-06-07 13:18:59,(2(0)-1686169139:132154),blockDrv.BD_Cycles,256,5
2023-06-07 13:18:59,(2(0)-1686169139:132312),systemResources.CPU_00,18949,68.69 percent
2023-06-07 13:18:59,(2(0)-1686169139:132384),systemResources.CPU_01,18950,44.00 percent
2023-06-07 13:18:59,(2(0)-1686169139:132531),systemResources.CPU_02,18951,69.70 percent
2023-06-07 13:18:59,(2(0)-1686169139:132598),systemResources.CPU_03,18952,41.00 percent
2023-06-07 13:18:59,(2(0)-1686169139:132601),systemResources.CPU,18948,55.85 percent
2023-06-07 13:18:59,(2(0)-1686169139:132628),systemResources.MEMORY_TOTAL,18944,3488436 KB
2023-06-07 13:18:59,(2(0)-1686169139:132630),systemResources.MEMORY_USED,18945,3088380 KB
2023-06-07 13:18:59,(2(0)-1686169139:132666),systemResources.FRAMEWORK_VERSION,18965,v3.2.0-27-ga17badf77
2023-06-07 13:18:59,(2(0)-1686169139:132670),systemResources.PROJECT_VERSION,18966,v3.2.0-27-ga17badf77
2023-06-07 13:18:59,(2(0)-1686169139:132677),rateGroup1.RgMaxTime,512,649 us
2023-06-07 13:19:00,(2(0)-1686169140:136537),rateGroup2.RgMaxTime,768,94 us
2023-06-07 13:19:00,(2(0)-1686169140:136569),systemResources.CPU_00,18949,61.39 percent
2023-06-07 13:19:00,(2(0)-1686169140:136673),systemResources.CPU_01,18950,40.40 percent
2023-06-07 13:19:00,(2(0)-1686169140:136722),systemResources.CPU_02,18951,61.39 percent
2023-06-07 13:19:00,(2(0)-1686169140:136762),systemResources.CPU_03,18952,40.00 percent
2023-06-07 13:19:00,(2(0)-1686169140:136764),systemResources.CPU,18948,50.79 percent
2023-06-07 13:19:00,(2(0)-1686169140:136780),systemResources.MEMORY_TOTAL,18944,3487708 KB
2023-06-07 13:19:00,(2(0)-1686169140:136782),systemResources.MEMORY_USED,18945,3099348 KB
2023-06-07 13:19:00,(2(0)-1686169140:136807),systemResources.FRAMEWORK_VERSION,18965,v3.2.0-27-ga17badf77
2023-06-07 13:19:00,(2(0)-1686169140:136809),systemResources.PROJECT_VERSION,18966,v3.2.0-27-ga17badf77
2023-06-07 13:19:00,(2(0)-1686169140:136695),blockDrv.BD_Cycles,256,6
2023-06-07 13:19:01,(2(0)-1686169141:139989),systemResources.CPU_00,18949,55.56 percent
2023-06-07 13:19:01,(2(0)-1686169141:140007),systemResources.CPU_01,18950,38.00 percent
2023-06-07 13:19:01,(2(0)-1686169141:140040),systemResources.CPU_02,18951,55.00 percent
2023-06-07 13:19:01,(2(0)-1686169141:140060),systemResources.CPU_03,18952,35.00 percent
2023-06-07 13:19:01,(2(0)-1686169141:140061),systemResources.CPU,18948,45.89 percent
2023-06-07 13:19:01,(2(0)-1686169141:140070),systemResources.MEMORY_TOTAL,18944,3487872 KB
2023-06-07 13:19:01,(2(0)-1686169141:140070),systemResources.MEMORY_USED,18945,3049620 KB
2023-06-07 13:19:01,(2(0)-1686169141:140084),systemResources.FRAMEWORK_VERSION,18965,v3.2.0-27-ga17badf77
2023-06-07 13:19:01,(2(0)-1686169141:140085),systemResources.PROJECT_VERSION,18966,v3.2.0-27-ga17badf77
2023-06-07 13:19:01,(2(0)-1686169141:140121),blockDrv.BD_Cycles,256,7
2023-06-07 13:19:02,(2(0)-1686169142:145134),rateGroup2.RgMaxTime,768,112 us
2023-06-07 13:19:02,(2(0)-1686169142:145089),systemResources.CPU_00,18949,66.00 percent
2023-06-07 13:19:02,(2(0)-1686169142:145107),systemResources.CPU_01,18950,46.53 percent
2023-06-07 13:19:02,(2(0)-1686169142:145123),systemResources.CPU_02,18951,64.00 percent
2023-06-07 13:19:02,(2(0)-1686169142:145137),systemResources.CPU_03,18952,45.00 percent
2023-06-07 13:19:02,(2(0)-1686169142:145138),systemResources.CPU,18948,55.38 percent
2023-06-07 13:19:02,(2(0)-1686169142:145146),systemResources.MEMORY_TOTAL,18944,3488124 KB
2023-06-07 13:19:02,(2(0)-1686169142:145147),systemResources.MEMORY_USED,18945,3050012 KB
2023-06-07 13:19:02,(2(0)-1686169142:145155),systemResources.FRAMEWORK_VERSION,18965,v3.2.0-27-ga17badf77
2023-06-07 13:19:02,(2(0)-1686169142:145157),systemResources.PROJECT_VERSION,18966,v3.2.0-27-ga17badf77
2023-06-07 13:19:02,(2(0)-1686169142:145218),rateGroup3.RgMaxTime,1024,197 us
2023-06-07 13:19:03,(2(0)-1686169143:148710),blockDrv.BD_Cycles,256,9
2023-06-07 13:19:03,(2(0)-1686169143:148771),systemResources.CPU_00,18949,70.30 percent
2023-06-07 13:19:03,(2(0)-1686169143:148797),systemResources.CPU_01,18950,50.00 percent
2023-06-07 13:19:03,(2(0)-1686169143:148856),systemResources.CPU_02,18951,72.00 percent
2023-06-07 13:19:03,(2(0)-1686169143:148887),systemResources.CPU_03,18952,47.00 percent
2023-06-07 13:19:03,(2(0)-1686169143:148889),systemResources.CPU,18948,59.82 percent
2023-06-07 13:19:03,(2(0)-1686169143:148902),systemResources.MEMORY_TOTAL,18944,3487580 KB
2023-06-07 13:19:03,(2(0)-1686169143:148903),systemResources.MEMORY_USED,18945,3062608 KB
2023-06-07 13:19:03,(2(0)-1686169143:148922),systemResources.FRAMEWORK_VERSION,18965,v3.2.0-27-ga17badf77
2023-06-07 13:19:03,(2(0)-1686169143:148924),systemResources.PROJECT_VERSION,18966,v3.2.0-27-ga17badf77
2023-06-07 13:19:04,(2(0)-1686169144:150542),systemResources.CPU_00,18949,63.00 percent
2023-06-07 13:19:04,(2(0)-1686169144:150575),systemResources.CPU_01,18950,48.48 percent
2023-06-07 13:19:04,(2(0)-1686169144:150602),systemResources.CPU_02,18951,70.00 percent
2023-06-07 13:19:04,(2(0)-1686169144:150629),systemResources.CPU_03,18952,51.00 percent
2023-06-07 13:19:04,(2(0)-1686169144:150630),systemResources.CPU,18948,58.12 percent
2023-06-07 13:19:04,(2(0)-1686169144:150645),systemResources.MEMORY_TOTAL,18944,3487736 KB
2023-06-07 13:19:04,(2(0)-1686169144:150646),systemResources.MEMORY_USED,18945,3066520 KB
2023-06-07 13:19:04,(2(0)-1686169144:150664),systemResources.FRAMEWORK_VERSION,18965,v3.2.0-27-ga17badf77
2023-06-07 13:19:04,(2(0)-1686169144:150666),systemResources.PROJECT_VERSION,18966,v3.2.0-27-ga17badf77
2023-06-07 13:19:05,(2(0)-1686169145:154699),blockDrv.BD_Cycles,256,11
2023-06-07 13:19:05,(2(0)-1686169145:154748),systemResources.CPU_00,18949,56.57 percent
2023-06-07 13:19:05,(2(0)-1686169145:154763),systemResources.CPU_01,18950,40.00 percent
2023-06-07 13:19:05,(2(0)-1686169145:154784),systemResources.CPU_02,18951,53.54 percent
2023-06-07 13:19:05,(2(0)-1686169145:154808),systemResources.CPU_03,18952,38.00 percent
2023-06-07 13:19:05,(2(0)-1686169145:154809),systemResources.CPU,18948,47.03 percent
2023-06-07 13:19:05,(2(0)-1686169145:154817),systemResources.MEMORY_TOTAL,18944,3487728 KB
2023-06-07 13:19:05,(2(0)-1686169145:154818),systemResources.MEMORY_USED,18945,3086680 KB
2023-06-07 13:19:05,(2(0)-1686169145:154829),systemResources.FRAMEWORK_VERSION,18965,v3.2.0-27-ga17badf77
2023-06-07 13:19:05,(2(0)-1686169145:154830),systemResources.PROJECT_VERSION,18966,v3.2.0-27-ga17badf77
2023-06-07 13:19:06,(2(0)-1686169146:156123),systemResources.CPU_00,18949,55.00 percent
2023-06-07 13:19:06,(2(0)-1686169146:156153),systemResources.CPU_01,18950,41.58 percent
2023-06-07 13:19:06,(2(0)-1686169146:156252),systemResources.CPU_02,18951,53.47 percent
2023-06-07 13:19:06,(2(0)-1686169146:156289),systemResources.CPU_03,18952,38.38 percent
2023-06-07 13:19:06,(2(0)-1686169146:156291),systemResources.CPU,18948,47.11 percent
2023-06-07 13:19:06,(2(0)-1686169146:156305),systemResources.MEMORY_TOTAL,18944,3487868 KB
2023-06-07 13:19:06,(2(0)-1686169146:156307),systemResources.MEMORY_USED,18945,3097212 KB
2023-06-07 13:19:06,(2(0)-1686169146:156344),systemResources.FRAMEWORK_VERSION,18965,v3.2.0-27-ga17badf77
2023-06-07 13:19:06,(2(0)-1686169146:156348),systemResources.PROJECT_VERSION,18966,v3.2.0-27-ga17badf77
2023-06-07 13:19:07,(2(0)-1686169147:157405),blockDrv.BD_Cycles,256,13
2023-06-07 13:19:07,(2(0)-1686169147:157455),systemResources.CPU_00,18949,52.00 percent
2023-06-07 13:19:07,(2(0)-1686169147:157478),systemResources.CPU_01,18950,40.82 percent
2023-06-07 13:19:07,(2(0)-1686169147:157500),systemResources.CPU_02,18951,54.00 percent
2023-06-07 13:19:07,(2(0)-1686169147:157520),systemResources.CPU_03,18952,40.00 percent
2023-06-07 13:19:07,(2(0)-1686169147:157522),systemResources.CPU,18948,46.70 percent
2023-06-07 13:19:07,(2(0)-1686169147:157533),systemResources.MEMORY_TOTAL,18944,3487560 KB
2023-06-07 13:19:07,(2(0)-1686169147:157534),systemResources.MEMORY_USED,18945,3074756 KB
2023-06-07 13:19:07,(2(0)-1686169147:157546),systemResources.FRAMEWORK_VERSION,18965,v3.2.0-27-ga17badf77
2023-06-07 13:19:07,(2(0)-1686169147:157548),systemResources.PROJECT_VERSION,18966,v3.2.0-27-ga17badf77
2023-06-07 13:19:08,(2(0)-1686169148:161814),systemResources.CPU_00,18949,51.00 percent
2023-06-07 13:19:08,(2(0)-1686169148:161840),systemResources.CPU_01,18950,41.18 percent
2023-06-07 13:19:08,(2(0)-1686169148:161864),systemResources.CPU_02,18951,51.00 percent
2023-06-07 13:19:08,(2(0)-1686169148:161885),systemResources.CPU_03,18952,41.58 percent
2023-06-07 13:19:08,(2(0)-1686169148:161886),systemResources.CPU,18948,46.19 percent
2023-06-07 13:19:08,(2(0)-1686169148:161896),systemResources.MEMORY_TOTAL,18944,3488232 KB
2023-06-07 13:19:08,(2(0)-1686169148:161896),systemResources.MEMORY_USED,18945,3087412 KB
2023-06-07 13:19:08,(2(0)-1686169148:161909),systemResources.FRAMEWORK_VERSION,18965,v3.2.0-27-ga17badf77
2023-06-07 13:19:08,(2(0)-1686169148:161910),systemResources.PROJECT_VERSION,18966,v3.2.0-27-ga17badf77
2023-06-07 13:19:09,(2(0)-1686169149:163665),blockDrv.BD_Cycles,256,15
2023-06-07 13:19:09,(2(0)-1686169149:163759),systemResources.CPU_00,18949,50.00 percent
2023-06-07 13:19:09,(2(0)-1686169149:163801),systemResources.CPU_01,18950,40.00 percent
2023-06-07 13:19:09,(2(0)-1686169149:163833),systemResources.CPU_02,18951,48.48 percent
2023-06-07 13:19:09,(2(0)-1686169149:163854),systemResources.CPU_03,18952,38.38 percent
2023-06-07 13:19:09,(2(0)-1686169149:163855),systemResources.CPU,18948,44.22 percent
2023-06-07 13:19:09,(2(0)-1686169149:163864),systemResources.MEMORY_TOTAL,18944,3487764 KB
2023-06-07 13:19:09,(2(0)-1686169149:163865),systemResources.MEMORY_USED,18945,3093372 KB
2023-06-07 13:19:09,(2(0)-1686169149:163882),systemResources.FRAMEWORK_VERSION,18965,v3.2.0-27-ga17badf77
2023-06-07 13:19:09,(2(0)-1686169149:163883),systemResources.PROJECT_VERSION,18966,v3.2.0-27-ga17badf77
2023-06-07 13:19:10,(2(0)-1686169150:166443),rateGroup2.RgMaxTime,768,138 us
2023-06-07 13:19:10,(2(0)-1686169150:166533),systemResources.CPU_00,18949,50.00 percent
2023-06-07 13:19:10,(2(0)-1686169150:166592),systemResources.CPU_01,18950,33.33 percent
2023-06-07 13:19:10,(2(0)-1686169150:166638),systemResources.CPU_02,18951,46.00 percent
2023-06-07 13:19:10,(2(0)-1686169150:166681),systemResources.CPU_03,18952,35.00 percent
2023-06-07 13:19:10,(2(0)-1686169150:166684),systemResources.CPU,18948,41.08 percent
2023-06-07 13:19:10,(2(0)-1686169150:166738),systemResources.MEMORY_TOTAL,18944,3487792 KB
2023-06-07 13:19:10,(2(0)-1686169150:166741),systemResources.MEMORY_USED,18945,3099808 KB
2023-06-07 13:19:10,(2(0)-1686169150:166763),systemResources.FRAMEWORK_VERSION,18965,v3.2.0-27-ga17badf77
2023-06-07 13:19:10,(2(0)-1686169150:166767),systemResources.PROJECT_VERSION,18966,v3.2.0-27-ga17badf77
2023-06-07 13:19:10,(2(0)-1686169150:166724),rateGroup3.RgMaxTime,1024,420 us
2023-06-07 13:19:11,(2(0)-1686169151:169712),blockDrv.BD_Cycles,256,17
2023-06-07 13:19:11,(2(0)-1686169151:169759),systemResources.CPU_00,18949,57.00 percent
2023-06-07 13:19:11,(2(0)-1686169151:169788),systemResources.CPU_01,18950,44.00 percent
2023-06-07 13:19:11,(2(0)-1686169151:169812),systemResources.CPU_02,18951,56.00 percent
2023-06-07 13:19:11,(2(0)-1686169151:169829),systemResources.CPU_03,18952,41.00 percent
2023-06-07 13:19:11,(2(0)-1686169151:169830),systemResources.CPU,18948,49.50 percent
2023-06-07 13:19:11,(2(0)-1686169151:169839),systemResources.MEMORY_TOTAL,18944,3488344 KB
2023-06-07 13:19:11,(2(0)-1686169151:169839),systemResources.MEMORY_USED,18945,3101988 KB
2023-06-07 13:19:11,(2(0)-1686169151:169847),systemResources.FRAMEWORK_VERSION,18965,v3.2.0-27-ga17badf77
2023-06-07 13:19:11,(2(0)-1686169151:169848),systemResources.PROJECT_VERSION,18966,v3.2.0-27-ga17badf77
2023-06-07 13:19:12,(2(0)-1686169152:174670),blockDrv.BD_Cycles,256,18
2023-06-07 13:19:12,(2(0)-1686169152:174723),systemResources.CPU_00,18949,53.00 percent
2023-06-07 13:19:12,(2(0)-1686169152:174762),systemResources.CPU_01,18950,39.00 percent
2023-06-07 13:19:12,(2(0)-1686169152:174789),systemResources.CPU_02,18951,51.00 percent
2023-06-07 13:19:12,(2(0)-1686169152:174814),systemResources.CPU_03,18952,38.00 percent
2023-06-07 13:19:12,(2(0)-1686169152:174816),systemResources.CPU,18948,45.25 percent
2023-06-07 13:19:12,(2(0)-1686169152:174827),systemResources.MEMORY_TOTAL,18944,3487916 KB
2023-06-07 13:19:12,(2(0)-1686169152:174828),systemResources.MEMORY_USED,18945,3104948 KB
2023-06-07 13:19:12,(2(0)-1686169152:174840),systemResources.FRAMEWORK_VERSION,18965,v3.2.0-27-ga17badf77
2023-06-07 13:19:12,(2(0)-1686169152:174841),systemResources.PROJECT_VERSION,18966,v3.2.0-27-ga17badf77
2023-06-07 13:19:13,(2(0)-1686169153:176547),blockDrv.BD_Cycles,256,19
2023-06-07 13:19:13,(2(0)-1686169153:176621),systemResources.CPU_00,18949,79.00 percent
2023-06-07 13:19:13,(2(0)-1686169153:176655),systemResources.CPU_01,18950,58.00 percent
2023-06-07 13:19:13,(2(0)-1686169153:176689),systemResources.CPU_02,18951,75.25 percent
2023-06-07 13:19:13,(2(0)-1686169153:176718),systemResources.CPU_03,18952,57.00 percent
2023-06-07 13:19:13,(2(0)-1686169153:176720),systemResources.CPU,18948,67.31 percent
2023-06-07 13:19:13,(2(0)-1686169153:176734),systemResources.MEMORY_TOTAL,18944,3487276 KB
2023-06-07 13:19:13,(2(0)-1686169153:176735),systemResources.MEMORY_USED,18945,3101932 KB
2023-06-07 13:19:13,(2(0)-1686169153:176751),systemResources.FRAMEWORK_VERSION,18965,v3.2.0-27-ga17badf77
2023-06-07 13:19:13,(2(0)-1686169153:176753),systemResources.PROJECT_VERSION,18966,v3.2.0-27-ga17badf77
2023-06-07 13:19:14,(2(0)-1686169154:178544),blockDrv.BD_Cycles,256,20
2023-06-07 13:19:14,(2(0)-1686169154:178615),systemResources.CPU_00,18949,76.00 percent
2023-06-07 13:19:14,(2(0)-1686169154:178650),systemResources.CPU_01,18950,48.00 percent
2023-06-07 13:19:14,(2(0)-1686169154:178679),systemResources.CPU_02,18951,72.00 percent
2023-06-07 13:19:14,(2(0)-1686169154:178710),systemResources.CPU_03,18952,51.00 percent
2023-06-07 13:19:14,(2(0)-1686169154:178711),systemResources.CPU,18948,61.75 percent
2023-06-07 13:19:14,(2(0)-1686169154:178725),systemResources.MEMORY_TOTAL,18944,3488160 KB
2023-06-07 13:19:14,(2(0)-1686169154:178727),systemResources.MEMORY_USED,18945,3100992 KB
2023-06-07 13:19:14,(2(0)-1686169154:178742),systemResources.FRAMEWORK_VERSION,18965,v3.2.0-27-ga17badf77
2023-06-07 13:19:14,(2(0)-1686169154:178745),systemResources.PROJECT_VERSION,18966,v3.2.0-27-ga17badf77
2023-06-07 13:19:15,(2(0)-1686169155:180649),blockDrv.BD_Cycles,256,21
2023-06-07 13:19:15,(2(0)-1686169155:180780),systemResources.CPU_00,18949,64.36 percent
2023-06-07 13:19:15,(2(0)-1686169155:180840),systemResources.CPU_01,18950,43.43 percent
2023-06-07 13:19:15,(2(0)-1686169155:180901),systemResources.CPU_02,18951,64.65 percent
2023-06-07 13:19:15,(2(0)-1686169155:180959),systemResources.CPU_03,18952,42.00 percent
2023-06-07 13:19:15,(2(0)-1686169155:180962),systemResources.CPU,18948,53.61 percent
2023-06-07 13:19:15,(2(0)-1686169155:180987),systemResources.MEMORY_TOTAL,18944,3487912 KB
2023-06-07 13:19:15,(2(0)-1686169155:180989),systemResources.MEMORY_USED,18945,3097908 KB
2023-06-07 13:19:15,(2(0)-1686169155:181058),systemResources.FRAMEWORK_VERSION,18965,v3.2.0-27-ga17badf77
2023-06-07 13:19:15,(2(0)-1686169155:181063),systemResources.PROJECT_VERSION,18966,v3.2.0-27-ga17badf77
2023-06-07 13:19:16,(2(0)-1686169156:181867),blockDrv.BD_Cycles,256,22
2023-06-07 13:19:16,(2(0)-1686169156:181914),systemResources.CPU_00,18949,60.61 percent
2023-06-07 13:19:16,(2(0)-1686169156:181931),systemResources.CPU_01,18950,46.53 percent
2023-06-07 13:19:16,(2(0)-1686169156:181947),systemResources.CPU_02,18951,60.00 percent
2023-06-07 13:19:16,(2(0)-1686169156:181974),systemResources.CPU_03,18952,42.42 percent
2023-06-07 13:19:16,(2(0)-1686169156:181975),systemResources.CPU,18948,52.39 percent
2023-06-07 13:19:16,(2(0)-1686169156:181983),systemResources.MEMORY_TOTAL,18944,3488032 KB
2023-06-07 13:19:16,(2(0)-1686169156:181984),systemResources.MEMORY_USED,18945,3105708 KB
2023-06-07 13:19:16,(2(0)-1686169156:182003),systemResources.FRAMEWORK_VERSION,18965,v3.2.0-27-ga17badf77
2023-06-07 13:19:16,(2(0)-1686169156:182004),systemResources.PROJECT_VERSION,18966,v3.2.0-27-ga17badf77
2023-06-07 13:19:17,(2(0)-1686169157:186219),blockDrv.BD_Cycles,256,23
2023-06-07 13:19:17,(2(0)-1686169157:186264),systemResources.CPU_00,18949,59.00 percent
2023-06-07 13:19:17,(2(0)-1686169157:186294),systemResources.CPU_01,18950,41.41 percent
2023-06-07 13:19:17,(2(0)-1686169157:186315),systemResources.CPU_02,18951,59.00 percent
2023-06-07 13:19:17,(2(0)-1686169157:186334),systemResources.CPU_03,18952,40.59 percent
2023-06-07 13:19:17,(2(0)-1686169157:186335),systemResources.CPU,18948,50.00 percent
2023-06-07 13:19:17,(2(0)-1686169157:186343),systemResources.MEMORY_TOTAL,18944,3488124 KB
2023-06-07 13:19:17,(2(0)-1686169157:186344),systemResources.MEMORY_USED,18945,3095924 KB
2023-06-07 13:19:17,(2(0)-1686169157:186352),systemResources.FRAMEWORK_VERSION,18965,v3.2.0-27-ga17badf77
2023-06-07 13:19:17,(2(0)-1686169157:186354),systemResources.PROJECT_VERSION,18966,v3.2.0-27-ga17badf77
2023-06-07 13:19:18,(2(0)-1686169158:187103),rateGroup2.RgMaxTime,768,157 us
2023-06-07 13:19:18,(2(0)-1686169158:187116),systemResources.CPU_00,18949,51.52 percent
2023-06-07 13:19:18,(2(0)-1686169158:187169),systemResources.CPU_01,18950,38.61 percent
2023-06-07 13:19:18,(2(0)-1686169158:187209),systemResources.CPU_02,18951,52.53 percent
2023-06-07 13:19:18,(2(0)-1686169158:187261),systemResources.CPU_03,18952,35.35 percent
2023-06-07 13:19:18,(2(0)-1686169158:187264),systemResources.CPU,18948,44.50 percent
2023-06-07 13:19:18,(2(0)-1686169158:187284),systemResources.MEMORY_TOTAL,18944,3488404 KB
2023-06-07 13:19:18,(2(0)-1686169158:187286),systemResources.MEMORY_USED,18945,3078280 KB
2023-06-07 13:19:18,(2(0)-1686169158:187308),systemResources.FRAMEWORK_VERSION,18965,v3.2.0-27-ga17badf77
2023-06-07 13:19:18,(2(0)-1686169158:187310),systemResources.PROJECT_VERSION,18966,v3.2.0-27-ga17badf77
2023-06-07 13:19:19,(2(0)-1686169159:189087),blockDrv.BD_Cycles,256,25
2023-06-07 13:19:19,(2(0)-1686169159:189132),systemResources.CPU_00,18949,53.54 percent
2023-06-07 13:19:19,(2(0)-1686169159:189154),systemResources.CPU_01,18950,34.34 percent
2023-06-07 13:19:19,(2(0)-1686169159:189175),systemResources.CPU_02,18951,50.00 percent
2023-06-07 13:19:19,(2(0)-1686169159:189192),systemResources.CPU_03,18952,31.31 percent
2023-06-07 13:19:19,(2(0)-1686169159:189193),systemResources.CPU,18948,42.30 percent
2023-06-07 13:19:19,(2(0)-1686169159:189201),systemResources.MEMORY_TOTAL,18944,3488404 KB
2023-06-07 13:19:19,(2(0)-1686169159:189201),systemResources.MEMORY_USED,18945,3085404 KB
2023-06-07 13:19:19,(2(0)-1686169159:189214),systemResources.FRAMEWORK_VERSION,18965,v3.2.0-27-ga17badf77
2023-06-07 13:19:19,(2(0)-1686169159:189215),systemResources.PROJECT_VERSION,18966,v3.2.0-27-ga17badf77
2023-06-07 13:19:20,(2(0)-1686169160:190395),blockDrv.BD_Cycles,256,26
2023-06-07 13:19:20,(2(0)-1686169160:190486),systemResources.CPU_00,18949,52.00 percent
2023-06-07 13:19:20,(2(0)-1686169160:190622),systemResources.CPU_01,18950,32.00 percent
2023-06-07 13:19:20,(2(0)-1686169160:190694),systemResources.CPU_02,18951,49.49 percent
2023-06-07 13:19:20,(2(0)-1686169160:190729),systemResources.CPU_03,18952,30.00 percent
2023-06-07 13:19:20,(2(0)-1686169160:190731),systemResources.CPU,18948,40.87 percent
2023-06-07 13:19:20,(2(0)-1686169160:190750),systemResources.MEMORY_TOTAL,18944,3488112 KB
2023-06-07 13:19:20,(2(0)-1686169160:190751),systemResources.MEMORY_USED,18945,3082324 KB
2023-06-07 13:19:20,(2(0)-1686169160:190778),systemResources.FRAMEWORK_VERSION,18965,v3.2.0-27-ga17badf77
2023-06-07 13:19:20,(2(0)-1686169160:190781),systemResources.PROJECT_VERSION,18966,v3.2.0-27-ga17badf77
2023-06-07 13:19:21,(2(0)-1686169161:192829),blockDrv.BD_Cycles,256,27
2023-06-07 13:19:21,(2(0)-1686169161:192963),systemResources.CPU_00,18949,47.00 percent
2023-06-07 13:19:21,(2(0)-1686169161:193071),systemResources.CPU_01,18950,30.30 percent
2023-06-07 13:19:21,(2(0)-1686169161:193110),systemResources.CPU_02,18951,45.00 percent
2023-06-07 13:19:21,(2(0)-1686169161:193147),systemResources.CPU_03,18952,31.00 percent
2023-06-07 13:19:21,(2(0)-1686169161:193150),systemResources.CPU,18948,38.33 percent
2023-06-07 13:19:21,(2(0)-1686169161:193172),systemResources.MEMORY_TOTAL,18944,3487708 KB
2023-06-07 13:19:21,(2(0)-1686169161:193174),systemResources.MEMORY_USED,18945,3079480 KB
2023-06-07 13:19:21,(2(0)-1686169161:193205),systemResources.FRAMEWORK_VERSION,18965,v3.2.0-27-ga17badf77
2023-06-07 13:19:21,(2(0)-1686169161:193209),systemResources.PROJECT_VERSION,18966,v3.2.0-27-ga17badf77
2023-06-07 13:19:22,(2(0)-1686169162:197712),systemResources.CPU_00,18949,47.00 percent
2023-06-07 13:19:22,(2(0)-1686169162:197772),systemResources.CPU_01,18950,17.00 percent
2023-06-07 13:19:22,(2(0)-1686169162:197807),systemResources.CPU_02,18951,40.59 percent
2023-06-07 13:19:22,(2(0)-1686169162:197836),systemResources.CPU_03,18952,16.00 percent
2023-06-07 13:19:22,(2(0)-1686169162:197838),systemResources.CPU,18948,30.15 percent
2023-06-07 13:19:22,(2(0)-1686169162:197852),systemResources.MEMORY_TOTAL,18944,3487844 KB
2023-06-07 13:19:22,(2(0)-1686169162:197853),systemResources.MEMORY_USED,18945,3079152 KB
2023-06-07 13:19:22,(2(0)-1686169162:197872),systemResources.FRAMEWORK_VERSION,18965,v3.2.0-27-ga17badf77
2023-06-07 13:19:22,(2(0)-1686169162:197875),systemResources.PROJECT_VERSION,18966,v3.2.0-27-ga17badf77
2023-06-07 13:19:23,(2(0)-1686169163:198853),blockDrv.BD_Cycles,256,29
2023-06-07 13:19:23,(2(0)-1686169163:198966),systemResources.CPU_00,18949,45.45 percent
2023-06-07 13:19:23,(2(0)-1686169163:199038),systemResources.CPU_01,18950,27.27 percent
2023-06-07 13:19:23,(2(0)-1686169163:199074),systemResources.CPU_02,18951,45.45 percent
2023-06-07 13:19:23,(2(0)-1686169163:199102),systemResources.CPU_03,18952,24.00 percent
2023-06-07 13:19:23,(2(0)-1686169163:199103),systemResources.CPU,18948,35.55 percent
2023-06-07 13:19:23,(2(0)-1686169163:199118),systemResources.MEMORY_TOTAL,18944,3487504 KB
2023-06-07 13:19:23,(2(0)-1686169163:199119),systemResources.MEMORY_USED,18945,3080704 KB
2023-06-07 13:19:23,(2(0)-1686169163:199137),systemResources.FRAMEWORK_VERSION,18965,v3.2.0-27-ga17badf77
2023-06-07 13:19:23,(2(0)-1686169163:199140),systemResources.PROJECT_VERSION,18966,v3.2.0-27-ga17badf77
2023-06-07 13:19:24,(2(0)-1686169164:200873),blockDrv.BD_Cycles,256,30
2023-06-07 13:19:24,(2(0)-1686169164:200953),systemResources.CPU_00,18949,56.44 percent
2023-06-07 13:19:24,(2(0)-1686169164:200991),systemResources.CPU_01,18950,34.00 percent
2023-06-07 13:19:24,(2(0)-1686169164:201022),systemResources.CPU_02,18951,58.00 percent
2023-06-07 13:19:24,(2(0)-1686169164:201050),systemResources.CPU_03,18952,37.37 percent
2023-06-07 13:19:24,(2(0)-1686169164:201051),systemResources.CPU,18948,46.45 percent
2023-06-07 13:19:24,(2(0)-1686169164:201065),systemResources.MEMORY_TOTAL,18944,3488348 KB
2023-06-07 13:19:24,(2(0)-1686169164:201067),systemResources.MEMORY_USED,18945,3080672 KB
2023-06-07 13:19:24,(2(0)-1686169164:201086),systemResources.FRAMEWORK_VERSION,18965,v3.2.0-27-ga17badf77
2023-06-07 13:19:24,(2(0)-1686169164:201088),systemResources.PROJECT_VERSION,18966,v3.2.0-27-ga17badf77
2023-06-07 13:19:25,(2(0)-1686169165:202921),blockDrv.BD_Cycles,256,31
2023-06-07 13:19:25,(2(0)-1686169165:203003),systemResources.CPU_00,18949,44.90 percent
2023-06-07 13:19:25,(2(0)-1686169165:203039),systemResources.CPU_01,18950,20.00 percent
2023-06-07 13:19:25,(2(0)-1686169165:203077),systemResources.CPU_02,18951,42.42 percent
2023-06-07 13:19:25,(2(0)-1686169165:203118),systemResources.CPU_03,18952,18.18 percent
2023-06-07 13:19:25,(2(0)-1686169165:203120),systemResources.CPU,18948,31.38 percent
2023-06-07 13:19:25,(2(0)-1686169165:203134),systemResources.MEMORY_TOTAL,18944,3487920 KB
2023-06-07 13:19:25,(2(0)-1686169165:203135),systemResources.MEMORY_USED,18945,3068000 KB
2023-06-07 13:19:25,(2(0)-1686169165:203153),systemResources.FRAMEWORK_VERSION,18965,v3.2.0-27-ga17badf77
2023-06-07 13:19:25,(2(0)-1686169165:203154),systemResources.PROJECT_VERSION,18966,v3.2.0-27-ga17badf77
2023-06-07 13:19:26,(2(0)-1686169166:131993),mathSender.VAL1,3584,1.0
2023-06-07 13:19:26,(2(0)-1686169166:131996),mathSender.OP,3585,DIV
2023-06-07 13:19:26,(2(0)-1686169166:131996),mathSender.VAL2,3586,0.0
2023-06-07 13:19:26,(2(0)-1686169166:132054),cmdDisp.CommandsDispatched,1280,1
2023-06-07 13:19:26,(2(0)-1686169166:207285),systemResources.CPU_00,18949,47.52 percent
2023-06-07 13:19:26,(2(0)-1686169166:207354),systemResources.CPU_01,18950,24.00 percent
2023-06-07 13:19:26,(2(0)-1686169166:207433),systemResources.CPU_02,18951,44.44 percent
2023-06-07 13:19:26,(2(0)-1686169166:207476),systemResources.CPU_03,18952,23.00 percent
2023-06-07 13:19:26,(2(0)-1686169166:207478),systemResources.CPU,18948,34.74 percent
2023-06-07 13:19:26,(2(0)-1686169166:207497),systemResources.MEMORY_TOTAL,18944,3487792 KB
2023-06-07 13:19:26,(2(0)-1686169166:207498),systemResources.MEMORY_USED,18945,3067492 KB
2023-06-07 13:19:26,(2(0)-1686169166:207524),systemResources.FRAMEWORK_VERSION,18965,v3.2.0-27-ga17badf77
2023-06-07 13:19:26,(2(0)-1686169166:207527),systemResources.PROJECT_VERSION,18966,v3.2.0-27-ga17badf77
2023-06-07 13:19:26,(2(0)-1686169166:207763),rateGroup1.RgMaxTime,512,681 us
2023-06-07 13:19:26,(2(0)-1686169166:207736),fileUplinkBufferManager.HiBuffs,17410,1
2023-06-07 13:19:26,(2(0)-1686169166:207740),rateGroup3.RgMaxTime,1024,659 us
2023-06-07 13:19:27,(2(0)-1686169167:212308),blockDrv.BD_Cycles,256,33
2023-06-07 13:19:26,(2(0)-1686169166:207739),mathReceiver.OPERATION,9984,DIV
2023-06-07 13:19:26,(2(0)-1686169166:207768),mathSender.RESULT,3587,0.0
2023-06-07 13:19:27,(2(0)-1686169167:212359),systemResources.CPU_00,18949,40.00 percent
2023-06-07 13:19:27,(2(0)-1686169167:212381),systemResources.CPU_01,18950,19.00 percent
2023-06-07 13:19:27,(2(0)-1686169167:212402),systemResources.CPU_02,18951,36.63 percent
2023-06-07 13:19:27,(2(0)-1686169167:212419),systemResources.CPU_03,18952,19.00 percent
2023-06-07 13:19:27,(2(0)-1686169167:212420),systemResources.CPU,18948,28.66 percent
2023-06-07 13:19:27,(2(0)-1686169167:212428),systemResources.MEMORY_TOTAL,18944,3487996 KB
2023-06-07 13:19:27,(2(0)-1686169167:212429),systemResources.MEMORY_USED,18945,3069452 KB
2023-06-07 13:19:27,(2(0)-1686169167:212441),systemResources.FRAMEWORK_VERSION,18965,v3.2.0-27-ga17badf77
2023-06-07 13:19:27,(2(0)-1686169167:212442),systemResources.PROJECT_VERSION,18966,v3.2.0-27-ga17badf77
2023-06-07 13:19:28,(2(0)-1686169168:216601),rateGroup2.RgMaxTime,768,270 us
2023-06-07 13:19:28,(2(0)-1686169168:216527),systemResources.CPU_00,18949,50.00 percent
2023-06-07 13:19:28,(2(0)-1686169168:216626),systemResources.CPU_01,18950,29.00 percent
2023-06-07 13:19:28,(2(0)-1686169168:216662),systemResources.CPU_02,18951,46.00 percent
2023-06-07 13:19:28,(2(0)-1686169168:216710),systemResources.CPU_03,18952,28.00 percent
2023-06-07 13:19:28,(2(0)-1686169168:216711),systemResources.CPU,18948,38.25 percent
2023-06-07 13:19:28,(2(0)-1686169168:216725),systemResources.MEMORY_TOTAL,18944,3488204 KB
2023-06-07 13:19:28,(2(0)-1686169168:216726),systemResources.MEMORY_USED,18945,3069468 KB
2023-06-07 13:19:28,(2(0)-1686169168:216746),systemResources.FRAMEWORK_VERSION,18965,v3.2.0-27-ga17badf77
2023-06-07 13:19:28,(2(0)-1686169168:216749),systemResources.PROJECT_VERSION,18966,v3.2.0-27-ga17badf77
2023-06-07 13:19:28,(2(0)-1686169168:216672),blockDrv.BD_Cycles,256,34
2023-06-07 13:19:29,(2(0)-1686169169:219935),systemResources.CPU_00,18949,36.36 percent
2023-06-07 13:19:29,(2(0)-1686169169:220026),systemResources.CPU_01,18950,15.00 percent
2023-06-07 13:19:29,(2(0)-1686169169:220082),systemResources.CPU_02,18951,32.32 percent
2023-06-07 13:19:29,(2(0)-1686169169:220126),systemResources.CPU_03,18952,12.00 percent
2023-06-07 13:19:29,(2(0)-1686169169:220129),systemResources.CPU,18948,23.92 percent
2023-06-07 13:19:29,(2(0)-1686169169:220150),systemResources.MEMORY_TOTAL,18944,3487512 KB
2023-06-07 13:19:29,(2(0)-1686169169:220152),systemResources.MEMORY_USED,18945,3070068 KB
2023-06-07 13:19:29,(2(0)-1686169169:220181),systemResources.FRAMEWORK_VERSION,18965,v3.2.0-27-ga17badf77
2023-06-07 13:19:29,(2(0)-1686169169:220185),systemResources.PROJECT_VERSION,18966,v3.2.0-27-ga17badf77
2023-06-07 13:19:29,(2(0)-1686169169:220068),blockDrv.BD_Cycles,256,35
2023-06-07 13:19:30,(2(0)-1686169170:224466),rateGroup2.RgMaxTime,768,654 us
2023-06-07 13:19:30,(2(0)-1686169170:224126),systemResources.CPU_00,18949,38.00 percent
2023-06-07 13:19:30,(2(0)-1686169170:224285),systemResources.CPU_01,18950,13.00 percent
2023-06-07 13:19:30,(2(0)-1686169170:224357),systemResources.CPU_02,18951,34.34 percent
2023-06-07 13:19:30,(2(0)-1686169170:224416),systemResources.CPU_03,18952,11.00 percent
2023-06-07 13:19:30,(2(0)-1686169170:224419),systemResources.CPU,18948,24.09 percent
2023-06-07 13:19:30,(2(0)-1686169170:224442),systemResources.MEMORY_TOTAL,18944,3487628 KB
2023-06-07 13:19:30,(2(0)-1686169170:224444),systemResources.MEMORY_USED,18945,3067924 KB
2023-06-07 13:19:30,(2(0)-1686169170:224510),systemResources.FRAMEWORK_VERSION,18965,v3.2.0-27-ga17badf77
2023-06-07 13:19:30,(2(0)-1686169170:224513),systemResources.PROJECT_VERSION,18966,v3.2.0-27-ga17badf77
2023-06-07 13:19:30,(2(0)-1686169170:224518),rateGroup1.RgMaxTime,512,707 us
2023-06-07 13:19:30,(2(0)-1686169170:224622),rateGroup3.RgMaxTime,1024,811 us
2023-06-07 13:19:31,(2(0)-1686169171:226677),blockDrv.BD_Cycles,256,37
2023-06-07 13:19:31,(2(0)-1686169171:226794),systemResources.CPU_00,18949,36.00 percent
2023-06-07 13:19:31,(2(0)-1686169171:226838),systemResources.CPU_01,18950,8.08 percent
2023-06-07 13:19:31,(2(0)-1686169171:226878),systemResources.CPU_02,18951,30.69 percent
2023-06-07 13:19:31,(2(0)-1686169171:226912),systemResources.CPU_03,18952,8.08 percent
2023-06-07 13:19:31,(2(0)-1686169171:226915),systemResources.CPU,18948,20.71 percent
2023-06-07 13:19:31,(2(0)-1686169171:226933),systemResources.MEMORY_TOTAL,18944,3487812 KB
2023-06-07 13:19:31,(2(0)-1686169171:226934),systemResources.MEMORY_USED,18945,3080948 KB
2023-06-07 13:19:31,(2(0)-1686169171:226960),systemResources.FRAMEWORK_VERSION,18965,v3.2.0-27-ga17badf77
2023-06-07 13:19:31,(2(0)-1686169171:226964),systemResources.PROJECT_VERSION,18966,v3.2.0-27-ga17badf77
2023-06-07 13:19:32,(2(0)-1686169172:229287),systemResources.CPU_00,18949,48.48 percent
2023-06-07 13:19:32,(2(0)-1686169172:229306),systemResources.CPU_01,18950,16.16 percent
2023-06-07 13:19:32,(2(0)-1686169172:229321),systemResources.CPU_02,18951,45.92 percent
2023-06-07 13:19:32,(2(0)-1686169172:229339),systemResources.CPU_03,18952,15.00 percent
2023-06-07 13:19:32,(2(0)-1686169172:229340),systemResources.CPU,18948,31.39 percent
2023-06-07 13:19:32,(2(0)-1686169172:229348),systemResources.MEMORY_TOTAL,18944,3488044 KB
2023-06-07 13:19:32,(2(0)-1686169172:229348),systemResources.MEMORY_USED,18945,3083324 KB
2023-06-07 13:19:32,(2(0)-1686169172:229356),systemResources.FRAMEWORK_VERSION,18965,v3.2.0-27-ga17badf77
2023-06-07 13:19:32,(2(0)-1686169172:229358),systemResources.PROJECT_VERSION,18966,v3.2.0-27-ga17badf77
2023-06-07 13:19:32,(2(0)-1686169172:229294),blockDrv.BD_Cycles,256,38
2023-06-07 13:19:33,(2(0)-1686169173:230930),systemResources.CPU_00,18949,64.00 percent
2023-06-07 13:19:33,(2(0)-1686169173:230975),systemResources.CPU_01,18950,44.55 percent
2023-06-07 13:19:33,(2(0)-1686169173:231030),systemResources.CPU_02,18951,65.35 percent
2023-06-07 13:19:33,(2(0)-1686169173:231051),systemResources.CPU_03,18952,44.00 percent
2023-06-07 13:19:33,(2(0)-1686169173:231052),systemResources.CPU,18948,54.48 percent
2023-06-07 13:19:33,(2(0)-1686169173:231065),systemResources.MEMORY_TOTAL,18944,3487860 KB
2023-06-07 13:19:33,(2(0)-1686169173:231066),systemResources.MEMORY_USED,18945,3087804 KB
2023-06-07 13:19:33,(2(0)-1686169173:231081),systemResources.FRAMEWORK_VERSION,18965,v3.2.0-27-ga17badf77
2023-06-07 13:19:33,(2(0)-1686169173:231083),systemResources.PROJECT_VERSION,18966,v3.2.0-27-ga17badf77
2023-06-07 13:19:33,(2(0)-1686169173:231003),blockDrv.BD_Cycles,256,39
2023-06-07 13:19:34,(2(0)-1686169174:233565),systemResources.CPU_00,18949,58.42 percent
2023-06-07 13:19:34,(2(0)-1686169174:233594),systemResources.CPU_01,18950,34.34 percent
2023-06-07 13:19:34,(2(0)-1686169174:233634),systemResources.CPU_02,18951,55.56 percent
2023-06-07 13:19:34,(2(0)-1686169174:233664),systemResources.CPU_03,18952,35.00 percent
2023-06-07 13:19:34,(2(0)-1686169174:233665),systemResources.CPU,18948,45.83 percent
2023-06-07 13:19:34,(2(0)-1686169174:233676),systemResources.MEMORY_TOTAL,18944,3488112 KB
2023-06-07 13:19:34,(2(0)-1686169174:233677),systemResources.MEMORY_USED,18945,3087492 KB
2023-06-07 13:19:34,(2(0)-1686169174:233693),systemResources.FRAMEWORK_VERSION,18965,v3.2.0-27-ga17badf77
2023-06-07 13:19:34,(2(0)-1686169174:233695),systemResources.PROJECT_VERSION,18966,v3.2.0-27-ga17badf77
2023-06-07 13:19:35,(2(0)-1686169175:235691),blockDrv.BD_Cycles,256,41
2023-06-07 13:19:35,(2(0)-1686169175:235793),systemResources.CPU_00,18949,33.33 percent
2023-06-07 13:19:35,(2(0)-1686169175:235846),systemResources.CPU_01,18950,17.00 percent
2023-06-07 13:19:35,(2(0)-1686169175:235883),systemResources.CPU_02,18951,37.00 percent
2023-06-07 13:19:35,(2(0)-1686169175:235928),systemResources.CPU_03,18952,15.15 percent
2023-06-07 13:19:35,(2(0)-1686169175:235930),systemResources.CPU,18948,25.62 percent
2023-06-07 13:19:35,(2(0)-1686169175:235945),systemResources.MEMORY_TOTAL,18944,3487636 KB
2023-06-07 13:19:35,(2(0)-1686169175:235946),systemResources.MEMORY_USED,18945,3117100 KB
2023-06-07 13:19:35,(2(0)-1686169175:235961),systemResources.FRAMEWORK_VERSION,18965,v3.2.0-27-ga17badf77
2023-06-07 13:19:35,(2(0)-1686169175:235963),systemResources.PROJECT_VERSION,18966,v3.2.0-27-ga17badf77
2023-06-07 13:19:36,(2(0)-1686169176:237948),blockDrv.BD_Cycles,256,42
2023-06-07 13:19:36,(2(0)-1686169176:238021),systemResources.CPU_00,18949,38.38 percent
2023-06-07 13:19:36,(2(0)-1686169176:238072),systemResources.CPU_01,18950,16.16 percent
2023-06-07 13:19:36,(2(0)-1686169176:238103),systemResources.CPU_02,18951,38.00 percent
2023-06-07 13:19:36,(2(0)-1686169176:238130),systemResources.CPU_03,18952,14.00 percent
2023-06-07 13:19:36,(2(0)-1686169176:238131),systemResources.CPU,18948,26.64 percent
2023-06-07 13:19:36,(2(0)-1686169176:238142),systemResources.MEMORY_TOTAL,18944,3487640 KB
2023-06-07 13:19:36,(2(0)-1686169176:238143),systemResources.MEMORY_USED,18945,3117664 KB
2023-06-07 13:19:36,(2(0)-1686169176:238159),systemResources.FRAMEWORK_VERSION,18965,v3.2.0-27-ga17badf77
2023-06-07 13:19:36,(2(0)-1686169176:238161),systemResources.PROJECT_VERSION,18966,v3.2.0-27-ga17badf77
2023-06-07 13:19:37,(2(0)-1686169177:240056),blockDrv.BD_Cycles,256,43
2023-06-07 13:19:37,(2(0)-1686169177:240220),systemResources.CPU_00,18949,40.59 percent
2023-06-07 13:19:37,(2(0)-1686169177:240350),systemResources.CPU_01,18950,26.00 percent
2023-06-07 13:19:37,(2(0)-1686169177:240436),systemResources.CPU_02,18951,39.39 percent
2023-06-07 13:19:37,(2(0)-1686169177:240485),systemResources.CPU_03,18952,24.24 percent
2023-06-07 13:19:37,(2(0)-1686169177:240487),systemResources.CPU,18948,32.56 percent
2023-06-07 13:19:37,(2(0)-1686169177:240506),systemResources.MEMORY_TOTAL,18944,3488072 KB
2023-06-07 13:19:37,(2(0)-1686169177:240507),systemResources.MEMORY_USED,18945,3118268 KB
2023-06-07 13:19:37,(2(0)-1686169177:240534),systemResources.FRAMEWORK_VERSION,18965,v3.2.0-27-ga17badf77
2023-06-07 13:19:37,(2(0)-1686169177:240537),systemResources.PROJECT_VERSION,18966,v3.2.0-27-ga17badf77
2023-06-07 13:19:38,(2(0)-1686169178:244091),systemResources.CPU_00,18949,29.29 percent
2023-06-07 13:19:38,(2(0)-1686169178:244119),systemResources.CPU_01,18950,7.00 percent
2023-06-07 13:19:38,(2(0)-1686169178:244141),systemResources.CPU_02,18951,25.00 percent
2023-06-07 13:19:38,(2(0)-1686169178:244163),systemResources.CPU_03,18952,7.00 percent
2023-06-07 13:19:38,(2(0)-1686169178:244164),systemResources.CPU,18948,17.07 percent
2023-06-07 13:19:38,(2(0)-1686169178:244176),systemResources.MEMORY_TOTAL,18944,3487968 KB
2023-06-07 13:19:38,(2(0)-1686169178:244177),systemResources.MEMORY_USED,18945,3118796 KB
2023-06-07 13:19:38,(2(0)-1686169178:244194),systemResources.FRAMEWORK_VERSION,18965,v3.2.0-27-ga17badf77
2023-06-07 13:19:38,(2(0)-1686169178:244196),systemResources.PROJECT_VERSION,18966,v3.2.0-27-ga17badf77
2023-06-07 13:19:39,(2(0)-1686169179:247721),blockDrv.BD_Cycles,256,45
2023-06-07 13:19:39,(2(0)-1686169179:247863),systemResources.CPU_00,18949,48.48 percent
2023-06-07 13:19:39,(2(0)-1686169179:247933),systemResources.CPU_01,18950,27.00 percent
2023-06-07 13:19:39,(2(0)-1686169179:247994),systemResources.CPU_02,18951,50.00 percent
2023-06-07 13:19:39,(2(0)-1686169179:248053),systemResources.CPU_03,18952,26.00 percent
2023-06-07 13:19:39,(2(0)-1686169179:248056),systemResources.CPU,18948,37.87 percent
2023-06-07 13:19:39,(2(0)-1686169179:248081),systemResources.MEMORY_TOTAL,18944,3488084 KB
2023-06-07 13:19:39,(2(0)-1686169179:248082),systemResources.MEMORY_USED,18945,3115592 KB
2023-06-07 13:19:39,(2(0)-1686169179:248167),systemResources.FRAMEWORK_VERSION,18965,v3.2.0-27-ga17badf77
2023-06-07 13:19:39,(2(0)-1686169179:248171),systemResources.PROJECT_VERSION,18966,v3.2.0-27-ga17badf77
2023-06-07 13:19:40,(2(0)-1686169180:252462),systemResources.CPU_00,18949,30.00 percent
2023-06-07 13:19:40,(2(0)-1686169180:252526),systemResources.CPU_01,18950,7.92 percent
2023-06-07 13:19:40,(2(0)-1686169180:252584),systemResources.CPU_02,18951,22.22 percent
2023-06-07 13:19:40,(2(0)-1686169180:252636),systemResources.CPU_03,18952,9.90 percent
2023-06-07 13:19:40,(2(0)-1686169180:252639),systemResources.CPU,18948,17.51 percent
2023-06-07 13:19:40,(2(0)-1686169180:252666),systemResources.MEMORY_TOTAL,18944,3488460 KB
2023-06-07 13:19:40,(2(0)-1686169180:252668),systemResources.MEMORY_USED,18945,3114012 KB
2023-06-07 13:19:40,(2(0)-1686169180:252702),systemResources.FRAMEWORK_VERSION,18965,v3.2.0-27-ga17badf77
2023-06-07 13:19:40,(2(0)-1686169180:252706),systemResources.PROJECT_VERSION,18966,v3.2.0-27-ga17badf77
2023-06-07 13:19:40,(2(0)-1686169180:252410),blockDrv.BD_Cycles,256,46
2023-06-07 13:19:41,(2(0)-1686169181:257233),systemResources.CPU_00,18949,38.61 percent
2023-06-07 13:19:41,(2(0)-1686169181:257281),systemResources.CPU_01,18950,12.12 percent
2023-06-07 13:19:41,(2(0)-1686169181:257400),systemResources.CPU_02,18951,31.68 percent
2023-06-07 13:19:41,(2(0)-1686169181:257461),systemResources.CPU_03,18952,10.10 percent
2023-06-07 13:19:41,(2(0)-1686169181:257465),systemResources.CPU,18948,23.13 percent
2023-06-07 13:19:41,(2(0)-1686169181:257481),systemResources.MEMORY_TOTAL,18944,3487820 KB
2023-06-07 13:19:41,(2(0)-1686169181:257483),systemResources.MEMORY_USED,18945,3114512 KB
2023-06-07 13:19:41,(2(0)-1686169181:257504),systemResources.FRAMEWORK_VERSION,18965,v3.2.0-27-ga17badf77
2023-06-07 13:19:41,(2(0)-1686169181:257507),systemResources.PROJECT_VERSION,18966,v3.2.0-27-ga17badf77
2023-06-07 13:19:41,(2(0)-1686169181:257499),blockDrv.BD_Cycles,256,47
2023-06-07 13:19:42,(2(0)-1686169182:259997),systemResources.CPU_00,18949,25.00 percent
2023-06-07 13:19:42,(2(0)-1686169182:260069),systemResources.CPU_01,18950,10.00 percent
2023-06-07 13:19:42,(2(0)-1686169182:260123),systemResources.CPU_02,18951,19.19 percent
2023-06-07 13:19:42,(2(0)-1686169182:260176),systemResources.CPU_03,18952,8.00 percent
2023-06-07 13:19:42,(2(0)-1686169182:260179),systemResources.CPU,18948,15.55 percent
2023-06-07 13:19:42,(2(0)-1686169182:260203),systemResources.MEMORY_TOTAL,18944,3487936 KB
2023-06-07 13:19:42,(2(0)-1686169182:260205),systemResources.MEMORY_USED,18945,3114100 KB
2023-06-07 13:19:42,(2(0)-1686169182:260234),systemResources.FRAMEWORK_VERSION,18965,v3.2.0-27-ga17badf77
2023-06-07 13:19:42,(2(0)-1686169182:260239),systemResources.PROJECT_VERSION,18966,v3.2.0-27-ga17badf77
2023-06-07 13:19:43,(2(0)-1686169183:265078),blockDrv.BD_Cycles,256,49
2023-06-07 13:19:43,(2(0)-1686169183:265144),systemResources.CPU_00,18949,37.00 percent
2023-06-07 13:19:43,(2(0)-1686169183:265165),systemResources.CPU_01,18950,20.79 percent
2023-06-07 13:19:43,(2(0)-1686169183:265263),systemResources.CPU_02,18951,31.68 percent
2023-06-07 13:19:43,(2(0)-1686169183:265298),systemResources.CPU_03,18952,19.80 percent
2023-06-07 13:19:43,(2(0)-1686169183:265300),systemResources.CPU,18948,27.32 percent
2023-06-07 13:19:43,(2(0)-1686169183:265316),systemResources.MEMORY_TOTAL,18944,3488396 KB
2023-06-07 13:19:43,(2(0)-1686169183:265317),systemResources.MEMORY_USED,18945,3092796 KB
2023-06-07 13:19:43,(2(0)-1686169183:265339),systemResources.FRAMEWORK_VERSION,18965,v3.2.0-27-ga17badf77
2023-06-07 13:19:43,(2(0)-1686169183:265342),systemResources.PROJECT_VERSION,18966,v3.2.0-27-ga17badf77
2023-06-07 13:19:44,(2(0)-1686169184:267244),blockDrv.BD_Cycles,256,50
2023-06-07 13:19:44,(2(0)-1686169184:267300),systemResources.CPU_00,18949,56.57 percent
2023-06-07 13:19:44,(2(0)-1686169184:267317),systemResources.CPU_01,18950,21.21 percent
2023-06-07 13:19:44,(2(0)-1686169184:267334),systemResources.CPU_02,18951,42.00 percent
2023-06-07 13:19:44,(2(0)-1686169184:267355),systemResources.CPU_03,18952,17.17 percent
2023-06-07 13:19:44,(2(0)-1686169184:267357),systemResources.CPU,18948,34.24 percent
2023-06-07 13:19:44,(2(0)-1686169184:267368),systemResources.MEMORY_TOTAL,18944,3487756 KB
2023-06-07 13:19:44,(2(0)-1686169184:267369),systemResources.MEMORY_USED,18945,3095488 KB
2023-06-07 13:19:44,(2(0)-1686169184:267381),systemResources.FRAMEWORK_VERSION,18965,v3.2.0-27-ga17badf77
2023-06-07 13:19:44,(2(0)-1686169184:267383),systemResources.PROJECT_VERSION,18966,v3.2.0-27-ga17badf77
2023-06-07 13:19:45,(2(0)-1686169185:268909),blockDrv.BD_Cycles,256,51
2023-06-07 13:19:45,(2(0)-1686169185:268955),systemResources.CPU_00,18949,57.43 percent
2023-06-07 13:19:45,(2(0)-1686169185:268973),systemResources.CPU_01,18950,27.72 percent
2023-06-07 13:19:45,(2(0)-1686169185:268988),systemResources.CPU_02,18951,53.54 percent
2023-06-07 13:19:45,(2(0)-1686169185:269004),systemResources.CPU_03,18952,31.68 percent
2023-06-07 13:19:45,(2(0)-1686169185:269005),systemResources.CPU,18948,42.59 percent
2023-06-07 13:19:45,(2(0)-1686169185:269013),systemResources.MEMORY_TOTAL,18944,3488596 KB
2023-06-07 13:19:45,(2(0)-1686169185:269013),systemResources.MEMORY_USED,18945,3097752 KB
2023-06-07 13:19:45,(2(0)-1686169185:269024),systemResources.FRAMEWORK_VERSION,18965,v3.2.0-27-ga17badf77
2023-06-07 13:19:45,(2(0)-1686169185:269026),systemResources.PROJECT_VERSION,18966,v3.2.0-27-ga17badf77
2023-06-07 13:19:46,(2(0)-1686169186:270748),systemResources.CPU_00,18949,32.32 percent
2023-06-07 13:19:46,(2(0)-1686169186:270789),systemResources.CPU_01,18950,12.12 percent
2023-06-07 13:19:46,(2(0)-1686169186:270827),systemResources.CPU_02,18951,29.00 percent
2023-06-07 13:19:46,(2(0)-1686169186:270862),systemResources.CPU_03,18952,8.16 percent
2023-06-07 13:19:46,(2(0)-1686169186:270864),systemResources.CPU,18948,20.40 percent
2023-06-07 13:19:46,(2(0)-1686169186:270903),systemResources.MEMORY_TOTAL,18944,3487440 KB
2023-06-07 13:19:46,(2(0)-1686169186:270905),systemResources.MEMORY_USED,18945,3098600 KB
2023-06-07 13:19:46,(2(0)-1686169186:270928),systemResources.FRAMEWORK_VERSION,18965,v3.2.0-27-ga17badf77
2023-06-07 13:19:46,(2(0)-1686169186:270930),systemResources.PROJECT_VERSION,18966,v3.2.0-27-ga17badf77
2023-06-07 13:19:47,(2(0)-1686169187:275527),blockDrv.BD_Cycles,256,53
2023-06-07 13:19:47,(2(0)-1686169187:275670),systemResources.CPU_00,18949,44.00 percent
2023-06-07 13:19:47,(2(0)-1686169187:275732),systemResources.CPU_01,18950,16.00 percent
2023-06-07 13:19:47,(2(0)-1686169187:275790),systemResources.CPU_02,18951,37.00 percent
2023-06-07 13:19:47,(2(0)-1686169187:275830),systemResources.CPU_03,18952,18.81 percent
2023-06-07 13:19:47,(2(0)-1686169187:275832),systemResources.CPU,18948,28.95 percent
2023-06-07 13:19:47,(2(0)-1686169187:275849),systemResources.MEMORY_TOTAL,18944,3487256 KB
2023-06-07 13:19:47,(2(0)-1686169187:275850),systemResources.MEMORY_USED,18945,3099492 KB
2023-06-07 13:19:47,(2(0)-1686169187:275876),systemResources.FRAMEWORK_VERSION,18965,v3.2.0-27-ga17badf77
2023-06-07 13:19:47,(2(0)-1686169187:275878),systemResources.PROJECT_VERSION,18966,v3.2.0-27-ga17badf77
2023-06-07 13:19:48,(2(0)-1686169188:277912),blockDrv.BD_Cycles,256,54
2023-06-07 13:19:48,(2(0)-1686169188:278031),systemResources.CPU_00,18949,29.00 percent
2023-06-07 13:19:48,(2(0)-1686169188:278083),systemResources.CPU_01,18950,9.90 percent
2023-06-07 13:19:48,(2(0)-1686169188:278136),systemResources.CPU_02,18951,26.00 percent
2023-06-07 13:19:48,(2(0)-1686169188:278185),systemResources.CPU_03,18952,6.00 percent
2023-06-07 13:19:48,(2(0)-1686169188:278189),systemResources.CPU,18948,17.73 percent
2023-06-07 13:19:48,(2(0)-1686169188:278214),systemResources.MEMORY_TOTAL,18944,3488072 KB
2023-06-07 13:19:48,(2(0)-1686169188:278217),systemResources.MEMORY_USED,18945,3100024 KB
2023-06-07 13:19:48,(2(0)-1686169188:278246),systemResources.FRAMEWORK_VERSION,18965,v3.2.0-27-ga17badf77
2023-06-07 13:19:48,(2(0)-1686169188:278249),systemResources.PROJECT_VERSION,18966,v3.2.0-27-ga17badf77
2023-06-07 13:19:49,(2(0)-1686169189:281815),blockDrv.BD_Cycles,256,55
2023-06-07 13:19:49,(2(0)-1686169189:281878),systemResources.CPU_00,18949,31.00 percent
2023-06-07 13:19:49,(2(0)-1686169189:281895),systemResources.CPU_01,18950,11.11 percent
2023-06-07 13:19:49,(2(0)-1686169189:281910),systemResources.CPU_02,18951,28.00 percent
2023-06-07 13:19:49,(2(0)-1686169189:281923),systemResources.CPU_03,18952,7.07 percent
2023-06-07 13:19:49,(2(0)-1686169189:281923),systemResources.CPU,18948,19.30 percent
2023-06-07 13:19:49,(2(0)-1686169189:281932),systemResources.MEMORY_TOTAL,18944,3487588 KB
2023-06-07 13:19:49,(2(0)-1686169189:281933),systemResources.MEMORY_USED,18945,3106672 KB
2023-06-07 13:19:49,(2(0)-1686169189:281942),systemResources.FRAMEWORK_VERSION,18965,v3.2.0-27-ga17badf77
2023-06-07 13:19:49,(2(0)-1686169189:281943),systemResources.PROJECT_VERSION,18966,v3.2.0-27-ga17badf77
2023-06-07 13:19:50,(2(0)-1686169190:283829),systemResources.CPU_00,18949,31.00 percent
2023-06-07 13:19:50,(2(0)-1686169190:283896),systemResources.CPU_01,18950,12.00 percent
2023-06-07 13:19:50,(2(0)-1686169190:283956),systemResources.CPU_02,18951,31.00 percent
2023-06-07 13:19:50,(2(0)-1686169190:284008),systemResources.CPU_03,18952,10.00 percent
2023-06-07 13:19:50,(2(0)-1686169190:284011),systemResources.CPU,18948,21.00 percent
2023-06-07 13:19:50,(2(0)-1686169190:284035),systemResources.MEMORY_TOTAL,18944,3487456 KB
2023-06-07 13:19:50,(2(0)-1686169190:284037),systemResources.MEMORY_USED,18945,3109336 KB
2023-06-07 13:19:50,(2(0)-1686169190:284068),systemResources.FRAMEWORK_VERSION,18965,v3.2.0-27-ga17badf77
2023-06-07 13:19:50,(2(0)-1686169190:284072),systemResources.PROJECT_VERSION,18966,v3.2.0-27-ga17badf77
2023-06-07 13:19:51,(2(0)-1686169191:286250),blockDrv.BD_Cycles,256,57
2023-06-07 13:19:51,(2(0)-1686169191:286422),systemResources.CPU_00,18949,21.21 percent
2023-06-07 13:19:51,(2(0)-1686169191:286498),systemResources.CPU_01,18950,5.00 percent
2023-06-07 13:19:51,(2(0)-1686169191:286537),systemResources.CPU_02,18951,18.18 percent
2023-06-07 13:19:51,(2(0)-1686169191:286573),systemResources.CPU_03,18952,5.00 percent
2023-06-07 13:19:51,(2(0)-1686169191:286575),systemResources.CPU,18948,12.35 percent
2023-06-07 13:19:51,(2(0)-1686169191:286600),systemResources.MEMORY_TOTAL,18944,3487740 KB
2023-06-07 13:19:51,(2(0)-1686169191:286602),systemResources.MEMORY_USED,18945,3109260 KB
2023-06-07 13:19:51,(2(0)-1686169191:286633),systemResources.FRAMEWORK_VERSION,18965,v3.2.0-27-ga17badf77
2023-06-07 13:19:51,(2(0)-1686169191:286677),systemResources.PROJECT_VERSION,18966,v3.2.0-27-ga17badf77
2023-06-07 13:19:52,(2(0)-1686169192:288997),systemResources.CPU_00,18949,30.00 percent
2023-06-07 13:19:52,(2(0)-1686169192:289085),systemResources.CPU_01,18950,9.00 percent
2023-06-07 13:19:52,(2(0)-1686169192:289152),systemResources.CPU_02,18951,27.00 percent
2023-06-07 13:19:52,(2(0)-1686169192:289208),systemResources.CPU_03,18952,9.00 percent
2023-06-07 13:19:52,(2(0)-1686169192:289211),systemResources.CPU,18948,18.75 percent
2023-06-07 13:19:52,(2(0)-1686169192:289233),systemResources.MEMORY_TOTAL,18944,3487880 KB
2023-06-07 13:19:52,(2(0)-1686169192:289234),systemResources.MEMORY_USED,18945,3109596 KB
2023-06-07 13:19:52,(2(0)-1686169192:289262),systemResources.FRAMEWORK_VERSION,18965,v3.2.0-27-ga17badf77
2023-06-07 13:19:52,(2(0)-1686169192:289265),systemResources.PROJECT_VERSION,18966,v3.2.0-27-ga17badf77
2023-06-07 13:19:53,(2(0)-1686169193:290197),blockDrv.BD_Cycles,256,59
2023-06-07 13:19:53,(2(0)-1686169193:290348),systemResources.CPU_00,18949,20.00 percent
2023-06-07 13:19:53,(2(0)-1686169193:290465),systemResources.CPU_01,18950,6.00 percent
2023-06-07 13:19:53,(2(0)-1686169193:290527),systemResources.CPU_02,18951,17.00 percent
2023-06-07 13:19:53,(2(0)-1686169193:290556),systemResources.CPU_03,18952,6.06 percent
2023-06-07 13:19:53,(2(0)-1686169193:290558),systemResources.CPU,18948,12.27 percent
2023-06-07 13:19:53,(2(0)-1686169193:290572),systemResources.MEMORY_TOTAL,18944,3487696 KB
2023-06-07 13:19:53,(2(0)-1686169193:290573),systemResources.MEMORY_USED,18945,3109496 KB
2023-06-07 13:19:53,(2(0)-1686169193:290594),systemResources.FRAMEWORK_VERSION,18965,v3.2.0-27-ga17badf77
2023-06-07 13:19:53,(2(0)-1686169193:290596),systemResources.PROJECT_VERSION,18966,v3.2.0-27-ga17badf77
2023-06-07 13:19:54,(2(0)-1686169194:292299),systemResources.CPU_00,18949,24.00 percent
2023-06-07 13:19:54,(2(0)-1686169194:292389),systemResources.CPU_01,18950,9.00 percent
2023-06-07 13:19:54,(2(0)-1686169194:292443),systemResources.CPU_02,18951,23.23 percent
2023-06-07 13:19:54,(2(0)-1686169194:292499),systemResources.CPU_03,18952,9.90 percent
2023-06-07 13:19:54,(2(0)-1686169194:292502),systemResources.CPU,18948,16.53 percent
2023-06-07 13:19:54,(2(0)-1686169194:292524),systemResources.MEMORY_TOTAL,18944,3488248 KB
2023-06-07 13:19:54,(2(0)-1686169194:292526),systemResources.MEMORY_USED,18945,3109780 KB
2023-06-07 13:19:54,(2(0)-1686169194:292546),systemResources.FRAMEWORK_VERSION,18965,v3.2.0-27-ga17badf77
2023-06-07 13:19:54,(2(0)-1686169194:292548),systemResources.PROJECT_VERSION,18966,v3.2.0-27-ga17badf77
2023-06-07 13:19:55,(2(0)-1686169195:294193),blockDrv.BD_Cycles,256,61
2023-06-07 13:19:55,(2(0)-1686169195:294256),systemResources.CPU_00,18949,53.00 percent
2023-06-07 13:19:55,(2(0)-1686169195:294287),systemResources.CPU_01,18950,15.00 percent
2023-06-07 13:19:55,(2(0)-1686169195:294305),systemResources.CPU_02,18951,50.51 percent
2023-06-07 13:19:55,(2(0)-1686169195:294322),systemResources.CPU_03,18952,21.00 percent
2023-06-07 13:19:55,(2(0)-1686169195:294323),systemResources.CPU,18948,34.88 percent
2023-06-07 13:19:55,(2(0)-1686169195:294331),systemResources.MEMORY_TOTAL,18944,3488012 KB
2023-06-07 13:19:55,(2(0)-1686169195:294332),systemResources.MEMORY_USED,18945,3073508 KB
2023-06-07 13:19:55,(2(0)-1686169195:294344),systemResources.FRAMEWORK_VERSION,18965,v3.2.0-27-ga17badf77
2023-06-07 13:19:55,(2(0)-1686169195:294345),systemResources.PROJECT_VERSION,18966,v3.2.0-27-ga17badf77
2023-06-07 13:19:56,(2(0)-1686169196:298247),systemResources.CPU_00,18949,38.00 percent
2023-06-07 13:19:56,(2(0)-1686169196:298288),systemResources.CPU_01,18950,20.20 percent
2023-06-07 13:19:56,(2(0)-1686169196:298329),systemResources.CPU_02,18951,36.63 percent
2023-06-07 13:19:56,(2(0)-1686169196:298367),systemResources.CPU_03,18952,21.00 percent
2023-06-07 13:19:56,(2(0)-1686169196:298370),systemResources.CPU,18948,28.96 percent
2023-06-07 13:19:56,(2(0)-1686169196:298389),systemResources.MEMORY_TOTAL,18944,3488016 KB
2023-06-07 13:19:56,(2(0)-1686169196:298390),systemResources.MEMORY_USED,18945,3060300 KB
2023-06-07 13:19:56,(2(0)-1686169196:298413),systemResources.FRAMEWORK_VERSION,18965,v3.2.0-27-ga17badf77
2023-06-07 13:19:56,(2(0)-1686169196:298415),systemResources.PROJECT_VERSION,18966,v3.2.0-27-ga17badf77
2023-06-07 13:19:57,(2(0)-1686169197:311432),blockDrv.BD_Cycles,256,63
2023-06-07 13:19:57,(2(0)-1686169197:311481),systemResources.CPU_00,18949,85.15 percent
2023-06-07 13:19:57,(2(0)-1686169197:311497),systemResources.CPU_01,18950,64.71 percent
2023-06-07 13:19:57,(2(0)-1686169197:311526),systemResources.CPU_02,18951,82.18 percent
2023-06-07 13:19:57,(2(0)-1686169197:311541),systemResources.CPU_03,18952,64.36 percent
2023-06-07 13:19:57,(2(0)-1686169197:311542),systemResources.CPU,18948,74.10 percent
2023-06-07 13:19:57,(2(0)-1686169197:311551),systemResources.MEMORY_TOTAL,18944,3488232 KB
2023-06-07 13:19:57,(2(0)-1686169197:311551),systemResources.MEMORY_USED,18945,3065176 KB
2023-06-07 13:19:57,(2(0)-1686169197:311560),systemResources.FRAMEWORK_VERSION,18965,v3.2.0-27-ga17badf77
2023-06-07 13:19:57,(2(0)-1686169197:311562),systemResources.PROJECT_VERSION,18966,v3.2.0-27-ga17badf77
2023-06-07 13:19:58,(2(0)-1686169198:315807),rateGroup2.RgMaxTime,768,890 us
2023-06-07 13:19:58,(2(0)-1686169198:315340),systemResources.CPU_00,18949,46.00 percent
2023-06-07 13:19:58,(2(0)-1686169198:315432),systemResources.CPU_01,18950,32.00 percent
2023-06-07 13:19:58,(2(0)-1686169198:315503),systemResources.CPU_02,18951,43.00 percent
2023-06-07 13:19:58,(2(0)-1686169198:315567),systemResources.CPU_03,18952,27.00 percent
2023-06-07 13:19:58,(2(0)-1686169198:315571),systemResources.CPU,18948,37.00 percent
2023-06-07 13:19:58,(2(0)-1686169198:315598),systemResources.MEMORY_TOTAL,18944,3487796 KB
2023-06-07 13:19:58,(2(0)-1686169198:315608),systemResources.MEMORY_USED,18945,3066260 KB
2023-06-07 13:19:58,(2(0)-1686169198:315650),systemResources.FRAMEWORK_VERSION,18965,v3.2.0-27-ga17badf77
2023-06-07 13:19:58,(2(0)-1686169198:315654),systemResources.PROJECT_VERSION,18966,v3.2.0-27-ga17badf77
2023-06-07 13:19:58,(2(0)-1686169198:315659),rateGroup1.RgMaxTime,512,742 us
2023-06-07 13:19:58,(2(0)-1686169198:315892),rateGroup3.RgMaxTime,1024,976 us
2023-06-07 13:19:59,(2(0)-1686169199:316715),blockDrv.BD_Cycles,256,65
2023-06-07 13:19:59,(2(0)-1686169199:316756),systemResources.CPU_00,18949,61.00 percent
2023-06-07 13:19:59,(2(0)-1686169199:316778),systemResources.CPU_01,18950,22.22 percent
2023-06-07 13:19:59,(2(0)-1686169199:316797),systemResources.CPU_02,18951,59.00 percent
2023-06-07 13:19:59,(2(0)-1686169199:316812),systemResources.CPU_03,18952,22.22 percent
2023-06-07 13:19:59,(2(0)-1686169199:316813),systemResources.CPU,18948,41.11 percent
2023-06-07 13:19:59,(2(0)-1686169199:316821),systemResources.MEMORY_TOTAL,18944,3488416 KB
2023-06-07 13:19:59,(2(0)-1686169199:316821),systemResources.MEMORY_USED,18945,3088788 KB
2023-06-07 13:19:59,(2(0)-1686169199:316834),systemResources.FRAMEWORK_VERSION,18965,v3.2.0-27-ga17badf77
2023-06-07 13:19:59,(2(0)-1686169199:316835),systemResources.PROJECT_VERSION,18966,v3.2.0-27-ga17badf77
2023-06-07 13:20:00,(2(0)-1686169200:320001),blockDrv.BD_Cycles,256,66
2023-06-07 13:20:00,(2(0)-1686169200:320051),systemResources.CPU_00,18949,72.73 percent
2023-06-07 13:20:00,(2(0)-1686169200:320084),systemResources.CPU_01,18950,19.19 percent
2023-06-07 13:20:00,(2(0)-1686169200:320107),systemResources.CPU_02,18951,69.70 percent
2023-06-07 13:20:00,(2(0)-1686169200:320148),systemResources.CPU_03,18952,20.00 percent
2023-06-07 13:20:00,(2(0)-1686169200:320149),systemResources.CPU,18948,45.40 percent
2023-06-07 13:20:00,(2(0)-1686169200:320158),systemResources.MEMORY_TOTAL,18944,3488220 KB
2023-06-07 13:20:00,(2(0)-1686169200:320158),systemResources.MEMORY_USED,18945,3095140 KB
2023-06-07 13:20:00,(2(0)-1686169200:320174),systemResources.FRAMEWORK_VERSION,18965,v3.2.0-27-ga17badf77
2023-06-07 13:20:00,(2(0)-1686169200:320176),systemResources.PROJECT_VERSION,18966,v3.2.0-27-ga17badf77
2023-06-07 13:20:01,(2(0)-1686169201:324895),blockDrv.BD_Cycles,256,67
2023-06-07 13:20:01,(2(0)-1686169201:324993),systemResources.CPU_00,18949,52.00 percent
2023-06-07 13:20:01,(2(0)-1686169201:325095),systemResources.CPU_01,18950,17.00 percent
2023-06-07 13:20:01,(2(0)-1686169201:325140),systemResources.CPU_02,18951,46.00 percent
2023-06-07 13:20:01,(2(0)-1686169201:325168),systemResources.CPU_03,18952,16.00 percent
2023-06-07 13:20:01,(2(0)-1686169201:325170),systemResources.CPU,18948,32.75 percent
2023-06-07 13:20:01,(2(0)-1686169201:325189),systemResources.MEMORY_TOTAL,18944,3487400 KB
2023-06-07 13:20:01,(2(0)-1686169201:325191),systemResources.MEMORY_USED,18945,3075108 KB
2023-06-07 13:20:01,(2(0)-1686169201:325218),systemResources.FRAMEWORK_VERSION,18965,v3.2.0-27-ga17badf77
2023-06-07 13:20:01,(2(0)-1686169201:325221),systemResources.PROJECT_VERSION,18966,v3.2.0-27-ga17badf77
2023-06-07 13:20:02,(2(0)-1686169202:327589),systemResources.CPU_00,18949,40.59 percent
2023-06-07 13:20:02,(2(0)-1686169202:327688),systemResources.CPU_01,18950,17.00 percent
2023-06-07 13:20:02,(2(0)-1686169202:327755),systemResources.CPU_02,18951,32.67 percent
2023-06-07 13:20:02,(2(0)-1686169202:327791),systemResources.CPU_03,18952,12.00 percent
2023-06-07 13:20:02,(2(0)-1686169202:327793),systemResources.CPU,18948,25.57 percent
2023-06-07 13:20:02,(2(0)-1686169202:327809),systemResources.MEMORY_TOTAL,18944,3487924 KB
2023-06-07 13:20:02,(2(0)-1686169202:327811),systemResources.MEMORY_USED,18945,3072816 KB
2023-06-07 13:20:02,(2(0)-1686169202:327838),systemResources.FRAMEWORK_VERSION,18965,v3.2.0-27-ga17badf77
2023-06-07 13:20:02,(2(0)-1686169202:327840),systemResources.PROJECT_VERSION,18966,v3.2.0-27-ga17badf77
2023-06-07 13:20:03,(2(0)-1686169203:330181),blockDrv.BD_Cycles,256,69
2023-06-07 13:20:03,(2(0)-1686169203:330308),systemResources.CPU_00,18949,21.21 percent
2023-06-07 13:20:03,(2(0)-1686169203:330417),systemResources.CPU_01,18950,7.00 percent
2023-06-07 13:20:03,(2(0)-1686169203:330457),systemResources.CPU_02,18951,16.16 percent
2023-06-07 13:20:03,(2(0)-1686169203:330490),systemResources.CPU_03,18952,5.05 percent
2023-06-07 13:20:03,(2(0)-1686169203:330493),systemResources.CPU,18948,12.36 percent
2023-06-07 13:20:03,(2(0)-1686169203:330516),systemResources.MEMORY_TOTAL,18944,3487968 KB
2023-06-07 13:20:03,(2(0)-1686169203:330518),systemResources.MEMORY_USED,18945,3063868 KB
2023-06-07 13:20:03,(2(0)-1686169203:330549),systemResources.FRAMEWORK_VERSION,18965,v3.2.0-27-ga17badf77
2023-06-07 13:20:03,(2(0)-1686169203:330553),systemResources.PROJECT_VERSION,18966,v3.2.0-27-ga17badf77
2023-06-07 13:20:04,(2(0)-1686169204:331672),systemResources.CPU_00,18949,32.00 percent
2023-06-07 13:20:04,(2(0)-1686169204:331691),systemResources.CPU_01,18950,6.00 percent
2023-06-07 13:20:04,(2(0)-1686169204:331707),systemResources.CPU_02,18951,23.00 percent
2023-06-07 13:20:04,(2(0)-1686169204:331725),systemResources.CPU_03,18952,10.89 percent
2023-06-07 13:20:04,(2(0)-1686169204:331726),systemResources.CPU,18948,17.97 percent
2023-06-07 13:20:04,(2(0)-1686169204:331734),systemResources.MEMORY_TOTAL,18944,3488464 KB
2023-06-07 13:20:04,(2(0)-1686169204:331735),systemResources.MEMORY_USED,18945,3063552 KB
2023-06-07 13:20:04,(2(0)-1686169204:331751),systemResources.FRAMEWORK_VERSION,18965,v3.2.0-27-ga17badf77
2023-06-07 13:20:04,(2(0)-1686169204:331752),systemResources.PROJECT_VERSION,18966,v3.2.0-27-ga17badf77
2023-06-07 13:20:05,(2(0)-1686169205:333275),blockDrv.BD_Cycles,256,71
2023-06-07 13:20:05,(2(0)-1686169205:333320),systemResources.CPU_00,18949,41.58 percent
2023-06-07 13:20:05,(2(0)-1686169205:333333),systemResources.CPU_01,18950,17.00 percent
2023-06-07 13:20:05,(2(0)-1686169205:333362),systemResources.CPU_02,18951,42.00 percent
2023-06-07 13:20:05,(2(0)-1686169205:333379),systemResources.CPU_03,18952,13.00 percent
2023-06-07 13:20:05,(2(0)-1686169205:333380),systemResources.CPU,18948,28.40 percent
2023-06-07 13:20:05,(2(0)-1686169205:333389),systemResources.MEMORY_TOTAL,18944,3487848 KB
2023-06-07 13:20:05,(2(0)-1686169205:333389),systemResources.MEMORY_USED,18945,3061604 KB
2023-06-07 13:20:05,(2(0)-1686169205:333399),systemResources.FRAMEWORK_VERSION,18965,v3.2.0-27-ga17badf77
2023-06-07 13:20:05,(2(0)-1686169205:333400),systemResources.PROJECT_VERSION,18966,v3.2.0-27-ga17badf77
