2023-06-07 13:38:05,(2(0)-1686170285:598823),systemResources.CPU_00,18949,51.52 percent
2023-06-07 13:38:05,(2(0)-1686170285:598840),systemResources.CPU_01,18950,7.07 percent
2023-06-07 13:38:05,(2(0)-1686170285:598856),systemResources.CPU_02,18951,51.52 percent
2023-06-07 13:38:05,(2(0)-1686170285:598872),systemResources.CPU_03,18952,7.07 percent
2023-06-07 13:38:05,(2(0)-1686170285:598873),systemResources.CPU,18948,29.29 percent
2023-06-07 13:38:05,(2(0)-1686170285:598881),systemResources.MEMORY_TOTAL,18944,3489040 KB
2023-06-07 13:38:05,(2(0)-1686170285:598881),systemResources.MEMORY_USED,18945,2717316 KB
2023-06-07 13:38:05,(2(0)-1686170285:598893),systemResources.FRAMEWORK_VERSION,18965,v3.2.0-27-ga17badf77
2023-06-07 13:38:05,(2(0)-1686170285:598894),systemResources.PROJECT_VERSION,18966,v3.2.0-27-ga17badf77
2023-06-07 13:38:05,(2(0)-1686170285:598897),rateGroup1.RgMaxTime,512,191 us
2023-06-07 13:38:06,(2(0)-1686170286:600614),systemResources.CPU_00,18949,44.44 percent
2023-06-07 13:38:06,(2(0)-1686170286:600721),rateGroup2.RgMaxTime,768,324 us
2023-06-07 13:38:06,(2(0)-1686170286:600667),systemResources.CPU_01,18950,13.13 percent
2023-06-07 13:38:06,(2(0)-1686170286:600726),systemResources.CPU_02,18951,39.39 percent
2023-06-07 13:38:06,(2(0)-1686170286:600772),systemResources.CPU_03,18952,14.00 percent
2023-06-07 13:38:06,(2(0)-1686170286:600774),systemResources.CPU,18948,27.74 percent
2023-06-07 13:38:06,(2(0)-1686170286:600786),systemResources.MEMORY_TOTAL,18944,3489824 KB
2023-06-07 13:38:06,(2(0)-1686170286:600787),systemResources.MEMORY_USED,18945,2703852 KB
2023-06-07 13:38:06,(2(0)-1686170286:600805),systemResources.FRAMEWORK_VERSION,18965,v3.2.0-27-ga17badf77
2023-06-07 13:38:06,(2(0)-1686170286:600807),systemResources.PROJECT_VERSION,18966,v3.2.0-27-ga17badf77
2023-06-07 13:38:06,(2(0)-1686170286:600811),rateGroup1.RgMaxTime,512,416 us
2023-06-07 13:38:06,(2(0)-1686170286:600717),blockDrv.BD_Cycles,256,2
2023-06-07 13:38:07,(2(0)-1686170287:605485),systemResources.CPU_00,18949,48.00 percent
2023-06-07 13:38:07,(2(0)-1686170287:605503),systemResources.CPU_01,18950,29.70 percent
2023-06-07 13:38:07,(2(0)-1686170287:605520),systemResources.CPU_02,18951,46.53 percent
2023-06-07 13:38:07,(2(0)-1686170287:605534),systemResources.CPU_03,18952,28.28 percent
2023-06-07 13:38:07,(2(0)-1686170287:605535),systemResources.CPU,18948,38.13 percent
2023-06-07 13:38:07,(2(0)-1686170287:605543),systemResources.MEMORY_TOTAL,18944,3489384 KB
2023-06-07 13:38:07,(2(0)-1686170287:605544),systemResources.MEMORY_USED,18945,2718488 KB
2023-06-07 13:38:07,(2(0)-1686170287:605558),systemResources.FRAMEWORK_VERSION,18965,v3.2.0-27-ga17badf77
2023-06-07 13:38:07,(2(0)-1686170287:605560),systemResources.PROJECT_VERSION,18966,v3.2.0-27-ga17badf77
2023-06-07 13:38:07,(2(0)-1686170287:606711),blockDrv.BD_Cycles,256,3
2023-06-07 13:38:08,(2(0)-1686170288:610014),systemResources.CPU_00,18949,100.00 percent
2023-06-07 13:38:08,(2(0)-1686170288:610034),systemResources.CPU_01,18950,72.73 percent
2023-06-07 13:38:08,(2(0)-1686170288:610051),systemResources.CPU_02,18951,100.00 percent
2023-06-07 13:38:08,(2(0)-1686170288:610067),systemResources.CPU_03,18952,70.00 percent
2023-06-07 13:38:08,(2(0)-1686170288:610068),systemResources.CPU,18948,85.68 percent
2023-06-07 13:38:08,(2(0)-1686170288:610076),systemResources.MEMORY_TOTAL,18944,3489472 KB
2023-06-07 13:38:08,(2(0)-1686170288:610077),systemResources.MEMORY_USED,18945,2751884 KB
2023-06-07 13:38:08,(2(0)-1686170288:610090),systemResources.FRAMEWORK_VERSION,18965,v3.2.0-27-ga17badf77
2023-06-07 13:38:08,(2(0)-1686170288:610092),systemResources.PROJECT_VERSION,18966,v3.2.0-27-ga17badf77
2023-06-07 13:38:08,(2(0)-1686170288:610129),rateGroup3.RgMaxTime,1024,178 us
2023-06-07 13:38:08,(2(0)-1686170288:610135),blockDrv.BD_Cycles,256,4
2023-06-07 13:38:09,(2(0)-1686170289:611822),systemResources.CPU_00,18949,82.00 percent
2023-06-07 13:38:09,(2(0)-1686170289:611839),systemResources.CPU_01,18950,54.00 percent
2023-06-07 13:38:09,(2(0)-1686170289:611853),systemResources.CPU_02,18951,76.24 percent
2023-06-07 13:38:09,(2(0)-1686170289:611869),systemResources.CPU_03,18952,58.42 percent
2023-06-07 13:38:09,(2(0)-1686170289:611870),systemResources.CPU,18948,67.66 percent
2023-06-07 13:38:09,(2(0)-1686170289:611878),systemResources.MEMORY_TOTAL,18944,3489528 KB
2023-06-07 13:38:09,(2(0)-1686170289:611879),systemResources.MEMORY_USED,18945,2768372 KB
2023-06-07 13:38:09,(2(0)-1686170289:611890),systemResources.FRAMEWORK_VERSION,18965,v3.2.0-27-ga17badf77
2023-06-07 13:38:09,(2(0)-1686170289:611891),systemResources.PROJECT_VERSION,18966,v3.2.0-27-ga17badf77
2023-06-07 13:38:09,(2(0)-1686170289:611910),blockDrv.BD_Cycles,256,5
2023-06-07 13:38:10,(2(0)-1686170290:613758),systemResources.CPU_00,18949,60.00 percent
2023-06-07 13:38:10,(2(0)-1686170290:613774),systemResources.CPU_01,18950,27.72 percent
2023-06-07 13:38:10,(2(0)-1686170290:613788),systemResources.CPU_02,18951,66.67 percent
2023-06-07 13:38:10,(2(0)-1686170290:613802),systemResources.CPU_03,18952,32.00 percent
2023-06-07 13:38:10,(2(0)-1686170290:613803),systemResources.CPU,18948,46.60 percent
2023-06-07 13:38:10,(2(0)-1686170290:613811),systemResources.MEMORY_TOTAL,18944,3489364 KB
2023-06-07 13:38:10,(2(0)-1686170290:613811),systemResources.MEMORY_USED,18945,2776148 KB
2023-06-07 13:38:10,(2(0)-1686170290:613820),systemResources.FRAMEWORK_VERSION,18965,v3.2.0-27-ga17badf77
2023-06-07 13:38:10,(2(0)-1686170290:613822),systemResources.PROJECT_VERSION,18966,v3.2.0-27-ga17badf77
2023-06-07 13:38:11,(2(0)-1686170291:617748),blockDrv.BD_Cycles,256,7
2023-06-07 13:38:11,(2(0)-1686170291:617895),systemResources.CPU_00,18949,55.00 percent
2023-06-07 13:38:11,(2(0)-1686170291:617944),systemResources.CPU_01,18950,26.00 percent
2023-06-07 13:38:11,(2(0)-1686170291:617987),systemResources.CPU_02,18951,53.00 percent
2023-06-07 13:38:11,(2(0)-1686170291:618030),systemResources.CPU_03,18952,25.00 percent
2023-06-07 13:38:11,(2(0)-1686170291:618032),systemResources.CPU,18948,39.75 percent
2023-06-07 13:38:11,(2(0)-1686170291:618050),systemResources.MEMORY_TOTAL,18944,3489256 KB
2023-06-07 13:38:11,(2(0)-1686170291:618051),systemResources.MEMORY_USED,18945,2792160 KB
2023-06-07 13:38:11,(2(0)-1686170291:618080),systemResources.FRAMEWORK_VERSION,18965,v3.2.0-27-ga17badf77
2023-06-07 13:38:11,(2(0)-1686170291:618084),systemResources.PROJECT_VERSION,18966,v3.2.0-27-ga17badf77
2023-06-07 13:38:12,(2(0)-1686170292:621531),systemResources.CPU_00,18949,35.35 percent
2023-06-07 13:38:12,(2(0)-1686170292:621598),systemResources.CPU_01,18950,10.00 percent
2023-06-07 13:38:12,(2(0)-1686170292:621614),systemResources.CPU_02,18951,28.28 percent
2023-06-07 13:38:12,(2(0)-1686170292:621631),systemResources.CPU_03,18952,7.07 percent
2023-06-07 13:38:12,(2(0)-1686170292:621631),systemResources.CPU,18948,20.18 percent
2023-06-07 13:38:12,(2(0)-1686170292:621640),systemResources.MEMORY_TOTAL,18944,3489364 KB
2023-06-07 13:38:12,(2(0)-1686170292:621640),systemResources.MEMORY_USED,18945,2793656 KB
2023-06-07 13:38:12,(2(0)-1686170292:621657),systemResources.FRAMEWORK_VERSION,18965,v3.2.0-27-ga17badf77
2023-06-07 13:38:12,(2(0)-1686170292:621658),systemResources.PROJECT_VERSION,18966,v3.2.0-27-ga17badf77
2023-06-07 13:38:12,(2(0)-1686170292:621756),rateGroup3.RgMaxTime,1024,310 us
2023-06-07 13:38:13,(2(0)-1686170293:624626),blockDrv.BD_Cycles,256,9
2023-06-07 13:38:13,(2(0)-1686170293:624733),systemResources.CPU_00,18949,40.00 percent
2023-06-07 13:38:13,(2(0)-1686170293:624784),systemResources.CPU_01,18950,19.00 percent
2023-06-07 13:38:13,(2(0)-1686170293:624841),systemResources.CPU_02,18951,38.00 percent
2023-06-07 13:38:13,(2(0)-1686170293:624872),systemResources.CPU_03,18952,20.00 percent
2023-06-07 13:38:13,(2(0)-1686170293:624874),systemResources.CPU,18948,29.25 percent
2023-06-07 13:38:13,(2(0)-1686170293:624889),systemResources.MEMORY_TOTAL,18944,3489868 KB
2023-06-07 13:38:13,(2(0)-1686170293:624890),systemResources.MEMORY_USED,18945,2793328 KB
2023-06-07 13:38:13,(2(0)-1686170293:624910),systemResources.FRAMEWORK_VERSION,18965,v3.2.0-27-ga17badf77
2023-06-07 13:38:13,(2(0)-1686170293:624912),systemResources.PROJECT_VERSION,18966,v3.2.0-27-ga17badf77
2023-06-07 13:38:13,(2(0)-1686170293:624916),rateGroup1.RgMaxTime,512,442 us
2023-06-07 13:38:14,(2(0)-1686170294:626282),blockDrv.BD_Cycles,256,10
2023-06-07 13:38:14,(2(0)-1686170294:626352),systemResources.CPU_00,18949,26.00 percent
2023-06-07 13:38:14,(2(0)-1686170294:626375),systemResources.CPU_01,18950,9.09 percent
2023-06-07 13:38:14,(2(0)-1686170294:626395),systemResources.CPU_02,18951,24.00 percent
2023-06-07 13:38:14,(2(0)-1686170294:626436),systemResources.CPU_03,18952,9.00 percent
2023-06-07 13:38:14,(2(0)-1686170294:626438),systemResources.CPU,18948,17.02 percent
2023-06-07 13:38:14,(2(0)-1686170294:626449),systemResources.MEMORY_TOTAL,18944,3489724 KB
2023-06-07 13:38:14,(2(0)-1686170294:626450),systemResources.MEMORY_USED,18945,2795272 KB
2023-06-07 13:38:14,(2(0)-1686170294:626467),systemResources.FRAMEWORK_VERSION,18965,v3.2.0-27-ga17badf77
2023-06-07 13:38:14,(2(0)-1686170294:626469),systemResources.PROJECT_VERSION,18966,v3.2.0-27-ga17badf77
2023-06-07 13:38:15,(2(0)-1686170295:630308),blockDrv.BD_Cycles,256,11
2023-06-07 13:38:15,(2(0)-1686170295:630394),systemResources.CPU_00,18949,43.00 percent
2023-06-07 13:38:15,(2(0)-1686170295:630460),systemResources.CPU_01,18950,15.00 percent
2023-06-07 13:38:15,(2(0)-1686170295:630513),systemResources.CPU_02,18951,39.60 percent
2023-06-07 13:38:15,(2(0)-1686170295:630540),systemResources.CPU_03,18952,14.14 percent
2023-06-07 13:38:15,(2(0)-1686170295:630541),systemResources.CPU,18948,27.94 percent
2023-06-07 13:38:15,(2(0)-1686170295:630553),systemResources.MEMORY_TOTAL,18944,3489476 KB
2023-06-07 13:38:15,(2(0)-1686170295:630554),systemResources.MEMORY_USED,18945,2809728 KB
2023-06-07 13:38:15,(2(0)-1686170295:630574),systemResources.FRAMEWORK_VERSION,18965,v3.2.0-27-ga17badf77
2023-06-07 13:38:15,(2(0)-1686170295:630576),systemResources.PROJECT_VERSION,18966,v3.2.0-27-ga17badf77
2023-06-07 13:38:16,(2(0)-1686170296:632961),systemResources.CPU_00,18949,39.00 percent
2023-06-07 13:38:16,(2(0)-1686170296:633153),rateGroup2.RgMaxTime,768,400 us
2023-06-07 13:38:16,(2(0)-1686170296:633030),systemResources.CPU_01,18950,12.00 percent
2023-06-07 13:38:16,(2(0)-1686170296:633091),systemResources.CPU_02,18951,34.34 percent
2023-06-07 13:38:16,(2(0)-1686170296:633147),systemResources.CPU_03,18952,11.00 percent
2023-06-07 13:38:16,(2(0)-1686170296:633151),systemResources.CPU,18948,24.09 percent
2023-06-07 13:38:16,(2(0)-1686170296:633177),systemResources.MEMORY_TOTAL,18944,3489972 KB
2023-06-07 13:38:16,(2(0)-1686170296:633179),systemResources.MEMORY_USED,18945,2810688 KB
2023-06-07 13:38:16,(2(0)-1686170296:633205),systemResources.FRAMEWORK_VERSION,18965,v3.2.0-27-ga17badf77
2023-06-07 13:38:16,(2(0)-1686170296:633210),systemResources.PROJECT_VERSION,18966,v3.2.0-27-ga17badf77
2023-06-07 13:38:16,(2(0)-1686170296:633217),rateGroup1.RgMaxTime,512,464 us
2023-06-07 13:38:16,(2(0)-1686170296:633483),rateGroup3.RgMaxTime,1024,729 us
2023-06-07 13:38:17,(2(0)-1686170297:634570),blockDrv.BD_Cycles,256,13
2023-06-07 13:38:17,(2(0)-1686170297:634688),systemResources.CPU_00,18949,31.00 percent
2023-06-07 13:38:17,(2(0)-1686170297:634720),systemResources.CPU_01,18950,10.00 percent
2023-06-07 13:38:17,(2(0)-1686170297:634781),systemResources.CPU_02,18951,25.25 percent
2023-06-07 13:38:17,(2(0)-1686170297:634822),systemResources.CPU_03,18952,10.10 percent
2023-06-07 13:38:17,(2(0)-1686170297:634824),systemResources.CPU,18948,19.09 percent
2023-06-07 13:38:17,(2(0)-1686170297:634858),systemResources.MEMORY_TOTAL,18944,3489512 KB
2023-06-07 13:38:17,(2(0)-1686170297:634860),systemResources.MEMORY_USED,18945,2810132 KB
2023-06-07 13:38:17,(2(0)-1686170297:634879),systemResources.FRAMEWORK_VERSION,18965,v3.2.0-27-ga17badf77
2023-06-07 13:38:17,(2(0)-1686170297:634882),systemResources.PROJECT_VERSION,18966,v3.2.0-27-ga17badf77
2023-06-07 13:38:18,(2(0)-1686170298:636811),systemResources.CPU_00,18949,60.61 percent
2023-06-07 13:38:18,(2(0)-1686170298:636858),systemResources.CPU_01,18950,35.35 percent
2023-06-07 13:38:18,(2(0)-1686170298:636887),systemResources.CPU_02,18951,63.00 percent
2023-06-07 13:38:18,(2(0)-1686170298:636909),systemResources.CPU_03,18952,39.00 percent
2023-06-07 13:38:18,(2(0)-1686170298:636910),systemResources.CPU,18948,49.49 percent
2023-06-07 13:38:18,(2(0)-1686170298:636920),systemResources.MEMORY_TOTAL,18944,3489672 KB
2023-06-07 13:38:18,(2(0)-1686170298:636921),systemResources.MEMORY_USED,18945,2804092 KB
2023-06-07 13:38:18,(2(0)-1686170298:636938),systemResources.FRAMEWORK_VERSION,18965,v3.2.0-27-ga17badf77
2023-06-07 13:38:18,(2(0)-1686170298:636940),systemResources.PROJECT_VERSION,18966,v3.2.0-27-ga17badf77
2023-06-07 13:38:19,(2(0)-1686170299:640099),blockDrv.BD_Cycles,256,15
2023-06-07 13:38:19,(2(0)-1686170299:640156),systemResources.CPU_00,18949,63.37 percent
2023-06-07 13:38:19,(2(0)-1686170299:640191),systemResources.CPU_01,18950,36.00 percent
2023-06-07 13:38:19,(2(0)-1686170299:640215),systemResources.CPU_02,18951,64.00 percent
2023-06-07 13:38:19,(2(0)-1686170299:640231),systemResources.CPU_03,18952,33.00 percent
2023-06-07 13:38:19,(2(0)-1686170299:640232),systemResources.CPU,18948,49.09 percent
2023-06-07 13:38:19,(2(0)-1686170299:640241),systemResources.MEMORY_TOTAL,18944,3489516 KB
2023-06-07 13:38:19,(2(0)-1686170299:640241),systemResources.MEMORY_USED,18945,2795332 KB
2023-06-07 13:38:19,(2(0)-1686170299:640254),systemResources.FRAMEWORK_VERSION,18965,v3.2.0-27-ga17badf77
2023-06-07 13:38:19,(2(0)-1686170299:640256),systemResources.PROJECT_VERSION,18966,v3.2.0-27-ga17badf77
2023-06-07 13:38:20,(2(0)-1686170300:645000),systemResources.CPU_00,18949,40.40 percent
2023-06-07 13:38:20,(2(0)-1686170300:645021),systemResources.CPU_01,18950,18.00 percent
2023-06-07 13:38:20,(2(0)-1686170300:645076),systemResources.CPU_02,18951,36.00 percent
2023-06-07 13:38:20,(2(0)-1686170300:645097),systemResources.CPU_03,18952,19.00 percent
2023-06-07 13:38:20,(2(0)-1686170300:645098),systemResources.CPU,18948,28.35 percent
2023-06-07 13:38:20,(2(0)-1686170300:645107),systemResources.MEMORY_TOTAL,18944,3489436 KB
2023-06-07 13:38:20,(2(0)-1686170300:645108),systemResources.MEMORY_USED,18945,2796804 KB
2023-06-07 13:38:20,(2(0)-1686170300:645119),systemResources.FRAMEWORK_VERSION,18965,v3.2.0-27-ga17badf77
2023-06-07 13:38:20,(2(0)-1686170300:645120),systemResources.PROJECT_VERSION,18966,v3.2.0-27-ga17badf77
2023-06-07 13:38:21,(2(0)-1686170301:646385),blockDrv.BD_Cycles,256,17
2023-06-07 13:38:21,(2(0)-1686170301:646486),systemResources.CPU_00,18949,50.00 percent
2023-06-07 13:38:21,(2(0)-1686170301:646563),systemResources.CPU_01,18950,25.25 percent
2023-06-07 13:38:21,(2(0)-1686170301:646616),systemResources.CPU_02,18951,46.46 percent
2023-06-07 13:38:21,(2(0)-1686170301:646645),systemResources.CPU_03,18952,26.26 percent
2023-06-07 13:38:21,(2(0)-1686170301:646647),systemResources.CPU,18948,36.99 percent
2023-06-07 13:38:21,(2(0)-1686170301:646665),systemResources.MEMORY_TOTAL,18944,3489944 KB
2023-06-07 13:38:21,(2(0)-1686170301:646667),systemResources.MEMORY_USED,18945,2796824 KB
2023-06-07 13:38:21,(2(0)-1686170301:646693),systemResources.FRAMEWORK_VERSION,18965,v3.2.0-27-ga17badf77
2023-06-07 13:38:21,(2(0)-1686170301:646697),systemResources.PROJECT_VERSION,18966,v3.2.0-27-ga17badf77
2023-06-07 13:38:22,(2(0)-1686170302:650652),systemResources.CPU_00,18949,33.33 percent
2023-06-07 13:38:22,(2(0)-1686170302:650724),systemResources.CPU_01,18950,12.87 percent
2023-06-07 13:38:22,(2(0)-1686170302:650786),systemResources.CPU_02,18951,30.00 percent
2023-06-07 13:38:22,(2(0)-1686170302:650834),systemResources.CPU_03,18952,11.88 percent
2023-06-07 13:38:22,(2(0)-1686170302:650836),systemResources.CPU,18948,22.02 percent
2023-06-07 13:38:22,(2(0)-1686170302:650854),systemResources.MEMORY_TOTAL,18944,3489260 KB
2023-06-07 13:38:22,(2(0)-1686170302:650856),systemResources.MEMORY_USED,18945,2796924 KB
2023-06-07 13:38:22,(2(0)-1686170302:650882),systemResources.FRAMEWORK_VERSION,18965,v3.2.0-27-ga17badf77
2023-06-07 13:38:22,(2(0)-1686170302:650884),systemResources.PROJECT_VERSION,18966,v3.2.0-27-ga17badf77
2023-06-07 13:38:22,(2(0)-1686170302:650890),rateGroup1.RgMaxTime,512,573 us
2023-06-07 13:38:22,(2(0)-1686170302:650750),blockDrv.BD_Cycles,256,18
2023-06-07 13:38:23,(2(0)-1686170303:652290),systemResources.CPU_00,18949,39.00 percent
2023-06-07 13:38:23,(2(0)-1686170303:652328),systemResources.CPU_01,18950,15.15 percent
2023-06-07 13:38:23,(2(0)-1686170303:652430),systemResources.CPU_02,18951,34.34 percent
2023-06-07 13:38:23,(2(0)-1686170303:652469),systemResources.CPU_03,18952,17.17 percent
2023-06-07 13:38:23,(2(0)-1686170303:652471),systemResources.CPU,18948,26.42 percent
2023-06-07 13:38:23,(2(0)-1686170303:652482),systemResources.MEMORY_TOTAL,18944,3489312 KB
2023-06-07 13:38:23,(2(0)-1686170303:652483),systemResources.MEMORY_USED,18945,2789368 KB
2023-06-07 13:38:23,(2(0)-1686170303:652499),systemResources.FRAMEWORK_VERSION,18965,v3.2.0-27-ga17badf77
2023-06-07 13:38:23,(2(0)-1686170303:652501),systemResources.PROJECT_VERSION,18966,v3.2.0-27-ga17badf77
2023-06-07 13:38:23,(2(0)-1686170303:652273),blockDrv.BD_Cycles,256,19
2023-06-07 13:38:24,(2(0)-1686170304:654353),systemResources.CPU_00,18949,44.00 percent
2023-06-07 13:38:24,(2(0)-1686170304:654420),systemResources.CPU_01,18950,17.00 percent
2023-06-07 13:38:24,(2(0)-1686170304:654475),systemResources.CPU_02,18951,39.00 percent
2023-06-07 13:38:24,(2(0)-1686170304:654523),systemResources.CPU_03,18952,16.16 percent
2023-06-07 13:38:24,(2(0)-1686170304:654526),systemResources.CPU,18948,29.04 percent
2023-06-07 13:38:24,(2(0)-1686170304:654549),systemResources.MEMORY_TOTAL,18944,3489260 KB
2023-06-07 13:38:24,(2(0)-1686170304:654551),systemResources.MEMORY_USED,18945,2788600 KB
2023-06-07 13:38:24,(2(0)-1686170304:654580),systemResources.FRAMEWORK_VERSION,18965,v3.2.0-27-ga17badf77
2023-06-07 13:38:24,(2(0)-1686170304:654584),systemResources.PROJECT_VERSION,18966,v3.2.0-27-ga17badf77
2023-06-07 13:38:24,(2(0)-1686170304:654645),blockDrv.BD_Cycles,256,20
2023-06-07 13:38:24,(2(0)-1686170304:934478),mathSender.VAL1,3584,1.0
2023-06-07 13:38:24,(2(0)-1686170304:934481),mathSender.OP,3585,ADD
2023-06-07 13:38:24,(2(0)-1686170304:934481),mathSender.VAL2,3586,0.0
2023-06-07 13:38:24,(2(0)-1686170304:934509),cmdDisp.CommandsDispatched,1280,1
2023-06-07 13:38:25,(2(0)-1686170305:658693),systemResources.CPU_00,18949,44.44 percent
2023-06-07 13:38:25,(2(0)-1686170305:658721),systemResources.CPU_01,18950,18.18 percent
2023-06-07 13:38:25,(2(0)-1686170305:658745),systemResources.CPU_02,18951,42.00 percent
2023-06-07 13:38:25,(2(0)-1686170305:658764),systemResources.CPU_03,18952,18.00 percent
2023-06-07 13:38:25,(2(0)-1686170305:658765),systemResources.CPU,18948,30.66 percent
2023-06-07 13:38:25,(2(0)-1686170305:658773),systemResources.MEMORY_TOTAL,18944,3489548 KB
2023-06-07 13:38:25,(2(0)-1686170305:658773),systemResources.MEMORY_USED,18945,2789748 KB
2023-06-07 13:38:25,(2(0)-1686170305:658783),systemResources.FRAMEWORK_VERSION,18965,v3.2.0-27-ga17badf77
2023-06-07 13:38:25,(2(0)-1686170305:658784),systemResources.PROJECT_VERSION,18966,v3.2.0-27-ga17badf77
2023-06-07 13:38:26,(2(0)-1686170306:660753),blockDrv.BD_Cycles,256,22
2023-06-07 13:38:25,(2(0)-1686170305:658831),mathReceiver.OPERATION,9984,ADD
2023-06-07 13:38:25,(2(0)-1686170305:658843),mathSender.RESULT,3587,1.0
2023-06-07 13:38:26,(2(0)-1686170306:660828),systemResources.CPU_00,18949,35.00 percent
2023-06-07 13:38:26,(2(0)-1686170306:660860),systemResources.CPU_01,18950,13.86 percent
2023-06-07 13:38:26,(2(0)-1686170306:660904),systemResources.CPU_02,18951,33.33 percent
2023-06-07 13:38:26,(2(0)-1686170306:660941),systemResources.CPU_03,18952,12.00 percent
2023-06-07 13:38:26,(2(0)-1686170306:660943),systemResources.CPU,18948,23.55 percent
2023-06-07 13:38:26,(2(0)-1686170306:660958),systemResources.MEMORY_TOTAL,18944,3489924 KB
2023-06-07 13:38:26,(2(0)-1686170306:660959),systemResources.MEMORY_USED,18945,2786060 KB
2023-06-07 13:38:26,(2(0)-1686170306:660998),systemResources.FRAMEWORK_VERSION,18965,v3.2.0-27-ga17badf77
2023-06-07 13:38:26,(2(0)-1686170306:661001),systemResources.PROJECT_VERSION,18966,v3.2.0-27-ga17badf77
2023-06-07 13:38:27,(2(0)-1686170307:665599),systemResources.CPU_00,18949,31.68 percent
2023-06-07 13:38:27,(2(0)-1686170307:665703),systemResources.CPU_01,18950,11.11 percent
2023-06-07 13:38:27,(2(0)-1686170307:665768),systemResources.CPU_02,18951,24.75 percent
2023-06-07 13:38:27,(2(0)-1686170307:665821),systemResources.CPU_03,18952,15.00 percent
2023-06-07 13:38:27,(2(0)-1686170307:665824),systemResources.CPU,18948,20.64 percent
2023-06-07 13:38:27,(2(0)-1686170307:665846),systemResources.MEMORY_TOTAL,18944,3489456 KB
2023-06-07 13:38:27,(2(0)-1686170307:665849),systemResources.MEMORY_USED,18945,2788888 KB
2023-06-07 13:38:27,(2(0)-1686170307:665881),systemResources.FRAMEWORK_VERSION,18965,v3.2.0-27-ga17badf77
2023-06-07 13:38:27,(2(0)-1686170307:665885),systemResources.PROJECT_VERSION,18966,v3.2.0-27-ga17badf77
2023-06-07 13:38:27,(2(0)-1686170307:665580),blockDrv.BD_Cycles,256,23
2023-06-07 13:38:28,(2(0)-1686170308:670003),systemResources.CPU_00,18949,52.53 percent
2023-06-07 13:38:28,(2(0)-1686170308:670040),systemResources.CPU_01,18950,30.00 percent
2023-06-07 13:38:28,(2(0)-1686170308:670069),systemResources.CPU_02,18951,50.00 percent
2023-06-07 13:38:28,(2(0)-1686170308:670095),systemResources.CPU_03,18952,25.00 percent
2023-06-07 13:38:28,(2(0)-1686170308:670097),systemResources.CPU,18948,39.38 percent
2023-06-07 13:38:28,(2(0)-1686170308:670111),systemResources.MEMORY_TOTAL,18944,3489244 KB
2023-06-07 13:38:28,(2(0)-1686170308:670112),systemResources.MEMORY_USED,18945,2791640 KB
2023-06-07 13:38:28,(2(0)-1686170308:670130),systemResources.FRAMEWORK_VERSION,18965,v3.2.0-27-ga17badf77
2023-06-07 13:38:28,(2(0)-1686170308:670133),systemResources.PROJECT_VERSION,18966,v3.2.0-27-ga17badf77
2023-06-07 13:38:28,(2(0)-1686170308:670043),fileUplinkBufferManager.HiBuffs,17410,1
2023-06-07 13:38:28,(2(0)-1686170308:670135),blockDrv.BD_Cycles,256,24
2023-06-07 13:38:29,(2(0)-1686170309:671493),systemResources.CPU_00,18949,54.00 percent
2023-06-07 13:38:29,(2(0)-1686170309:671543),systemResources.CPU_01,18950,37.00 percent
2023-06-07 13:38:29,(2(0)-1686170309:671573),systemResources.CPU_02,18951,60.00 percent
2023-06-07 13:38:29,(2(0)-1686170309:671594),systemResources.CPU_03,18952,33.00 percent
2023-06-07 13:38:29,(2(0)-1686170309:671595),systemResources.CPU,18948,46.00 percent
2023-06-07 13:38:29,(2(0)-1686170309:671605),systemResources.MEMORY_TOTAL,18944,3489364 KB
2023-06-07 13:38:29,(2(0)-1686170309:671606),systemResources.MEMORY_USED,18945,2792732 KB
2023-06-07 13:38:29,(2(0)-1686170309:671624),systemResources.FRAMEWORK_VERSION,18965,v3.2.0-27-ga17badf77
2023-06-07 13:38:29,(2(0)-1686170309:671627),systemResources.PROJECT_VERSION,18966,v3.2.0-27-ga17badf77
2023-06-07 13:38:29,(2(0)-1686170309:671452),blockDrv.BD_Cycles,256,25
2023-06-07 13:38:30,(2(0)-1686170310:675880),systemResources.CPU_00,18949,39.39 percent
2023-06-07 13:38:30,(2(0)-1686170310:675928),systemResources.CPU_01,18950,19.00 percent
2023-06-07 13:38:30,(2(0)-1686170310:675964),systemResources.CPU_02,18951,33.67 percent
2023-06-07 13:38:30,(2(0)-1686170310:676004),systemResources.CPU_03,18952,17.17 percent
2023-06-07 13:38:30,(2(0)-1686170310:676006),systemResources.CPU,18948,27.31 percent
2023-06-07 13:38:30,(2(0)-1686170310:676024),systemResources.MEMORY_TOTAL,18944,3489728 KB
2023-06-07 13:38:30,(2(0)-1686170310:676025),systemResources.MEMORY_USED,18945,2792924 KB
2023-06-07 13:38:30,(2(0)-1686170310:676049),systemResources.FRAMEWORK_VERSION,18965,v3.2.0-27-ga17badf77
2023-06-07 13:38:30,(2(0)-1686170310:676052),systemResources.PROJECT_VERSION,18966,v3.2.0-27-ga17badf77
2023-06-07 13:38:30,(2(0)-1686170310:676057),rateGroup1.RgMaxTime,512,580 us
2023-06-07 13:38:31,(2(0)-1686170311:677889),blockDrv.BD_Cycles,256,27
2023-06-07 13:38:31,(2(0)-1686170311:678047),systemResources.CPU_00,18949,31.00 percent
2023-06-07 13:38:31,(2(0)-1686170311:678132),systemResources.CPU_01,18950,14.00 percent
2023-06-07 13:38:31,(2(0)-1686170311:678179),systemResources.CPU_02,18951,30.69 percent
2023-06-07 13:38:31,(2(0)-1686170311:678212),systemResources.CPU_03,18952,12.87 percent
2023-06-07 13:38:31,(2(0)-1686170311:678214),systemResources.CPU,18948,22.14 percent
2023-06-07 13:38:31,(2(0)-1686170311:678232),systemResources.MEMORY_TOTAL,18944,3489748 KB
2023-06-07 13:38:31,(2(0)-1686170311:678233),systemResources.MEMORY_USED,18945,2793636 KB
2023-06-07 13:38:31,(2(0)-1686170311:678259),systemResources.FRAMEWORK_VERSION,18965,v3.2.0-27-ga17badf77
2023-06-07 13:38:31,(2(0)-1686170311:678262),systemResources.PROJECT_VERSION,18966,v3.2.0-27-ga17badf77
2023-06-07 13:38:32,(2(0)-1686170312:680904),systemResources.CPU_00,18949,35.35 percent
2023-06-07 13:38:32,(2(0)-1686170312:680966),systemResources.CPU_01,18950,15.15 percent
2023-06-07 13:38:32,(2(0)-1686170312:681021),systemResources.CPU_02,18951,31.31 percent
2023-06-07 13:38:32,(2(0)-1686170312:681077),systemResources.CPU_03,18952,13.13 percent
2023-06-07 13:38:32,(2(0)-1686170312:681080),systemResources.CPU,18948,23.74 percent
2023-06-07 13:38:32,(2(0)-1686170312:681107),systemResources.MEMORY_TOTAL,18944,3489932 KB
2023-06-07 13:38:32,(2(0)-1686170312:681109),systemResources.MEMORY_USED,18945,2793660 KB
2023-06-07 13:38:32,(2(0)-1686170312:681172),systemResources.FRAMEWORK_VERSION,18965,v3.2.0-27-ga17badf77
2023-06-07 13:38:32,(2(0)-1686170312:681176),systemResources.PROJECT_VERSION,18966,v3.2.0-27-ga17badf77
2023-06-07 13:38:33,(2(0)-1686170313:683303),blockDrv.BD_Cycles,256,29
2023-06-07 13:38:33,(2(0)-1686170313:683489),systemResources.CPU_00,18949,41.58 percent
2023-06-07 13:38:33,(2(0)-1686170313:683612),systemResources.CPU_01,18950,18.00 percent
2023-06-07 13:38:33,(2(0)-1686170313:683681),systemResources.CPU_02,18951,37.00 percent
2023-06-07 13:38:33,(2(0)-1686170313:683751),systemResources.CPU_03,18952,16.16 percent
2023-06-07 13:38:33,(2(0)-1686170313:683755),systemResources.CPU,18948,28.19 percent
2023-06-07 13:38:33,(2(0)-1686170313:683782),systemResources.MEMORY_TOTAL,18944,3489760 KB
2023-06-07 13:38:33,(2(0)-1686170313:683785),systemResources.MEMORY_USED,18945,2794140 KB
2023-06-07 13:38:33,(2(0)-1686170313:683819),systemResources.FRAMEWORK_VERSION,18965,v3.2.0-27-ga17badf77
2023-06-07 13:38:33,(2(0)-1686170313:683824),systemResources.PROJECT_VERSION,18966,v3.2.0-27-ga17badf77
2023-06-07 13:38:34,(2(0)-1686170314:687877),systemResources.CPU_00,18949,35.35 percent
2023-06-07 13:38:34,(2(0)-1686170314:687928),systemResources.CPU_01,18950,15.00 percent
2023-06-07 13:38:34,(2(0)-1686170314:687974),systemResources.CPU_02,18951,33.33 percent
2023-06-07 13:38:34,(2(0)-1686170314:687999),systemResources.CPU_03,18952,16.00 percent
2023-06-07 13:38:34,(2(0)-1686170314:688000),systemResources.CPU,18948,24.92 percent
2023-06-07 13:38:34,(2(0)-1686170314:688011),systemResources.MEMORY_TOTAL,18944,3490180 KB
2023-06-07 13:38:34,(2(0)-1686170314:688012),systemResources.MEMORY_USED,18945,2804660 KB
2023-06-07 13:38:34,(2(0)-1686170314:688028),systemResources.FRAMEWORK_VERSION,18965,v3.2.0-27-ga17badf77
2023-06-07 13:38:34,(2(0)-1686170314:688030),systemResources.PROJECT_VERSION,18966,v3.2.0-27-ga17badf77
2023-06-07 13:38:35,(2(0)-1686170315:692382),blockDrv.BD_Cycles,256,31
2023-06-07 13:38:35,(2(0)-1686170315:692457),systemResources.CPU_00,18949,37.37 percent
2023-06-07 13:38:35,(2(0)-1686170315:692551),systemResources.CPU_01,18950,12.00 percent
2023-06-07 13:38:35,(2(0)-1686170315:692594),systemResources.CPU_02,18951,40.40 percent
2023-06-07 13:38:35,(2(0)-1686170315:692630),systemResources.CPU_03,18952,13.86 percent
2023-06-07 13:38:35,(2(0)-1686170315:692632),systemResources.CPU,18948,25.91 percent
2023-06-07 13:38:35,(2(0)-1686170315:692648),systemResources.MEMORY_TOTAL,18944,3490184 KB
2023-06-07 13:38:35,(2(0)-1686170315:692650),systemResources.MEMORY_USED,18945,2845176 KB
2023-06-07 13:38:35,(2(0)-1686170315:692675),systemResources.FRAMEWORK_VERSION,18965,v3.2.0-27-ga17badf77
2023-06-07 13:38:35,(2(0)-1686170315:692678),systemResources.PROJECT_VERSION,18966,v3.2.0-27-ga17badf77
2023-06-07 13:38:36,(2(0)-1686170316:406155),mathSender.VAL1,3584,1.0
2023-06-07 13:38:36,(2(0)-1686170316:406158),mathSender.OP,3585,DIV
2023-06-07 13:38:36,(2(0)-1686170316:406158),mathSender.VAL2,3586,0.0
2023-06-07 13:38:36,(2(0)-1686170316:406192),cmdDisp.CommandsDispatched,1280,2
2023-06-07 13:38:36,(2(0)-1686170316:695161),systemResources.CPU_00,18949,48.00 percent
2023-06-07 13:38:36,(2(0)-1686170316:695207),systemResources.CPU_01,18950,23.23 percent
2023-06-07 13:38:36,(2(0)-1686170316:695245),systemResources.CPU_02,18951,46.53 percent
2023-06-07 13:38:36,(2(0)-1686170316:695283),systemResources.CPU_03,18952,22.45 percent
2023-06-07 13:38:36,(2(0)-1686170316:695285),systemResources.CPU,18948,35.05 percent
2023-06-07 13:38:36,(2(0)-1686170316:695302),systemResources.MEMORY_TOTAL,18944,3490028 KB
2023-06-07 13:38:36,(2(0)-1686170316:695303),systemResources.MEMORY_USED,18945,2843348 KB
2023-06-07 13:38:36,(2(0)-1686170316:695326),systemResources.FRAMEWORK_VERSION,18965,v3.2.0-27-ga17badf77
2023-06-07 13:38:36,(2(0)-1686170316:695328),systemResources.PROJECT_VERSION,18966,v3.2.0-27-ga17badf77
2023-06-07 13:38:37,(2(0)-1686170317:697791),blockDrv.BD_Cycles,256,33
2023-06-07 13:38:36,(2(0)-1686170316:695430),mathReceiver.OPERATION,9984,DIV
2023-06-07 13:38:36,(2(0)-1686170316:695456),mathSender.RESULT,3587,0.0
2023-06-07 13:38:37,(2(0)-1686170317:697912),systemResources.CPU_00,18949,31.68 percent
2023-06-07 13:38:37,(2(0)-1686170317:697956),systemResources.CPU_01,18950,12.00 percent
2023-06-07 13:38:37,(2(0)-1686170317:697994),systemResources.CPU_02,18951,27.27 percent
2023-06-07 13:38:37,(2(0)-1686170317:698056),systemResources.CPU_03,18952,11.00 percent
2023-06-07 13:38:37,(2(0)-1686170317:698059),systemResources.CPU,18948,20.49 percent
2023-06-07 13:38:37,(2(0)-1686170317:698082),systemResources.MEMORY_TOTAL,18944,3489848 KB
2023-06-07 13:38:37,(2(0)-1686170317:698084),systemResources.MEMORY_USED,18945,2843252 KB
2023-06-07 13:38:37,(2(0)-1686170317:698113),systemResources.FRAMEWORK_VERSION,18965,v3.2.0-27-ga17badf77
2023-06-07 13:38:37,(2(0)-1686170317:698116),systemResources.PROJECT_VERSION,18966,v3.2.0-27-ga17badf77
2023-06-07 13:38:38,(2(0)-1686170318:700660),blockDrv.BD_Cycles,256,34
2023-06-07 13:38:38,(2(0)-1686170318:700734),systemResources.CPU_00,18949,48.48 percent
2023-06-07 13:38:38,(2(0)-1686170318:700758),systemResources.CPU_01,18950,23.76 percent
2023-06-07 13:38:38,(2(0)-1686170318:700792),systemResources.CPU_02,18951,46.00 percent
2023-06-07 13:38:38,(2(0)-1686170318:700833),systemResources.CPU_03,18952,20.00 percent
2023-06-07 13:38:38,(2(0)-1686170318:700835),systemResources.CPU,18948,34.56 percent
2023-06-07 13:38:38,(2(0)-1686170318:700869),systemResources.MEMORY_TOTAL,18944,3490152 KB
2023-06-07 13:38:38,(2(0)-1686170318:700871),systemResources.MEMORY_USED,18945,2845624 KB
2023-06-07 13:38:38,(2(0)-1686170318:700888),systemResources.FRAMEWORK_VERSION,18965,v3.2.0-27-ga17badf77
2023-06-07 13:38:38,(2(0)-1686170318:700890),systemResources.PROJECT_VERSION,18966,v3.2.0-27-ga17badf77
2023-06-07 13:38:39,(2(0)-1686170319:704292),systemResources.CPU_00,18949,56.00 percent
2023-06-07 13:38:39,(2(0)-1686170319:704353),systemResources.CPU_01,18950,44.44 percent
2023-06-07 13:38:39,(2(0)-1686170319:704396),systemResources.CPU_02,18951,57.00 percent
2023-06-07 13:38:39,(2(0)-1686170319:704426),systemResources.CPU_03,18952,41.00 percent
2023-06-07 13:38:39,(2(0)-1686170319:704427),systemResources.CPU,18948,49.61 percent
2023-06-07 13:38:39,(2(0)-1686170319:704441),systemResources.MEMORY_TOTAL,18944,3490228 KB
2023-06-07 13:38:39,(2(0)-1686170319:704442),systemResources.MEMORY_USED,18945,2845652 KB
2023-06-07 13:38:39,(2(0)-1686170319:704460),systemResources.FRAMEWORK_VERSION,18965,v3.2.0-27-ga17badf77
2023-06-07 13:38:39,(2(0)-1686170319:704463),systemResources.PROJECT_VERSION,18966,v3.2.0-27-ga17badf77
2023-06-07 13:38:39,(2(0)-1686170319:704255),blockDrv.BD_Cycles,256,35
2023-06-07 13:38:40,(2(0)-1686170320:708881),systemResources.CPU_00,18949,47.00 percent
2023-06-07 13:38:40,(2(0)-1686170320:709000),systemResources.CPU_01,18950,24.75 percent
2023-06-07 13:38:40,(2(0)-1686170320:709064),systemResources.CPU_02,18951,45.00 percent
2023-06-07 13:38:40,(2(0)-1686170320:709119),systemResources.CPU_03,18952,26.00 percent
2023-06-07 13:38:40,(2(0)-1686170320:709121),systemResources.CPU,18948,35.69 percent
2023-06-07 13:38:40,(2(0)-1686170320:709149),systemResources.MEMORY_TOTAL,18944,3490064 KB
2023-06-07 13:38:40,(2(0)-1686170320:709151),systemResources.MEMORY_USED,18945,2865780 KB
2023-06-07 13:38:40,(2(0)-1686170320:709186),systemResources.FRAMEWORK_VERSION,18965,v3.2.0-27-ga17badf77
2023-06-07 13:38:40,(2(0)-1686170320:709191),systemResources.PROJECT_VERSION,18966,v3.2.0-27-ga17badf77
2023-06-07 13:38:41,(2(0)-1686170321:711036),blockDrv.BD_Cycles,256,37
2023-06-07 13:38:41,(2(0)-1686170321:711114),systemResources.CPU_00,18949,40.00 percent
2023-06-07 13:38:41,(2(0)-1686170321:711144),systemResources.CPU_01,18950,15.15 percent
2023-06-07 13:38:41,(2(0)-1686170321:711171),systemResources.CPU_02,18951,34.34 percent
2023-06-07 13:38:41,(2(0)-1686170321:711196),systemResources.CPU_03,18952,14.00 percent
2023-06-07 13:38:41,(2(0)-1686170321:711198),systemResources.CPU,18948,25.87 percent
2023-06-07 13:38:41,(2(0)-1686170321:711233),systemResources.MEMORY_TOTAL,18944,3489380 KB
2023-06-07 13:38:41,(2(0)-1686170321:711235),systemResources.MEMORY_USED,18945,2870460 KB
2023-06-07 13:38:41,(2(0)-1686170321:711324),systemResources.FRAMEWORK_VERSION,18965,v3.2.0-27-ga17badf77
2023-06-07 13:38:41,(2(0)-1686170321:711327),systemResources.PROJECT_VERSION,18966,v3.2.0-27-ga17badf77
2023-06-07 13:38:42,(2(0)-1686170322:712206),systemResources.CPU_00,18949,35.71 percent
2023-06-07 13:38:42,(2(0)-1686170322:712225),systemResources.CPU_01,18950,20.20 percent
2023-06-07 13:38:42,(2(0)-1686170322:712241),systemResources.CPU_02,18951,31.00 percent
2023-06-07 13:38:42,(2(0)-1686170322:712256),systemResources.CPU_03,18952,20.20 percent
2023-06-07 13:38:42,(2(0)-1686170322:712257),systemResources.CPU,18948,26.78 percent
2023-06-07 13:38:42,(2(0)-1686170322:712265),systemResources.MEMORY_TOTAL,18944,3489560 KB
2023-06-07 13:38:42,(2(0)-1686170322:712265),systemResources.MEMORY_USED,18945,2872516 KB
2023-06-07 13:38:42,(2(0)-1686170322:712274),systemResources.FRAMEWORK_VERSION,18965,v3.2.0-27-ga17badf77
2023-06-07 13:38:42,(2(0)-1686170322:712276),systemResources.PROJECT_VERSION,18966,v3.2.0-27-ga17badf77
2023-06-07 13:38:43,(2(0)-1686170323:713864),blockDrv.BD_Cycles,256,39
2023-06-07 13:38:43,(2(0)-1686170323:714013),systemResources.CPU_00,18949,30.69 percent
2023-06-07 13:38:43,(2(0)-1686170323:714090),systemResources.CPU_01,18950,11.00 percent
2023-06-07 13:38:43,(2(0)-1686170323:714146),systemResources.CPU_02,18951,22.22 percent
2023-06-07 13:38:43,(2(0)-1686170323:714187),systemResources.CPU_03,18952,9.00 percent
2023-06-07 13:38:43,(2(0)-1686170323:714189),systemResources.CPU,18948,18.23 percent
2023-06-07 13:38:43,(2(0)-1686170323:714206),systemResources.MEMORY_TOTAL,18944,3490016 KB
2023-06-07 13:38:43,(2(0)-1686170323:714208),systemResources.MEMORY_USED,18945,2871780 KB
2023-06-07 13:38:43,(2(0)-1686170323:714235),systemResources.FRAMEWORK_VERSION,18965,v3.2.0-27-ga17badf77
2023-06-07 13:38:43,(2(0)-1686170323:714237),systemResources.PROJECT_VERSION,18966,v3.2.0-27-ga17badf77
2023-06-07 13:38:44,(2(0)-1686170324:716800),systemResources.CPU_00,18949,27.00 percent
2023-06-07 13:38:44,(2(0)-1686170324:716907),systemResources.CPU_01,18950,9.00 percent
2023-06-07 13:38:44,(2(0)-1686170324:717033),systemResources.CPU_02,18951,24.00 percent
2023-06-07 13:38:44,(2(0)-1686170324:717112),systemResources.CPU_03,18952,8.00 percent
2023-06-07 13:38:44,(2(0)-1686170324:717115),systemResources.CPU,18948,17.00 percent
2023-06-07 13:38:44,(2(0)-1686170324:717148),systemResources.MEMORY_TOTAL,18944,3489984 KB
2023-06-07 13:38:44,(2(0)-1686170324:717151),systemResources.MEMORY_USED,18945,2861852 KB
2023-06-07 13:38:44,(2(0)-1686170324:717187),systemResources.FRAMEWORK_VERSION,18965,v3.2.0-27-ga17badf77
2023-06-07 13:38:44,(2(0)-1686170324:717190),systemResources.PROJECT_VERSION,18966,v3.2.0-27-ga17badf77
2023-06-07 13:38:44,(2(0)-1686170324:717193),rateGroup1.RgMaxTime,512,664 us
2023-06-07 13:38:44,(2(0)-1686170324:717291),rateGroup3.RgMaxTime,1024,761 us
2023-06-07 13:38:45,(2(0)-1686170325:722008),blockDrv.BD_Cycles,256,41
2023-06-07 13:38:45,(2(0)-1686170325:722100),systemResources.CPU_00,18949,33.33 percent
2023-06-07 13:38:45,(2(0)-1686170325:722138),systemResources.CPU_01,18950,15.15 percent
2023-06-07 13:38:45,(2(0)-1686170325:722170),systemResources.CPU_02,18951,32.32 percent
2023-06-07 13:38:45,(2(0)-1686170325:722196),systemResources.CPU_03,18952,12.00 percent
2023-06-07 13:38:45,(2(0)-1686170325:722198),systemResources.CPU,18948,23.20 percent
2023-06-07 13:38:45,(2(0)-1686170325:722229),systemResources.MEMORY_TOTAL,18944,3490204 KB
2023-06-07 13:38:45,(2(0)-1686170325:722231),systemResources.MEMORY_USED,18945,2859696 KB
2023-06-07 13:38:45,(2(0)-1686170325:722259),systemResources.FRAMEWORK_VERSION,18965,v3.2.0-27-ga17badf77
2023-06-07 13:38:45,(2(0)-1686170325:722262),systemResources.PROJECT_VERSION,18966,v3.2.0-27-ga17badf77
2023-06-07 13:38:46,(2(0)-1686170326:725608),systemResources.CPU_00,18949,32.00 percent
2023-06-07 13:38:46,(2(0)-1686170326:725735),systemResources.CPU_01,18950,10.89 percent
2023-06-07 13:38:46,(2(0)-1686170326:725776),systemResources.CPU_02,18951,30.00 percent
2023-06-07 13:38:46,(2(0)-1686170326:725811),systemResources.CPU_03,18952,8.00 percent
2023-06-07 13:38:46,(2(0)-1686170326:725813),systemResources.CPU,18948,20.22 percent
2023-06-07 13:38:46,(2(0)-1686170326:725829),systemResources.MEMORY_TOTAL,18944,3490172 KB
2023-06-07 13:38:46,(2(0)-1686170326:725830),systemResources.MEMORY_USED,18945,2859868 KB
2023-06-07 13:38:46,(2(0)-1686170326:725854),systemResources.FRAMEWORK_VERSION,18965,v3.2.0-27-ga17badf77
2023-06-07 13:38:46,(2(0)-1686170326:725857),systemResources.PROJECT_VERSION,18966,v3.2.0-27-ga17badf77
2023-06-07 13:38:47,(2(0)-1686170327:726664),blockDrv.BD_Cycles,256,43
2023-06-07 13:38:47,(2(0)-1686170327:726788),systemResources.CPU_00,18949,33.00 percent
2023-06-07 13:38:47,(2(0)-1686170327:726832),systemResources.CPU_01,18950,12.12 percent
2023-06-07 13:38:47,(2(0)-1686170327:726881),systemResources.CPU_02,18951,32.67 percent
2023-06-07 13:38:47,(2(0)-1686170327:726920),systemResources.CPU_03,18952,12.00 percent
2023-06-07 13:38:47,(2(0)-1686170327:726923),systemResources.CPU,18948,22.45 percent
2023-06-07 13:38:47,(2(0)-1686170327:726943),systemResources.MEMORY_TOTAL,18944,3489780 KB
2023-06-07 13:38:47,(2(0)-1686170327:726944),systemResources.MEMORY_USED,18945,2816904 KB
2023-06-07 13:38:47,(2(0)-1686170327:726972),systemResources.FRAMEWORK_VERSION,18965,v3.2.0-27-ga17badf77
2023-06-07 13:38:47,(2(0)-1686170327:726976),systemResources.PROJECT_VERSION,18966,v3.2.0-27-ga17badf77
2023-06-07 13:38:48,(2(0)-1686170328:728271),systemResources.CPU_00,18949,69.00 percent
2023-06-07 13:38:48,(2(0)-1686170328:728313),systemResources.CPU_01,18950,34.34 percent
2023-06-07 13:38:48,(2(0)-1686170328:728343),systemResources.CPU_02,18951,67.68 percent
2023-06-07 13:38:48,(2(0)-1686170328:728362),systemResources.CPU_03,18952,35.35 percent
2023-06-07 13:38:48,(2(0)-1686170328:728363),systemResources.CPU,18948,51.59 percent
2023-06-07 13:38:48,(2(0)-1686170328:728372),systemResources.MEMORY_TOTAL,18944,3490100 KB
2023-06-07 13:38:48,(2(0)-1686170328:728373),systemResources.MEMORY_USED,18945,2824216 KB
2023-06-07 13:38:48,(2(0)-1686170328:728445),systemResources.FRAMEWORK_VERSION,18965,v3.2.0-27-ga17badf77
2023-06-07 13:38:48,(2(0)-1686170328:728447),systemResources.PROJECT_VERSION,18966,v3.2.0-27-ga17badf77
2023-06-07 13:38:49,(2(0)-1686170329:731018),blockDrv.BD_Cycles,256,45
2023-06-07 13:38:49,(2(0)-1686170329:731119),systemResources.CPU_00,18949,62.63 percent
2023-06-07 13:38:49,(2(0)-1686170329:731159),systemResources.CPU_01,18950,42.57 percent
2023-06-07 13:38:49,(2(0)-1686170329:731183),systemResources.CPU_02,18951,60.00 percent
2023-06-07 13:38:49,(2(0)-1686170329:731205),systemResources.CPU_03,18952,41.00 percent
2023-06-07 13:38:49,(2(0)-1686170329:731206),systemResources.CPU,18948,51.55 percent
2023-06-07 13:38:49,(2(0)-1686170329:731217),systemResources.MEMORY_TOTAL,18944,3490016 KB
2023-06-07 13:38:49,(2(0)-1686170329:731218),systemResources.MEMORY_USED,18945,2824032 KB
2023-06-07 13:38:49,(2(0)-1686170329:731236),systemResources.FRAMEWORK_VERSION,18965,v3.2.0-27-ga17badf77
2023-06-07 13:38:49,(2(0)-1686170329:731238),systemResources.PROJECT_VERSION,18966,v3.2.0-27-ga17badf77
2023-06-07 13:38:51,(2(0)-1686170331:733493),systemResources.CPU_00,18949,76.00 percent
2023-06-07 13:38:50,(2(0)-1686170330:731967),systemResources.CPU_01,18950,24.24 percent
2023-06-07 13:38:50,(2(0)-1686170330:731993),systemResources.CPU_02,18951,50.51 percent
2023-06-07 13:38:50,(2(0)-1686170330:732016),systemResources.CPU_03,18952,25.00 percent
2023-06-07 13:38:50,(2(0)-1686170330:732017),systemResources.CPU,18948,38.19 percent
2023-06-07 13:38:50,(2(0)-1686170330:732029),systemResources.MEMORY_TOTAL,18944,3490124 KB
2023-06-07 13:38:50,(2(0)-1686170330:732030),systemResources.MEMORY_USED,18945,2824328 KB
2023-06-07 13:38:50,(2(0)-1686170330:732046),systemResources.FRAMEWORK_VERSION,18965,v3.2.0-27-ga17badf77
2023-06-07 13:38:50,(2(0)-1686170330:732048),systemResources.PROJECT_VERSION,18966,v3.2.0-27-ga17badf77
2023-06-07 13:38:50,(2(0)-1686170330:732178),blockDrv.BD_Cycles,256,46
2023-06-07 13:38:51,(2(0)-1686170331:733518),systemResources.CPU_01,18950,42.42 percent
2023-06-07 13:38:51,(2(0)-1686170331:733533),systemResources.CPU_02,18951,75.25 percent
2023-06-07 13:38:51,(2(0)-1686170331:733546),systemResources.CPU_03,18952,39.39 percent
2023-06-07 13:38:51,(2(0)-1686170331:733547),systemResources.CPU,18948,58.27 percent
2023-06-07 13:38:51,(2(0)-1686170331:733605),systemResources.MEMORY_TOTAL,18944,3490404 KB
2023-06-07 13:38:51,(2(0)-1686170331:733614),systemResources.MEMORY_USED,18945,2863596 KB
2023-06-07 13:38:51,(2(0)-1686170331:733631),systemResources.FRAMEWORK_VERSION,18965,v3.2.0-27-ga17badf77
2023-06-07 13:38:51,(2(0)-1686170331:733633),systemResources.PROJECT_VERSION,18966,v3.2.0-27-ga17badf77
2023-06-07 13:38:51,(2(0)-1686170331:733617),blockDrv.BD_Cycles,256,47
2023-06-07 13:38:52,(2(0)-1686170332:735663),systemResources.CPU_00,18949,47.47 percent
2023-06-07 13:38:52,(2(0)-1686170332:735687),systemResources.CPU_01,18950,11.88 percent
2023-06-07 13:38:52,(2(0)-1686170332:735707),systemResources.CPU_02,18951,42.42 percent
2023-06-07 13:38:52,(2(0)-1686170332:735728),systemResources.CPU_03,18952,9.09 percent
2023-06-07 13:38:52,(2(0)-1686170332:735730),systemResources.CPU,18948,27.72 percent
2023-06-07 13:38:52,(2(0)-1686170332:735738),systemResources.MEMORY_TOTAL,18944,3489748 KB
2023-06-07 13:38:52,(2(0)-1686170332:735738),systemResources.MEMORY_USED,18945,2867864 KB
2023-06-07 13:38:52,(2(0)-1686170332:735753),systemResources.FRAMEWORK_VERSION,18965,v3.2.0-27-ga17badf77
2023-06-07 13:38:52,(2(0)-1686170332:735755),systemResources.PROJECT_VERSION,18966,v3.2.0-27-ga17badf77
2023-06-07 13:38:53,(2(0)-1686170333:740853),blockDrv.BD_Cycles,256,49
2023-06-07 13:38:53,(2(0)-1686170333:741025),systemResources.CPU_00,18949,53.47 percent
2023-06-07 13:38:53,(2(0)-1686170333:741128),systemResources.CPU_01,18950,17.00 percent
2023-06-07 13:38:53,(2(0)-1686170333:741186),systemResources.CPU_02,18951,53.54 percent
2023-06-07 13:38:53,(2(0)-1686170333:741215),systemResources.CPU_03,18952,17.00 percent
2023-06-07 13:38:53,(2(0)-1686170333:741217),systemResources.CPU,18948,35.25 percent
2023-06-07 13:38:53,(2(0)-1686170333:741234),systemResources.MEMORY_TOTAL,18944,3489688 KB
2023-06-07 13:38:53,(2(0)-1686170333:741235),systemResources.MEMORY_USED,18945,2869452 KB
2023-06-07 13:38:53,(2(0)-1686170333:741262),systemResources.FRAMEWORK_VERSION,18965,v3.2.0-27-ga17badf77
2023-06-07 13:38:53,(2(0)-1686170333:741265),systemResources.PROJECT_VERSION,18966,v3.2.0-27-ga17badf77
2023-06-07 13:38:54,(2(0)-1686170334:744901),systemResources.CPU_00,18949,73.00 percent
2023-06-07 13:38:54,(2(0)-1686170334:744926),systemResources.CPU_01,18950,22.45 percent
2023-06-07 13:38:54,(2(0)-1686170334:744945),systemResources.CPU_02,18951,70.30 percent
2023-06-07 13:38:54,(2(0)-1686170334:744959),systemResources.CPU_03,18952,23.00 percent
2023-06-07 13:38:54,(2(0)-1686170334:744960),systemResources.CPU,18948,47.19 percent
2023-06-07 13:38:54,(2(0)-1686170334:744968),systemResources.MEMORY_TOTAL,18944,3490088 KB
2023-06-07 13:38:54,(2(0)-1686170334:744968),systemResources.MEMORY_USED,18945,2873660 KB
2023-06-07 13:38:54,(2(0)-1686170334:744978),systemResources.FRAMEWORK_VERSION,18965,v3.2.0-27-ga17badf77
2023-06-07 13:38:54,(2(0)-1686170334:744979),systemResources.PROJECT_VERSION,18966,v3.2.0-27-ga17badf77
2023-06-07 13:38:55,(2(0)-1686170335:745751),blockDrv.BD_Cycles,256,51
2023-06-07 13:38:55,(2(0)-1686170335:745798),systemResources.CPU_00,18949,76.77 percent
2023-06-07 13:38:55,(2(0)-1686170335:745814),systemResources.CPU_01,18950,29.00 percent
2023-06-07 13:38:55,(2(0)-1686170335:745838),systemResources.CPU_02,18951,80.00 percent
2023-06-07 13:38:55,(2(0)-1686170335:745859),systemResources.CPU_03,18952,31.31 percent
2023-06-07 13:38:55,(2(0)-1686170335:745860),systemResources.CPU,18948,54.27 percent
2023-06-07 13:38:55,(2(0)-1686170335:745867),systemResources.MEMORY_TOTAL,18944,3489544 KB
2023-06-07 13:38:55,(2(0)-1686170335:745867),systemResources.MEMORY_USED,18945,2875576 KB
2023-06-07 13:38:55,(2(0)-1686170335:745877),systemResources.FRAMEWORK_VERSION,18965,v3.2.0-27-ga17badf77
2023-06-07 13:38:55,(2(0)-1686170335:745878),systemResources.PROJECT_VERSION,18966,v3.2.0-27-ga17badf77
2023-06-07 13:38:56,(2(0)-1686170336:750550),systemResources.CPU_00,18949,74.26 percent
2023-06-07 13:38:56,(2(0)-1686170336:750578),systemResources.CPU_01,18950,33.00 percent
2023-06-07 13:38:56,(2(0)-1686170336:750604),systemResources.CPU_02,18951,75.00 percent
2023-06-07 13:38:56,(2(0)-1686170336:750621),systemResources.CPU_03,18952,33.00 percent
2023-06-07 13:38:56,(2(0)-1686170336:750622),systemResources.CPU,18948,53.81 percent
2023-06-07 13:38:56,(2(0)-1686170336:750630),systemResources.MEMORY_TOTAL,18944,3489992 KB
2023-06-07 13:38:56,(2(0)-1686170336:750631),systemResources.MEMORY_USED,18945,2884196 KB
2023-06-07 13:38:56,(2(0)-1686170336:750651),systemResources.FRAMEWORK_VERSION,18965,v3.2.0-27-ga17badf77
2023-06-07 13:38:56,(2(0)-1686170336:750653),systemResources.PROJECT_VERSION,18966,v3.2.0-27-ga17badf77
2023-06-07 13:38:57,(2(0)-1686170337:751422),blockDrv.BD_Cycles,256,53
2023-06-07 13:38:57,(2(0)-1686170337:751477),systemResources.CPU_00,18949,64.00 percent
2023-06-07 13:38:57,(2(0)-1686170337:751520),systemResources.CPU_01,18950,29.70 percent
2023-06-07 13:38:57,(2(0)-1686170337:751539),systemResources.CPU_02,18951,68.69 percent
2023-06-07 13:38:57,(2(0)-1686170337:751556),systemResources.CPU_03,18952,29.29 percent
2023-06-07 13:38:57,(2(0)-1686170337:751556),systemResources.CPU,18948,47.92 percent
2023-06-07 13:38:57,(2(0)-1686170337:751565),systemResources.MEMORY_TOTAL,18944,3489700 KB
2023-06-07 13:38:57,(2(0)-1686170337:751565),systemResources.MEMORY_USED,18945,2883896 KB
2023-06-07 13:38:57,(2(0)-1686170337:751575),systemResources.FRAMEWORK_VERSION,18965,v3.2.0-27-ga17badf77
2023-06-07 13:38:57,(2(0)-1686170337:751577),systemResources.PROJECT_VERSION,18966,v3.2.0-27-ga17badf77
2023-06-07 13:38:58,(2(0)-1686170338:756247),systemResources.CPU_00,18949,58.00 percent
2023-06-07 13:38:58,(2(0)-1686170338:756274),systemResources.CPU_01,18950,28.28 percent
2023-06-07 13:38:58,(2(0)-1686170338:756295),systemResources.CPU_02,18951,54.46 percent
2023-06-07 13:38:58,(2(0)-1686170338:756315),systemResources.CPU_03,18952,22.77 percent
2023-06-07 13:38:58,(2(0)-1686170338:756317),systemResources.CPU,18948,40.88 percent
2023-06-07 13:38:58,(2(0)-1686170338:756328),systemResources.MEMORY_TOTAL,18944,3489360 KB
2023-06-07 13:38:58,(2(0)-1686170338:756329),systemResources.MEMORY_USED,18945,2884140 KB
2023-06-07 13:38:58,(2(0)-1686170338:756344),systemResources.FRAMEWORK_VERSION,18965,v3.2.0-27-ga17badf77
2023-06-07 13:38:58,(2(0)-1686170338:756346),systemResources.PROJECT_VERSION,18966,v3.2.0-27-ga17badf77
2023-06-07 13:38:59,(2(0)-1686170339:759110),blockDrv.BD_Cycles,256,55
2023-06-07 13:38:59,(2(0)-1686170339:759174),systemResources.CPU_00,18949,58.59 percent
2023-06-07 13:38:59,(2(0)-1686170339:759196),systemResources.CPU_01,18950,38.00 percent
2023-06-07 13:38:59,(2(0)-1686170339:759243),systemResources.CPU_02,18951,66.00 percent
2023-06-07 13:38:59,(2(0)-1686170339:759269),systemResources.CPU_03,18952,32.00 percent
2023-06-07 13:38:59,(2(0)-1686170339:759271),systemResources.CPU,18948,48.65 percent
2023-06-07 13:38:59,(2(0)-1686170339:759282),systemResources.MEMORY_TOTAL,18944,3490256 KB
2023-06-07 13:38:59,(2(0)-1686170339:759283),systemResources.MEMORY_USED,18945,2873516 KB
2023-06-07 13:38:59,(2(0)-1686170339:759299),systemResources.FRAMEWORK_VERSION,18965,v3.2.0-27-ga17badf77
2023-06-07 13:38:59,(2(0)-1686170339:759301),systemResources.PROJECT_VERSION,18966,v3.2.0-27-ga17badf77
2023-06-07 13:39:00,(2(0)-1686170340:763365),systemResources.CPU_00,18949,59.00 percent
2023-06-07 13:39:00,(2(0)-1686170340:763385),systemResources.CPU_01,18950,29.00 percent
2023-06-07 13:39:00,(2(0)-1686170340:763400),systemResources.CPU_02,18951,53.54 percent
2023-06-07 13:39:00,(2(0)-1686170340:763415),systemResources.CPU_03,18952,30.00 percent
2023-06-07 13:39:00,(2(0)-1686170340:763415),systemResources.CPU,18948,42.88 percent
2023-06-07 13:39:00,(2(0)-1686170340:763423),systemResources.MEMORY_TOTAL,18944,3489792 KB
2023-06-07 13:39:00,(2(0)-1686170340:763424),systemResources.MEMORY_USED,18945,2873824 KB
2023-06-07 13:39:00,(2(0)-1686170340:763438),systemResources.FRAMEWORK_VERSION,18965,v3.2.0-27-ga17badf77
2023-06-07 13:39:00,(2(0)-1686170340:763440),systemResources.PROJECT_VERSION,18966,v3.2.0-27-ga17badf77
2023-06-07 13:39:01,(2(0)-1686170341:765029),blockDrv.BD_Cycles,256,57
2023-06-07 13:39:01,(2(0)-1686170341:765087),systemResources.CPU_00,18949,42.00 percent
2023-06-07 13:39:01,(2(0)-1686170341:765117),systemResources.CPU_01,18950,12.00 percent
2023-06-07 13:39:01,(2(0)-1686170341:765164),systemResources.CPU_02,18951,40.00 percent
2023-06-07 13:39:01,(2(0)-1686170341:765184),systemResources.CPU_03,18952,11.11 percent
2023-06-07 13:39:01,(2(0)-1686170341:765185),systemResources.CPU,18948,26.28 percent
2023-06-07 13:39:01,(2(0)-1686170341:765193),systemResources.MEMORY_TOTAL,18944,3490072 KB
2023-06-07 13:39:01,(2(0)-1686170341:765194),systemResources.MEMORY_USED,18945,2867084 KB
2023-06-07 13:39:01,(2(0)-1686170341:765209),systemResources.FRAMEWORK_VERSION,18965,v3.2.0-27-ga17badf77
2023-06-07 13:39:01,(2(0)-1686170341:765210),systemResources.PROJECT_VERSION,18966,v3.2.0-27-ga17badf77
2023-06-07 13:39:02,(2(0)-1686170342:766535),blockDrv.BD_Cycles,256,58
2023-06-07 13:39:02,(2(0)-1686170342:766623),systemResources.CPU_00,18949,39.00 percent
2023-06-07 13:39:02,(2(0)-1686170342:766714),systemResources.CPU_01,18950,14.14 percent
2023-06-07 13:39:02,(2(0)-1686170342:766783),systemResources.CPU_02,18951,35.35 percent
2023-06-07 13:39:02,(2(0)-1686170342:766858),systemResources.CPU_03,18952,15.00 percent
2023-06-07 13:39:02,(2(0)-1686170342:766861),systemResources.CPU,18948,25.87 percent
2023-06-07 13:39:02,(2(0)-1686170342:766879),systemResources.MEMORY_TOTAL,18944,3489584 KB
2023-06-07 13:39:02,(2(0)-1686170342:766881),systemResources.MEMORY_USED,18945,2866532 KB
2023-06-07 13:39:02,(2(0)-1686170342:766908),systemResources.FRAMEWORK_VERSION,18965,v3.2.0-27-ga17badf77
2023-06-07 13:39:02,(2(0)-1686170342:766911),systemResources.PROJECT_VERSION,18966,v3.2.0-27-ga17badf77
2023-06-07 13:39:03,(2(0)-1686170343:768086),blockDrv.BD_Cycles,256,59
2023-06-07 13:39:03,(2(0)-1686170343:768137),systemResources.CPU_00,18949,44.44 percent
2023-06-07 13:39:03,(2(0)-1686170343:768156),systemResources.CPU_01,18950,12.00 percent
2023-06-07 13:39:03,(2(0)-1686170343:768171),systemResources.CPU_02,18951,42.57 percent
2023-06-07 13:39:03,(2(0)-1686170343:768185),systemResources.CPU_03,18952,12.00 percent
2023-06-07 13:39:03,(2(0)-1686170343:768185),systemResources.CPU,18948,27.75 percent
2023-06-07 13:39:03,(2(0)-1686170343:768193),systemResources.MEMORY_TOTAL,18944,3489688 KB
2023-06-07 13:39:03,(2(0)-1686170343:768194),systemResources.MEMORY_USED,18945,2865172 KB
2023-06-07 13:39:03,(2(0)-1686170343:768202),systemResources.FRAMEWORK_VERSION,18965,v3.2.0-27-ga17badf77
2023-06-07 13:39:03,(2(0)-1686170343:768203),systemResources.PROJECT_VERSION,18966,v3.2.0-27-ga17badf77
2023-06-07 13:39:04,(2(0)-1686170344:769582),systemResources.CPU_00,18949,50.00 percent
2023-06-07 13:39:04,(2(0)-1686170344:769610),systemResources.CPU_01,18950,18.00 percent
2023-06-07 13:39:04,(2(0)-1686170344:769637),systemResources.CPU_02,18951,46.94 percent
2023-06-07 13:39:04,(2(0)-1686170344:769665),systemResources.CPU_03,18952,17.17 percent
2023-06-07 13:39:04,(2(0)-1686170344:769667),systemResources.CPU,18948,33.03 percent
2023-06-07 13:39:04,(2(0)-1686170344:769680),systemResources.MEMORY_TOTAL,18944,3489724 KB
2023-06-07 13:39:04,(2(0)-1686170344:769682),systemResources.MEMORY_USED,18945,2867920 KB
2023-06-07 13:39:04,(2(0)-1686170344:769701),systemResources.FRAMEWORK_VERSION,18965,v3.2.0-27-ga17badf77
2023-06-07 13:39:04,(2(0)-1686170344:769703),systemResources.PROJECT_VERSION,18966,v3.2.0-27-ga17badf77
2023-06-07 13:39:04,(2(0)-1686170344:769705),blockDrv.BD_Cycles,256,60
2023-06-07 13:39:05,(2(0)-1686170345:773856),systemResources.CPU_00,18949,47.00 percent
2023-06-07 13:39:05,(2(0)-1686170345:773904),systemResources.CPU_01,18950,10.10 percent
2023-06-07 13:39:05,(2(0)-1686170345:773949),systemResources.CPU_02,18951,43.00 percent
2023-06-07 13:39:05,(2(0)-1686170345:773966),systemResources.CPU_03,18952,9.09 percent
2023-06-07 13:39:05,(2(0)-1686170345:773967),systemResources.CPU,18948,27.30 percent
2023-06-07 13:39:05,(2(0)-1686170345:773975),systemResources.MEMORY_TOTAL,18944,3489752 KB
2023-06-07 13:39:05,(2(0)-1686170345:773976),systemResources.MEMORY_USED,18945,2866692 KB
2023-06-07 13:39:05,(2(0)-1686170345:773990),systemResources.FRAMEWORK_VERSION,18965,v3.2.0-27-ga17badf77
2023-06-07 13:39:05,(2(0)-1686170345:773992),systemResources.PROJECT_VERSION,18966,v3.2.0-27-ga17badf77
2023-06-07 13:39:05,(2(0)-1686170345:773930),blockDrv.BD_Cycles,256,61
2023-06-07 13:39:06,(2(0)-1686170346:778655),systemResources.CPU_00,18949,72.00 percent
2023-06-07 13:39:06,(2(0)-1686170346:778720),systemResources.CPU_01,18950,30.00 percent
2023-06-07 13:39:06,(2(0)-1686170346:778837),systemResources.CPU_02,18951,73.27 percent
2023-06-07 13:39:06,(2(0)-1686170346:778890),systemResources.CPU_03,18952,31.00 percent
2023-06-07 13:39:06,(2(0)-1686170346:778892),systemResources.CPU,18948,51.57 percent
2023-06-07 13:39:06,(2(0)-1686170346:778903),systemResources.MEMORY_TOTAL,18944,3489584 KB
2023-06-07 13:39:06,(2(0)-1686170346:778904),systemResources.MEMORY_USED,18945,2891860 KB
2023-06-07 13:39:06,(2(0)-1686170346:778923),systemResources.FRAMEWORK_VERSION,18965,v3.2.0-27-ga17badf77
2023-06-07 13:39:06,(2(0)-1686170346:778925),systemResources.PROJECT_VERSION,18966,v3.2.0-27-ga17badf77
2023-06-07 13:39:06,(2(0)-1686170346:778656),blockDrv.BD_Cycles,256,62
2023-06-07 13:39:07,(2(0)-1686170347:782245),systemResources.CPU_00,18949,42.00 percent
2023-06-07 13:39:07,(2(0)-1686170347:782262),systemResources.CPU_01,18950,11.00 percent
2023-06-07 13:39:07,(2(0)-1686170347:782276),systemResources.CPU_02,18951,36.36 percent
2023-06-07 13:39:07,(2(0)-1686170347:782290),systemResources.CPU_03,18952,9.00 percent
2023-06-07 13:39:07,(2(0)-1686170347:782291),systemResources.CPU,18948,24.59 percent
2023-06-07 13:39:07,(2(0)-1686170347:782300),systemResources.MEMORY_TOTAL,18944,3489356 KB
2023-06-07 13:39:07,(2(0)-1686170347:782300),systemResources.MEMORY_USED,18945,2904852 KB
2023-06-07 13:39:07,(2(0)-1686170347:782315),systemResources.FRAMEWORK_VERSION,18965,v3.2.0-27-ga17badf77
2023-06-07 13:39:07,(2(0)-1686170347:782317),systemResources.PROJECT_VERSION,18966,v3.2.0-27-ga17badf77
2023-06-07 13:39:07,(2(0)-1686170347:782484),blockDrv.BD_Cycles,256,63
2023-06-07 13:39:08,(2(0)-1686170348:783030),systemResources.CPU_00,18949,68.00 percent
2023-06-07 13:39:08,(2(0)-1686170348:783048),systemResources.CPU_01,18950,34.34 percent
2023-06-07 13:39:08,(2(0)-1686170348:783081),systemResources.CPU_02,18951,76.00 percent
2023-06-07 13:39:08,(2(0)-1686170348:783097),systemResources.CPU_03,18952,32.32 percent
2023-06-07 13:39:08,(2(0)-1686170348:783097),systemResources.CPU,18948,52.67 percent
2023-06-07 13:39:08,(2(0)-1686170348:783104),systemResources.MEMORY_TOTAL,18944,3489912 KB
2023-06-07 13:39:08,(2(0)-1686170348:783104),systemResources.MEMORY_USED,18945,2910520 KB
2023-06-07 13:39:08,(2(0)-1686170348:783113),systemResources.FRAMEWORK_VERSION,18965,v3.2.0-27-ga17badf77
2023-06-07 13:39:08,(2(0)-1686170348:783114),systemResources.PROJECT_VERSION,18966,v3.2.0-27-ga17badf77
2023-06-07 13:39:09,(2(0)-1686170349:784550),blockDrv.BD_Cycles,256,65
2023-06-07 13:39:09,(2(0)-1686170349:784604),systemResources.CPU_00,18949,82.00 percent
2023-06-07 13:39:09,(2(0)-1686170349:784621),systemResources.CPU_01,18950,38.38 percent
2023-06-07 13:39:09,(2(0)-1686170349:784636),systemResources.CPU_02,18951,82.00 percent
2023-06-07 13:39:09,(2(0)-1686170349:784651),systemResources.CPU_03,18952,37.00 percent
2023-06-07 13:39:09,(2(0)-1686170349:784652),systemResources.CPU,18948,59.85 percent
2023-06-07 13:39:09,(2(0)-1686170349:784660),systemResources.MEMORY_TOTAL,18944,3489960 KB
2023-06-07 13:39:09,(2(0)-1686170349:784661),systemResources.MEMORY_USED,18945,2906412 KB
2023-06-07 13:39:09,(2(0)-1686170349:784670),systemResources.FRAMEWORK_VERSION,18965,v3.2.0-27-ga17badf77
2023-06-07 13:39:09,(2(0)-1686170349:784671),systemResources.PROJECT_VERSION,18966,v3.2.0-27-ga17badf77
2023-06-07 13:39:10,(2(0)-1686170350:789132),blockDrv.BD_Cycles,256,66
2023-06-07 13:39:10,(2(0)-1686170350:789183),systemResources.CPU_00,18949,81.00 percent
2023-06-07 13:39:10,(2(0)-1686170350:789200),systemResources.CPU_01,18950,42.00 percent
2023-06-07 13:39:10,(2(0)-1686170350:789214),systemResources.CPU_02,18951,83.17 percent
2023-06-07 13:39:10,(2(0)-1686170350:789228),systemResources.CPU_03,18952,40.00 percent
2023-06-07 13:39:10,(2(0)-1686170350:789229),systemResources.CPU,18948,61.54 percent
2023-06-07 13:39:10,(2(0)-1686170350:789246),systemResources.MEMORY_TOTAL,18944,3489768 KB
2023-06-07 13:39:10,(2(0)-1686170350:789247),systemResources.MEMORY_USED,18945,2905440 KB
2023-06-07 13:39:10,(2(0)-1686170350:789260),systemResources.FRAMEWORK_VERSION,18965,v3.2.0-27-ga17badf77
2023-06-07 13:39:10,(2(0)-1686170350:789261),systemResources.PROJECT_VERSION,18966,v3.2.0-27-ga17badf77
2023-06-07 13:39:11,(2(0)-1686170351:793655),blockDrv.BD_Cycles,256,67
2023-06-07 13:39:11,(2(0)-1686170351:793776),systemResources.CPU_00,18949,60.00 percent
2023-06-07 13:39:11,(2(0)-1686170351:793832),systemResources.CPU_01,18950,25.00 percent
2023-06-07 13:39:11,(2(0)-1686170351:793860),systemResources.CPU_02,18951,55.56 percent
2023-06-07 13:39:11,(2(0)-1686170351:793886),systemResources.CPU_03,18952,25.00 percent
2023-06-07 13:39:11,(2(0)-1686170351:793888),systemResources.CPU,18948,41.39 percent
2023-06-07 13:39:11,(2(0)-1686170351:793904),systemResources.MEMORY_TOTAL,18944,3489496 KB
2023-06-07 13:39:11,(2(0)-1686170351:793905),systemResources.MEMORY_USED,18945,2890056 KB
2023-06-07 13:39:11,(2(0)-1686170351:793950),systemResources.FRAMEWORK_VERSION,18965,v3.2.0-27-ga17badf77
2023-06-07 13:39:11,(2(0)-1686170351:793956),systemResources.PROJECT_VERSION,18966,v3.2.0-27-ga17badf77
2023-06-07 13:39:12,(2(0)-1686170352:795866),systemResources.CPU_00,18949,48.48 percent
2023-06-07 13:39:12,(2(0)-1686170352:795888),systemResources.CPU_01,18950,14.00 percent
2023-06-07 13:39:12,(2(0)-1686170352:795903),systemResources.CPU_02,18951,44.55 percent
2023-06-07 13:39:12,(2(0)-1686170352:795917),systemResources.CPU_03,18952,14.00 percent
2023-06-07 13:39:12,(2(0)-1686170352:795918),systemResources.CPU,18948,30.26 percent
2023-06-07 13:39:12,(2(0)-1686170352:795926),systemResources.MEMORY_TOTAL,18944,3489748 KB
2023-06-07 13:39:12,(2(0)-1686170352:795927),systemResources.MEMORY_USED,18945,2898296 KB
2023-06-07 13:39:12,(2(0)-1686170352:795938),systemResources.FRAMEWORK_VERSION,18965,v3.2.0-27-ga17badf77
2023-06-07 13:39:12,(2(0)-1686170352:795940),systemResources.PROJECT_VERSION,18966,v3.2.0-27-ga17badf77
2023-06-07 13:39:13,(2(0)-1686170353:797427),blockDrv.BD_Cycles,256,69
2023-06-07 13:39:13,(2(0)-1686170353:797480),systemResources.CPU_00,18949,65.35 percent
2023-06-07 13:39:13,(2(0)-1686170353:797499),systemResources.CPU_01,18950,35.35 percent
2023-06-07 13:39:13,(2(0)-1686170353:797516),systemResources.CPU_02,18951,70.71 percent
2023-06-07 13:39:13,(2(0)-1686170353:797545),systemResources.CPU_03,18952,34.34 percent
2023-06-07 13:39:13,(2(0)-1686170353:797546),systemResources.CPU,18948,51.44 percent
2023-06-07 13:39:13,(2(0)-1686170353:797553),systemResources.MEMORY_TOTAL,18944,3489896 KB
2023-06-07 13:39:13,(2(0)-1686170353:797554),systemResources.MEMORY_USED,18945,2898152 KB
2023-06-07 13:39:13,(2(0)-1686170353:797562),systemResources.FRAMEWORK_VERSION,18965,v3.2.0-27-ga17badf77
2023-06-07 13:39:13,(2(0)-1686170353:797563),systemResources.PROJECT_VERSION,18966,v3.2.0-27-ga17badf77
2023-06-07 13:39:14,(2(0)-1686170354:798272),blockDrv.BD_Cycles,256,70
2023-06-07 13:39:14,(2(0)-1686170354:798319),systemResources.CPU_00,18949,60.00 percent
2023-06-07 13:39:14,(2(0)-1686170354:798335),systemResources.CPU_01,18950,21.78 percent
2023-06-07 13:39:14,(2(0)-1686170354:798351),systemResources.CPU_02,18951,65.00 percent
2023-06-07 13:39:14,(2(0)-1686170354:798367),systemResources.CPU_03,18952,22.00 percent
2023-06-07 13:39:14,(2(0)-1686170354:798368),systemResources.CPU,18948,42.20 percent
2023-06-07 13:39:14,(2(0)-1686170354:798376),systemResources.MEMORY_TOTAL,18944,3490040 KB
2023-06-07 13:39:14,(2(0)-1686170354:798377),systemResources.MEMORY_USED,18945,2898180 KB
2023-06-07 13:39:14,(2(0)-1686170354:798387),systemResources.FRAMEWORK_VERSION,18965,v3.2.0-27-ga17badf77
2023-06-07 13:39:14,(2(0)-1686170354:798389),systemResources.PROJECT_VERSION,18966,v3.2.0-27-ga17badf77
2023-06-07 13:39:15,(2(0)-1686170355:802810),blockDrv.BD_Cycles,256,71
2023-06-07 13:39:15,(2(0)-1686170355:802861),systemResources.CPU_00,18949,63.00 percent
2023-06-07 13:39:15,(2(0)-1686170355:802873),systemResources.CPU_01,18950,27.27 percent
2023-06-07 13:39:15,(2(0)-1686170355:802892),systemResources.CPU_02,18951,62.38 percent
2023-06-07 13:39:15,(2(0)-1686170355:802912),systemResources.CPU_03,18952,27.72 percent
2023-06-07 13:39:15,(2(0)-1686170355:802913),systemResources.CPU,18948,45.09 percent
2023-06-07 13:39:15,(2(0)-1686170355:802921),systemResources.MEMORY_TOTAL,18944,3489672 KB
2023-06-07 13:39:15,(2(0)-1686170355:802922),systemResources.MEMORY_USED,18945,2893668 KB
2023-06-07 13:39:15,(2(0)-1686170355:802933),systemResources.FRAMEWORK_VERSION,18965,v3.2.0-27-ga17badf77
2023-06-07 13:39:15,(2(0)-1686170355:802935),systemResources.PROJECT_VERSION,18966,v3.2.0-27-ga17badf77
2023-06-07 13:39:16,(2(0)-1686170356:804693),systemResources.CPU_00,18949,69.00 percent
2023-06-07 13:39:16,(2(0)-1686170356:804710),systemResources.CPU_01,18950,28.00 percent
2023-06-07 13:39:16,(2(0)-1686170356:804724),systemResources.CPU_02,18951,75.76 percent
2023-06-07 13:39:16,(2(0)-1686170356:804737),systemResources.CPU_03,18952,25.25 percent
2023-06-07 13:39:16,(2(0)-1686170356:804738),systemResources.CPU,18948,49.50 percent
2023-06-07 13:39:16,(2(0)-1686170356:804745),systemResources.MEMORY_TOTAL,18944,3489660 KB
2023-06-07 13:39:16,(2(0)-1686170356:804745),systemResources.MEMORY_USED,18945,2891668 KB
2023-06-07 13:39:16,(2(0)-1686170356:804755),systemResources.FRAMEWORK_VERSION,18965,v3.2.0-27-ga17badf77
2023-06-07 13:39:16,(2(0)-1686170356:804756),systemResources.PROJECT_VERSION,18966,v3.2.0-27-ga17badf77
2023-06-07 13:39:16,(2(0)-1686170356:805459),blockDrv.BD_Cycles,256,72
2023-06-07 13:39:17,(2(0)-1686170357:809956),systemResources.CPU_00,18949,78.00 percent
2023-06-07 13:39:17,(2(0)-1686170357:809972),systemResources.CPU_01,18950,41.58 percent
2023-06-07 13:39:17,(2(0)-1686170357:809985),systemResources.CPU_02,18951,79.21 percent
2023-06-07 13:39:17,(2(0)-1686170357:809997),systemResources.CPU_03,18952,41.00 percent
2023-06-07 13:39:17,(2(0)-1686170357:809998),systemResources.CPU,18948,59.95 percent
2023-06-07 13:39:17,(2(0)-1686170357:810005),systemResources.MEMORY_TOTAL,18944,3489780 KB
2023-06-07 13:39:17,(2(0)-1686170357:810006),systemResources.MEMORY_USED,18945,2890820 KB
2023-06-07 13:39:17,(2(0)-1686170357:810018),systemResources.FRAMEWORK_VERSION,18965,v3.2.0-27-ga17badf77
2023-06-07 13:39:17,(2(0)-1686170357:810019),systemResources.PROJECT_VERSION,18966,v3.2.0-27-ga17badf77
2023-06-07 13:39:17,(2(0)-1686170357:810722),blockDrv.BD_Cycles,256,73
2023-06-07 13:39:18,(2(0)-1686170358:813598),systemResources.CPU_00,18949,80.20 percent
2023-06-07 13:39:18,(2(0)-1686170358:813612),systemResources.CPU_01,18950,35.35 percent
2023-06-07 13:39:18,(2(0)-1686170358:813623),systemResources.CPU_02,18951,80.00 percent
2023-06-07 13:39:18,(2(0)-1686170358:813636),systemResources.CPU_03,18952,39.39 percent
2023-06-07 13:39:18,(2(0)-1686170358:813637),systemResources.CPU,18948,58.74 percent
2023-06-07 13:39:18,(2(0)-1686170358:813643),systemResources.MEMORY_TOTAL,18944,3489372 KB
2023-06-07 13:39:18,(2(0)-1686170358:813643),systemResources.MEMORY_USED,18945,2891500 KB
2023-06-07 13:39:18,(2(0)-1686170358:813652),systemResources.FRAMEWORK_VERSION,18965,v3.2.0-27-ga17badf77
2023-06-07 13:39:18,(2(0)-1686170358:813653),systemResources.PROJECT_VERSION,18966,v3.2.0-27-ga17badf77
2023-06-07 13:39:18,(2(0)-1686170358:813677),blockDrv.BD_Cycles,256,74
2023-06-07 13:39:19,(2(0)-1686170359:814439),systemResources.CPU_00,18949,86.87 percent
2023-06-07 13:39:19,(2(0)-1686170359:814457),systemResources.CPU_01,18950,45.00 percent
2023-06-07 13:39:19,(2(0)-1686170359:814471),systemResources.CPU_02,18951,87.88 percent
2023-06-07 13:39:19,(2(0)-1686170359:814485),systemResources.CPU_03,18952,45.54 percent
2023-06-07 13:39:19,(2(0)-1686170359:814486),systemResources.CPU,18948,66.32 percent
2023-06-07 13:39:19,(2(0)-1686170359:814494),systemResources.MEMORY_TOTAL,18944,3490036 KB
2023-06-07 13:39:19,(2(0)-1686170359:814494),systemResources.MEMORY_USED,18945,2895560 KB
2023-06-07 13:39:19,(2(0)-1686170359:814503),systemResources.FRAMEWORK_VERSION,18965,v3.2.0-27-ga17badf77
2023-06-07 13:39:19,(2(0)-1686170359:814505),systemResources.PROJECT_VERSION,18966,v3.2.0-27-ga17badf77
2023-06-07 13:39:19,(2(0)-1686170359:814425),blockDrv.BD_Cycles,256,75
2023-06-07 13:39:20,(2(0)-1686170360:816239),systemResources.CPU_00,18949,83.00 percent
2023-06-07 13:39:20,(2(0)-1686170360:816275),systemResources.CPU_01,18950,45.92 percent
2023-06-07 13:39:20,(2(0)-1686170360:816307),systemResources.CPU_02,18951,83.00 percent
2023-06-07 13:39:20,(2(0)-1686170360:816333),systemResources.CPU_03,18952,42.42 percent
2023-06-07 13:39:20,(2(0)-1686170360:816335),systemResources.CPU,18948,63.59 percent
2023-06-07 13:39:20,(2(0)-1686170360:816348),systemResources.MEMORY_TOTAL,18944,3489980 KB
2023-06-07 13:39:20,(2(0)-1686170360:816349),systemResources.MEMORY_USED,18945,2965932 KB
2023-06-07 13:39:20,(2(0)-1686170360:816366),systemResources.FRAMEWORK_VERSION,18965,v3.2.0-27-ga17badf77
2023-06-07 13:39:20,(2(0)-1686170360:816368),systemResources.PROJECT_VERSION,18966,v3.2.0-27-ga17badf77
2023-06-07 13:39:20,(2(0)-1686170360:816293),blockDrv.BD_Cycles,256,76
2023-06-07 13:39:21,(2(0)-1686170361:819645),systemResources.CPU_00,18949,54.00 percent
2023-06-07 13:39:21,(2(0)-1686170361:819677),systemResources.CPU_01,18950,25.74 percent
2023-06-07 13:39:21,(2(0)-1686170361:819694),systemResources.CPU_02,18951,58.00 percent
2023-06-07 13:39:21,(2(0)-1686170361:819710),systemResources.CPU_03,18952,20.20 percent
2023-06-07 13:39:21,(2(0)-1686170361:819710),systemResources.CPU,18948,39.49 percent
2023-06-07 13:39:21,(2(0)-1686170361:819718),systemResources.MEMORY_TOTAL,18944,3489400 KB
2023-06-07 13:39:21,(2(0)-1686170361:819719),systemResources.MEMORY_USED,18945,2998860 KB
2023-06-07 13:39:21,(2(0)-1686170361:819733),systemResources.FRAMEWORK_VERSION,18965,v3.2.0-27-ga17badf77
2023-06-07 13:39:21,(2(0)-1686170361:819735),systemResources.PROJECT_VERSION,18966,v3.2.0-27-ga17badf77
2023-06-07 13:39:21,(2(0)-1686170361:824061),blockDrv.BD_Cycles,256,77
2023-06-07 13:39:22,(2(0)-1686170362:826698),systemResources.CPU_00,18949,60.00 percent
2023-06-07 13:39:22,(2(0)-1686170362:826736),systemResources.CPU_01,18950,27.27 percent
2023-06-07 13:39:22,(2(0)-1686170362:826754),systemResources.CPU_02,18951,62.38 percent
2023-06-07 13:39:22,(2(0)-1686170362:826769),systemResources.CPU_03,18952,25.74 percent
2023-06-07 13:39:22,(2(0)-1686170362:826770),systemResources.CPU,18948,43.85 percent
2023-06-07 13:39:22,(2(0)-1686170362:826778),systemResources.MEMORY_TOTAL,18944,3489296 KB
2023-06-07 13:39:22,(2(0)-1686170362:826779),systemResources.MEMORY_USED,18945,3025212 KB
2023-06-07 13:39:22,(2(0)-1686170362:826787),systemResources.FRAMEWORK_VERSION,18965,v3.2.0-27-ga17badf77
2023-06-07 13:39:22,(2(0)-1686170362:826788),systemResources.PROJECT_VERSION,18966,v3.2.0-27-ga17badf77
2023-06-07 13:39:23,(2(0)-1686170363:828451),blockDrv.BD_Cycles,256,79
2023-06-07 13:39:23,(2(0)-1686170363:828554),systemResources.CPU_00,18949,25.00 percent
2023-06-07 13:39:23,(2(0)-1686170363:828603),systemResources.CPU_01,18950,8.91 percent
2023-06-07 13:39:23,(2(0)-1686170363:828642),systemResources.CPU_02,18951,21.21 percent
2023-06-07 13:39:23,(2(0)-1686170363:828673),systemResources.CPU_03,18952,5.05 percent
2023-06-07 13:39:23,(2(0)-1686170363:828675),systemResources.CPU,18948,15.04 percent
2023-06-07 13:39:23,(2(0)-1686170363:828687),systemResources.MEMORY_TOTAL,18944,3490112 KB
2023-06-07 13:39:23,(2(0)-1686170363:828688),systemResources.MEMORY_USED,18945,3003660 KB
2023-06-07 13:39:23,(2(0)-1686170363:828706),systemResources.FRAMEWORK_VERSION,18965,v3.2.0-27-ga17badf77
2023-06-07 13:39:23,(2(0)-1686170363:828708),systemResources.PROJECT_VERSION,18966,v3.2.0-27-ga17badf77
2023-06-07 13:39:24,(2(0)-1686170364:832109),blockDrv.BD_Cycles,256,80
2023-06-07 13:39:24,(2(0)-1686170364:832170),systemResources.CPU_00,18949,55.00 percent
2023-06-07 13:39:24,(2(0)-1686170364:832194),systemResources.CPU_01,18950,30.30 percent
2023-06-07 13:39:24,(2(0)-1686170364:832220),systemResources.CPU_02,18951,50.00 percent
2023-06-07 13:39:24,(2(0)-1686170364:832242),systemResources.CPU_03,18952,28.00 percent
2023-06-07 13:39:24,(2(0)-1686170364:832244),systemResources.CPU,18948,40.83 percent
2023-06-07 13:39:24,(2(0)-1686170364:832255),systemResources.MEMORY_TOTAL,18944,3489776 KB
2023-06-07 13:39:24,(2(0)-1686170364:832256),systemResources.MEMORY_USED,18945,3008988 KB
2023-06-07 13:39:24,(2(0)-1686170364:832270),systemResources.FRAMEWORK_VERSION,18965,v3.2.0-27-ga17badf77
2023-06-07 13:39:24,(2(0)-1686170364:832271),systemResources.PROJECT_VERSION,18966,v3.2.0-27-ga17badf77
2023-06-07 13:39:25,(2(0)-1686170365:833171),systemResources.CPU_00,18949,71.72 percent
2023-06-07 13:39:25,(2(0)-1686170365:833193),systemResources.CPU_01,18950,35.00 percent
2023-06-07 13:39:25,(2(0)-1686170365:833208),systemResources.CPU_02,18951,57.58 percent
2023-06-07 13:39:25,(2(0)-1686170365:833221),systemResources.CPU_03,18952,34.34 percent
2023-06-07 13:39:25,(2(0)-1686170365:833221),systemResources.CPU,18948,49.66 percent
2023-06-07 13:39:25,(2(0)-1686170365:833229),systemResources.MEMORY_TOTAL,18944,3490376 KB
2023-06-07 13:39:25,(2(0)-1686170365:833229),systemResources.MEMORY_USED,18945,3031508 KB
2023-06-07 13:39:25,(2(0)-1686170365:833237),systemResources.FRAMEWORK_VERSION,18965,v3.2.0-27-ga17badf77
2023-06-07 13:39:25,(2(0)-1686170365:833238),systemResources.PROJECT_VERSION,18966,v3.2.0-27-ga17badf77
2023-06-07 13:39:25,(2(0)-1686170365:833237),blockDrv.BD_Cycles,256,81
2023-06-07 13:39:26,(2(0)-1686170366:836711),systemResources.CPU_00,18949,99.00 percent
2023-06-07 13:39:26,(2(0)-1686170366:836745),systemResources.CPU_01,18950,64.65 percent
2023-06-07 13:39:26,(2(0)-1686170366:836774),systemResources.CPU_02,18951,98.02 percent
2023-06-07 13:39:26,(2(0)-1686170366:836790),systemResources.CPU_03,18952,59.00 percent
2023-06-07 13:39:26,(2(0)-1686170366:836791),systemResources.CPU,18948,80.17 percent
2023-06-07 13:39:26,(2(0)-1686170366:836797),systemResources.MEMORY_TOTAL,18944,3489664 KB
2023-06-07 13:39:26,(2(0)-1686170366:836797),systemResources.MEMORY_USED,18945,3059600 KB
2023-06-07 13:39:26,(2(0)-1686170366:836807),systemResources.FRAMEWORK_VERSION,18965,v3.2.0-27-ga17badf77
2023-06-07 13:39:26,(2(0)-1686170366:836808),systemResources.PROJECT_VERSION,18966,v3.2.0-27-ga17badf77
2023-06-07 13:39:27,(2(0)-1686170367:839317),blockDrv.BD_Cycles,256,83
2023-06-07 13:39:27,(2(0)-1686170367:839400),systemResources.CPU_00,18949,96.00 percent
2023-06-07 13:39:27,(2(0)-1686170367:839417),systemResources.CPU_01,18950,62.38 percent
2023-06-07 13:39:27,(2(0)-1686170367:839434),systemResources.CPU_02,18951,95.96 percent
2023-06-07 13:39:27,(2(0)-1686170367:839449),systemResources.CPU_03,18952,59.60 percent
2023-06-07 13:39:27,(2(0)-1686170367:839450),systemResources.CPU,18948,78.48 percent
2023-06-07 13:39:27,(2(0)-1686170367:839459),systemResources.MEMORY_TOTAL,18944,3489852 KB
2023-06-07 13:39:27,(2(0)-1686170367:839459),systemResources.MEMORY_USED,18945,3067008 KB
2023-06-07 13:39:27,(2(0)-1686170367:839468),systemResources.FRAMEWORK_VERSION,18965,v3.2.0-27-ga17badf77
2023-06-07 13:39:27,(2(0)-1686170367:839470),systemResources.PROJECT_VERSION,18966,v3.2.0-27-ga17badf77
2023-06-07 13:39:28,(2(0)-1686170368:843759),systemResources.CPU_00,18949,78.22 percent
2023-06-07 13:39:28,(2(0)-1686170368:843826),systemResources.CPU_01,18950,37.37 percent
2023-06-07 13:39:28,(2(0)-1686170368:843856),systemResources.CPU_02,18951,76.24 percent
2023-06-07 13:39:28,(2(0)-1686170368:843916),systemResources.CPU_03,18952,38.00 percent
2023-06-07 13:39:28,(2(0)-1686170368:843918),systemResources.CPU,18948,57.46 percent
2023-06-07 13:39:28,(2(0)-1686170368:843932),systemResources.MEMORY_TOTAL,18944,3490148 KB
2023-06-07 13:39:28,(2(0)-1686170368:843933),systemResources.MEMORY_USED,18945,3064188 KB
2023-06-07 13:39:28,(2(0)-1686170368:843952),systemResources.FRAMEWORK_VERSION,18965,v3.2.0-27-ga17badf77
2023-06-07 13:39:28,(2(0)-1686170368:843955),systemResources.PROJECT_VERSION,18966,v3.2.0-27-ga17badf77
2023-06-07 13:39:28,(2(0)-1686170368:843985),blockDrv.BD_Cycles,256,84
2023-06-07 13:39:29,(2(0)-1686170369:846812),systemResources.CPU_00,18949,85.86 percent
2023-06-07 13:39:29,(2(0)-1686170369:846837),systemResources.CPU_01,18950,48.48 percent
2023-06-07 13:39:29,(2(0)-1686170369:846861),systemResources.CPU_02,18951,87.88 percent
2023-06-07 13:39:29,(2(0)-1686170369:846888),systemResources.CPU_03,18952,48.00 percent
2023-06-07 13:39:29,(2(0)-1686170369:846890),systemResources.CPU,18948,67.56 percent
2023-06-07 13:39:29,(2(0)-1686170369:846903),systemResources.MEMORY_TOTAL,18944,3489688 KB
2023-06-07 13:39:29,(2(0)-1686170369:846905),systemResources.MEMORY_USED,18945,3076684 KB
2023-06-07 13:39:29,(2(0)-1686170369:846920),systemResources.FRAMEWORK_VERSION,18965,v3.2.0-27-ga17badf77
2023-06-07 13:39:29,(2(0)-1686170369:846922),systemResources.PROJECT_VERSION,18966,v3.2.0-27-ga17badf77
2023-06-07 13:39:30,(2(0)-1686170370:847598),blockDrv.BD_Cycles,256,86
2023-06-07 13:39:30,(2(0)-1686170370:847635),systemResources.CPU_00,18949,95.00 percent
2023-06-07 13:39:30,(2(0)-1686170370:847647),systemResources.CPU_01,18950,48.00 percent
2023-06-07 13:39:30,(2(0)-1686170370:847666),systemResources.CPU_02,18951,94.06 percent
2023-06-07 13:39:30,(2(0)-1686170370:847698),systemResources.CPU_03,18952,43.43 percent
2023-06-07 13:39:30,(2(0)-1686170370:847699),systemResources.CPU,18948,70.12 percent
2023-06-07 13:39:30,(2(0)-1686170370:847707),systemResources.MEMORY_TOTAL,18944,3489300 KB
2023-06-07 13:39:30,(2(0)-1686170370:847708),systemResources.MEMORY_USED,18945,3063692 KB
2023-06-07 13:39:30,(2(0)-1686170370:847716),systemResources.FRAMEWORK_VERSION,18965,v3.2.0-27-ga17badf77
2023-06-07 13:39:30,(2(0)-1686170370:847718),systemResources.PROJECT_VERSION,18966,v3.2.0-27-ga17badf77
2023-06-07 13:39:31,(2(0)-1686170371:848739),blockDrv.BD_Cycles,256,87
2023-06-07 13:39:31,(2(0)-1686170371:848784),systemResources.CPU_00,18949,82.18 percent
2023-06-07 13:39:31,(2(0)-1686170371:848799),systemResources.CPU_01,18950,53.54 percent
2023-06-07 13:39:31,(2(0)-1686170371:848815),systemResources.CPU_02,18951,86.00 percent
2023-06-07 13:39:31,(2(0)-1686170371:848829),systemResources.CPU_03,18952,50.51 percent
2023-06-07 13:39:31,(2(0)-1686170371:848830),systemResources.CPU,18948,68.05 percent
2023-06-07 13:39:31,(2(0)-1686170371:848838),systemResources.MEMORY_TOTAL,18944,3490352 KB
2023-06-07 13:39:31,(2(0)-1686170371:848838),systemResources.MEMORY_USED,18945,3059968 KB
2023-06-07 13:39:31,(2(0)-1686170371:848849),systemResources.FRAMEWORK_VERSION,18965,v3.2.0-27-ga17badf77
2023-06-07 13:39:31,(2(0)-1686170371:848851),systemResources.PROJECT_VERSION,18966,v3.2.0-27-ga17badf77
2023-06-07 13:39:32,(2(0)-1686170372:849481),systemResources.CPU_00,18949,70.71 percent
2023-06-07 13:39:32,(2(0)-1686170372:849508),systemResources.CPU_01,18950,21.21 percent
2023-06-07 13:39:32,(2(0)-1686170372:849530),systemResources.CPU_02,18951,69.70 percent
2023-06-07 13:39:32,(2(0)-1686170372:849550),systemResources.CPU_03,18952,20.00 percent
2023-06-07 13:39:32,(2(0)-1686170372:849551),systemResources.CPU,18948,45.40 percent
2023-06-07 13:39:32,(2(0)-1686170372:849562),systemResources.MEMORY_TOTAL,18944,3489864 KB
2023-06-07 13:39:32,(2(0)-1686170372:849563),systemResources.MEMORY_USED,18945,3039436 KB
2023-06-07 13:39:32,(2(0)-1686170372:849581),systemResources.FRAMEWORK_VERSION,18965,v3.2.0-27-ga17badf77
2023-06-07 13:39:32,(2(0)-1686170372:849583),systemResources.PROJECT_VERSION,18966,v3.2.0-27-ga17badf77
2023-06-07 13:39:33,(2(0)-1686170373:852335),blockDrv.BD_Cycles,256,89
2023-06-07 13:39:33,(2(0)-1686170373:852447),systemResources.CPU_00,18949,61.00 percent
2023-06-07 13:39:33,(2(0)-1686170373:852475),systemResources.CPU_01,18950,25.00 percent
2023-06-07 13:39:33,(2(0)-1686170373:852498),systemResources.CPU_02,18951,59.41 percent
2023-06-07 13:39:33,(2(0)-1686170373:852521),systemResources.CPU_03,18952,23.00 percent
2023-06-07 13:39:33,(2(0)-1686170373:852522),systemResources.CPU,18948,42.10 percent
2023-06-07 13:39:33,(2(0)-1686170373:852534),systemResources.MEMORY_TOTAL,18944,3489620 KB
2023-06-07 13:39:33,(2(0)-1686170373:852535),systemResources.MEMORY_USED,18945,3043840 KB
2023-06-07 13:39:33,(2(0)-1686170373:852551),systemResources.FRAMEWORK_VERSION,18965,v3.2.0-27-ga17badf77
2023-06-07 13:39:33,(2(0)-1686170373:852553),systemResources.PROJECT_VERSION,18966,v3.2.0-27-ga17badf77
2023-06-07 13:39:34,(2(0)-1686170374:854509),systemResources.CPU_00,18949,51.00 percent
2023-06-07 13:39:34,(2(0)-1686170374:854550),systemResources.CPU_01,18950,21.78 percent
2023-06-07 13:39:34,(2(0)-1686170374:854576),systemResources.CPU_02,18951,51.52 percent
2023-06-07 13:39:34,(2(0)-1686170374:854598),systemResources.CPU_03,18952,21.00 percent
2023-06-07 13:39:34,(2(0)-1686170374:854599),systemResources.CPU,18948,36.32 percent
2023-06-07 13:39:34,(2(0)-1686170374:854613),systemResources.MEMORY_TOTAL,18944,3489392 KB
2023-06-07 13:39:34,(2(0)-1686170374:854613),systemResources.MEMORY_USED,18945,3076828 KB
2023-06-07 13:39:34,(2(0)-1686170374:854636),systemResources.FRAMEWORK_VERSION,18965,v3.2.0-27-ga17badf77
2023-06-07 13:39:34,(2(0)-1686170374:854639),systemResources.PROJECT_VERSION,18966,v3.2.0-27-ga17badf77
2023-06-07 13:39:35,(2(0)-1686170375:855564),blockDrv.BD_Cycles,256,91
2023-06-07 13:39:35,(2(0)-1686170375:855634),systemResources.CPU_00,18949,62.63 percent
2023-06-07 13:39:35,(2(0)-1686170375:855695),systemResources.CPU_01,18950,35.00 percent
2023-06-07 13:39:35,(2(0)-1686170375:855723),systemResources.CPU_02,18951,63.00 percent
2023-06-07 13:39:35,(2(0)-1686170375:855741),systemResources.CPU_03,18952,35.35 percent
2023-06-07 13:39:35,(2(0)-1686170375:855742),systemResources.CPU,18948,48.99 percent
2023-06-07 13:39:35,(2(0)-1686170375:855752),systemResources.MEMORY_TOTAL,18944,3489628 KB
2023-06-07 13:39:35,(2(0)-1686170375:855753),systemResources.MEMORY_USED,18945,3084200 KB
2023-06-07 13:39:35,(2(0)-1686170375:855764),systemResources.FRAMEWORK_VERSION,18965,v3.2.0-27-ga17badf77
2023-06-07 13:39:35,(2(0)-1686170375:855766),systemResources.PROJECT_VERSION,18966,v3.2.0-27-ga17badf77
2023-06-07 13:39:36,(2(0)-1686170376:856846),systemResources.CPU_00,18949,67.00 percent
2023-06-07 13:39:36,(2(0)-1686170376:856862),systemResources.CPU_01,18950,26.53 percent
2023-06-07 13:39:36,(2(0)-1686170376:856876),systemResources.CPU_02,18951,69.00 percent
2023-06-07 13:39:36,(2(0)-1686170376:856892),systemResources.CPU_03,18952,27.00 percent
2023-06-07 13:39:36,(2(0)-1686170376:856893),systemResources.CPU,18948,47.38 percent
2023-06-07 13:39:36,(2(0)-1686170376:856901),systemResources.MEMORY_TOTAL,18944,3489916 KB
2023-06-07 13:39:36,(2(0)-1686170376:856901),systemResources.MEMORY_USED,18945,3078384 KB
2023-06-07 13:39:36,(2(0)-1686170376:856909),systemResources.FRAMEWORK_VERSION,18965,v3.2.0-27-ga17badf77
2023-06-07 13:39:36,(2(0)-1686170376:856910),systemResources.PROJECT_VERSION,18966,v3.2.0-27-ga17badf77
2023-06-07 13:39:37,(2(0)-1686170377:857542),blockDrv.BD_Cycles,256,93
