Hit Ctrl-C to quit
EVENT: (1280) (2:1686170284,596515) DIAGNOSTIC: (cmdDisp) OpCodeRegistered : Opcode 0x500 registered to port 0 slot 0
EVENT: (1280) (2:1686170284,596576) DIAGNOSTIC: (cmdDisp) OpCodeRegistered : Opcode 0x501 registered to port 0 slot 1
EVENT: (1280) (2:1686170284,596587) DIAGNOSTIC: (cmdDisp) OpCodeRegistered : Opcode 0x502 registered to port 0 slot 2
EVENT: (1280) (2:1686170284,596595) DIAGNOSTIC: (cmdDisp) OpCodeRegistered : Opcode 0x503 registered to port 0 slot 3
EVENT: (1280) (2:1686170284,596603) DIAGNOSTIC: (cmdDisp) OpCodeRegistered : Opcode 0x600 registered to port 1 slot 4
EVENT: (1280) (2:1686170284,596610) DIAGNOSTIC: (cmdDisp) OpCodeRegistered : Opcode 0x601 registered to port 1 slot 5
EVENT: (1280) (2:1686170284,596617) DIAGNOSTIC: (cmdDisp) OpCodeRegistered : Opcode 0x602 registered to port 1 slot 6
EVENT: (1280) (2:1686170284,596624) DIAGNOSTIC: (cmdDisp) OpCodeRegistered : Opcode 0x603 registered to port 1 slot 7
EVENT: (1280) (2:1686170284,596631) DIAGNOSTIC: (cmdDisp) OpCodeRegistered : Opcode 0x604 registered to port 1 slot 8
EVENT: (1280) (2:1686170284,596638) DIAGNOSTIC: (cmdDisp) OpCodeRegistered : Opcode 0x605 registered to port 1 slot 9
EVENT: (1280) (2:1686170284,596644) DIAGNOSTIC: (cmdDisp) OpCodeRegistered : Opcode 0x606 registered to port 1 slot 10
EVENT: (1280) (2:1686170284,596651) DIAGNOSTIC: (cmdDisp) OpCodeRegistered : Opcode 0x607 registered to port 1 slot 11
EVENT: (1280) (2:1686170284,596658) DIAGNOSTIC: (cmdDisp) OpCodeRegistered : Opcode 0xb00 registered to port 2 slot 12
EVENT: (1280) (2:1686170284,596665) DIAGNOSTIC: (cmdDisp) OpCodeRegistered : Opcode 0xb02 registered to port 2 slot 13
EVENT: (1280) (2:1686170284,596672) DIAGNOSTIC: (cmdDisp) OpCodeRegistered : Opcode 0xb03 registered to port 2 slot 14
EVENT: (1280) (2:1686170284,596678) DIAGNOSTIC: (cmdDisp) OpCodeRegistered : Opcode 0x700 registered to port 3 slot 15
EVENT: (1280) (2:1686170284,596685) DIAGNOSTIC: (cmdDisp) OpCodeRegistered : Opcode 0x701 registered to port 3 slot 16
EVENT: (1280) (2:1686170284,596692) DIAGNOSTIC: (cmdDisp) OpCodeRegistered : Opcode 0x702 registered to port 3 slot 17
EVENT: (1280) (2:1686170284,596699) DIAGNOSTIC: (cmdDisp) OpCodeRegistered : Opcode 0x800 registered to port 4 slot 18
EVENT: (1280) (2:1686170284,596706) DIAGNOSTIC: (cmdDisp) OpCodeRegistered : Opcode 0x801 registered to port 4 slot 19
EVENT: (1280) (2:1686170284,596712) DIAGNOSTIC: (cmdDisp) OpCodeRegistered : Opcode 0x802 registered to port 4 slot 20
EVENT: (1280) (2:1686170284,596719) DIAGNOSTIC: (cmdDisp) OpCodeRegistered : Opcode 0x803 registered to port 4 slot 21
EVENT: (1280) (2:1686170284,596726) DIAGNOSTIC: (cmdDisp) OpCodeRegistered : Opcode 0x804 registered to port 4 slot 22
EVENT: (1280) (2:1686170284,596733) DIAGNOSTIC: (cmdDisp) OpCodeRegistered : Opcode 0x805 registered to port 4 slot 23
EVENT: (1280) (2:1686170284,596739) DIAGNOSTIC: (cmdDisp) OpCodeRegistered : Opcode 0x806 registered to port 4 slot 24
EVENT: (1280) (2:1686170284,596746) DIAGNOSTIC: (cmdDisp) OpCodeRegistered : Opcode 0x2000 registered to port 5 slot 25
EVENT: (1280) (2:1686170284,596753) DIAGNOSTIC: (cmdDisp) OpCodeRegistered : Opcode 0x2001 registered to port 5 slot 26
EVENT: (1280) (2:1686170284,596760) DIAGNOSTIC: (cmdDisp) OpCodeRegistered : Opcode 0x2002 registered to port 5 slot 27
EVENT: (1280) (2:1686170284,596767) DIAGNOSTIC: (cmdDisp) OpCodeRegistered : Opcode 0x2700 registered to port 6 slot 28
EVENT: (1280) (2:1686170284,596774) DIAGNOSTIC: (cmdDisp) OpCodeRegistered : Opcode 0x270a registered to port 6 slot 29
EVENT: (1280) (2:1686170284,596780) DIAGNOSTIC: (cmdDisp) OpCodeRegistered : Opcode 0x270b registered to port 6 slot 30
EVENT: (1280) (2:1686170284,596787) DIAGNOSTIC: (cmdDisp) OpCodeRegistered : Opcode 0xe00 registered to port 7 slot 31
EVENT: (1280) (2:1686170284,596794) DIAGNOSTIC: (cmdDisp) OpCodeRegistered : Opcode 0xd00 registered to port 8 slot 32
EVENT: (1280) (2:1686170284,596801) DIAGNOSTIC: (cmdDisp) OpCodeRegistered : Opcode 0x4a00 registered to port 9 slot 33
EVENT: (1280) (2:1686170284,596808) DIAGNOSTIC: (cmdDisp) OpCodeRegistered : Opcode 0x4a01 registered to port 9 slot 34
EVENT: (3334) (2:1686170284,596838) WARNING_HI: (prmDb) PrmFileReadError : Parameter file read failed in stage OPEN (0) with record 0 and error 1
EVENT: (3328) (2:1686170284,596867) WARNING_LO: (prmDb) PrmIdNotFound : Parameter ID 0x2700 not found
[WARNING] High task priority of 140 being clamped to 47
[WARNING] High task priority of 101 being clamped to 47
[WARNING] High task priority of 100 being clamped to 47
[WARNING] High task priority of 98 being clamped to 47
[WARNING] High task priority of 100 being clamped to 47
[ERROR] Failed to send framed data: 2
[WARNING] High task priority of 100 being clamped to 47
[ERROR] Failed to send framed data: 2
[WARNING] High task priority of 100 being clamped to 47
[WARNING] High task priority of 100 being clamped to 47
[WARNING] High task priority of 96 being clamped to 47
[WARNING] High task priority of 120 being clamped to 47
[WARNING] High task priority of 119 being clamped to 47
EVENT: (512) (2:1686170284,597260) DIAGNOSTIC: (rateGroup1) RateGroupStarted : Rate group started.
[WARNING] High task priority of 118 being clamped to 47
EVENT: (768) (2:1686170284,597314) DIAGNOSTIC: (rateGroup2) RateGroupStarted : Rate group started.
EVENT: (1024) (2:1686170284,597367) DIAGNOSTIC: (rateGroup3) RateGroupStarted : Rate group started.
[WARNING] High task priority of 97 being clamped to 47
[WARNING] High task priority of 100 being clamped to 47
Connected to 0.0.0.0:50000 as a tcp client
EVENT: (1281) (2:1686170304,934468) COMMAND: (cmdDisp) OpCodeDispatched : Opcode 0xe00 dispatched to port 7
EVENT: (3584) (2:1686170304,934482) ACTIVITY_LO: (mathSender) COMMAND_RECV : Math command received: 1.000000 ADD (0) 0.000000
EVENT: (1282) (2:1686170304,934550) COMMAND: (cmdDisp) OpCodeCompleted : Opcode 0xe00 completed
EVENT: (9985) (2:1686170305,658789) ACTIVITY_HI: (mathReceiver) OPERATION_PERFORMED : ADD (0) operation performed
EVENT: (3585) (2:1686170305,658844) ACTIVITY_HI: (mathSender) RESULT : Math result is 1.000000
EVENT: (1281) (2:1686170316,406147) COMMAND: (cmdDisp) OpCodeDispatched : Opcode 0xe00 dispatched to port 7
EVENT: (3584) (2:1686170316,406159) ACTIVITY_LO: (mathSender) COMMAND_RECV : Math command received: 1.000000 DIV (3) 0.000000
EVENT: (1282) (2:1686170316,406233) COMMAND: (cmdDisp) OpCodeCompleted : Opcode 0xe00 completed
EVENT: (9985) (2:1686170316,695335) ACTIVITY_HI: (mathReceiver) OPERATION_PERFORMED : DIV (3) operation performed
EVENT: (3585) (2:1686170316,695458) ACTIVITY_HI: (mathSender) RESULT : Math result is 0.000000
[WARNING] Failed to recv from port with status -8 and errno 0
Exiting...
