Hit Ctrl-C to quit
EVENT: (1280) (2:1685985507,623673) DIAGNOSTIC: (cmdDisp) OpCodeRegistered : Opcode 0x500 registered to port 0 slot 0
EVENT: (1280) (2:1685985507,623728) DIAGNOSTIC: (cmdDisp) OpCodeRegistered : Opcode 0x501 registered to port 0 slot 1
EVENT: (1280) (2:1685985507,623739) DIAGNOSTIC: (cmdDisp) OpCodeRegistered : Opcode 0x502 registered to port 0 slot 2
EVENT: (1280) (2:1685985507,623746) DIAGNOSTIC: (cmdDisp) OpCodeRegistered : Opcode 0x503 registered to port 0 slot 3
EVENT: (1280) (2:1685985507,623753) DIAGNOSTIC: (cmdDisp) OpCodeRegistered : Opcode 0x600 registered to port 1 slot 4
EVENT: (1280) (2:1685985507,623760) DIAGNOSTIC: (cmdDisp) OpCodeRegistered : Opcode 0x601 registered to port 1 slot 5
EVENT: (1280) (2:1685985507,623766) DIAGNOSTIC: (cmdDisp) OpCodeRegistered : Opcode 0x602 registered to port 1 slot 6
EVENT: (1280) (2:1685985507,623773) DIAGNOSTIC: (cmdDisp) OpCodeRegistered : Opcode 0x603 registered to port 1 slot 7
EVENT: (1280) (2:1685985507,623779) DIAGNOSTIC: (cmdDisp) OpCodeRegistered : Opcode 0x604 registered to port 1 slot 8
EVENT: (1280) (2:1685985507,623786) DIAGNOSTIC: (cmdDisp) OpCodeRegistered : Opcode 0x605 registered to port 1 slot 9
EVENT: (1280) (2:1685985507,623792) DIAGNOSTIC: (cmdDisp) OpCodeRegistered : Opcode 0x606 registered to port 1 slot 10
EVENT: (1280) (2:1685985507,623798) DIAGNOSTIC: (cmdDisp) OpCodeRegistered : Opcode 0x607 registered to port 1 slot 11
EVENT: (1280) (2:1685985507,623805) DIAGNOSTIC: (cmdDisp) OpCodeRegistered : Opcode 0xb00 registered to port 2 slot 12
EVENT: (1280) (2:1685985507,623811) DIAGNOSTIC: (cmdDisp) OpCodeRegistered : Opcode 0xb02 registered to port 2 slot 13
EVENT: (1280) (2:1685985507,623817) DIAGNOSTIC: (cmdDisp) OpCodeRegistered : Opcode 0xb03 registered to port 2 slot 14
EVENT: (1280) (2:1685985507,623824) DIAGNOSTIC: (cmdDisp) OpCodeRegistered : Opcode 0x700 registered to port 3 slot 15
EVENT: (1280) (2:1685985507,623830) DIAGNOSTIC: (cmdDisp) OpCodeRegistered : Opcode 0x701 registered to port 3 slot 16
EVENT: (1280) (2:1685985507,623836) DIAGNOSTIC: (cmdDisp) OpCodeRegistered : Opcode 0x702 registered to port 3 slot 17
EVENT: (1280) (2:1685985507,623842) DIAGNOSTIC: (cmdDisp) OpCodeRegistered : Opcode 0x800 registered to port 4 slot 18
EVENT: (1280) (2:1685985507,623848) DIAGNOSTIC: (cmdDisp) OpCodeRegistered : Opcode 0x801 registered to port 4 slot 19
EVENT: (1280) (2:1685985507,623854) DIAGNOSTIC: (cmdDisp) OpCodeRegistered : Opcode 0x802 registered to port 4 slot 20
EVENT: (1280) (2:1685985507,623861) DIAGNOSTIC: (cmdDisp) OpCodeRegistered : Opcode 0x803 registered to port 4 slot 21
EVENT: (1280) (2:1685985507,623867) DIAGNOSTIC: (cmdDisp) OpCodeRegistered : Opcode 0x804 registered to port 4 slot 22
EVENT: (1280) (2:1685985507,623873) DIAGNOSTIC: (cmdDisp) OpCodeRegistered : Opcode 0x805 registered to port 4 slot 23
EVENT: (1280) (2:1685985507,623879) DIAGNOSTIC: (cmdDisp) OpCodeRegistered : Opcode 0x806 registered to port 4 slot 24
EVENT: (1280) (2:1685985507,623885) DIAGNOSTIC: (cmdDisp) OpCodeRegistered : Opcode 0x2000 registered to port 5 slot 25
EVENT: (1280) (2:1685985507,623891) DIAGNOSTIC: (cmdDisp) OpCodeRegistered : Opcode 0x2001 registered to port 5 slot 26
EVENT: (1280) (2:1685985507,623897) DIAGNOSTIC: (cmdDisp) OpCodeRegistered : Opcode 0x2002 registered to port 5 slot 27
EVENT: (1280) (2:1685985507,623904) DIAGNOSTIC: (cmdDisp) OpCodeRegistered : Opcode 0x2700 registered to port 6 slot 28
EVENT: (1280) (2:1685985507,623910) DIAGNOSTIC: (cmdDisp) OpCodeRegistered : Opcode 0x270a registered to port 6 slot 29
EVENT: (1280) (2:1685985507,623916) DIAGNOSTIC: (cmdDisp) OpCodeRegistered : Opcode 0x270b registered to port 6 slot 30
EVENT: (1280) (2:1685985507,623922) DIAGNOSTIC: (cmdDisp) OpCodeRegistered : Opcode 0xe00 registered to port 7 slot 31
EVENT: (1280) (2:1685985507,623928) DIAGNOSTIC: (cmdDisp) OpCodeRegistered : Opcode 0xd00 registered to port 8 slot 32
EVENT: (1280) (2:1685985507,623935) DIAGNOSTIC: (cmdDisp) OpCodeRegistered : Opcode 0x4a00 registered to port 9 slot 33
EVENT: (1280) (2:1685985507,623941) DIAGNOSTIC: (cmdDisp) OpCodeRegistered : Opcode 0x4a01 registered to port 9 slot 34
EVENT: (3334) (2:1685985507,623975) WARNING_HI: (prmDb) PrmFileReadError : Parameter file read failed in stage OPEN (0) with record 0 and error 1
EVENT: (3328) (2:1685985507,624002) WARNING_LO: (prmDb) PrmIdNotFound : Parameter ID 0x2700 not found
[WARNING] High task priority of 140 being clamped to 47
[WARNING] High task priority of 101 being clamped to 47
[WARNING] High task priority of 100 being clamped to 47
[WARNING] High task priority of 98 being clamped to 47
[WARNING] High task priority of 100 being clamped to 47
[ERROR] Failed to send framed data: 2
[ERROR] Failed to send framed data: 2
[WARNING] High task priority of 100 being clamped to 47
[WARNING] High task priority of 100 being clamped to 47
[WARNING] High task priority of 100 being clamped to 47
[WARNING] High task priority of 96 being clamped to 47
[WARNING] High task priority of 120 being clamped to 47
[WARNING] High task priority of 119 being clamped to 47
EVENT: (512) (2:1685985507,624546) DIAGNOSTIC: (rateGroup1) RateGroupStarted : Rate group started.
[WARNING] High task priority of 118 being clamped to 47
EVENT: (768) (2:1685985507,624552) DIAGNOSTIC: (rateGroup2) RateGroupStarted : Rate group started.
[WARNING] High task priority of 97 being clamped to 47
EVENT: (1024) (2:1685985507,624684) DIAGNOSTIC: (rateGroup3) RateGroupStarted : Rate group started.
[WARNING] High task priority of 100 being clamped to 47
Connected to 0.0.0.0:50000 as a tcp client
EVENT: (1281) (2:1685985528,855026) COMMAND: (cmdDisp) OpCodeDispatched : Opcode 0xe00 dispatched to port 7
EVENT: (3584) (2:1685985528,855039) ACTIVITY_LO: (mathSender) COMMAND_RECV : Math command received: 7.000000 MUL (2) 6.000000
EVENT: (1282) (2:1685985528,855167) COMMAND: (cmdDisp) OpCodeCompleted : Opcode 0xe00 completed
EVENT: (9985) (2:1685985529,684235) ACTIVITY_HI: (mathReceiver) OPERATION_PERFORMED : MUL (2) operation performed
EVENT: (3585) (2:1685985529,684444) ACTIVITY_HI: (mathSender) RESULT : Math result is 42.000000
EVENT: (1281) (2:1685985546,71684) COMMAND: (cmdDisp) OpCodeDispatched : Opcode 0x270b dispatched to port 6
EVENT: (3331) (2:1685985546,71698) ACTIVITY_HI: (prmDb) PrmIdAdded : Parameter ID 0x2700 added
EVENT: (1282) (2:1685985546,71751) COMMAND: (cmdDisp) OpCodeCompleted : Opcode 0x270b completed
EVENT: (9984) (2:1685985563,171556) ACTIVITY_HI: (mathReceiver) FACTOR_UPDATED : Factor updated to 5.000000
EVENT: (1281) (2:1685985563,171630) COMMAND: (cmdDisp) OpCodeDispatched : Opcode 0x270a dispatched to port 6
EVENT: (1282) (2:1685985563,171680) COMMAND: (cmdDisp) OpCodeCompleted : Opcode 0x270a completed
EVENT: (1281) (2:1685985572,873251) COMMAND: (cmdDisp) OpCodeDispatched : Opcode 0xe00 dispatched to port 7
EVENT: (3584) (2:1685985572,873266) ACTIVITY_LO: (mathSender) COMMAND_RECV : Math command received: 7.000000 MUL (2) 6.000000
EVENT: (1282) (2:1685985572,873343) COMMAND: (cmdDisp) OpCodeCompleted : Opcode 0xe00 completed
EVENT: (9985) (2:1685985573,788170) ACTIVITY_HI: (mathReceiver) OPERATION_PERFORMED : MUL (2) operation performed
EVENT: (3585) (2:1685985573,788360) ACTIVITY_HI: (mathSender) RESULT : Math result is 210.000000
EVENT: (1281) (2:1685985582,252966) COMMAND: (cmdDisp) OpCodeDispatched : Opcode 0xe00 dispatched to port 7
EVENT: (3584) (2:1685985582,252980) ACTIVITY_LO: (mathSender) COMMAND_RECV : Math command received: 7.000000 MUL (2) 6.000000
EVENT: (1282) (2:1685985582,253087) COMMAND: (cmdDisp) OpCodeCompleted : Opcode 0xe00 completed
EVENT: (9985) (2:1685985582,816283) ACTIVITY_HI: (mathReceiver) OPERATION_PERFORMED : MUL (2) operation performed
EVENT: (3585) (2:1685985582,816423) ACTIVITY_HI: (mathSender) RESULT : Math result is 210.000000
EVENT: (9984) (2:1685985603,924548) ACTIVITY_HI: (mathReceiver) FACTOR_UPDATED : Factor updated to 1.000000
EVENT: (1281) (2:1685985603,924623) COMMAND: (cmdDisp) OpCodeDispatched : Opcode 0x270a dispatched to port 6
EVENT: (1282) (2:1685985603,924658) COMMAND: (cmdDisp) OpCodeCompleted : Opcode 0x270a completed
EVENT: (1281) (2:1685985610,220335) COMMAND: (cmdDisp) OpCodeDispatched : Opcode 0xe00 dispatched to port 7
EVENT: (3584) (2:1685985610,220347) ACTIVITY_LO: (mathSender) COMMAND_RECV : Math command received: 7.000000 MUL (2) 6.000000
EVENT: (1282) (2:1685985610,220460) COMMAND: (cmdDisp) OpCodeCompleted : Opcode 0xe00 completed
EVENT: (9985) (2:1685985610,889797) ACTIVITY_HI: (mathReceiver) OPERATION_PERFORMED : MUL (2) operation performed
EVENT: (3585) (2:1685985610,889925) ACTIVITY_HI: (mathSender) RESULT : Math result is 42.000000
[WARNING] Failed to recv from port with status -8 and errno 0
Exiting...
