Hit Ctrl-C to quit
EVENT: (1280) (2:1686182089,966529) DIAGNOSTIC: (cmdDisp) OpCodeRegistered : Opcode 0x500 registered to port 0 slot 0
EVENT: (1280) (2:1686182089,966578) DIAGNOSTIC: (cmdDisp) OpCodeRegistered : Opcode 0x501 registered to port 0 slot 1
EVENT: (1280) (2:1686182089,966588) DIAGNOSTIC: (cmdDisp) OpCodeRegistered : Opcode 0x502 registered to port 0 slot 2
EVENT: (1280) (2:1686182089,966596) DIAGNOSTIC: (cmdDisp) OpCodeRegistered : Opcode 0x503 registered to port 0 slot 3
EVENT: (1280) (2:1686182089,966603) DIAGNOSTIC: (cmdDisp) OpCodeRegistered : Opcode 0x600 registered to port 1 slot 4
EVENT: (1280) (2:1686182089,966609) DIAGNOSTIC: (cmdDisp) OpCodeRegistered : Opcode 0x601 registered to port 1 slot 5
EVENT: (1280) (2:1686182089,966616) DIAGNOSTIC: (cmdDisp) OpCodeRegistered : Opcode 0x602 registered to port 1 slot 6
EVENT: (1280) (2:1686182089,966623) DIAGNOSTIC: (cmdDisp) OpCodeRegistered : Opcode 0x603 registered to port 1 slot 7
EVENT: (1280) (2:1686182089,966629) DIAGNOSTIC: (cmdDisp) OpCodeRegistered : Opcode 0x604 registered to port 1 slot 8
EVENT: (1280) (2:1686182089,966636) DIAGNOSTIC: (cmdDisp) OpCodeRegistered : Opcode 0x605 registered to port 1 slot 9
EVENT: (1280) (2:1686182089,966642) DIAGNOSTIC: (cmdDisp) OpCodeRegistered : Opcode 0x606 registered to port 1 slot 10
EVENT: (1280) (2:1686182089,966648) DIAGNOSTIC: (cmdDisp) OpCodeRegistered : Opcode 0x607 registered to port 1 slot 11
EVENT: (1280) (2:1686182089,966655) DIAGNOSTIC: (cmdDisp) OpCodeRegistered : Opcode 0xb00 registered to port 2 slot 12
EVENT: (1280) (2:1686182089,966661) DIAGNOSTIC: (cmdDisp) OpCodeRegistered : Opcode 0xb02 registered to port 2 slot 13
EVENT: (1280) (2:1686182089,966668) DIAGNOSTIC: (cmdDisp) OpCodeRegistered : Opcode 0xb03 registered to port 2 slot 14
EVENT: (1280) (2:1686182089,966674) DIAGNOSTIC: (cmdDisp) OpCodeRegistered : Opcode 0x700 registered to port 3 slot 15
EVENT: (1280) (2:1686182089,966681) DIAGNOSTIC: (cmdDisp) OpCodeRegistered : Opcode 0x701 registered to port 3 slot 16
EVENT: (1280) (2:1686182089,966687) DIAGNOSTIC: (cmdDisp) OpCodeRegistered : Opcode 0x702 registered to port 3 slot 17
EVENT: (1280) (2:1686182089,966694) DIAGNOSTIC: (cmdDisp) OpCodeRegistered : Opcode 0x800 registered to port 4 slot 18
EVENT: (1280) (2:1686182089,966700) DIAGNOSTIC: (cmdDisp) OpCodeRegistered : Opcode 0x801 registered to port 4 slot 19
EVENT: (1280) (2:1686182089,966706) DIAGNOSTIC: (cmdDisp) OpCodeRegistered : Opcode 0x802 registered to port 4 slot 20
EVENT: (1280) (2:1686182089,966713) DIAGNOSTIC: (cmdDisp) OpCodeRegistered : Opcode 0x803 registered to port 4 slot 21
EVENT: (1280) (2:1686182089,966719) DIAGNOSTIC: (cmdDisp) OpCodeRegistered : Opcode 0x804 registered to port 4 slot 22
EVENT: (1280) (2:1686182089,966725) DIAGNOSTIC: (cmdDisp) OpCodeRegistered : Opcode 0x805 registered to port 4 slot 23
EVENT: (1280) (2:1686182089,966732) DIAGNOSTIC: (cmdDisp) OpCodeRegistered : Opcode 0x806 registered to port 4 slot 24
EVENT: (1280) (2:1686182089,966738) DIAGNOSTIC: (cmdDisp) OpCodeRegistered : Opcode 0x2000 registered to port 5 slot 25
EVENT: (1280) (2:1686182089,966745) DIAGNOSTIC: (cmdDisp) OpCodeRegistered : Opcode 0x2001 registered to port 5 slot 26
EVENT: (1280) (2:1686182089,966751) DIAGNOSTIC: (cmdDisp) OpCodeRegistered : Opcode 0x2002 registered to port 5 slot 27
EVENT: (1280) (2:1686182089,966757) DIAGNOSTIC: (cmdDisp) OpCodeRegistered : Opcode 0x2700 registered to port 6 slot 28
EVENT: (1280) (2:1686182089,966764) DIAGNOSTIC: (cmdDisp) OpCodeRegistered : Opcode 0x270a registered to port 6 slot 29
EVENT: (1280) (2:1686182089,966770) DIAGNOSTIC: (cmdDisp) OpCodeRegistered : Opcode 0x270b registered to port 6 slot 30
EVENT: (1280) (2:1686182089,966776) DIAGNOSTIC: (cmdDisp) OpCodeRegistered : Opcode 0xe00 registered to port 7 slot 31
EVENT: (1280) (2:1686182089,966783) DIAGNOSTIC: (cmdDisp) OpCodeRegistered : Opcode 0xd00 registered to port 8 slot 32
EVENT: (1280) (2:1686182089,966789) DIAGNOSTIC: (cmdDisp) OpCodeRegistered : Opcode 0x4a00 registered to port 9 slot 33
EVENT: (1280) (2:1686182089,966796) DIAGNOSTIC: (cmdDisp) OpCodeRegistered : Opcode 0x4a01 registered to port 9 slot 34
EVENT: (3334) (2:1686182089,966828) WARNING_HI: (prmDb) PrmFileReadError : Parameter file read failed in stage OPEN (0) with record 0 and error 1
EVENT: (3328) (2:1686182089,966856) WARNING_LO: (prmDb) PrmIdNotFound : Parameter ID 0x2700 not found
[WARNING] High task priority of 140 being clamped to 47
[WARNING] High task priority of 101 being clamped to 47
[WARNING] High task priority of 100 being clamped to 47
[WARNING] High task priority of 98 being clamped to 47
[WARNING] High task priority of 100 being clamped to 47
[WARNING] High task priority of 100 being clamped to 47
[ERROR] Failed to send framed data: 2
[ERROR] Failed to send framed data: 2
[WARNING] High task priority of 100 being clamped to 47
[WARNING] High task priority of 100 being clamped to 47
[WARNING] High task priority of 96 being clamped to 47
[WARNING] High task priority of 120 being clamped to 47
EVENT: (512) (2:1686182089,967350) DIAGNOSTIC: (rateGroup1) RateGroupStarted : Rate group started.
[WARNING] High task priority of 119 being clamped to 47
[WARNING] High task priority of 118 being clamped to 47
EVENT: (768) (2:1686182089,967443) DIAGNOSTIC: (rateGroup2) RateGroupStarted : Rate group started.
[WARNING] High task priority of 97 being clamped to 47
EVENT: (1024) (2:1686182089,967461) DIAGNOSTIC: (rateGroup3) RateGroupStarted : Rate group started.
[WARNING] High task priority of 100 being clamped to 47
Connected to 0.0.0.0:50000 as a tcp client
EVENT: (1281) (2:1686182116,470403) COMMAND: (cmdDisp) OpCodeDispatched : Opcode 0xe00 dispatched to port 7
EVENT: (3584) (2:1686182116,470417) ACTIVITY_LO: (mathSender) COMMAND_RECV : Math command received: 6.000000 MUL (2) 3.000000
EVENT: (1282) (2:1686182116,470532) COMMAND: (cmdDisp) OpCodeCompleted : Opcode 0xe00 completed
EVENT: (9985) (2:1686182117,63225) ACTIVITY_HI: (mathReceiver) OPERATION_PERFORMED : MUL (2) operation performed
EVENT: (3585) (2:1686182117,63282) ACTIVITY_HI: (mathSender) RESULT : Math result is 18.000000
EVENT: (1281) (2:1686182139,613526) COMMAND: (cmdDisp) OpCodeDispatched : Opcode 0xe00 dispatched to port 7
EVENT: (3584) (2:1686182139,613539) ACTIVITY_LO: (mathSender) COMMAND_RECV : Math command received: 6.000000 MUL (2) 3.000000
EVENT: (1282) (2:1686182139,613633) COMMAND: (cmdDisp) OpCodeCompleted : Opcode 0xe00 completed
EVENT: (9985) (2:1686182140,118117) ACTIVITY_HI: (mathReceiver) OPERATION_PERFORMED : MUL (2) operation performed
EVENT: (3585) (2:1686182140,118210) ACTIVITY_HI: (mathSender) RESULT : Math result is 18.000000
EVENT: (1281) (2:1686182140,137388) COMMAND: (cmdDisp) OpCodeDispatched : Opcode 0xe00 dispatched to port 7
EVENT: (3584) (2:1686182140,137399) ACTIVITY_LO: (mathSender) COMMAND_RECV : Math command received: 6.000000 MUL (2) 3.000000
EVENT: (1282) (2:1686182140,137473) COMMAND: (cmdDisp) OpCodeCompleted : Opcode 0xe00 completed
EVENT: (1281) (2:1686182140,589406) COMMAND: (cmdDisp) OpCodeDispatched : Opcode 0xe00 dispatched to port 7
EVENT: (3584) (2:1686182140,589417) ACTIVITY_LO: (mathSender) COMMAND_RECV : Math command received: 6.000000 MUL (2) 3.000000
EVENT: (1282) (2:1686182140,589499) COMMAND: (cmdDisp) OpCodeCompleted : Opcode 0xe00 completed
EVENT: (9985) (2:1686182141,121586) ACTIVITY_HI: (mathReceiver) OPERATION_PERFORMED : MUL (2) operation performed
EVENT: (9985) (2:1686182141,121665) ACTIVITY_HI: (mathReceiver) OPERATION_PERFORMED : MUL (2) operation performed
EVENT: (3585) (2:1686182141,121680) ACTIVITY_HI: (mathSender) RESULT : Math result is 18.000000
EVENT: (3585) (2:1686182141,121747) ACTIVITY_HI: (mathSender) RESULT : Math result is 18.000000
EVENT: (1281) (2:1686182142,908605) COMMAND: (cmdDisp) OpCodeDispatched : Opcode 0xe00 dispatched to port 7
EVENT: (3584) (2:1686182142,908621) ACTIVITY_LO: (mathSender) COMMAND_RECV : Math command received: 7.000000 MUL (2) 3.000000
EVENT: (1282) (2:1686182142,908699) COMMAND: (cmdDisp) OpCodeCompleted : Opcode 0xe00 completed
EVENT: (1281) (2:1686182143,67111) COMMAND: (cmdDisp) OpCodeDispatched : Opcode 0xe00 dispatched to port 7
EVENT: (3584) (2:1686182143,67122) ACTIVITY_LO: (mathSender) COMMAND_RECV : Math command received: 7.000000 MUL (2) 3.000000
EVENT: (1282) (2:1686182143,67220) COMMAND: (cmdDisp) OpCodeCompleted : Opcode 0xe00 completed
EVENT: (9985) (2:1686182143,127641) ACTIVITY_HI: (mathReceiver) OPERATION_PERFORMED : MUL (2) operation performed
EVENT: (3585) (2:1686182143,127780) ACTIVITY_HI: (mathSender) RESULT : Math result is 21.000000
EVENT: (9985) (2:1686182143,127775) ACTIVITY_HI: (mathReceiver) OPERATION_PERFORMED : MUL (2) operation performed
EVENT: (3585) (2:1686182143,127955) ACTIVITY_HI: (mathSender) RESULT : Math result is 21.000000
EVENT: (1281) (2:1686182143,218709) COMMAND: (cmdDisp) OpCodeDispatched : Opcode 0xe00 dispatched to port 7
EVENT: (3584) (2:1686182143,218721) ACTIVITY_LO: (mathSender) COMMAND_RECV : Math command received: 7.000000 MUL (2) 3.000000
EVENT: (1282) (2:1686182143,218798) COMMAND: (cmdDisp) OpCodeCompleted : Opcode 0xe00 completed
EVENT: (1281) (2:1686182143,383229) COMMAND: (cmdDisp) OpCodeDispatched : Opcode 0xe00 dispatched to port 7
EVENT: (3584) (2:1686182143,383242) ACTIVITY_LO: (mathSender) COMMAND_RECV : Math command received: 7.000000 MUL (2) 3.000000
EVENT: (1282) (2:1686182143,383310) COMMAND: (cmdDisp) OpCodeCompleted : Opcode 0xe00 completed
EVENT: (1281) (2:1686182143,549854) COMMAND: (cmdDisp) OpCodeDispatched : Opcode 0xe00 dispatched to port 7
EVENT: (3584) (2:1686182143,549865) ACTIVITY_LO: (mathSender) COMMAND_RECV : Math command received: 7.000000 MUL (2) 3.000000
EVENT: (1282) (2:1686182143,549927) COMMAND: (cmdDisp) OpCodeCompleted : Opcode 0xe00 completed
EVENT: (1281) (2:1686182143,703263) COMMAND: (cmdDisp) OpCodeDispatched : Opcode 0xe00 dispatched to port 7
EVENT: (3584) (2:1686182143,703273) ACTIVITY_LO: (mathSender) COMMAND_RECV : Math command received: 7.000000 MUL (2) 3.000000
EVENT: (1282) (2:1686182143,703333) COMMAND: (cmdDisp) OpCodeCompleted : Opcode 0xe00 completed
EVENT: (1281) (2:1686182143,884550) COMMAND: (cmdDisp) OpCodeDispatched : Opcode 0xe00 dispatched to port 7
EVENT: (3584) (2:1686182143,884563) ACTIVITY_LO: (mathSender) COMMAND_RECV : Math command received: 7.000000 MUL (2) 3.000000
EVENT: (1282) (2:1686182143,884628) COMMAND: (cmdDisp) OpCodeCompleted : Opcode 0xe00 completed
EVENT: (9985) (2:1686182144,132532) ACTIVITY_HI: (mathReceiver) OPERATION_PERFORMED : MUL (2) operation performed
EVENT: (9985) (2:1686182144,132589) ACTIVITY_HI: (mathReceiver) OPERATION_PERFORMED : MUL (2) operation performed
EVENT: (3585) (2:1686182144,132599) ACTIVITY_HI: (mathSender) RESULT : Math result is 21.000000
EVENT: (9985) (2:1686182144,132609) ACTIVITY_HI: (mathReceiver) OPERATION_PERFORMED : MUL (2) operation performed
EVENT: (3585) (2:1686182144,132639) ACTIVITY_HI: (mathSender) RESULT : Math result is 21.000000
EVENT: (9985) (2:1686182144,132661) ACTIVITY_HI: (mathReceiver) OPERATION_PERFORMED : MUL (2) operation performed
EVENT: (9985) (2:1686182144,132678) ACTIVITY_HI: (mathReceiver) OPERATION_PERFORMED : MUL (2) operation performed
EVENT: (3585) (2:1686182144,132697) ACTIVITY_HI: (mathSender) RESULT : Math result is 21.000000
EVENT: (3585) (2:1686182144,132725) ACTIVITY_HI: (mathSender) RESULT : Math result is 21.000000
EVENT: (3585) (2:1686182144,132748) ACTIVITY_HI: (mathSender) RESULT : Math result is 21.000000
EVENT: (1281) (2:1686182160,872164) COMMAND: (cmdDisp) OpCodeDispatched : Opcode 0xe00 dispatched to port 7
EVENT: (3584) (2:1686182160,872175) ACTIVITY_LO: (mathSender) COMMAND_RECV : Math command received: 7.000000 MUL (2) 3.000000
EVENT: (1282) (2:1686182160,872259) COMMAND: (cmdDisp) OpCodeCompleted : Opcode 0xe00 completed
EVENT: (9985) (2:1686182161,188649) ACTIVITY_HI: (mathReceiver) OPERATION_PERFORMED : MUL (2) operation performed
EVENT: (3585) (2:1686182161,188765) ACTIVITY_HI: (mathSender) RESULT : Math result is 21.000000
EVENT: (1281) (2:1686182163,319127) COMMAND: (cmdDisp) OpCodeDispatched : Opcode 0xe00 dispatched to port 7
EVENT: (3584) (2:1686182163,319138) ACTIVITY_LO: (mathSender) COMMAND_RECV : Math command received: 7.000000 MUL (2) 3.000000
EVENT: (1282) (2:1686182163,319244) COMMAND: (cmdDisp) OpCodeCompleted : Opcode 0xe00 completed
EVENT: (9985) (2:1686182164,203496) ACTIVITY_HI: (mathReceiver) OPERATION_PERFORMED : MUL (2) operation performed
EVENT: (3585) (2:1686182164,203678) ACTIVITY_HI: (mathSender) RESULT : Math result is 21.000000
EVENT: (1281) (2:1686182165,316216) COMMAND: (cmdDisp) OpCodeDispatched : Opcode 0xe00 dispatched to port 7
EVENT: (3584) (2:1686182165,316229) ACTIVITY_LO: (mathSender) COMMAND_RECV : Math command received: 7.000000 MUL (2) 3.000000
EVENT: (1282) (2:1686182165,316294) COMMAND: (cmdDisp) OpCodeCompleted : Opcode 0xe00 completed
EVENT: (9985) (2:1686182166,211674) ACTIVITY_HI: (mathReceiver) OPERATION_PERFORMED : MUL (2) operation performed
EVENT: (3585) (2:1686182166,211820) ACTIVITY_HI: (mathSender) RESULT : Math result is 21.000000
[WARNING] Failed to recv from port with status -8 and errno 57
[WARNING] Failed to open port with status -4 and errno 61
Exiting...
